2018-08-14 08:11:31,368 INFO [default] #instances = 899999, #features = 25
2018-08-14 08:11:31,480 INFO [default] #classes = 2
2018-08-14 08:11:32,059 INFO [default] working set size = 1024
2018-08-14 08:11:32,081 INFO [default] training start
2018-08-14 08:11:33,293 INFO [default] global iter = 0, total local iter = 102401, diff = 2
2018-08-14 08:12:02,976 INFO [default] global iter = 100, total local iter = 2402574, diff = 6.61691e+12
2018-08-14 08:12:06,123 INFO [default] global iter = 103, total local iter = 2709777, diff = 6.61722e+12
2018-08-14 08:12:06,123 INFO [default] training finished
2018-08-14 08:12:06,125 INFO [default] obj = -1.52708e+12
2018-08-14 08:12:06,153 INFO [default] rho = -4.99435e+11
2018-08-14 08:12:06,154 INFO [default] #sv = 185
2018-08-14 08:12:06,341 INFO [default] #total unique sv = 185
2018-08-14 08:12:06,383 INFO [default] training finished
Training Total Time: 38.9031980038
2018-08-14 08:12:06,842 INFO [default] #instances = 100001, #features = 25
Predict Total Time: 0.472126960754
2018-08-14 08:12:07,316 INFO [default] #instances = 100001, #features = 25
acc test score is  0.5632543674563254
MES=  0.43674563254367454
Confusion matrix=  [[30320 21490]
 [22185 26006]]
2018-08-14 08:12:11,239 INFO [default] #instances = 899999, #features = 25
2018-08-14 08:12:11,349 INFO [default] #classes = 2
2018-08-14 08:12:11,753 INFO [default] working set size = 1024
2018-08-14 08:12:11,774 INFO [default] training start
2018-08-14 08:12:12,809 INFO [default] global iter = 0, total local iter = 102401, diff = 2
2018-08-14 08:12:37,496 INFO [default] global iter = 75, total local iter = 2070693, diff = 3.53667e+13
2018-08-14 08:12:37,496 INFO [default] training finished
2018-08-14 08:12:37,498 INFO [default] obj = -2.94956e+13
2018-08-14 08:12:37,518 INFO [default] rho = -1.49321e+12
2018-08-14 08:12:37,518 INFO [default] #sv = 204
2018-08-14 08:12:37,692 INFO [default] #total unique sv = 204
2018-08-14 08:12:37,730 INFO [default] training finished
Training Total Time: 30.292429924
2018-08-14 08:12:38,178 INFO [default] #instances = 100001, #features = 25
Predict Total Time: 0.464672088623
2018-08-14 08:12:38,644 INFO [default] #instances = 100001, #features = 25
acc test score is  0.6163238367616324
MES=  0.3836761632383676
Confusion matrix=  [[17181 34629]
 [ 3739 44452]]
2018-08-14 08:12:42,497 INFO [default] #instances = 899999, #features = 25
2018-08-14 08:12:42,560 INFO [default] #classes = 2
2018-08-14 08:12:42,972 INFO [default] working set size = 1024
2018-08-14 08:12:42,993 INFO [default] training start
2018-08-14 08:12:44,018 INFO [default] global iter = 0, total local iter = 102401, diff = 2
2018-08-14 08:13:00,074 INFO [default] global iter = 100, total local iter = 922962, diff = 1.01701e+10
2018-08-14 08:13:11,883 INFO [default] global iter = 200, total local iter = 1264305, diff = 4.06152e+13
2018-08-14 08:13:24,524 INFO [default] global iter = 300, total local iter = 1696741, diff = 6.41616e+13
2018-08-14 08:13:39,166 INFO [default] global iter = 400, total local iter = 2351222, diff = 1.04853e+15
2018-08-14 08:13:51,516 INFO [default] global iter = 500, total local iter = 2739261, diff = 5.74805e+14
2018-08-14 08:14:03,696 INFO [default] global iter = 600, total local iter = 3098986, diff = 3.47986e+15
2018-08-14 08:14:14,624 INFO [default] global iter = 700, total local iter = 3319360, diff = 4.0215e+15
2018-08-14 08:14:26,011 INFO [default] global iter = 800, total local iter = 3587115, diff = 1.54696e+15
2018-08-14 08:14:36,350 INFO [default] global iter = 900, total local iter = 3732977, diff = 1.98337e+15
2018-08-14 08:14:47,124 INFO [default] global iter = 1000, total local iter = 3927715, diff = 1.55385e+15
2018-08-14 08:14:47,130 INFO [default] global iter = 1000, total local iter = 3927715, diff = 1.55385e+15
2018-08-14 08:14:47,130 INFO [default] training finished
2018-08-14 08:14:47,131 INFO [default] obj = -3.82518e+17
2018-08-14 08:14:47,151 INFO [default] rho = -2.87196e+14
2018-08-14 08:14:47,152 INFO [default] #sv = 6143
2018-08-14 08:14:47,324 INFO [default] #total unique sv = 6143
2018-08-14 08:14:47,366 INFO [default] training finished
Training Total Time: 128.637629986
2018-08-14 08:14:47,837 INFO [default] #instances = 100001, #features = 25
Predict Total Time: 0.63601899147
2018-08-14 08:14:48,474 INFO [default] #instances = 100001, #features = 25
acc test score is  0.6314936850631494
MES=  0.36850631493685065
Confusion matrix=  [[27761 24049]
 [12802 35389]]
2018-08-14 08:14:52,484 INFO [default] #instances = 900000, #features = 25
2018-08-14 08:14:52,548 INFO [default] #classes = 2
2018-08-14 08:14:52,904 INFO [default] working set size = 1024
2018-08-14 08:14:52,925 INFO [default] training start
2018-08-14 08:14:53,972 INFO [default] global iter = 0, total local iter = 102401, diff = 2
2018-08-14 08:15:10,667 INFO [default] global iter = 100, total local iter = 995739, diff = 2.08116e+13
2018-08-14 08:15:23,372 INFO [default] global iter = 200, total local iter = 1441888, diff = 3.954e+14
2018-08-14 08:15:36,245 INFO [default] global iter = 300, total local iter = 1907998, diff = 1.14325e+15
2018-08-14 08:15:46,536 INFO [default] global iter = 400, total local iter = 2072925, diff = 5.20484e+14
2018-08-14 08:15:56,952 INFO [default] global iter = 500, total local iter = 2247747, diff = 2.74179e+15
2018-08-14 08:16:07,366 INFO [default] global iter = 600, total local iter = 2417774, diff = 4.13707e+14
2018-08-14 08:16:18,965 INFO [default] global iter = 700, total local iter = 2721414, diff = 9.27938e+14
2018-08-14 08:16:30,097 INFO [default] global iter = 800, total local iter = 2969343, diff = 1.11835e+16
2018-08-14 08:16:40,866 INFO [default] global iter = 900, total local iter = 3175637, diff = 5.55467e+14
2018-08-14 08:16:51,999 INFO [default] global iter = 1000, total local iter = 3425751, diff = 1.67917e+15
2018-08-14 08:16:52,004 INFO [default] global iter = 1000, total local iter = 3425751, diff = 1.67917e+15
2018-08-14 08:16:52,004 INFO [default] training finished
2018-08-14 08:16:52,006 INFO [default] obj = -2.86652e+17
2018-08-14 08:16:52,020 INFO [default] rho = -2.12476e+14
2018-08-14 08:16:52,021 INFO [default] #sv = 4713
2018-08-14 08:16:52,180 INFO [default] #total unique sv = 4713
2018-08-14 08:16:52,219 INFO [default] training finished
Training Total Time: 123.474056005
2018-08-14 08:16:52,683 INFO [default] #instances = 100000, #features = 25
Predict Total Time: 0.550633192062
2018-08-14 08:16:53,238 INFO [default] #instances = 100000, #features = 25
acc test score is  0.64356
MES=  0.35644
Confusion matrix=  [[28788 23022]
 [12622 35568]]
2018-08-14 08:16:57,154 INFO [default] #instances = 900000, #features = 25
2018-08-14 08:16:57,217 INFO [default] #classes = 2
2018-08-14 08:16:57,579 INFO [default] working set size = 1024
2018-08-14 08:16:57,601 INFO [default] training start
2018-08-14 08:16:58,648 INFO [default] global iter = 0, total local iter = 102401, diff = 2
2018-08-14 08:17:15,970 INFO [default] global iter = 100, total local iter = 1091488, diff = 7.72336e+14
2018-08-14 08:17:28,993 INFO [default] global iter = 200, total local iter = 1574474, diff = 1.1968e+15
2018-08-14 08:17:41,916 INFO [default] global iter = 300, total local iter = 2029579, diff = 1.10026e+15
2018-08-14 08:17:53,835 INFO [default] global iter = 400, total local iter = 2376068, diff = 7.23373e+14
2018-08-14 08:18:06,218 INFO [default] global iter = 500, total local iter = 2757993, diff = 9.31476e+14
2018-08-14 08:18:17,636 INFO [default] global iter = 600, total local iter = 3037419, diff = 1.15437e+15
2018-08-14 08:18:28,714 INFO [default] global iter = 700, total local iter = 3278241, diff = 1.9491e+15
2018-08-14 08:18:42,652 INFO [default] global iter = 800, total local iter = 3815447, diff = 7.48634e+14
2018-08-14 08:18:57,092 INFO [default] global iter = 900, total local iter = 4410244, diff = 8.95062e+14
2018-08-14 08:19:09,204 INFO [default] global iter = 1000, total local iter = 4760225, diff = 6.40073e+14
2018-08-14 08:19:09,209 INFO [default] global iter = 1000, total local iter = 4760225, diff = 6.40073e+14
2018-08-14 08:19:09,209 INFO [default] training finished
2018-08-14 08:19:09,211 INFO [default] obj = -2.99721e+17
2018-08-14 08:19:09,225 INFO [default] rho = -1.94812e+14
2018-08-14 08:19:09,226 INFO [default] #sv = 5221
2018-08-14 08:19:09,385 INFO [default] #total unique sv = 5221
2018-08-14 08:19:09,424 INFO [default] training finished
Training Total Time: 136.009157896
2018-08-14 08:19:09,891 INFO [default] #instances = 100000, #features = 25
Predict Total Time: 0.574355125427
2018-08-14 08:19:10,465 INFO [default] #instances = 100000, #features = 25
acc test score is  0.62201
MES=  0.37799
Confusion matrix=  [[26891 24919]
 [12880 35310]]
2018-08-14 08:19:14,401 INFO [default] #instances = 900000, #features = 25
2018-08-14 08:19:14,464 INFO [default] #classes = 2
2018-08-14 08:19:14,857 INFO [default] working set size = 1024
2018-08-14 08:19:14,880 INFO [default] training start
2018-08-14 08:19:15,927 INFO [default] global iter = 0, total local iter = 102401, diff = 2
2018-08-14 08:19:35,524 INFO [default] global iter = 100, total local iter = 1340122, diff = 6.80273e+13
2018-08-14 08:19:49,938 INFO [default] global iter = 200, total local iter = 1978430, diff = 3.63461e+14
2018-08-14 08:20:06,000 INFO [default] global iter = 300, total local iter = 2768776, diff = 5.99674e+14
2018-08-14 08:20:16,663 INFO [default] global iter = 400, total local iter = 2966904, diff = 1.02449e+15
2018-08-14 08:20:28,567 INFO [default] global iter = 500, total local iter = 3304393, diff = 7.06978e+14
2018-08-14 08:20:40,757 INFO [default] global iter = 600, total local iter = 3665859, diff = 1.82528e+15
2018-08-14 08:20:55,415 INFO [default] global iter = 700, total local iter = 4318562, diff = 1.03178e+15
2018-08-14 08:21:06,873 INFO [default] global iter = 800, total local iter = 4600282, diff = 7.60038e+14
2018-08-14 08:21:17,693 INFO [default] global iter = 900, total local iter = 4811439, diff = 6.08656e+14
2018-08-14 08:21:27,862 INFO [default] global iter = 1000, total local iter = 4942936, diff = 3.06165e+15
2018-08-14 08:21:27,867 INFO [default] global iter = 1000, total local iter = 4942936, diff = 3.06165e+15
2018-08-14 08:21:27,867 INFO [default] training finished
2018-08-14 08:21:27,869 INFO [default] obj = -3.14962e+17
2018-08-14 08:21:27,883 INFO [default] rho = -7.0668e+13
2018-08-14 08:21:27,884 INFO [default] #sv = 5458
2018-08-14 08:21:28,042 INFO [default] #total unique sv = 5458
2018-08-14 08:21:28,080 INFO [default] training finished
Training Total Time: 137.415405989
2018-08-14 08:21:28,548 INFO [default] #instances = 100000, #features = 25
Predict Total Time: 0.565422058105
2018-08-14 08:21:29,121 INFO [default] #instances = 100000, #features = 25
acc test score is  0.57802
MES=  0.42198
Confusion matrix=  [[27353 24457]
 [17741 30449]]
2018-08-14 08:21:33,075 INFO [default] #instances = 900000, #features = 25
2018-08-14 08:21:33,138 INFO [default] #classes = 2
2018-08-14 08:21:33,522 INFO [default] working set size = 1024
2018-08-14 08:21:33,545 INFO [default] training start
2018-08-14 08:21:34,578 INFO [default] global iter = 0, total local iter = 102401, diff = 2
2018-08-14 08:21:50,318 INFO [default] global iter = 100, total local iter = 909348, diff = 9.78112e+13
2018-08-14 08:22:04,828 INFO [default] global iter = 200, total local iter = 1573417, diff = 1.46146e+15
2018-08-14 08:22:16,287 INFO [default] global iter = 300, total local iter = 1874858, diff = 6.04765e+14
2018-08-14 08:22:28,693 INFO [default] global iter = 400, total local iter = 2277564, diff = 2.06681e+15
2018-08-14 08:22:40,831 INFO [default] global iter = 500, total local iter = 2646477, diff = 4.75978e+14
2018-08-14 08:22:52,189 INFO [default] global iter = 600, total local iter = 2926980, diff = 1.86327e+15
2018-08-14 08:23:03,698 INFO [default] global iter = 700, total local iter = 3223038, diff = 2.39304e+15
2018-08-14 08:23:15,172 INFO [default] global iter = 800, total local iter = 3513312, diff = 2.93079e+15
2018-08-14 08:23:28,641 INFO [default] global iter = 900, total local iter = 4003171, diff = 1.7007e+15
2018-08-14 08:23:40,342 INFO [default] global iter = 1000, total local iter = 4300389, diff = 9.4841e+15
2018-08-14 08:23:40,347 INFO [default] global iter = 1000, total local iter = 4300389, diff = 9.4841e+15
2018-08-14 08:23:40,347 INFO [default] training finished
2018-08-14 08:23:40,349 INFO [default] obj = -6.44388e+17
2018-08-14 08:23:40,363 INFO [default] rho = -4.54368e+14
2018-08-14 08:23:40,364 INFO [default] #sv = 8519
2018-08-14 08:23:40,522 INFO [default] #total unique sv = 8519
2018-08-14 08:23:40,562 INFO [default] training finished
Training Total Time: 131.267930031
2018-08-14 08:23:41,054 INFO [default] #instances = 100000, #features = 25
Predict Total Time: 0.722136974335
2018-08-14 08:23:41,801 INFO [default] #instances = 100000, #features = 25
acc test score is  0.6228
MES=  0.3772
Confusion matrix=  [[27175 24635]
 [13085 35105]]
2018-08-14 08:23:45,959 INFO [default] #instances = 900001, #features = 25
2018-08-14 08:23:46,021 INFO [default] #classes = 2
2018-08-14 08:23:46,397 INFO [default] working set size = 1024
2018-08-14 08:23:46,419 INFO [default] training start
2018-08-14 08:23:47,461 INFO [default] global iter = 0, total local iter = 102401, diff = 2
2018-08-14 08:24:01,731 INFO [default] global iter = 100, total local iter = 728184, diff = 4.42157e+13
2018-08-14 08:24:14,671 INFO [default] global iter = 200, total local iter = 1208390, diff = 8.38277e+13
2018-08-14 08:24:29,911 INFO [default] global iter = 300, total local iter = 1950334, diff = 4.21227e+14
2018-08-14 08:24:42,740 INFO [default] global iter = 400, total local iter = 2403862, diff = 9.87219e+14
2018-08-14 08:24:55,897 INFO [default] global iter = 500, total local iter = 2903403, diff = 3.79994e+14
2018-08-14 08:25:09,731 INFO [default] global iter = 600, total local iter = 3471814, diff = 1.31767e+15
2018-08-14 08:25:22,437 INFO [default] global iter = 700, total local iter = 3901302, diff = 7.09106e+14
2018-08-14 08:25:34,411 INFO [default] global iter = 800, total local iter = 4245466, diff = 8.71902e+14
2018-08-14 08:25:45,167 INFO [default] global iter = 900, total local iter = 4459417, diff = 2.19021e+15
2018-08-14 08:25:56,738 INFO [default] global iter = 1000, total local iter = 4768180, diff = 5.70457e+15
2018-08-14 08:25:56,744 INFO [default] global iter = 1000, total local iter = 4768180, diff = 5.70457e+15
2018-08-14 08:25:56,744 INFO [default] training finished
2018-08-14 08:25:56,745 INFO [default] obj = -3.84002e+17
2018-08-14 08:25:56,761 INFO [default] rho = -8.27166e+13
2018-08-14 08:25:56,762 INFO [default] #sv = 5842
2018-08-14 08:25:56,929 INFO [default] #total unique sv = 5842
2018-08-14 08:25:56,969 INFO [default] training finished
Training Total Time: 134.817609072
2018-08-14 08:25:57,473 INFO [default] #instances = 99999, #features = 25
Predict Total Time: 0.60932302475
2018-08-14 08:25:58,084 INFO [default] #instances = 99999, #features = 25
acc test score is  0.5820858208582086
MES=  0.4179141791417914
Confusion matrix=  [[26262 25547]
 [16244 31946]]
2018-08-14 08:26:02,076 INFO [default] #instances = 900001, #features = 25
2018-08-14 08:26:02,138 INFO [default] #classes = 2
2018-08-14 08:26:02,520 INFO [default] working set size = 1024
2018-08-14 08:26:02,540 INFO [default] training start
2018-08-14 08:26:03,576 INFO [default] global iter = 0, total local iter = 102401, diff = 2
2018-08-14 08:26:24,015 INFO [default] global iter = 100, total local iter = 1435031, diff = 1.65546e+14
2018-08-14 08:26:39,068 INFO [default] global iter = 200, total local iter = 2137083, diff = 1.76443e+15
2018-08-14 08:26:51,209 INFO [default] global iter = 300, total local iter = 2506503, diff = 7.62081e+14
2018-08-14 08:27:02,670 INFO [default] global iter = 400, total local iter = 2792152, diff = 1.25897e+15
2018-08-14 08:27:14,239 INFO [default] global iter = 500, total local iter = 3085858, diff = 1.22946e+15
2018-08-14 08:27:25,470 INFO [default] global iter = 600, total local iter = 3346299, diff = 1.19047e+15
2018-08-14 08:27:36,241 INFO [default] global iter = 700, total local iter = 3544108, diff = 7.49697e+14
2018-08-14 08:27:46,857 INFO [default] global iter = 800, total local iter = 3726858, diff = 7.98807e+14
2018-08-14 08:27:57,788 INFO [default] global iter = 900, total local iter = 3944006, diff = 7.3231e+14
2018-08-14 08:28:08,561 INFO [default] global iter = 1000, total local iter = 4145222, diff = 1.19356e+15
2018-08-14 08:28:08,566 INFO [default] global iter = 1000, total local iter = 4145222, diff = 1.19356e+15
2018-08-14 08:28:08,566 INFO [default] training finished
2018-08-14 08:28:08,568 INFO [default] obj = -2.53431e+17
2018-08-14 08:28:08,582 INFO [default] rho = -3.93607e+14
2018-08-14 08:28:08,583 INFO [default] #sv = 4776
2018-08-14 08:28:08,743 INFO [default] #total unique sv = 4776
2018-08-14 08:28:08,782 INFO [default] training finished
Training Total Time: 130.483841181
2018-08-14 08:28:09,250 INFO [default] #instances = 99999, #features = 25
Predict Total Time: 0.567396879196
2018-08-14 08:28:09,816 INFO [default] #instances = 99999, #features = 25
acc test score is  0.6854368543685437
MES=  0.3145631456314563
Confusion matrix=  [[29118 22691]
 [ 8765 39425]]
2018-08-14 08:28:13,766 INFO [default] #instances = 900001, #features = 25
2018-08-14 08:28:13,830 INFO [default] #classes = 2
2018-08-14 08:28:14,211 INFO [default] working set size = 1024
2018-08-14 08:28:14,234 INFO [default] training start
2018-08-14 08:28:15,282 INFO [default] global iter = 0, total local iter = 102401, diff = 2
2018-08-14 08:28:30,153 INFO [default] global iter = 100, total local iter = 802556, diff = 1.71268e+15
2018-08-14 08:28:44,153 INFO [default] global iter = 200, total local iter = 1388825, diff = 2.6691e+14
2018-08-14 08:28:55,381 INFO [default] global iter = 300, total local iter = 1651084, diff = 5.86558e+14
2018-08-14 08:29:06,087 INFO [default] global iter = 400, total local iter = 1843878, diff = 9.62279e+14
2018-08-14 08:29:18,539 INFO [default] global iter = 500, total local iter = 2241421, diff = 1.13279e+16
2018-08-14 08:29:29,544 INFO [default] global iter = 600, total local iter = 2471205, diff = 1.62054e+15
2018-08-14 08:29:41,588 INFO [default] global iter = 700, total local iter = 2816748, diff = 1.50441e+15
2018-08-14 08:29:52,245 INFO [default] global iter = 800, total local iter = 2996435, diff = 5.23844e+14
2018-08-14 08:30:04,045 INFO [default] global iter = 900, total local iter = 3307430, diff = 7.99978e+14
2018-08-14 08:30:14,469 INFO [default] global iter = 1000, total local iter = 3457973, diff = 1.3472e+15
2018-08-14 08:30:14,474 INFO [default] global iter = 1000, total local iter = 3457973, diff = 1.3472e+15
2018-08-14 08:30:14,475 INFO [default] training finished
2018-08-14 08:30:14,476 INFO [default] obj = -3.86272e+17
2018-08-14 08:30:14,490 INFO [default] rho = -1.08873e+15
2018-08-14 08:30:14,491 INFO [default] #sv = 6470
2018-08-14 08:30:14,651 INFO [default] #total unique sv = 6470
2018-08-14 08:30:14,690 INFO [default] training finished
Training Total Time: 124.689575911
2018-08-14 08:30:15,168 INFO [default] #instances = 99999, #features = 25
Predict Total Time: 0.597181797028
2018-08-14 08:30:15,766 INFO [default] #instances = 99999, #features = 25
acc test score is  0.7073370733707337
MES=  0.2926629266292663
Confusion matrix=  [[28230 23579]
 [ 5687 42503]]
Total Time: 1128.92198992
62.52% (+/- 4.33%)
