2018-08-14 05:22:33,930 INFO [default] #instances = 899999, #features = 25
2018-08-14 05:22:34,041 INFO [default] #classes = 2
2018-08-14 05:22:34,626 INFO [default] working set size = 1024
2018-08-14 05:22:34,648 INFO [default] training start
2018-08-14 05:22:35,879 INFO [default] global iter = 0, total local iter = 102401, diff = 2
2018-08-14 05:22:56,521 INFO [default] global iter = 100, total local iter = 1466897, diff = 3.14254e+12
2018-08-14 05:23:15,909 INFO [default] global iter = 200, total local iter = 2688141, diff = 3.14302e+13
2018-08-14 05:23:35,440 INFO [default] global iter = 264, total local iter = 4270015, diff = 3.97702e+13
2018-08-14 05:23:35,440 INFO [default] training finished
2018-08-14 05:23:35,442 INFO [default] obj = -1.9627e+15
2018-08-14 05:23:35,470 INFO [default] rho = -8.80905e+12
2018-08-14 05:23:35,471 INFO [default] #sv = 1240
2018-08-14 05:23:35,655 INFO [default] #total unique sv = 1240
2018-08-14 05:23:35,697 INFO [default] training finished
Training Total Time: 65.677120924
2018-08-14 05:23:36,162 INFO [default] #instances = 100001, #features = 25
Predict Total Time: 0.498444080353
2018-08-14 05:23:36,660 INFO [default] #instances = 100001, #features = 25
acc test score is  0.7465625343746563
MES=  0.25343746562534375
Confusion matrix=  [[30568 21242]
 [ 4102 44089]]
2018-08-14 05:23:40,770 INFO [default] #instances = 899999, #features = 25
2018-08-14 05:23:40,879 INFO [default] #classes = 2
2018-08-14 05:23:41,283 INFO [default] working set size = 1024
2018-08-14 05:23:41,304 INFO [default] training start
2018-08-14 05:23:42,343 INFO [default] global iter = 0, total local iter = 102401, diff = 2
2018-08-14 05:23:56,596 INFO [default] global iter = 100, total local iter = 732863, diff = 1.43376e+13
2018-08-14 05:24:26,409 INFO [default] global iter = 200, total local iter = 3017499, diff = 1.93495e+13
2018-08-14 05:24:26,414 INFO [default] global iter = 200, total local iter = 3017499, diff = 1.93495e+13
2018-08-14 05:24:26,414 INFO [default] training finished
2018-08-14 05:24:26,416 INFO [default] obj = -1.33188e+15
2018-08-14 05:24:26,440 INFO [default] rho = -4.24917e+11
2018-08-14 05:24:26,441 INFO [default] #sv = 998
2018-08-14 05:24:26,612 INFO [default] #total unique sv = 998
2018-08-14 05:24:26,652 INFO [default] training finished
Training Total Time: 49.8497481346
2018-08-14 05:24:27,106 INFO [default] #instances = 100001, #features = 25
Predict Total Time: 0.478693008423
2018-08-14 05:24:27,583 INFO [default] #instances = 100001, #features = 25
acc test score is  0.6722532774672253
MES=  0.32774672253277465
Confusion matrix=  [[32326 19484]
 [13291 34900]]
2018-08-14 05:24:31,431 INFO [default] #instances = 899999, #features = 25
2018-08-14 05:24:31,494 INFO [default] #classes = 2
2018-08-14 05:24:31,873 INFO [default] working set size = 1024
2018-08-14 05:24:31,895 INFO [default] training start
2018-08-14 05:24:32,937 INFO [default] global iter = 0, total local iter = 102401, diff = 2
2018-08-14 05:24:49,617 INFO [default] global iter = 100, total local iter = 1018883, diff = 2.8887e+13
2018-08-14 05:25:02,105 INFO [default] global iter = 200, total local iter = 1425322, diff = 2.5945e+13
2018-08-14 05:25:13,393 INFO [default] global iter = 300, total local iter = 1702201, diff = 5.3411e+13
2018-08-14 05:25:25,811 INFO [default] global iter = 400, total local iter = 2097157, diff = 8.8858e+13
2018-08-14 05:25:36,720 INFO [default] global iter = 500, total local iter = 2314915, diff = 1.05564e+14
2018-08-14 05:25:46,873 INFO [default] global iter = 600, total local iter = 2444853, diff = 1.03233e+14
2018-08-14 05:25:58,479 INFO [default] global iter = 700, total local iter = 2739876, diff = 7.42543e+13
2018-08-14 05:26:10,173 INFO [default] global iter = 800, total local iter = 3044000, diff = 5.17085e+13
2018-08-14 05:26:20,436 INFO [default] global iter = 900, total local iter = 3188288, diff = 5.26621e+13
2018-08-14 05:26:31,381 INFO [default] global iter = 1000, total local iter = 3396571, diff = 3.16563e+14
2018-08-14 05:26:31,386 INFO [default] global iter = 1000, total local iter = 3396571, diff = 3.16563e+14
2018-08-14 05:26:31,386 INFO [default] training finished
2018-08-14 05:26:31,388 INFO [default] obj = -3.26805e+16
2018-08-14 05:26:31,406 INFO [default] rho = -1.99646e+13
2018-08-14 05:26:31,407 INFO [default] #sv = 5982
2018-08-14 05:26:31,578 INFO [default] #total unique sv = 5982
2018-08-14 05:26:31,618 INFO [default] training finished
Training Total Time: 123.939877987
2018-08-14 05:26:32,122 INFO [default] #instances = 100001, #features = 25
Predict Total Time: 0.623895168304
2018-08-14 05:26:32,747 INFO [default] #instances = 100001, #features = 25
acc test score is  0.6185538144618554
MES=  0.38144618553814463
Confusion matrix=  [[26657 25153]
 [12992 35199]]
2018-08-14 05:26:36,771 INFO [default] #instances = 900000, #features = 25
2018-08-14 05:26:36,834 INFO [default] #classes = 2
2018-08-14 05:26:37,195 INFO [default] working set size = 1024
2018-08-14 05:26:37,217 INFO [default] training start
2018-08-14 05:26:38,258 INFO [default] global iter = 0, total local iter = 102401, diff = 2
2018-08-14 05:26:54,875 INFO [default] global iter = 100, total local iter = 1001519, diff = 2.53077e+13
2018-08-14 05:27:16,285 INFO [default] global iter = 200, total local iter = 2431708, diff = 3.78299e+13
2018-08-14 05:27:34,809 INFO [default] global iter = 300, total local iter = 3532940, diff = 4.66273e+13
2018-08-14 05:27:46,639 INFO [default] global iter = 400, total local iter = 3880105, diff = 6.50376e+13
2018-08-14 05:28:06,074 INFO [default] global iter = 443, total local iter = 5556983, diff = 3.81841e+13
2018-08-14 05:28:06,074 INFO [default] training finished
2018-08-14 05:28:06,076 INFO [default] obj = -8.76695e+15
2018-08-14 05:28:06,093 INFO [default] rho = -4.67669e+12
2018-08-14 05:28:06,094 INFO [default] #sv = 2574
2018-08-14 05:28:06,252 INFO [default] #total unique sv = 2574
2018-08-14 05:28:06,290 INFO [default] training finished
Training Total Time: 93.2963008881
2018-08-14 05:28:06,744 INFO [default] #instances = 100000, #features = 25
Predict Total Time: 0.504924058914
2018-08-14 05:28:07,249 INFO [default] #instances = 100000, #features = 25
acc test score is  0.61495
MES=  0.38505
Confusion matrix=  [[26737 25073]
 [13432 34758]]
2018-08-14 05:28:11,121 INFO [default] #instances = 900000, #features = 25
2018-08-14 05:28:11,183 INFO [default] #classes = 2
2018-08-14 05:28:11,543 INFO [default] working set size = 1024
2018-08-14 05:28:11,565 INFO [default] training start
2018-08-14 05:28:12,608 INFO [default] global iter = 0, total local iter = 102401, diff = 2
2018-08-14 05:28:33,234 INFO [default] global iter = 100, total local iter = 1462423, diff = 4.50783e+13
2018-08-14 05:28:45,609 INFO [default] global iter = 200, total local iter = 1861324, diff = 2.4684e+13
2018-08-14 05:28:57,343 INFO [default] global iter = 300, total local iter = 2193662, diff = 4.10768e+13
2018-08-14 05:29:08,612 INFO [default] global iter = 400, total local iter = 2471260, diff = 7.69177e+13
2018-08-14 05:29:21,414 INFO [default] global iter = 500, total local iter = 2912009, diff = 2.96982e+13
2018-08-14 05:29:31,638 INFO [default] global iter = 600, total local iter = 3061571, diff = 4.18631e+13
2018-08-14 05:29:42,308 INFO [default] global iter = 700, total local iter = 3259853, diff = 1.06713e+14
2018-08-14 05:29:53,838 INFO [default] global iter = 800, total local iter = 3555104, diff = 1.92997e+14
2018-08-14 05:30:06,528 INFO [default] global iter = 900, total local iter = 3974007, diff = 8.54686e+13
2018-08-14 05:30:16,350 INFO [default] global iter = 1000, total local iter = 4062674, diff = 1.08e+14
2018-08-14 05:30:16,355 INFO [default] global iter = 1000, total local iter = 4062674, diff = 1.08e+14
2018-08-14 05:30:16,355 INFO [default] training finished
2018-08-14 05:30:16,357 INFO [default] obj = -4.05496e+16
2018-08-14 05:30:16,374 INFO [default] rho = -3.29619e+13
2018-08-14 05:30:16,375 INFO [default] #sv = 6882
2018-08-14 05:30:16,534 INFO [default] #total unique sv = 6882
2018-08-14 05:30:16,572 INFO [default] training finished
Training Total Time: 129.201215029
2018-08-14 05:30:17,046 INFO [default] #instances = 100000, #features = 25
Predict Total Time: 0.66304898262
2018-08-14 05:30:17,722 INFO [default] #instances = 100000, #features = 25
acc test score is  0.62794
MES=  0.37206
Confusion matrix=  [[26536 25274]
 [11932 36258]]
2018-08-14 05:30:21,756 INFO [default] #instances = 900000, #features = 25
2018-08-14 05:30:21,818 INFO [default] #classes = 2
2018-08-14 05:30:22,178 INFO [default] working set size = 1024
2018-08-14 05:30:22,200 INFO [default] training start
2018-08-14 05:30:23,228 INFO [default] global iter = 0, total local iter = 102401, diff = 2
2018-08-14 05:30:38,612 INFO [default] global iter = 100, total local iter = 862093, diff = 3.42901e+13
2018-08-14 05:30:54,517 INFO [default] global iter = 200, total local iter = 1663933, diff = 1.87459e+13
2018-08-14 05:31:06,945 INFO [default] global iter = 300, total local iter = 2074136, diff = 4.80015e+13
2018-08-14 05:31:19,524 INFO [default] global iter = 400, total local iter = 2489558, diff = 1.1553e+14
2018-08-14 05:31:30,887 INFO [default] global iter = 500, total local iter = 2770539, diff = 1.35248e+14
2018-08-14 05:31:42,119 INFO [default] global iter = 600, total local iter = 3034363, diff = 8.54849e+13
2018-08-14 05:31:52,237 INFO [default] global iter = 700, total local iter = 3165350, diff = 4.28517e+13
2018-08-14 05:32:03,761 INFO [default] global iter = 800, total local iter = 3453864, diff = 3.32047e+13
2018-08-14 05:32:14,207 INFO [default] global iter = 900, total local iter = 3623655, diff = 1.23338e+14
2018-08-14 05:32:25,508 INFO [default] global iter = 1000, total local iter = 3882553, diff = 6.81913e+13
2018-08-14 05:32:25,513 INFO [default] global iter = 1000, total local iter = 3882553, diff = 6.81913e+13
2018-08-14 05:32:25,513 INFO [default] training finished
2018-08-14 05:32:25,515 INFO [default] obj = -2.48979e+16
2018-08-14 05:32:25,533 INFO [default] rho = -6.15832e+13
2018-08-14 05:32:25,534 INFO [default] #sv = 5116
2018-08-14 05:32:25,700 INFO [default] #total unique sv = 5116
2018-08-14 05:32:25,740 INFO [default] training finished
Training Total Time: 127.725876093
2018-08-14 05:32:26,237 INFO [default] #instances = 100000, #features = 25
Predict Total Time: 0.589573860168
2018-08-14 05:32:26,828 INFO [default] #instances = 100000, #features = 25
acc test score is  0.72436
MES=  0.27564
Confusion matrix=  [[30432 21378]
 [ 6186 42004]]
2018-08-14 05:32:30,825 INFO [default] #instances = 900000, #features = 25
2018-08-14 05:32:30,888 INFO [default] #classes = 2
2018-08-14 05:32:31,249 INFO [default] working set size = 1024
2018-08-14 05:32:31,272 INFO [default] training start
2018-08-14 05:32:32,304 INFO [default] global iter = 0, total local iter = 102401, diff = 2
2018-08-14 05:32:47,543 INFO [default] global iter = 100, total local iter = 842853, diff = 5.85604e+12
2018-08-14 05:33:01,128 INFO [default] global iter = 200, total local iter = 1392415, diff = 1.40981e+14
2018-08-14 05:33:23,306 INFO [default] global iter = 270, total local iter = 3108169, diff = 9.19522e+13
2018-08-14 05:33:23,306 INFO [default] training finished
2018-08-14 05:33:23,307 INFO [default] obj = -1.79015e+15
2018-08-14 05:33:23,325 INFO [default] rho = 2.47227e+12
2018-08-14 05:33:23,326 INFO [default] #sv = 1175
2018-08-14 05:33:23,483 INFO [default] #total unique sv = 1175
2018-08-14 05:33:23,521 INFO [default] training finished
Training Total Time: 56.4815108776
2018-08-14 05:33:23,970 INFO [default] #instances = 100000, #features = 25
Predict Total Time: 0.491789102554
2018-08-14 05:33:24,492 INFO [default] #instances = 100000, #features = 25
acc test score is  0.37249
MES=  0.62751
Confusion matrix=  [[27234 24576]
 [38175 10015]]
2018-08-14 05:33:28,606 INFO [default] #instances = 900001, #features = 25
2018-08-14 05:33:28,670 INFO [default] #classes = 2
2018-08-14 05:33:29,049 INFO [default] working set size = 1024
2018-08-14 05:33:29,071 INFO [default] training start
2018-08-14 05:33:30,110 INFO [default] global iter = 0, total local iter = 102401, diff = 2
2018-08-14 05:33:48,131 INFO [default] global iter = 100, total local iter = 1160831, diff = 4.28298e+13
2018-08-14 05:34:07,160 INFO [default] global iter = 165, total local iter = 2600125, diff = 2.26346e+14
2018-08-14 05:34:07,160 INFO [default] training finished
2018-08-14 05:34:07,161 INFO [default] obj = -2.56978e+14
2018-08-14 05:34:07,179 INFO [default] rho = 7.30263e+12
2018-08-14 05:34:07,180 INFO [default] #sv = 433
2018-08-14 05:34:07,337 INFO [default] #total unique sv = 433
2018-08-14 05:34:07,376 INFO [default] training finished
Training Total Time: 42.7423388958
2018-08-14 05:34:07,825 INFO [default] #instances = 99999, #features = 25
Predict Total Time: 0.457450151443
2018-08-14 05:34:08,284 INFO [default] #instances = 99999, #features = 25
acc test score is  0.5296752967529675
MES=  0.47032470324703246
Confusion matrix=  [[49970  1839]
 [45193  2997]]
2018-08-14 05:34:12,169 INFO [default] #instances = 900001, #features = 25
2018-08-14 05:34:12,231 INFO [default] #classes = 2
2018-08-14 05:34:12,610 INFO [default] working set size = 1024
2018-08-14 05:34:12,630 INFO [default] training start
2018-08-14 05:34:13,669 INFO [default] global iter = 0, total local iter = 102401, diff = 2
2018-08-14 05:34:31,716 INFO [default] global iter = 100, total local iter = 1175084, diff = 3.32104e+13
2018-08-14 05:34:45,075 INFO [default] global iter = 200, total local iter = 1700644, diff = 7.14322e+13
2018-08-14 05:34:58,361 INFO [default] global iter = 300, total local iter = 2208075, diff = 1.415e+14
2018-08-14 05:35:12,380 INFO [default] global iter = 400, total local iter = 2783959, diff = 6.73976e+13
2018-08-14 05:35:23,663 INFO [default] global iter = 500, total local iter = 3060345, diff = 1.25606e+14
2018-08-14 05:35:36,032 INFO [default] global iter = 600, total local iter = 3443781, diff = 7.40103e+13
2018-08-14 05:35:49,595 INFO [default] global iter = 700, total local iter = 3954424, diff = 1.30348e+14
2018-08-14 05:36:06,200 INFO [default] global iter = 724, total local iter = 5500160, diff = 5.36795e+13
2018-08-14 05:36:06,200 INFO [default] training finished
2018-08-14 05:36:06,202 INFO [default] obj = -4.09946e+16
2018-08-14 05:36:06,214 INFO [default] rho = -2.31876e+13
2018-08-14 05:36:06,215 INFO [default] #sv = 6404
2018-08-14 05:36:06,375 INFO [default] #total unique sv = 6404
2018-08-14 05:36:06,413 INFO [default] training finished
Training Total Time: 118.057926893
2018-08-14 05:36:06,894 INFO [default] #instances = 99999, #features = 25
Predict Total Time: 0.609422922134
2018-08-14 05:36:07,498 INFO [default] #instances = 99999, #features = 25
acc test score is  0.6252062520625207
MES=  0.3747937479374794
Confusion matrix=  [[27840 23969]
 [13510 34680]]
2018-08-14 05:36:11,506 INFO [default] #instances = 900001, #features = 25
2018-08-14 05:36:11,570 INFO [default] #classes = 2
2018-08-14 05:36:11,951 INFO [default] working set size = 1024
2018-08-14 05:36:11,974 INFO [default] training start
2018-08-14 05:36:13,008 INFO [default] global iter = 0, total local iter = 102401, diff = 2
2018-08-14 05:36:28,455 INFO [default] global iter = 100, total local iter = 866090, diff = 8.1186e+13
2018-08-14 05:36:43,677 INFO [default] global iter = 200, total local iter = 1582394, diff = 2.32337e+13
2018-08-14 05:36:57,862 INFO [default] global iter = 300, total local iter = 2194584, diff = 7.39247e+13
2018-08-14 05:37:09,565 INFO [default] global iter = 400, total local iter = 2518831, diff = 1.12329e+14
2018-08-14 05:37:20,994 INFO [default] global iter = 500, total local iter = 2809436, diff = 4.13837e+13
2018-08-14 05:37:33,213 INFO [default] global iter = 600, total local iter = 3180211, diff = 1.57343e+14
2018-08-14 05:37:55,232 INFO [default] global iter = 689, total local iter = 4682247, diff = 1.11631e+14
2018-08-14 05:37:55,232 INFO [default] training finished
2018-08-14 05:37:55,234 INFO [default] obj = -2.37673e+16
2018-08-14 05:37:55,246 INFO [default] rho = -1.81244e+13
2018-08-14 05:37:55,247 INFO [default] #sv = 4623
2018-08-14 05:37:55,404 INFO [default] #total unique sv = 4623
2018-08-14 05:37:55,442 INFO [default] training finished
Training Total Time: 107.712225914
2018-08-14 05:37:55,907 INFO [default] #instances = 99999, #features = 25
Predict Total Time: 0.549915075302
2018-08-14 05:37:56,458 INFO [default] #instances = 99999, #features = 25
acc test score is  0.6506665066650666
MES=  0.34933349333493335
Confusion matrix=  [[28221 23588]
 [11345 36845]]
Total Time: 927.021968842
61.83% (+/- 10.00%)
