2018-08-14 10:49:21,270 INFO [default] #instances = 899999, #features = 25
2018-08-14 10:49:21,387 INFO [default] #classes = 2
2018-08-14 10:49:21,964 INFO [default] working set size = 1024
2018-08-14 10:49:21,986 INFO [default] training start
2018-08-14 10:49:23,206 INFO [default] global iter = 0, total local iter = 102401, diff = 2
2018-08-14 10:49:38,831 INFO [default] global iter = 100, total local iter = 888067, diff = 1.05966e+15
2018-08-14 10:49:48,936 INFO [default] global iter = 200, total local iter = 1037328, diff = 4.79437e+14
2018-08-14 10:50:01,817 INFO [default] global iter = 300, total local iter = 1486397, diff = 3.3966e+14
2018-08-14 10:50:13,464 INFO [default] global iter = 400, total local iter = 1798771, diff = 4.06667e+14
2018-08-14 10:50:35,318 INFO [default] global iter = 482, total local iter = 3367219, diff = 2.4874e+14
2018-08-14 10:50:35,318 INFO [default] training finished
2018-08-14 10:50:35,320 INFO [default] obj = -2.75379e+16
2018-08-14 10:50:35,349 INFO [default] rho = -9.95549e+12
2018-08-14 10:50:35,350 INFO [default] #sv = 2337
2018-08-14 10:50:35,538 INFO [default] #total unique sv = 2337
2018-08-14 10:50:35,580 INFO [default] training finished
Training Total Time: 78.2301061153
2018-08-14 10:50:36,054 INFO [default] #instances = 100001, #features = 25
Predict Total Time: 0.52440404892
2018-08-14 10:50:36,574 INFO [default] #instances = 100001, #features = 25
acc test score is  0.5922340776592234
MES=  0.4077659223407766
Confusion matrix=  [[27251 24559]
 [16218 31973]]
2018-08-14 10:50:40,542 INFO [default] #instances = 899999, #features = 25
2018-08-14 10:50:40,652 INFO [default] #classes = 2
2018-08-14 10:50:41,058 INFO [default] working set size = 1024
2018-08-14 10:50:41,080 INFO [default] training start
2018-08-14 10:50:42,125 INFO [default] global iter = 0, total local iter = 102401, diff = 2
2018-08-14 10:50:58,865 INFO [default] global iter = 100, total local iter = 1007322, diff = 4.61246e+13
2018-08-14 10:51:12,975 INFO [default] global iter = 200, total local iter = 1606206, diff = 1.07816e+15
2018-08-14 10:51:25,563 INFO [default] global iter = 300, total local iter = 2024887, diff = 1.1097e+14
2018-08-14 10:51:37,388 INFO [default] global iter = 400, total local iter = 2353273, diff = 1.67896e+14
2018-08-14 10:51:49,322 INFO [default] global iter = 500, total local iter = 2680974, diff = 1.65173e+15
2018-08-14 10:52:01,010 INFO [default] global iter = 600, total local iter = 2983556, diff = 1.54902e+14
2018-08-14 10:52:12,507 INFO [default] global iter = 700, total local iter = 3264642, diff = 2.41818e+14
2018-08-14 10:52:24,034 INFO [default] global iter = 800, total local iter = 3546845, diff = 5.70589e+14
2018-08-14 10:52:36,044 INFO [default] global iter = 900, total local iter = 3862981, diff = 7.08878e+14
2018-08-14 10:52:57,134 INFO [default] global iter = 955, total local iter = 5586324, diff = 1.29793e+15
2018-08-14 10:52:57,134 INFO [default] training finished
2018-08-14 10:52:57,136 INFO [default] obj = -1.47703e+17
2018-08-14 10:52:57,158 INFO [default] rho = 1.62891e+14
2018-08-14 10:52:57,159 INFO [default] #sv = 6202
2018-08-14 10:52:57,325 INFO [default] #total unique sv = 6202
2018-08-14 10:52:57,363 INFO [default] training finished
Training Total Time: 140.645776987
2018-08-14 10:52:57,841 INFO [default] #instances = 100001, #features = 25
Predict Total Time: 0.628629922867
2018-08-14 10:52:58,475 INFO [default] #instances = 100001, #features = 25
acc test score is  0.3692063079369206
MES=  0.6307936920630793
Confusion matrix=  [[25906 25904]
 [37176 11015]]
2018-08-14 10:53:02,518 INFO [default] #instances = 899999, #features = 25
2018-08-14 10:53:02,583 INFO [default] #classes = 2
2018-08-14 10:53:02,963 INFO [default] working set size = 1024
2018-08-14 10:53:02,984 INFO [default] training start
2018-08-14 10:53:04,012 INFO [default] global iter = 0, total local iter = 102401, diff = 2
2018-08-14 10:53:14,639 INFO [default] global iter = 100, total local iter = 317102, diff = 2.63659e+13
2018-08-14 10:53:35,026 INFO [default] global iter = 200, total local iter = 1629587, diff = 6.00052e+13
2018-08-14 10:53:48,884 INFO [default] global iter = 300, total local iter = 2193227, diff = 4.14349e+13
2018-08-14 10:54:03,703 INFO [default] global iter = 400, total local iter = 2886701, diff = 3.41294e+14
2018-08-14 10:54:15,341 INFO [default] global iter = 500, total local iter = 3204828, diff = 2.44929e+14
2018-08-14 10:54:27,832 INFO [default] global iter = 600, total local iter = 3616574, diff = 6.06088e+14
2018-08-14 10:54:40,535 INFO [default] global iter = 700, total local iter = 4040700, diff = 4.33985e+15
2018-08-14 10:55:01,764 INFO [default] global iter = 773, total local iter = 5610937, diff = 6.44549e+14
2018-08-14 10:55:01,764 INFO [default] training finished
2018-08-14 10:55:01,766 INFO [default] obj = -9.44723e+16
2018-08-14 10:55:01,786 INFO [default] rho = 9.14385e+13
2018-08-14 10:55:01,787 INFO [default] #sv = 4787
2018-08-14 10:55:01,947 INFO [default] #total unique sv = 4787
2018-08-14 10:55:01,986 INFO [default] training finished
Training Total Time: 123.252585173
2018-08-14 10:55:02,452 INFO [default] #instances = 100001, #features = 25
Predict Total Time: 0.56561923027
2018-08-14 10:55:03,018 INFO [default] #instances = 100001, #features = 25
acc test score is  0.38438615613843863
MES=  0.6156138438615614
Confusion matrix=  [[26971 24839]
 [36723 11468]]
2018-08-14 10:55:06,954 INFO [default] #instances = 900000, #features = 25
2018-08-14 10:55:07,019 INFO [default] #classes = 2
2018-08-14 10:55:07,382 INFO [default] working set size = 1024
2018-08-14 10:55:07,406 INFO [default] training start
2018-08-14 10:55:08,449 INFO [default] global iter = 0, total local iter = 102401, diff = 2
2018-08-14 10:55:29,940 INFO [default] global iter = 100, total local iter = 1533701, diff = 4.08921e+13
2018-08-14 10:55:48,184 INFO [default] global iter = 200, total local iter = 2625641, diff = 3.58821e+14
2018-08-14 10:55:59,626 INFO [default] global iter = 300, total local iter = 2928573, diff = 9.5792e+13
2018-08-14 10:56:12,873 INFO [default] global iter = 400, total local iter = 3434487, diff = 5.54708e+14
2018-08-14 10:56:27,054 INFO [default] global iter = 500, total local iter = 4033022, diff = 3.23897e+14
2018-08-14 10:56:38,252 INFO [default] global iter = 600, total local iter = 4287943, diff = 2.56048e+14
2018-08-14 10:56:49,770 INFO [default] global iter = 700, total local iter = 4575743, diff = 4.77691e+14
2018-08-14 10:56:59,925 INFO [default] global iter = 800, total local iter = 4708614, diff = 7.1257e+14
2018-08-14 10:57:11,325 INFO [default] global iter = 900, total local iter = 4978439, diff = 2.73272e+14
2018-08-14 10:57:23,567 INFO [default] global iter = 1000, total local iter = 5333289, diff = 5.69385e+14
2018-08-14 10:57:23,572 INFO [default] global iter = 1000, total local iter = 5333289, diff = 5.69385e+14
2018-08-14 10:57:23,572 INFO [default] training finished
2018-08-14 10:57:23,574 INFO [default] obj = -2.39078e+17
2018-08-14 10:57:23,595 INFO [default] rho = -1.82362e+14
2018-08-14 10:57:23,596 INFO [default] #sv = 8579
2018-08-14 10:57:23,756 INFO [default] #total unique sv = 8579
2018-08-14 10:57:23,796 INFO [default] training finished
Training Total Time: 140.604934931
2018-08-14 10:57:24,289 INFO [default] #instances = 100000, #features = 25
Predict Total Time: 0.708359956741
2018-08-14 10:57:24,997 INFO [default] #instances = 100000, #features = 25
acc test score is  0.63159
MES=  0.36841
Confusion matrix=  [[27671 24139]
 [12702 35488]]
2018-08-14 10:57:29,080 INFO [default] #instances = 900000, #features = 25
2018-08-14 10:57:29,144 INFO [default] #classes = 2
2018-08-14 10:57:29,506 INFO [default] working set size = 1024
2018-08-14 10:57:29,528 INFO [default] training start
2018-08-14 10:57:30,577 INFO [default] global iter = 0, total local iter = 102401, diff = 2
2018-08-14 10:57:50,294 INFO [default] global iter = 100, total local iter = 1362344, diff = 6.09345e+13
2018-08-14 10:58:05,048 INFO [default] global iter = 200, total local iter = 2052644, diff = 2.46315e+14
2018-08-14 10:58:15,777 INFO [default] global iter = 300, total local iter = 2264891, diff = 1.56341e+14
2018-08-14 10:58:26,802 INFO [default] global iter = 400, total local iter = 2508445, diff = 1.45697e+14
2018-08-14 10:58:37,665 INFO [default] global iter = 500, total local iter = 2734331, diff = 3.26896e+14
2018-08-14 10:58:49,497 INFO [default] global iter = 600, total local iter = 3059305, diff = 8.44293e+14
2018-08-14 10:59:00,818 INFO [default] global iter = 700, total local iter = 3328562, diff = 4.54799e+14
2018-08-14 10:59:24,261 INFO [default] global iter = 784, total local iter = 5147306, diff = 1.31653e+14
2018-08-14 10:59:24,261 INFO [default] training finished
2018-08-14 10:59:24,263 INFO [default] obj = -5.6369e+16
2018-08-14 10:59:24,282 INFO [default] rho = -2.61216e+13
2018-08-14 10:59:24,283 INFO [default] #sv = 3528
2018-08-14 10:59:24,443 INFO [default] #total unique sv = 3528
2018-08-14 10:59:24,481 INFO [default] training finished
Training Total Time: 119.148435116
2018-08-14 10:59:24,943 INFO [default] #instances = 100000, #features = 25
Predict Total Time: 0.538642883301
2018-08-14 10:59:25,479 INFO [default] #instances = 100000, #features = 25
acc test score is  0.61676
MES=  0.38324
Confusion matrix=  [[27489 24321]
 [14003 34187]]
2018-08-14 10:59:29,406 INFO [default] #instances = 900000, #features = 25
2018-08-14 10:59:29,471 INFO [default] #classes = 2
2018-08-14 10:59:29,833 INFO [default] working set size = 1024
2018-08-14 10:59:29,855 INFO [default] training start
2018-08-14 10:59:30,900 INFO [default] global iter = 0, total local iter = 102401, diff = 2
2018-08-14 10:59:47,640 INFO [default] global iter = 100, total local iter = 1000469, diff = 7.93237e+13
2018-08-14 11:00:00,584 INFO [default] global iter = 200, total local iter = 1469567, diff = 4.57345e+14
2018-08-14 11:00:12,568 INFO [default] global iter = 300, total local iter = 1828358, diff = 9.27472e+14
2018-08-14 11:00:24,378 INFO [default] global iter = 400, total local iter = 2168324, diff = 2.06872e+14
2018-08-14 11:00:35,508 INFO [default] global iter = 500, total local iter = 2422524, diff = 1.85415e+14
2018-08-14 11:00:52,246 INFO [default] global iter = 535, total local iter = 3873005, diff = 3.56522e+14
2018-08-14 11:00:52,246 INFO [default] training finished
2018-08-14 11:00:52,248 INFO [default] obj = -3.19622e+16
2018-08-14 11:00:52,268 INFO [default] rho = -1.74808e+12
2018-08-14 11:00:52,269 INFO [default] #sv = 2511
2018-08-14 11:00:52,428 INFO [default] #total unique sv = 2511
2018-08-14 11:00:52,466 INFO [default] training finished
Training Total Time: 86.8121759892
2018-08-14 11:00:52,923 INFO [default] #instances = 100000, #features = 25
Predict Total Time: 0.505331993103
2018-08-14 11:00:53,428 INFO [default] #instances = 100000, #features = 25
acc test score is  0.53944
MES=  0.46056
Confusion matrix=  [[26357 25453]
 [20603 27587]]
2018-08-14 11:00:57,344 INFO [default] #instances = 900000, #features = 25
2018-08-14 11:00:57,408 INFO [default] #classes = 2
2018-08-14 11:00:57,769 INFO [default] working set size = 1024
2018-08-14 11:00:57,791 INFO [default] training start
2018-08-14 11:00:58,829 INFO [default] global iter = 0, total local iter = 102401, diff = 2
2018-08-14 11:01:13,408 INFO [default] global iter = 100, total local iter = 770121, diff = 3.30042e+13
2018-08-14 11:01:26,077 INFO [default] global iter = 200, total local iter = 1214625, diff = 5.37342e+13
2018-08-14 11:01:52,950 INFO [default] global iter = 290, total local iter = 3254514, diff = 9.81279e+13
2018-08-14 11:01:52,950 INFO [default] training finished
2018-08-14 11:01:52,952 INFO [default] obj = -5.65842e+15
2018-08-14 11:01:52,972 INFO [default] rho = 1.5789e+13
2018-08-14 11:01:52,973 INFO [default] #sv = 1056
2018-08-14 11:01:53,131 INFO [default] #total unique sv = 1056
2018-08-14 11:01:53,170 INFO [default] training finished
Training Total Time: 59.597037077
2018-08-14 11:01:53,623 INFO [default] #instances = 100000, #features = 25
Predict Total Time: 0.480567932129
2018-08-14 11:01:54,104 INFO [default] #instances = 100000, #features = 25
acc test score is  0.32313
MES=  0.67687
Confusion matrix=  [[27412 24398]
 [43289  4901]]
2018-08-14 11:01:57,994 INFO [default] #instances = 900001, #features = 25
2018-08-14 11:01:58,058 INFO [default] #classes = 2
2018-08-14 11:01:58,441 INFO [default] working set size = 1024
2018-08-14 11:01:58,462 INFO [default] training start
2018-08-14 11:01:59,496 INFO [default] global iter = 0, total local iter = 102401, diff = 2
2018-08-14 11:02:19,696 INFO [default] global iter = 100, total local iter = 1420485, diff = 8.83817e+13
2018-08-14 11:02:32,388 INFO [default] global iter = 200, total local iter = 1864281, diff = 2.4545e+14
2018-08-14 11:02:44,132 INFO [default] global iter = 300, total local iter = 2201187, diff = 2.96482e+14
2018-08-14 11:02:54,806 INFO [default] global iter = 400, total local iter = 2412561, diff = 3.78306e+14
2018-08-14 11:03:18,089 INFO [default] global iter = 499, total local iter = 3963210, diff = 2.51105e+14
2018-08-14 11:03:18,089 INFO [default] training finished
2018-08-14 11:03:18,091 INFO [default] obj = -3.23329e+16
2018-08-14 11:03:18,109 INFO [default] rho = -2.06001e+12
2018-08-14 11:03:18,110 INFO [default] #sv = 2444
2018-08-14 11:03:18,268 INFO [default] #total unique sv = 2444
2018-08-14 11:03:18,307 INFO [default] training finished
Training Total Time: 84.0854341984
2018-08-14 11:03:18,763 INFO [default] #instances = 99999, #features = 25
Predict Total Time: 0.501341104507
2018-08-14 11:03:19,263 INFO [default] #instances = 99999, #features = 25
acc test score is  0.5374153741537415
MES=  0.4625846258462585
Confusion matrix=  [[27350 24459]
 [21799 26391]]
2018-08-14 11:03:23,313 INFO [default] #instances = 900001, #features = 25
2018-08-14 11:03:23,378 INFO [default] #classes = 2
2018-08-14 11:03:23,761 INFO [default] working set size = 1024
2018-08-14 11:03:23,784 INFO [default] training start
2018-08-14 11:03:24,832 INFO [default] global iter = 0, total local iter = 102401, diff = 2
2018-08-14 11:03:39,505 INFO [default] global iter = 100, total local iter = 795975, diff = 4.04477e+13
2018-08-14 11:03:58,064 INFO [default] global iter = 200, total local iter = 1923469, diff = 1.19786e+14
2018-08-14 11:04:12,362 INFO [default] global iter = 300, total local iter = 2551138, diff = 2.92011e+14
2018-08-14 11:04:23,383 INFO [default] global iter = 400, total local iter = 2801337, diff = 8.18065e+14
2018-08-14 11:04:36,167 INFO [default] global iter = 500, total local iter = 3245644, diff = 4.26458e+14
2018-08-14 11:04:47,458 INFO [default] global iter = 600, total local iter = 3508229, diff = 5.80883e+14
2018-08-14 11:04:57,678 INFO [default] global iter = 700, total local iter = 3656313, diff = 6.38721e+14
2018-08-14 11:05:08,686 INFO [default] global iter = 800, total local iter = 3886736, diff = 4.07004e+14
2018-08-14 11:05:21,920 INFO [default] global iter = 900, total local iter = 4353546, diff = 2.27233e+14
2018-08-14 11:05:32,988 INFO [default] global iter = 1000, total local iter = 4584795, diff = 2.79512e+14
2018-08-14 11:05:32,994 INFO [default] global iter = 1000, total local iter = 4584795, diff = 2.79512e+14
2018-08-14 11:05:32,994 INFO [default] training finished
2018-08-14 11:05:32,995 INFO [default] obj = -1.17292e+17
2018-08-14 11:05:33,013 INFO [default] rho = -5.70417e+13
2018-08-14 11:05:33,014 INFO [default] #sv = 5345
2018-08-14 11:05:33,174 INFO [default] #total unique sv = 5345
2018-08-14 11:05:33,212 INFO [default] training finished
Training Total Time: 133.823245049
2018-08-14 11:05:33,683 INFO [default] #instances = 99999, #features = 25
Predict Total Time: 0.580734968185
2018-08-14 11:05:34,264 INFO [default] #instances = 99999, #features = 25
acc test score is  0.6151061510615106
MES=  0.3848938489384894
Confusion matrix=  [[27671 24138]
 [14351 33839]]
2018-08-14 11:05:38,251 INFO [default] #instances = 900001, #features = 25
2018-08-14 11:05:38,315 INFO [default] #classes = 2
2018-08-14 11:05:38,698 INFO [default] working set size = 1024
2018-08-14 11:05:38,721 INFO [default] training start
2018-08-14 11:05:39,830 INFO [default] global iter = 0, total local iter = 102401, diff = 2
2018-08-14 11:05:56,248 INFO [default] global iter = 100, total local iter = 954953, diff = 1.84739e+13
2018-08-14 11:06:07,484 INFO [default] global iter = 200, total local iter = 1223356, diff = 1.90049e+14
2018-08-14 11:06:19,833 INFO [default] global iter = 300, total local iter = 1611037, diff = 1.49731e+14
2018-08-14 11:06:32,480 INFO [default] global iter = 400, total local iter = 2054325, diff = 1.09501e+15
2018-08-14 11:06:45,574 INFO [default] global iter = 500, total local iter = 2517050, diff = 2.87609e+14
2018-08-14 11:06:56,517 INFO [default] global iter = 600, total local iter = 2750593, diff = 3.20534e+14
2018-08-14 11:07:08,828 INFO [default] global iter = 700, total local iter = 3122087, diff = 5.04249e+14
2018-08-14 11:07:19,478 INFO [default] global iter = 800, total local iter = 3316078, diff = 1.63752e+15
2018-08-14 11:07:31,619 INFO [default] global iter = 900, total local iter = 3672967, diff = 3.19584e+14
2018-08-14 11:07:47,605 INFO [default] global iter = 1000, total local iter = 4423969, diff = 2.05524e+14
2018-08-14 11:07:47,611 INFO [default] global iter = 1000, total local iter = 4423969, diff = 2.05524e+14
2018-08-14 11:07:47,611 INFO [default] training finished
2018-08-14 11:07:47,613 INFO [default] obj = -9.50055e+16
2018-08-14 11:07:47,631 INFO [default] rho = -1.66559e+14
2018-08-14 11:07:47,632 INFO [default] #sv = 4776
2018-08-14 11:07:47,794 INFO [default] #total unique sv = 4776
2018-08-14 11:07:47,833 INFO [default] training finished
Training Total Time: 133.362505913
2018-08-14 11:07:48,315 INFO [default] #instances = 99999, #features = 25
Predict Total Time: 0.570353031158
2018-08-14 11:07:48,879 INFO [default] #instances = 99999, #features = 25
acc test score is  0.6864368643686437
MES=  0.3135631356313563
Confusion matrix=  [[28553 23256]
 [ 8100 40090]]
Total Time: 1112.11107922
52.96% (+/- 11.98%)
