2018-08-18 17:51:35,694 INFO [default] #instances = 899999, #features = 25
2018-08-18 17:51:35,806 INFO [default] #classes = 2
2018-08-18 17:51:36,379 INFO [default] working set size = 1024
2018-08-18 17:51:36,401 INFO [default] training start
2018-08-18 17:51:37,623 INFO [default] global iter = 0, total local iter = 102401, diff = 2
2018-08-18 17:51:49,691 INFO [default] global iter = 100, total local iter = 468065, diff = 1.94107e+07
2018-08-18 17:52:03,652 INFO [default] global iter = 200, total local iter = 1057324, diff = 3.81534e+15
2018-08-18 17:52:29,614 INFO [default] global iter = 295, total local iter = 2948420, diff = 2.25666e+28
2018-08-18 17:52:29,614 INFO [default] training finished
2018-08-18 17:52:29,616 INFO [default] obj = -6.57725e+24
2018-08-18 17:52:29,644 INFO [default] rho = -2.36417e+27
2018-08-18 17:52:29,646 INFO [default] #sv = 161
2018-08-18 17:52:29,833 INFO [default] #total unique sv = 161
2018-08-18 17:52:29,875 INFO [default] training finished
Training Total Time: 58.0877888203
2018-08-18 17:52:30,339 INFO [default] #instances = 100001, #features = 25
Predict Total Time: 0.474014997482
2018-08-18 17:52:30,809 INFO [default] #instances = 100001, #features = 25
acc test score is  0.8860011399886001
MES=  0.11399886001139989
Confusion matrix=  [[41421 10389]
 [ 1011 47180]]
2018-08-18 17:52:34,711 INFO [default] #instances = 899999, #features = 25
2018-08-18 17:52:34,819 INFO [default] #classes = 2
2018-08-18 17:52:35,224 INFO [default] working set size = 1024
2018-08-18 17:52:35,245 INFO [default] training start
2018-08-18 17:52:36,287 INFO [default] global iter = 0, total local iter = 102401, diff = 2
2018-08-18 17:52:55,005 INFO [default] global iter = 100, total local iter = 1227737, diff = 6.71418e+21
2018-08-18 17:53:16,846 INFO [default] global iter = 155, total local iter = 3077155, diff = 1.2061e+31
2018-08-18 17:53:16,846 INFO [default] training finished
2018-08-18 17:53:16,848 INFO [default] obj = -1.74671e+29
2018-08-18 17:53:16,868 INFO [default] rho = -3.75045e+29
2018-08-18 17:53:16,869 INFO [default] #sv = 151
2018-08-18 17:53:17,039 INFO [default] #total unique sv = 151
2018-08-18 17:53:17,079 INFO [default] training finished
Training Total Time: 46.1517188549
2018-08-18 17:53:17,531 INFO [default] #instances = 100001, #features = 25
Predict Total Time: 0.469078063965
2018-08-18 17:53:18,000 INFO [default] #instances = 100001, #features = 25
acc test score is  0.9160208397916021
MES=  0.08397916020839792
Confusion matrix=  [[44792  7018]
 [ 1380 46811]]
2018-08-18 17:53:21,875 INFO [default] #instances = 899999, #features = 25
2018-08-18 17:53:21,938 INFO [default] #classes = 2
2018-08-18 17:53:22,340 INFO [default] working set size = 1024
2018-08-18 17:53:22,360 INFO [default] training start
2018-08-18 17:53:23,400 INFO [default] global iter = 0, total local iter = 102401, diff = 2
2018-08-18 17:53:40,703 INFO [default] global iter = 100, total local iter = 1075711, diff = 1.42227e+07
2018-08-18 17:53:57,571 INFO [default] global iter = 135, total local iter = 2564643, diff = 3.93766e+10
2018-08-18 17:53:57,571 INFO [default] training finished
2018-08-18 17:53:57,573 INFO [default] obj = -3.11245e-13
2018-08-18 17:53:57,593 INFO [default] rho = -4.10694e+08
2018-08-18 17:53:57,594 INFO [default] #sv = 162
2018-08-18 17:53:57,767 INFO [default] #total unique sv = 162
2018-08-18 17:53:57,808 INFO [default] training finished
Training Total Time: 39.6962630749
2018-08-18 17:53:58,255 INFO [default] #instances = 100001, #features = 25
Predict Total Time: 0.473676919937
2018-08-18 17:53:58,731 INFO [default] #instances = 100001, #features = 25
acc test score is  0.8683813161868381
MES=  0.13161868381316186
Confusion matrix=  [[40499 11311]
 [ 1851 46340]]
2018-08-18 17:54:02,588 INFO [default] #instances = 900000, #features = 25
2018-08-18 17:54:02,653 INFO [default] #classes = 2
2018-08-18 17:54:03,025 INFO [default] working set size = 1024
2018-08-18 17:54:03,046 INFO [default] training start
2018-08-18 17:54:04,070 INFO [default] global iter = 0, total local iter = 102401, diff = 2
2018-08-18 17:54:18,969 INFO [default] global iter = 100, total local iter = 793597, diff = 2.93997e+12
2018-08-18 17:54:35,315 INFO [default] global iter = 123, total local iter = 2330760, diff = 1.39277e+12
2018-08-18 17:54:35,315 INFO [default] training finished
2018-08-18 17:54:35,317 INFO [default] obj = -2.38838e-10
2018-08-18 17:54:35,337 INFO [default] rho = 1.05993e+10
2018-08-18 17:54:35,338 INFO [default] #sv = 136
2018-08-18 17:54:35,503 INFO [default] #total unique sv = 136
2018-08-18 17:54:35,543 INFO [default] training finished
Training Total Time: 36.6900520325
2018-08-18 17:54:35,989 INFO [default] #instances = 100000, #features = 25
Predict Total Time: 0.461386919022
2018-08-18 17:54:36,448 INFO [default] #instances = 100000, #features = 25
acc test score is  0.49877
MES=  0.50123
Confusion matrix=  [[48761  3049]
 [47074  1116]]
2018-08-18 17:54:40,323 INFO [default] #instances = 900000, #features = 25
2018-08-18 17:54:40,386 INFO [default] #classes = 2
2018-08-18 17:54:40,747 INFO [default] working set size = 1024
2018-08-18 17:54:40,767 INFO [default] training start
2018-08-18 17:54:41,812 INFO [default] global iter = 0, total local iter = 102401, diff = 2
2018-08-18 17:54:54,356 INFO [default] global iter = 100, total local iter = 530930, diff = 1.86447e+22
2018-08-18 17:55:05,278 INFO [default] global iter = 200, total local iter = 772001, diff = 5.56621e+32
2018-08-18 17:55:18,481 INFO [default] global iter = 300, total local iter = 1268921, diff = 4.72435e+32
2018-08-18 17:55:30,163 INFO [default] global iter = 400, total local iter = 1600000, diff = 2.78501e+32
2018-08-18 17:55:41,611 INFO [default] global iter = 500, total local iter = 1886679, diff = 1.99195e+32
2018-08-18 17:55:55,561 INFO [default] global iter = 600, total local iter = 2448787, diff = 6.76355e+32
2018-08-18 17:56:09,058 INFO [default] global iter = 700, total local iter = 2956442, diff = 4.38775e+33
2018-08-18 17:56:24,447 INFO [default] global iter = 800, total local iter = 3676904, diff = 1.06218e+33
2018-08-18 17:56:38,656 INFO [default] global iter = 900, total local iter = 4272137, diff = 2.44183e+33
2018-08-18 17:56:54,994 INFO [default] global iter = 1000, total local iter = 5107461, diff = 4.52636e+33
2018-08-18 17:56:54,999 INFO [default] global iter = 1000, total local iter = 5107461, diff = 4.52636e+33
2018-08-18 17:56:54,999 INFO [default] training finished
2018-08-18 17:56:55,000 INFO [default] obj = -9.887e+34
2018-08-18 17:56:55,020 INFO [default] rho = -1.00071e+31
2018-08-18 17:56:55,021 INFO [default] #sv = 3668
2018-08-18 17:56:55,190 INFO [default] #total unique sv = 3668
2018-08-18 17:56:55,231 INFO [default] training finished
Training Total Time: 138.694209099
2018-08-18 17:56:55,694 INFO [default] #instances = 100000, #features = 25
Predict Total Time: 0.565093994141
2018-08-18 17:56:56,257 INFO [default] #instances = 100000, #features = 25
acc test score is  0.61946
MES=  0.38054
Confusion matrix=  [[19589 32221]
 [ 5833 42357]]
2018-08-18 17:57:00,204 INFO [default] #instances = 900000, #features = 25
2018-08-18 17:57:00,267 INFO [default] #classes = 2
2018-08-18 17:57:00,628 INFO [default] working set size = 1024
2018-08-18 17:57:00,649 INFO [default] training start
2018-08-18 17:57:01,691 INFO [default] global iter = 0, total local iter = 102401, diff = 2
2018-08-18 17:57:14,306 INFO [default] global iter = 100, total local iter = 545917, diff = 3.2063e+08
2018-08-18 17:57:27,174 INFO [default] global iter = 200, total local iter = 1022605, diff = 1.49236e+31
2018-08-18 17:57:38,795 INFO [default] global iter = 300, total local iter = 1351347, diff = 5.87267e+32
2018-08-18 17:57:50,015 INFO [default] global iter = 400, total local iter = 1630760, diff = 2.99919e+32
2018-08-18 17:58:03,471 INFO [default] global iter = 500, total local iter = 2155250, diff = 1.42937e+32
2018-08-18 17:58:15,991 INFO [default] global iter = 600, total local iter = 2567437, diff = 5.25349e+32
2018-08-18 17:58:30,281 INFO [default] global iter = 700, total local iter = 3168097, diff = 5.35605e+33
2018-08-18 17:58:50,333 INFO [default] global iter = 756, total local iter = 4783167, diff = 3.25116e+33
2018-08-18 17:58:50,333 INFO [default] training finished
2018-08-18 17:58:50,334 INFO [default] obj = -2.48556e+34
2018-08-18 17:58:50,354 INFO [default] rho = 2.76165e+31
2018-08-18 17:58:50,355 INFO [default] #sv = 1571
2018-08-18 17:58:50,522 INFO [default] #total unique sv = 1571
2018-08-18 17:58:50,563 INFO [default] training finished
Training Total Time: 114.100439072
2018-08-18 17:58:51,018 INFO [default] #instances = 100000, #features = 25
Predict Total Time: 0.488667011261
2018-08-18 17:58:51,501 INFO [default] #instances = 100000, #features = 25
acc test score is  0.46983
MES=  0.53017
Confusion matrix=  [[42939  8871]
 [44146  4044]]
2018-08-18 17:58:55,384 INFO [default] #instances = 900000, #features = 25
2018-08-18 17:58:55,447 INFO [default] #classes = 2
2018-08-18 17:58:55,790 INFO [default] working set size = 1024
2018-08-18 17:58:55,810 INFO [default] training start
2018-08-18 17:58:56,847 INFO [default] global iter = 0, total local iter = 102401, diff = 2
2018-08-18 17:59:13,756 INFO [default] global iter = 100, total local iter = 1031611, diff = 2.93124e+18
2018-08-18 17:59:32,532 INFO [default] global iter = 152, total local iter = 2560396, diff = 3.73722e+30
2018-08-18 17:59:32,532 INFO [default] training finished
2018-08-18 17:59:32,534 INFO [default] obj = -1.84368e+29
2018-08-18 17:59:32,552 INFO [default] rho = -7.80831e+29
2018-08-18 17:59:32,553 INFO [default] #sv = 153
2018-08-18 17:59:32,718 INFO [default] #total unique sv = 153
2018-08-18 17:59:32,759 INFO [default] training finished
Training Total Time: 41.1196119785
2018-08-18 17:59:33,205 INFO [default] #instances = 100000, #features = 25
Predict Total Time: 0.463433027267
2018-08-18 17:59:33,669 INFO [default] #instances = 100000, #features = 25
acc test score is  0.85809
MES=  0.14191
Confusion matrix=  [[39355 12455]
 [ 1736 46454]]
2018-08-18 17:59:37,512 INFO [default] #instances = 900001, #features = 25
2018-08-18 17:59:37,576 INFO [default] #classes = 2
2018-08-18 17:59:37,927 INFO [default] working set size = 1024
2018-08-18 17:59:37,947 INFO [default] training start
2018-08-18 17:59:38,998 INFO [default] global iter = 0, total local iter = 102401, diff = 2
2018-08-18 17:59:53,970 INFO [default] global iter = 100, total local iter = 812017, diff = 8.945e+10
2018-08-18 18:00:08,713 INFO [default] global iter = 200, total local iter = 1462746, diff = 9.98779e+31
2018-08-18 18:00:23,243 INFO [default] global iter = 223, total local iter = 2794344, diff = 3.0942e+31
2018-08-18 18:00:23,243 INFO [default] training finished
2018-08-18 18:00:23,245 INFO [default] obj = -1.70678e+30
2018-08-18 18:00:23,263 INFO [default] rho = -4.15237e+29
2018-08-18 18:00:23,264 INFO [default] #sv = 145
2018-08-18 18:00:23,429 INFO [default] #total unique sv = 145
2018-08-18 18:00:23,469 INFO [default] training finished
Training Total Time: 49.6886739731
2018-08-18 18:00:23,918 INFO [default] #instances = 99999, #features = 25
Predict Total Time: 0.454330921173
2018-08-18 18:00:24,366 INFO [default] #instances = 99999, #features = 25
acc test score is  0.6781567815678157
MES=  0.32184321843218433
Confusion matrix=  [[24545 27264]
 [ 4920 43270]]
2018-08-18 18:00:28,189 INFO [default] #instances = 900001, #features = 25
2018-08-18 18:00:28,252 INFO [default] #classes = 2
2018-08-18 18:00:28,614 INFO [default] working set size = 1024
2018-08-18 18:00:28,635 INFO [default] training start
2018-08-18 18:00:29,674 INFO [default] global iter = 0, total local iter = 102401, diff = 2
2018-08-18 18:00:42,511 INFO [default] global iter = 100, total local iter = 564391, diff = 8.61133e+13
2018-08-18 18:00:55,797 INFO [default] global iter = 200, total local iter = 1084631, diff = 3.60255e+31
2018-08-18 18:01:10,004 INFO [default] global iter = 300, total local iter = 1688677, diff = 4.73166e+31
2018-08-18 18:01:25,226 INFO [default] global iter = 400, total local iter = 2400501, diff = 3.36152e+32
2018-08-18 18:01:43,030 INFO [default] global iter = 500, total local iter = 3390819, diff = 6.92422e+32
2018-08-18 18:01:55,844 INFO [default] global iter = 600, total local iter = 3830061, diff = 1.81148e+32
2018-08-18 18:02:17,820 INFO [default] global iter = 672, total local iter = 5500217, diff = 1.82788e+33
2018-08-18 18:02:17,820 INFO [default] training finished
2018-08-18 18:02:17,821 INFO [default] obj = -3.27072e+34
2018-08-18 18:02:17,839 INFO [default] rho = -4.92184e+31
2018-08-18 18:02:17,840 INFO [default] #sv = 1814
2018-08-18 18:02:18,008 INFO [default] #total unique sv = 1814
2018-08-18 18:02:18,049 INFO [default] training finished
Training Total Time: 113.592105865
2018-08-18 18:02:18,499 INFO [default] #instances = 99999, #features = 25
Predict Total Time: 0.503185987473
2018-08-18 18:02:19,002 INFO [default] #instances = 99999, #features = 25
acc test score is  0.8188981889818898
MES=  0.18110181101811018
Confusion matrix=  [[34994 16815]
 [ 1295 46895]]
2018-08-18 18:02:22,933 INFO [default] #instances = 900001, #features = 25
2018-08-18 18:02:22,996 INFO [default] #classes = 2
2018-08-18 18:02:23,359 INFO [default] working set size = 1024
2018-08-18 18:02:23,380 INFO [default] training start
2018-08-18 18:02:24,422 INFO [default] global iter = 0, total local iter = 102401, diff = 2
2018-08-18 18:02:37,372 INFO [default] global iter = 100, total local iter = 581932, diff = 2.7132e+30
2018-08-18 18:02:50,455 INFO [default] global iter = 200, total local iter = 1052146, diff = 3.11206e+32
2018-08-18 18:03:03,678 INFO [default] global iter = 300, total local iter = 1557945, diff = 1.43573e+32
2018-08-18 18:03:19,219 INFO [default] global iter = 400, total local iter = 2321701, diff = 2.15449e+32
2018-08-18 18:03:33,624 INFO [default] global iter = 500, total local iter = 2948772, diff = 1.69116e+33
2018-08-18 18:03:49,705 INFO [default] global iter = 600, total local iter = 3768516, diff = 4.64393e+32
2018-08-18 18:04:02,071 INFO [default] global iter = 700, total local iter = 4154636, diff = 4.11369e+32
2018-08-18 18:04:17,814 INFO [default] global iter = 800, total local iter = 4939485, diff = 6.83132e+32
2018-08-18 18:04:32,554 INFO [default] global iter = 900, total local iter = 5599309, diff = 2.00125e+33
2018-08-18 18:04:45,428 INFO [default] global iter = 1000, total local iter = 6042107, diff = 5.23092e+32
2018-08-18 18:04:45,433 INFO [default] global iter = 1000, total local iter = 6042107, diff = 5.23092e+32
2018-08-18 18:04:45,433 INFO [default] training finished
2018-08-18 18:04:45,435 INFO [default] obj = -1.01276e+35
2018-08-18 18:04:45,449 INFO [default] rho = -6.03811e+31
2018-08-18 18:04:45,450 INFO [default] #sv = 3625
2018-08-18 18:04:45,615 INFO [default] #total unique sv = 3625
2018-08-18 18:04:45,655 INFO [default] training finished
Training Total Time: 146.513426065
2018-08-18 18:04:46,146 INFO [default] #instances = 99999, #features = 25
Predict Total Time: 0.574825048447
2018-08-18 18:04:46,720 INFO [default] #instances = 99999, #features = 25
acc test score is  0.6426164261642616
MES=  0.3573835738357384
Confusion matrix=  [[18422 33387]
 [ 2351 45839]]
Total Time: 795.527117014
72.56% (+/- 15.68%)
