2018-08-18 07:37:19,455 INFO [default] #instances = 899999, #features = 25
2018-08-18 07:37:19,567 INFO [default] #classes = 2
2018-08-18 07:37:20,139 INFO [default] working set size = 1024
2018-08-18 07:37:20,161 INFO [default] training start
2018-08-18 07:37:21,372 INFO [default] global iter = 0, total local iter = 102401, diff = 2
2018-08-18 07:37:33,148 INFO [default] global iter = 100, total local iter = 448966, diff = 7.29597e+26
2018-08-18 07:37:46,750 INFO [default] global iter = 200, total local iter = 993443, diff = 6.09355e+26
2018-08-18 07:38:01,303 INFO [default] global iter = 300, total local iter = 1642746, diff = 5.98755e+27
2018-08-18 07:38:16,337 INFO [default] global iter = 400, total local iter = 2358569, diff = 1.46427e+29
2018-08-18 07:38:27,918 INFO [default] global iter = 500, total local iter = 2661931, diff = 3.16301e+28
2018-08-18 07:38:40,268 INFO [default] global iter = 600, total local iter = 3048530, diff = 5.72111e+28
2018-08-18 07:38:54,634 INFO [default] global iter = 700, total local iter = 3663596, diff = 1.82619e+28
2018-08-18 07:39:10,030 INFO [default] global iter = 800, total local iter = 4394903, diff = 6.25607e+29
2018-08-18 07:39:22,458 INFO [default] global iter = 900, total local iter = 4773629, diff = 1.85693e+29
2018-08-18 07:39:34,889 INFO [default] global iter = 1000, total local iter = 5155490, diff = 3.63091e+29
2018-08-18 07:39:34,894 INFO [default] global iter = 1000, total local iter = 5155490, diff = 3.63091e+29
2018-08-18 07:39:34,894 INFO [default] training finished
2018-08-18 07:39:34,895 INFO [default] obj = -6.37355e+30
2018-08-18 07:39:34,924 INFO [default] rho = 2.65068e+27
2018-08-18 07:39:34,925 INFO [default] #sv = 2673
2018-08-18 07:39:35,109 INFO [default] #total unique sv = 2673
2018-08-18 07:39:35,151 INFO [default] training finished
Training Total Time: 139.611868858
2018-08-18 07:39:35,627 INFO [default] #instances = 100001, #features = 25
Predict Total Time: 0.537381887436
2018-08-18 07:39:36,162 INFO [default] #instances = 100001, #features = 25
acc test score is  0.38209617903820964
MES=  0.6179038209617904
Confusion matrix=  [[30857 20953]
 [40838  7353]]
2018-08-18 07:39:40,385 INFO [default] #instances = 899999, #features = 25
2018-08-18 07:39:40,493 INFO [default] #classes = 2
2018-08-18 07:39:40,897 INFO [default] working set size = 1024
2018-08-18 07:39:40,918 INFO [default] training start
2018-08-18 07:39:41,960 INFO [default] global iter = 0, total local iter = 102401, diff = 2
2018-08-18 07:39:56,483 INFO [default] global iter = 100, total local iter = 748044, diff = 3.29762e+13
2018-08-18 07:40:09,229 INFO [default] global iter = 200, total local iter = 1191175, diff = 4.59896e+26
2018-08-18 07:40:21,016 INFO [default] global iter = 300, total local iter = 1521458, diff = 1.75872e+28
2018-08-18 07:40:33,252 INFO [default] global iter = 400, total local iter = 1904543, diff = 4.35501e+28
2018-08-18 07:40:44,938 INFO [default] global iter = 500, total local iter = 2210581, diff = 2.1901e+28
2018-08-18 07:40:58,714 INFO [default] global iter = 600, total local iter = 2736846, diff = 2.64192e+29
2018-08-18 07:41:12,686 INFO [default] global iter = 700, total local iter = 3300958, diff = 4.3591e+28
2018-08-18 07:41:28,161 INFO [default] global iter = 800, total local iter = 4026411, diff = 3.98079e+28
2018-08-18 07:41:41,727 INFO [default] global iter = 900, total local iter = 4537419, diff = 2.80514e+28
2018-08-18 07:41:56,439 INFO [default] global iter = 1000, total local iter = 5179213, diff = 1.74491e+29
2018-08-18 07:41:56,444 INFO [default] global iter = 1000, total local iter = 5179213, diff = 1.74491e+29
2018-08-18 07:41:56,444 INFO [default] training finished
2018-08-18 07:41:56,446 INFO [default] obj = -1.14408e+31
2018-08-18 07:41:56,472 INFO [default] rho = -2.1882e+27
2018-08-18 07:41:56,473 INFO [default] #sv = 3848
2018-08-18 07:41:56,652 INFO [default] #total unique sv = 3848
2018-08-18 07:41:56,693 INFO [default] training finished
Training Total Time: 140.367928982
2018-08-18 07:41:57,159 INFO [default] #instances = 100001, #features = 25
Predict Total Time: 0.556942939758
2018-08-18 07:41:57,717 INFO [default] #instances = 100001, #features = 25
acc test score is  0.7410125898741012
MES=  0.25898741012589876
Confusion matrix=  [[30114 21696]
 [ 4203 43988]]
2018-08-18 07:42:01,647 INFO [default] #instances = 899999, #features = 25
2018-08-18 07:42:01,710 INFO [default] #classes = 2
2018-08-18 07:42:02,108 INFO [default] working set size = 1024
2018-08-18 07:42:02,130 INFO [default] training start
2018-08-18 07:42:03,168 INFO [default] global iter = 0, total local iter = 102401, diff = 2
2018-08-18 07:42:22,114 INFO [default] global iter = 51, total local iter = 1658951, diff = 2.34666e+06
2018-08-18 07:42:22,114 INFO [default] training finished
2018-08-18 07:42:22,116 INFO [default] obj = -2.26139e-18
2018-08-18 07:42:22,140 INFO [default] rho = 25184.5
2018-08-18 07:42:22,141 INFO [default] #sv = 121
2018-08-18 07:42:22,304 INFO [default] #total unique sv = 121
2018-08-18 07:42:22,342 INFO [default] training finished
Training Total Time: 24.4167051315
2018-08-18 07:42:22,787 INFO [default] #instances = 100001, #features = 25
Predict Total Time: 0.462575912476
2018-08-18 07:42:23,257 INFO [default] #instances = 100001, #features = 25
acc test score is  0.5121348786512135
MES=  0.4878651213487865
Confusion matrix=  [[49316  2494]
 [46293  1898]]
2018-08-18 07:42:27,159 INFO [default] #instances = 900000, #features = 25
2018-08-18 07:42:27,222 INFO [default] #classes = 2
2018-08-18 07:42:27,583 INFO [default] working set size = 1024
2018-08-18 07:42:27,605 INFO [default] training start
2018-08-18 07:42:28,629 INFO [default] global iter = 0, total local iter = 102401, diff = 2
2018-08-18 07:42:40,864 INFO [default] global iter = 100, total local iter = 505882, diff = 1.7421e+16
2018-08-18 07:42:53,412 INFO [default] global iter = 200, total local iter = 943519, diff = 2.19651e+27
2018-08-18 07:43:04,906 INFO [default] global iter = 300, total local iter = 1248903, diff = 6.45529e+28
2018-08-18 07:43:26,119 INFO [default] global iter = 371, total local iter = 2963087, diff = 1.41356e+28
2018-08-18 07:43:26,119 INFO [default] training finished
2018-08-18 07:43:26,121 INFO [default] obj = -3.07643e+29
2018-08-18 07:43:26,147 INFO [default] rho = -3.35447e+27
2018-08-18 07:43:26,148 INFO [default] #sv = 549
2018-08-18 07:43:26,308 INFO [default] #total unique sv = 549
2018-08-18 07:43:26,347 INFO [default] training finished
Training Total Time: 62.98528409
2018-08-18 07:43:26,802 INFO [default] #instances = 100000, #features = 25
Predict Total Time: 0.466078042984
2018-08-18 07:43:27,269 INFO [default] #instances = 100000, #features = 25
acc test score is  0.93414
MES=  0.06586
Confusion matrix=  [[45960  5850]
 [  736 47454]]
2018-08-18 07:43:31,107 INFO [default] #instances = 900000, #features = 25
2018-08-18 07:43:31,172 INFO [default] #classes = 2
2018-08-18 07:43:31,533 INFO [default] working set size = 1024
2018-08-18 07:43:31,554 INFO [default] training start
2018-08-18 07:43:32,594 INFO [default] global iter = 0, total local iter = 102401, diff = 2
2018-08-18 07:43:47,120 INFO [default] global iter = 100, total local iter = 773579, diff = 1.17355e+19
2018-08-18 07:44:00,903 INFO [default] global iter = 200, total local iter = 1353519, diff = 5.42291e+20
2018-08-18 07:44:17,437 INFO [default] global iter = 224, total local iter = 2893664, diff = 5.99854e+21
2018-08-18 07:44:17,437 INFO [default] training finished
2018-08-18 07:44:17,439 INFO [default] obj = -2.29613e+13
2018-08-18 07:44:17,463 INFO [default] rho = 5.45372e+19
2018-08-18 07:44:17,464 INFO [default] #sv = 172
2018-08-18 07:44:17,624 INFO [default] #total unique sv = 172
2018-08-18 07:44:17,663 INFO [default] training finished
Training Total Time: 50.2882380486
2018-08-18 07:44:18,109 INFO [default] #instances = 100000, #features = 25
Predict Total Time: 0.460031986237
2018-08-18 07:44:18,573 INFO [default] #instances = 100000, #features = 25
acc test score is  0.43684
MES=  0.56316
Confusion matrix=  [[42545  9265]
 [47051  1139]]
2018-08-18 07:44:22,417 INFO [default] #instances = 900000, #features = 25
2018-08-18 07:44:22,480 INFO [default] #classes = 2
2018-08-18 07:44:22,847 INFO [default] working set size = 1024
2018-08-18 07:44:22,867 INFO [default] training start
2018-08-18 07:44:23,901 INFO [default] global iter = 0, total local iter = 102401, diff = 2
2018-08-18 07:44:38,328 INFO [default] global iter = 100, total local iter = 765065, diff = 2.49833e+07
2018-08-18 07:44:53,197 INFO [default] global iter = 200, total local iter = 1470164, diff = 1.13017e+22
2018-08-18 07:45:04,523 INFO [default] global iter = 300, total local iter = 1752478, diff = 5.66564e+28
2018-08-18 07:45:15,891 INFO [default] global iter = 400, total local iter = 2032596, diff = 4.44514e+29
2018-08-18 07:45:29,427 INFO [default] global iter = 500, total local iter = 2549461, diff = 6.86603e+28
2018-08-18 07:45:45,465 INFO [default] global iter = 600, total local iter = 3348926, diff = 9.43429e+28
2018-08-18 07:46:00,965 INFO [default] global iter = 700, total local iter = 4099942, diff = 2.59801e+28
2018-08-18 07:46:15,923 INFO [default] global iter = 800, total local iter = 4767996, diff = 1.93169e+29
2018-08-18 07:46:28,045 INFO [default] global iter = 900, total local iter = 5126395, diff = 1.21032e+29
2018-08-18 07:46:43,780 INFO [default] global iter = 1000, total local iter = 5894373, diff = 4.45638e+28
2018-08-18 07:46:43,785 INFO [default] global iter = 1000, total local iter = 5894373, diff = 4.45638e+28
2018-08-18 07:46:43,785 INFO [default] training finished
2018-08-18 07:46:43,786 INFO [default] obj = -9.13815e+30
2018-08-18 07:46:43,804 INFO [default] rho = -9.6854e+27
2018-08-18 07:46:43,805 INFO [default] #sv = 3375
2018-08-18 07:46:43,966 INFO [default] #total unique sv = 3375
2018-08-18 07:46:44,004 INFO [default] training finished
Training Total Time: 145.338176966
2018-08-18 07:46:44,465 INFO [default] #instances = 100000, #features = 25
Predict Total Time: 0.525521993637
2018-08-18 07:46:44,997 INFO [default] #instances = 100000, #features = 25
acc test score is  0.81758
MES=  0.18242
Confusion matrix=  [[34980 16830]
 [ 1412 46778]]
2018-08-18 07:46:48,888 INFO [default] #instances = 900000, #features = 25
2018-08-18 07:46:48,951 INFO [default] #classes = 2
2018-08-18 07:46:49,332 INFO [default] working set size = 1024
2018-08-18 07:46:49,352 INFO [default] training start
2018-08-18 07:46:50,406 INFO [default] global iter = 0, total local iter = 102401, diff = 2
2018-08-18 07:47:07,818 INFO [default] global iter = 100, total local iter = 1088306, diff = 1.52788e+08
2018-08-18 07:47:19,789 INFO [default] global iter = 200, total local iter = 1449484, diff = 8.44841e+17
2018-08-18 07:47:31,637 INFO [default] global iter = 300, total local iter = 1798353, diff = 2.43175e+28
2018-08-18 07:47:44,740 INFO [default] global iter = 400, total local iter = 2287031, diff = 3.51291e+28
2018-08-18 07:48:03,173 INFO [default] global iter = 500, total local iter = 3343547, diff = 3.06123e+28
2018-08-18 07:48:16,906 INFO [default] global iter = 600, total local iter = 3889124, diff = 1.60439e+29
2018-08-18 07:48:32,866 INFO [default] global iter = 700, total local iter = 4690693, diff = 4.43887e+28
2018-08-18 07:48:48,032 INFO [default] global iter = 800, total local iter = 5407671, diff = 1.0283e+29
2018-08-18 07:49:04,673 INFO [default] global iter = 900, total local iter = 6281241, diff = 5.88323e+28
2018-08-18 07:49:18,913 INFO [default] global iter = 1000, total local iter = 6875863, diff = 1.79854e+29
2018-08-18 07:49:18,918 INFO [default] global iter = 1000, total local iter = 6875863, diff = 1.79854e+29
2018-08-18 07:49:18,919 INFO [default] training finished
2018-08-18 07:49:18,920 INFO [default] obj = -1.47284e+31
2018-08-18 07:49:18,938 INFO [default] rho = 1.79369e+27
2018-08-18 07:49:18,939 INFO [default] #sv = 4602
2018-08-18 07:49:19,101 INFO [default] #total unique sv = 4602
2018-08-18 07:49:19,140 INFO [default] training finished
Training Total Time: 153.99361515
2018-08-18 07:49:19,607 INFO [default] #instances = 100000, #features = 25
Predict Total Time: 0.597055912018
2018-08-18 07:49:20,204 INFO [default] #instances = 100000, #features = 25
acc test score is  0.42985
MES=  0.57015
Confusion matrix=  [[27866 23944]
 [33071 15119]]
2018-08-18 07:49:24,161 INFO [default] #instances = 900001, #features = 25
2018-08-18 07:49:24,224 INFO [default] #classes = 2
2018-08-18 07:49:24,607 INFO [default] working set size = 1024
2018-08-18 07:49:24,628 INFO [default] training start
2018-08-18 07:49:25,673 INFO [default] global iter = 0, total local iter = 102401, diff = 2
2018-08-18 07:49:40,043 INFO [default] global iter = 100, total local iter = 738792, diff = 6.66934e+20
2018-08-18 07:49:56,406 INFO [default] global iter = 200, total local iter = 1596561, diff = 8.23273e+26
2018-08-18 07:50:11,183 INFO [default] global iter = 300, total local iter = 2265142, diff = 4.79211e+27
2018-08-18 07:50:29,015 INFO [default] global iter = 400, total local iter = 3268131, diff = 2.7148e+28
2018-08-18 07:50:43,783 INFO [default] global iter = 500, total local iter = 3930917, diff = 2.00387e+28
2018-08-18 07:50:58,589 INFO [default] global iter = 600, total local iter = 4604352, diff = 1.5009e+29
2018-08-18 07:51:11,926 INFO [default] global iter = 700, total local iter = 5097275, diff = 6.67686e+28
2018-08-18 07:51:26,594 INFO [default] global iter = 800, total local iter = 5737668, diff = 3.61425e+28
2018-08-18 07:51:41,450 INFO [default] global iter = 900, total local iter = 6407651, diff = 5.50455e+28
2018-08-18 07:51:54,081 INFO [default] global iter = 1000, total local iter = 6819260, diff = 4.50712e+28
2018-08-18 07:51:54,086 INFO [default] global iter = 1000, total local iter = 6819260, diff = 4.50712e+28
2018-08-18 07:51:54,086 INFO [default] training finished
2018-08-18 07:51:54,088 INFO [default] obj = -1.71309e+31
2018-08-18 07:51:54,106 INFO [default] rho = -6.53091e+27
2018-08-18 07:51:54,107 INFO [default] #sv = 4966
2018-08-18 07:51:54,272 INFO [default] #total unique sv = 4966
2018-08-18 07:51:54,311 INFO [default] training finished
Training Total Time: 153.885768175
2018-08-18 07:51:54,778 INFO [default] #instances = 99999, #features = 25
Predict Total Time: 0.59458899498
2018-08-18 07:51:55,370 INFO [default] #instances = 99999, #features = 25
acc test score is  0.7446874468744688
MES=  0.25531255312553125
Confusion matrix=  [[29925 21884]
 [ 3647 44543]]
2018-08-18 07:51:59,338 INFO [default] #instances = 900001, #features = 25
2018-08-18 07:51:59,401 INFO [default] #classes = 2
2018-08-18 07:51:59,785 INFO [default] working set size = 1024
2018-08-18 07:51:59,806 INFO [default] training start
2018-08-18 07:52:00,859 INFO [default] global iter = 0, total local iter = 102401, diff = 2
2018-08-18 07:52:17,572 INFO [default] global iter = 100, total local iter = 983313, diff = 2.52812e+18
2018-08-18 07:52:30,399 INFO [default] global iter = 200, total local iter = 1432547, diff = 5.78201e+28
2018-08-18 07:52:45,255 INFO [default] global iter = 300, total local iter = 2131837, diff = 7.08583e+27
2018-08-18 07:53:07,216 INFO [default] global iter = 400, total local iter = 3594337, diff = 7.04961e+28
2018-08-18 07:53:19,320 INFO [default] global iter = 500, total local iter = 3954355, diff = 1.10635e+29
2018-08-18 07:53:33,329 INFO [default] global iter = 600, total local iter = 4525647, diff = 5.22301e+28
2018-08-18 07:53:46,844 INFO [default] global iter = 700, total local iter = 5038468, diff = 1.28436e+29
2018-08-18 07:54:00,919 INFO [default] global iter = 800, total local iter = 5614572, diff = 1.82902e+28
2018-08-18 07:54:12,402 INFO [default] global iter = 900, total local iter = 5893298, diff = 2.1914e+28
2018-08-18 07:54:27,032 INFO [default] global iter = 1000, total local iter = 6530567, diff = 1.87892e+29
2018-08-18 07:54:27,037 INFO [default] global iter = 1000, total local iter = 6530567, diff = 1.87892e+29
2018-08-18 07:54:27,037 INFO [default] training finished
2018-08-18 07:54:27,039 INFO [default] obj = -7.80033e+30
2018-08-18 07:54:27,057 INFO [default] rho = -1.08683e+28
2018-08-18 07:54:27,058 INFO [default] #sv = 2956
2018-08-18 07:54:27,222 INFO [default] #total unique sv = 2956
2018-08-18 07:54:27,260 INFO [default] training finished
Training Total Time: 151.661390066
2018-08-18 07:54:27,717 INFO [default] #instances = 99999, #features = 25
Predict Total Time: 0.524420976639
2018-08-18 07:54:28,243 INFO [default] #instances = 99999, #features = 25
acc test score is  0.8193781937819378
MES=  0.18062180621806218
Confusion matrix=  [[35027 16782]
 [ 1280 46910]]
2018-08-18 07:54:32,161 INFO [default] #instances = 900001, #features = 25
2018-08-18 07:54:32,225 INFO [default] #classes = 2
2018-08-18 07:54:32,614 INFO [default] working set size = 1024
2018-08-18 07:54:32,635 INFO [default] training start
2018-08-18 07:54:33,680 INFO [default] global iter = 0, total local iter = 102401, diff = 2
2018-08-18 07:54:49,385 INFO [default] global iter = 100, total local iter = 864599, diff = 2.30007e+27
2018-08-18 07:55:03,974 INFO [default] global iter = 200, total local iter = 1507848, diff = 1.63313e+28
2018-08-18 07:55:16,385 INFO [default] global iter = 300, total local iter = 1909791, diff = 1.2091e+29
2018-08-18 07:55:27,621 INFO [default] global iter = 400, total local iter = 2177194, diff = 1.98589e+29
2018-08-18 07:55:43,445 INFO [default] global iter = 500, total local iter = 2950849, diff = 3.50676e+28
2018-08-18 07:56:05,159 INFO [default] global iter = 600, total local iter = 4346510, diff = 2.41762e+28
2018-08-18 07:56:10,436 INFO [default] global iter = 605, total local iter = 4858515, diff = 2.41748e+28
2018-08-18 07:56:10,437 INFO [default] training finished
2018-08-18 07:56:10,438 INFO [default] obj = -2.12443e+30
2018-08-18 07:56:10,456 INFO [default] rho = -3.71022e+27
2018-08-18 07:56:10,457 INFO [default] #sv = 1285
2018-08-18 07:56:10,622 INFO [default] #total unique sv = 1285
2018-08-18 07:56:10,661 INFO [default] training finished
Training Total Time: 102.248292923
2018-08-18 07:56:11,115 INFO [default] #instances = 99999, #features = 25
Predict Total Time: 0.48196387291
2018-08-18 07:56:11,592 INFO [default] #instances = 99999, #features = 25
acc test score is  0.8280182801828019
MES=  0.17198171981719818
Confusion matrix=  [[36138 15671]
 [ 1527 46663]]
Total Time: 1136.55855012
66.46% (+/- 19.21%)
