2018-08-18 08:18:11,327 INFO [default] #instances = 899999, #features = 25
2018-08-18 08:18:11,437 INFO [default] #classes = 2
2018-08-18 08:18:12,004 INFO [default] working set size = 1024
2018-08-18 08:18:12,026 INFO [default] training start
2018-08-18 08:18:13,238 INFO [default] global iter = 0, total local iter = 102401, diff = 2
2018-08-18 08:18:31,771 INFO [default] global iter = 100, total local iter = 1180741, diff = 156500
2018-08-18 08:18:40,886 INFO [default] global iter = 125, total local iter = 1938085, diff = 5.40209e+06
2018-08-18 08:18:40,886 INFO [default] training finished
2018-08-18 08:18:40,887 INFO [default] obj = -3.47867e-20
2018-08-18 08:18:40,916 INFO [default] rho = -8492.64
2018-08-18 08:18:40,917 INFO [default] #sv = 182
2018-08-18 08:18:41,100 INFO [default] #total unique sv = 182
2018-08-18 08:18:41,142 INFO [default] training finished
Training Total Time: 33.7254118919
2018-08-18 08:18:41,607 INFO [default] #instances = 100001, #features = 25
Predict Total Time: 0.478523015976
2018-08-18 08:18:42,085 INFO [default] #instances = 100001, #features = 25
acc test score is  0.911370886291137
MES=  0.08862911370886291
Confusion matrix=  [[43733  8077]
 [  786 47405]]
2018-08-18 08:18:46,038 INFO [default] #instances = 899999, #features = 25
2018-08-18 08:18:46,147 INFO [default] #classes = 2
2018-08-18 08:18:46,550 INFO [default] working set size = 1024
2018-08-18 08:18:46,570 INFO [default] training start
2018-08-18 08:18:47,607 INFO [default] global iter = 0, total local iter = 102401, diff = 2
2018-08-18 08:19:04,089 INFO [default] global iter = 100, total local iter = 947225, diff = 1.11317e+11
2018-08-18 08:19:18,834 INFO [default] global iter = 200, total local iter = 1629107, diff = 8.58272e+28
2018-08-18 08:19:31,539 INFO [default] global iter = 300, total local iter = 2070458, diff = 3.69857e+30
2018-08-18 08:19:48,077 INFO [default] global iter = 400, total local iter = 2940379, diff = 2.21869e+30
2018-08-18 08:20:13,510 INFO [default] global iter = 491, total local iter = 4902588, diff = 7.885e+30
2018-08-18 08:20:13,510 INFO [default] training finished
2018-08-18 08:20:13,512 INFO [default] obj = -1.65388e+32
2018-08-18 08:20:13,532 INFO [default] rho = -1.45188e+29
2018-08-18 08:20:13,533 INFO [default] #sv = 1373
2018-08-18 08:20:13,708 INFO [default] #total unique sv = 1373
2018-08-18 08:20:13,747 INFO [default] training finished
Training Total Time: 91.5504181385
2018-08-18 08:20:14,208 INFO [default] #instances = 100001, #features = 25
Predict Total Time: 0.495502948761
2018-08-18 08:20:14,701 INFO [default] #instances = 100001, #features = 25
acc test score is  0.7287927120728793
MES=  0.27120728792712073
Confusion matrix=  [[26873 24937]
 [ 2184 46007]]
2018-08-18 08:20:18,617 INFO [default] #instances = 899999, #features = 25
2018-08-18 08:20:18,680 INFO [default] #classes = 2
2018-08-18 08:20:19,079 INFO [default] working set size = 1024
2018-08-18 08:20:19,100 INFO [default] training start
2018-08-18 08:20:20,147 INFO [default] global iter = 0, total local iter = 102401, diff = 2
2018-08-18 08:20:47,417 INFO [default] global iter = 60, total local iter = 2462031, diff = 74948.6
2018-08-18 08:20:47,417 INFO [default] training finished
2018-08-18 08:20:47,419 INFO [default] obj = -2.03243e-20
2018-08-18 08:20:47,431 INFO [default] rho = -20214
2018-08-18 08:20:47,432 INFO [default] #sv = 128
2018-08-18 08:20:47,601 INFO [default] #total unique sv = 128
2018-08-18 08:20:47,640 INFO [default] training finished
Training Total Time: 32.7988460064
2018-08-18 08:20:48,115 INFO [default] #instances = 100001, #features = 25
Predict Total Time: 0.502403020859
2018-08-18 08:20:48,607 INFO [default] #instances = 100001, #features = 25
acc test score is  0.8225117748822511
MES=  0.1774882251177488
Confusion matrix=  [[34392 17418]
 [  331 47860]]
2018-08-18 08:20:52,484 INFO [default] #instances = 900000, #features = 25
2018-08-18 08:20:52,547 INFO [default] #classes = 2
2018-08-18 08:20:52,912 INFO [default] working set size = 1024
2018-08-18 08:20:52,933 INFO [default] training start
2018-08-18 08:20:53,955 INFO [default] global iter = 0, total local iter = 102401, diff = 2
2018-08-18 08:21:19,854 INFO [default] global iter = 81, total local iter = 2136898, diff = 18435
2018-08-18 08:21:19,854 INFO [default] training finished
2018-08-18 08:21:19,856 INFO [default] obj = -6.93173e-22
2018-08-18 08:21:19,868 INFO [default] rho = 96.5735
2018-08-18 08:21:19,869 INFO [default] #sv = 144
2018-08-18 08:21:20,026 INFO [default] #total unique sv = 144
2018-08-18 08:21:20,064 INFO [default] training finished
Training Total Time: 31.3376688957
2018-08-18 08:21:20,509 INFO [default] #instances = 100000, #features = 25
Predict Total Time: 0.459983110428
2018-08-18 08:21:20,969 INFO [default] #instances = 100000, #features = 25
acc test score is  0.4341
MES=  0.5659
Confusion matrix=  [[31520 20290]
 [36300 11890]]
2018-08-18 08:21:24,825 INFO [default] #instances = 900000, #features = 25
2018-08-18 08:21:24,892 INFO [default] #classes = 2
2018-08-18 08:21:25,256 INFO [default] working set size = 1024
2018-08-18 08:21:25,277 INFO [default] training start
2018-08-18 08:21:26,323 INFO [default] global iter = 0, total local iter = 102401, diff = 2
2018-08-18 08:21:41,466 INFO [default] global iter = 100, total local iter = 822644, diff = 5.92769e+06
2018-08-18 08:21:56,142 INFO [default] global iter = 200, total local iter = 1494499, diff = 4.66397e+28
2018-08-18 08:22:08,739 INFO [default] global iter = 300, total local iter = 1947096, diff = 4.19005e+29
2018-08-18 08:22:19,860 INFO [default] global iter = 400, total local iter = 2221344, diff = 3.8963e+30
2018-08-18 08:22:32,700 INFO [default] global iter = 500, total local iter = 2669229, diff = 5.59742e+30
2018-08-18 08:22:46,214 INFO [default] global iter = 600, total local iter = 3196825, diff = 1.49957e+31
2018-08-18 08:23:00,628 INFO [default] global iter = 700, total local iter = 3823790, diff = 4.43849e+30
2018-08-18 08:23:19,679 INFO [default] global iter = 800, total local iter = 4952787, diff = 5.28543e+30
2018-08-18 08:23:34,950 INFO [default] global iter = 900, total local iter = 5677945, diff = 1.09717e+31
2018-08-18 08:23:48,027 INFO [default] global iter = 1000, total local iter = 6139813, diff = 5.34473e+30
2018-08-18 08:23:48,032 INFO [default] global iter = 1000, total local iter = 6139813, diff = 5.34473e+30
2018-08-18 08:23:48,032 INFO [default] training finished
2018-08-18 08:23:48,034 INFO [default] obj = -9.83059e+32
2018-08-18 08:23:48,046 INFO [default] rho = -1.04656e+29
2018-08-18 08:23:48,047 INFO [default] #sv = 3954
2018-08-18 08:23:48,205 INFO [default] #total unique sv = 3954
2018-08-18 08:23:48,244 INFO [default] training finished
Training Total Time: 147.185382128
2018-08-18 08:23:48,709 INFO [default] #instances = 100000, #features = 25
Predict Total Time: 0.571290969849
2018-08-18 08:23:49,282 INFO [default] #instances = 100000, #features = 25
acc test score is  0.71474
MES=  0.28526
Confusion matrix=  [[29790 22020]
 [ 6506 41684]]
2018-08-18 08:23:53,255 INFO [default] #instances = 900000, #features = 25
2018-08-18 08:23:53,317 INFO [default] #classes = 2
2018-08-18 08:23:53,677 INFO [default] working set size = 1024
2018-08-18 08:23:53,698 INFO [default] training start
2018-08-18 08:23:54,731 INFO [default] global iter = 0, total local iter = 102401, diff = 2
2018-08-18 08:24:10,684 INFO [default] global iter = 100, total local iter = 897680, diff = 1.73195e+29
2018-08-18 08:24:25,668 INFO [default] global iter = 200, total local iter = 1609490, diff = 7.57846e+30
2018-08-18 08:24:38,011 INFO [default] global iter = 300, total local iter = 2019183, diff = 2.86771e+30
2018-08-18 08:24:49,931 INFO [default] global iter = 400, total local iter = 2369925, diff = 1.69934e+30
2018-08-18 08:25:03,527 INFO [default] global iter = 500, total local iter = 2904311, diff = 1.14632e+31
2018-08-18 08:25:18,417 INFO [default] global iter = 600, total local iter = 3593161, diff = 1.91373e+31
2018-08-18 08:25:32,326 INFO [default] global iter = 700, total local iter = 4155825, diff = 9.49215e+30
2018-08-18 08:25:44,080 INFO [default] global iter = 800, total local iter = 4471309, diff = 3.42424e+30
2018-08-18 08:25:57,582 INFO [default] global iter = 900, total local iter = 4986093, diff = 4.64525e+30
2018-08-18 08:26:11,807 INFO [default] global iter = 1000, total local iter = 5580135, diff = 8.8731e+30
2018-08-18 08:26:11,812 INFO [default] global iter = 1000, total local iter = 5580135, diff = 8.8731e+30
2018-08-18 08:26:11,812 INFO [default] training finished
2018-08-18 08:26:11,814 INFO [default] obj = -8.37186e+32
2018-08-18 08:26:11,826 INFO [default] rho = 1.08524e+28
2018-08-18 08:26:11,827 INFO [default] #sv = 3712
2018-08-18 08:26:11,980 INFO [default] #total unique sv = 3712
2018-08-18 08:26:12,018 INFO [default] training finished
Training Total Time: 142.528471947
2018-08-18 08:26:12,488 INFO [default] #instances = 100000, #features = 25
Predict Total Time: 0.538482904434
2018-08-18 08:26:13,028 INFO [default] #instances = 100000, #features = 25
acc test score is  0.53901
MES=  0.46099
Confusion matrix=  [[30944 20866]
 [25233 22957]]
2018-08-18 08:26:17,006 INFO [default] #instances = 900000, #features = 25
2018-08-18 08:26:17,069 INFO [default] #classes = 2
2018-08-18 08:26:17,413 INFO [default] working set size = 1024
2018-08-18 08:26:17,435 INFO [default] training start
2018-08-18 08:26:18,479 INFO [default] global iter = 0, total local iter = 102401, diff = 2
2018-08-18 08:26:31,483 INFO [default] global iter = 100, total local iter = 601132, diff = 4.67079e+29
2018-08-18 08:26:44,143 INFO [default] global iter = 200, total local iter = 1040735, diff = 5.64891e+29
2018-08-18 08:26:56,635 INFO [default] global iter = 300, total local iter = 1470551, diff = 1.44827e+30
2018-08-18 08:27:11,029 INFO [default] global iter = 400, total local iter = 2104369, diff = 9.11959e+30
2018-08-18 08:27:25,236 INFO [default] global iter = 500, total local iter = 2723680, diff = 1.98728e+30
2018-08-18 08:27:39,632 INFO [default] global iter = 600, total local iter = 3356332, diff = 7.28779e+30
2018-08-18 08:27:53,393 INFO [default] global iter = 700, total local iter = 3906348, diff = 3.73622e+30
2018-08-18 08:28:06,116 INFO [default] global iter = 800, total local iter = 4330682, diff = 2.19093e+30
2018-08-18 08:28:18,166 INFO [default] global iter = 900, total local iter = 4682249, diff = 3.58575e+31
2018-08-18 08:28:43,246 INFO [default] global iter = 975, total local iter = 6661118, diff = 5.26736e+30
2018-08-18 08:28:43,246 INFO [default] training finished
2018-08-18 08:28:43,247 INFO [default] obj = -4.88521e+32
2018-08-18 08:28:43,259 INFO [default] rho = 1.07839e+29
2018-08-18 08:28:43,260 INFO [default] #sv = 2653
2018-08-18 08:28:43,414 INFO [default] #total unique sv = 2653
2018-08-18 08:28:43,452 INFO [default] training finished
Training Total Time: 150.25838089
2018-08-18 08:28:43,910 INFO [default] #instances = 100000, #features = 25
Predict Total Time: 0.522310018539
2018-08-18 08:28:44,438 INFO [default] #instances = 100000, #features = 25
acc test score is  0.44428
MES=  0.55572
Confusion matrix=  [[31678 20132]
 [35440 12750]]
2018-08-18 08:28:48,362 INFO [default] #instances = 900001, #features = 25
2018-08-18 08:28:48,426 INFO [default] #classes = 2
2018-08-18 08:28:48,767 INFO [default] working set size = 1024
2018-08-18 08:28:48,788 INFO [default] training start
2018-08-18 08:28:49,822 INFO [default] global iter = 0, total local iter = 102401, diff = 2
2018-08-18 08:29:03,898 INFO [default] global iter = 100, total local iter = 715362, diff = 2.61603e+15
2018-08-18 08:29:22,157 INFO [default] global iter = 200, total local iter = 1794503, diff = 6.62375e+19
2018-08-18 08:29:45,835 INFO [default] global iter = 244, total local iter = 3924702, diff = 5.40163e+21
2018-08-18 08:29:45,835 INFO [default] training finished
2018-08-18 08:29:45,837 INFO [default] obj = -4.05278e+12
2018-08-18 08:29:45,849 INFO [default] rho = 3.3427e+20
2018-08-18 08:29:45,850 INFO [default] #sv = 209
2018-08-18 08:29:46,002 INFO [default] #total unique sv = 209
2018-08-18 08:29:46,040 INFO [default] training finished
Training Total Time: 61.4328901768
2018-08-18 08:29:46,487 INFO [default] #instances = 99999, #features = 25
Predict Total Time: 0.452455997467
2018-08-18 08:29:46,940 INFO [default] #instances = 99999, #features = 25
acc test score is  0.38936389363893636
MES=  0.6106361063610636
Confusion matrix=  [[38373 13436]
 [47627   563]]
2018-08-18 08:29:50,793 INFO [default] #instances = 900001, #features = 25
2018-08-18 08:29:50,855 INFO [default] #classes = 2
2018-08-18 08:29:51,215 INFO [default] working set size = 1024
2018-08-18 08:29:51,237 INFO [default] training start
2018-08-18 08:29:52,281 INFO [default] global iter = 0, total local iter = 102401, diff = 2
2018-08-18 08:30:10,284 INFO [default] global iter = 100, total local iter = 1146369, diff = 3.27087e+29
2018-08-18 08:30:23,981 INFO [default] global iter = 200, total local iter = 1717459, diff = 2.14574e+31
2018-08-18 08:30:33,103 INFO [default] global iter = 300, total local iter = 1756861, diff = 1.43041e+30
2018-08-18 08:30:43,493 INFO [default] global iter = 400, total local iter = 1936286, diff = 3.31387e+30
2018-08-18 08:30:57,547 INFO [default] global iter = 500, total local iter = 2525902, diff = 7.40097e+29
2018-08-18 08:31:10,612 INFO [default] global iter = 600, total local iter = 3010995, diff = 3.8687e+30
2018-08-18 08:31:48,354 INFO [default] global iter = 700, total local iter = 6174211, diff = 3.00222e+30
2018-08-18 08:32:08,698 INFO [default] global iter = 800, total local iter = 7474859, diff = 2.40791e+31
2018-08-18 08:32:23,073 INFO [default] global iter = 900, total local iter = 8098030, diff = 1.99819e+30
2018-08-18 08:32:40,118 INFO [default] global iter = 938, total local iter = 9562392, diff = 1.63908e+30
2018-08-18 08:32:40,118 INFO [default] training finished
2018-08-18 08:32:40,121 INFO [default] obj = -4.18473e+32
2018-08-18 08:32:40,135 INFO [default] rho = 4.9169e+28
2018-08-18 08:32:40,136 INFO [default] #sv = 2371
2018-08-18 08:32:40,329 INFO [default] #total unique sv = 2371
2018-08-18 08:32:40,374 INFO [default] training finished
Training Total Time: 173.357620955
2018-08-18 08:32:41,141 INFO [default] #instances = 99999, #features = 25
Predict Total Time: 0.831986188889
2018-08-18 08:32:41,801 INFO [default] #instances = 99999, #features = 25
acc test score is  0.4802248022480225
MES=  0.5197751977519776
Confusion matrix=  [[31861 19948]
 [32029 16161]]
2018-08-18 08:32:45,675 INFO [default] #instances = 900001, #features = 25
2018-08-18 08:32:45,739 INFO [default] #classes = 2
2018-08-18 08:32:46,098 INFO [default] working set size = 1024
2018-08-18 08:32:46,119 INFO [default] training start
2018-08-18 08:32:47,158 INFO [default] global iter = 0, total local iter = 102401, diff = 2
2018-08-18 08:33:01,076 INFO [default] global iter = 100, total local iter = 687333, diff = 4.17903e+15
2018-08-18 08:33:15,362 INFO [default] global iter = 200, total local iter = 1298557, diff = 2.01399e+30
2018-08-18 08:33:25,728 INFO [default] global iter = 300, total local iter = 1478596, diff = 1.03901e+30
2018-08-18 08:33:38,814 INFO [default] global iter = 400, total local iter = 1962066, diff = 2.18221e+30
2018-08-18 08:33:54,504 INFO [default] global iter = 422, total local iter = 3422051, diff = 2.64219e+30
2018-08-18 08:33:54,504 INFO [default] training finished
2018-08-18 08:33:54,506 INFO [default] obj = -1.54476e+31
2018-08-18 08:33:54,518 INFO [default] rho = -7.85291e+28
2018-08-18 08:33:54,519 INFO [default] #sv = 386
2018-08-18 08:33:54,671 INFO [default] #total unique sv = 386
2018-08-18 08:33:54,709 INFO [default] training finished
Training Total Time: 72.7471549511
2018-08-18 08:33:55,155 INFO [default] #instances = 99999, #features = 25
Predict Total Time: 0.455330133438
2018-08-18 08:33:55,610 INFO [default] #instances = 99999, #features = 25
acc test score is  0.9325993259932599
MES=  0.06740067400674006
Confusion matrix=  [[47193  4616]
 [ 2124 46066]]
Total Time: 948.68480587
63.97% (+/- 19.63%)
