2018-08-16 06:16:06,733 INFO [default] #instances = 899999, #features = 25
2018-08-16 06:16:06,844 INFO [default] #classes = 2
2018-08-16 06:16:07,421 INFO [default] working set size = 1024
2018-08-16 06:16:07,443 INFO [default] training start
2018-08-16 06:16:08,660 INFO [default] global iter = 0, total local iter = 102401, diff = 2
2018-08-16 06:16:21,382 INFO [default] global iter = 100, total local iter = 555300, diff = 6.87624e+14
2018-08-16 06:16:33,283 INFO [default] global iter = 200, total local iter = 897883, diff = 1.0923e+22
2018-08-16 06:16:54,000 INFO [default] global iter = 300, total local iter = 2224541, diff = 7.70327e+22
2018-08-16 06:17:07,103 INFO [default] global iter = 400, total local iter = 2706198, diff = 2.97274e+22
2018-08-16 06:17:18,931 INFO [default] global iter = 500, total local iter = 3029535, diff = 6.38547e+22
2018-08-16 06:17:34,156 INFO [default] global iter = 600, total local iter = 3742009, diff = 3.58228e+23
2018-08-16 06:17:48,004 INFO [default] global iter = 700, total local iter = 4290900, diff = 2.65547e+23
2018-08-16 06:18:00,447 INFO [default] global iter = 800, total local iter = 4673561, diff = 6.26925e+23
2018-08-16 06:18:15,829 INFO [default] global iter = 900, total local iter = 5385322, diff = 7.27574e+23
2018-08-16 06:18:28,202 INFO [default] global iter = 1000, total local iter = 5756785, diff = 1.21169e+23
2018-08-16 06:18:28,207 INFO [default] global iter = 1000, total local iter = 5756785, diff = 1.21169e+23
2018-08-16 06:18:28,207 INFO [default] training finished
2018-08-16 06:18:28,209 INFO [default] obj = -4.84272e+25
2018-08-16 06:18:28,238 INFO [default] rho = -4.89798e+22
2018-08-16 06:18:28,239 INFO [default] #sv = 5060
2018-08-16 06:18:28,434 INFO [default] #total unique sv = 5060
2018-08-16 06:18:28,477 INFO [default] training finished
Training Total Time: 145.669745922
2018-08-16 06:18:28,963 INFO [default] #instances = 100001, #features = 25
Predict Total Time: 0.60819196701
2018-08-16 06:18:29,601 INFO [default] #instances = 100001, #features = 25
acc test score is  0.7398526014739852
MES=  0.26014739852601476
Confusion matrix=  [[30063 21747]
 [ 4268 43923]]
2018-08-16 06:18:33,764 INFO [default] #instances = 899999, #features = 25
2018-08-16 06:18:33,874 INFO [default] #classes = 2
2018-08-16 06:18:34,282 INFO [default] working set size = 1024
2018-08-16 06:18:34,304 INFO [default] training start
2018-08-16 06:18:35,348 INFO [default] global iter = 0, total local iter = 102401, diff = 2
2018-08-16 06:18:50,173 INFO [default] global iter = 100, total local iter = 774529, diff = 8.70551e+20
2018-08-16 06:19:01,964 INFO [default] global iter = 200, total local iter = 1121377, diff = 7.77826e+22
2018-08-16 06:19:14,859 INFO [default] global iter = 300, total local iter = 1574098, diff = 1.26298e+23
2018-08-16 06:19:26,994 INFO [default] global iter = 400, total local iter = 1943529, diff = 1.6146e+23
2018-08-16 06:19:40,445 INFO [default] global iter = 500, total local iter = 2458525, diff = 7.85677e+22
2018-08-16 06:19:54,756 INFO [default] global iter = 600, total local iter = 3068238, diff = 2.54642e+23
2018-08-16 06:20:09,060 INFO [default] global iter = 700, total local iter = 3669190, diff = 3.45444e+23
2018-08-16 06:20:23,184 INFO [default] global iter = 800, total local iter = 4250827, diff = 2.51058e+23
2018-08-16 06:20:39,391 INFO [default] global iter = 900, total local iter = 5066505, diff = 5.46756e+23
2018-08-16 06:20:53,079 INFO [default] global iter = 1000, total local iter = 5586530, diff = 3.73905e+23
2018-08-16 06:20:53,084 INFO [default] global iter = 1000, total local iter = 5586530, diff = 3.73905e+23
2018-08-16 06:20:53,084 INFO [default] training finished
2018-08-16 06:20:53,086 INFO [default] obj = -4.90851e+25
2018-08-16 06:20:53,105 INFO [default] rho = -1.80214e+22
2018-08-16 06:20:53,106 INFO [default] #sv = 5313
2018-08-16 06:20:53,263 INFO [default] #total unique sv = 5313
2018-08-16 06:20:53,302 INFO [default] training finished
Training Total Time: 143.458358049
2018-08-16 06:20:53,775 INFO [default] #instances = 100001, #features = 25
Predict Total Time: 0.606835842133
2018-08-16 06:20:54,381 INFO [default] #instances = 100001, #features = 25
acc test score is  0.6824831751682483
MES=  0.3175168248317517
Confusion matrix=  [[28440 23370]
 [ 8382 39809]]
2018-08-16 06:20:58,371 INFO [default] #instances = 899999, #features = 25
2018-08-16 06:20:58,434 INFO [default] #classes = 2
2018-08-16 06:20:58,817 INFO [default] working set size = 1024
2018-08-16 06:20:58,839 INFO [default] training start
2018-08-16 06:20:59,889 INFO [default] global iter = 0, total local iter = 102401, diff = 2
2018-08-16 06:21:12,813 INFO [default] global iter = 100, total local iter = 557772, diff = 1.02353e+08
2018-08-16 06:21:25,050 INFO [default] global iter = 200, total local iter = 948312, diff = 2.63757e+16
2018-08-16 06:21:48,548 INFO [default] global iter = 300, total local iter = 2572620, diff = 1.71961e+22
2018-08-16 06:22:00,810 INFO [default] global iter = 400, total local iter = 2967667, diff = 1.08911e+24
2018-08-16 06:22:16,037 INFO [default] global iter = 500, total local iter = 3681659, diff = 7.03167e+22
2018-08-16 06:22:28,567 INFO [default] global iter = 600, total local iter = 4095674, diff = 2.76871e+23
2018-08-16 06:22:43,116 INFO [default] global iter = 700, total local iter = 4728734, diff = 5.33838e+22
2018-08-16 06:22:56,238 INFO [default] global iter = 800, total local iter = 5210404, diff = 2.28175e+23
2018-08-16 06:23:11,305 INFO [default] global iter = 900, total local iter = 5900689, diff = 2.27492e+23
2018-08-16 06:23:25,772 INFO [default] global iter = 1000, total local iter = 6508348, diff = 3.76551e+23
2018-08-16 06:23:25,777 INFO [default] global iter = 1000, total local iter = 6508348, diff = 3.76551e+23
2018-08-16 06:23:25,777 INFO [default] training finished
2018-08-16 06:23:25,779 INFO [default] obj = -3.75525e+25
2018-08-16 06:23:25,799 INFO [default] rho = -3.50851e+22
2018-08-16 06:23:25,800 INFO [default] #sv = 4271
2018-08-16 06:23:25,960 INFO [default] #total unique sv = 4271
2018-08-16 06:23:25,999 INFO [default] training finished
Training Total Time: 151.380825996
2018-08-16 06:23:26,461 INFO [default] #instances = 100001, #features = 25
Predict Total Time: 0.550976037979
2018-08-16 06:23:27,012 INFO [default] #instances = 100001, #features = 25
acc test score is  0.7237827621723782
MES=  0.2762172378276217
Confusion matrix=  [[28239 23571]
 [ 4051 44140]]
2018-08-16 06:23:30,978 INFO [default] #instances = 900000, #features = 25
2018-08-16 06:23:31,041 INFO [default] #classes = 2
2018-08-16 06:23:31,405 INFO [default] working set size = 1024
2018-08-16 06:23:31,428 INFO [default] training start
2018-08-16 06:23:32,466 INFO [default] global iter = 0, total local iter = 102401, diff = 2
2018-08-16 06:23:45,387 INFO [default] global iter = 100, total local iter = 579767, diff = 3.4511e+22
2018-08-16 06:23:55,431 INFO [default] global iter = 200, total local iter = 725478, diff = 5.1311e+22
2018-08-16 06:24:08,672 INFO [default] global iter = 300, total local iter = 1244146, diff = 2.67163e+24
2018-08-16 06:24:21,095 INFO [default] global iter = 400, total local iter = 1649778, diff = 5.92571e+23
2018-08-16 06:24:32,785 INFO [default] global iter = 500, total local iter = 1965336, diff = 1.83204e+23
2018-08-16 06:24:45,869 INFO [default] global iter = 600, total local iter = 2435798, diff = 5.1434e+22
2018-08-16 06:24:57,932 INFO [default] global iter = 700, total local iter = 2789139, diff = 1.41683e+23
2018-08-16 06:25:10,157 INFO [default] global iter = 800, total local iter = 3154381, diff = 8.41092e+22
2018-08-16 06:25:24,445 INFO [default] global iter = 900, total local iter = 3755769, diff = 1.28401e+23
2018-08-16 06:25:45,625 INFO [default] global iter = 968, total local iter = 5365042, diff = 1.18106e+23
2018-08-16 06:25:45,626 INFO [default] training finished
2018-08-16 06:25:45,627 INFO [default] obj = -3.76316e+25
2018-08-16 06:25:45,647 INFO [default] rho = 1.25162e+22
2018-08-16 06:25:45,648 INFO [default] #sv = 4290
2018-08-16 06:25:45,807 INFO [default] #total unique sv = 4290
2018-08-16 06:25:45,846 INFO [default] training finished
Training Total Time: 138.64619112
2018-08-16 06:25:46,308 INFO [default] #instances = 100000, #features = 25
Predict Total Time: 0.541297912598
2018-08-16 06:25:46,849 INFO [default] #instances = 100000, #features = 25
acc test score is  0.40819
MES=  0.59181
Confusion matrix=  [[28388 23422]
 [35759 12431]]
2018-08-16 06:25:50,759 INFO [default] #instances = 900000, #features = 25
2018-08-16 06:25:50,823 INFO [default] #classes = 2
2018-08-16 06:25:51,187 INFO [default] working set size = 1024
2018-08-16 06:25:51,210 INFO [default] training start
2018-08-16 06:25:52,244 INFO [default] global iter = 0, total local iter = 102401, diff = 2
2018-08-16 06:26:09,847 INFO [default] global iter = 100, total local iter = 1097318, diff = 5.57249e+12
2018-08-16 06:26:22,875 INFO [default] global iter = 200, total local iter = 1591121, diff = 3.28011e+21
2018-08-16 06:26:35,064 INFO [default] global iter = 300, total local iter = 1968864, diff = 8.22656e+22
2018-08-16 06:26:47,934 INFO [default] global iter = 400, total local iter = 2430091, diff = 4.15513e+23
2018-08-16 06:26:59,048 INFO [default] global iter = 500, total local iter = 2685318, diff = 7.86041e+22
2018-08-16 06:27:12,218 INFO [default] global iter = 600, total local iter = 3168058, diff = 4.59898e+23
2018-08-16 06:27:28,605 INFO [default] global iter = 700, total local iter = 4023514, diff = 1.77688e+23
2018-08-16 06:27:49,979 INFO [default] global iter = 753, total local iter = 5932950, diff = 1.03772e+23
2018-08-16 06:27:49,979 INFO [default] training finished
2018-08-16 06:27:49,981 INFO [default] obj = -1.36653e+25
2018-08-16 06:27:50,000 INFO [default] rho = -1.99754e+22
2018-08-16 06:27:50,001 INFO [default] #sv = 2315
2018-08-16 06:27:50,161 INFO [default] #total unique sv = 2315
2018-08-16 06:27:50,200 INFO [default] training finished
Training Total Time: 123.167869806
2018-08-16 06:27:50,655 INFO [default] #instances = 100000, #features = 25
Predict Total Time: 0.513143062592
2018-08-16 06:27:51,170 INFO [default] #instances = 100000, #features = 25
acc test score is  0.78056
MES=  0.21944
Confusion matrix=  [[32841 18969]
 [ 2975 45215]]
2018-08-16 06:27:55,048 INFO [default] #instances = 900000, #features = 25
2018-08-16 06:27:55,111 INFO [default] #classes = 2
2018-08-16 06:27:55,473 INFO [default] working set size = 1024
2018-08-16 06:27:55,500 INFO [default] training start
2018-08-16 06:27:56,542 INFO [default] global iter = 0, total local iter = 102401, diff = 2
2018-08-16 06:28:12,360 INFO [default] global iter = 100, total local iter = 907197, diff = 4.61988e+22
2018-08-16 06:28:28,728 INFO [default] global iter = 200, total local iter = 1778009, diff = 2.12368e+23
2018-08-16 06:28:43,762 INFO [default] global iter = 300, total local iter = 2470420, diff = 9.61839e+22
2018-08-16 06:28:56,893 INFO [default] global iter = 400, total local iter = 2950494, diff = 7.32879e+22
2018-08-16 06:29:10,162 INFO [default] global iter = 500, total local iter = 3432265, diff = 1.12295e+24
2018-08-16 06:29:23,979 INFO [default] global iter = 600, total local iter = 3980036, diff = 1.35992e+23
2018-08-16 06:29:36,074 INFO [default] global iter = 700, total local iter = 4331268, diff = 7.32309e+23
2018-08-16 06:29:52,066 INFO [default] global iter = 800, total local iter = 5106948, diff = 5.65711e+23
2018-08-16 06:30:03,577 INFO [default] global iter = 900, total local iter = 5385597, diff = 8.85912e+22
2018-08-16 06:30:23,377 INFO [default] global iter = 943, total local iter = 7072628, diff = 1.38502e+23
2018-08-16 06:30:23,377 INFO [default] training finished
2018-08-16 06:30:23,379 INFO [default] obj = -4.7367e+25
2018-08-16 06:30:23,399 INFO [default] rho = 1.03578e+21
2018-08-16 06:30:23,400 INFO [default] #sv = 5175
2018-08-16 06:30:23,559 INFO [default] #total unique sv = 5175
2018-08-16 06:30:23,597 INFO [default] training finished
Training Total Time: 152.291416883
2018-08-16 06:30:24,066 INFO [default] #instances = 100000, #features = 25
Predict Total Time: 0.562705039978
2018-08-16 06:30:24,633 INFO [default] #instances = 100000, #features = 25
acc test score is  0.48656
MES=  0.51344
Confusion matrix=  [[28410 23400]
 [27944 20246]]
2018-08-16 06:30:28,629 INFO [default] #instances = 900000, #features = 25
2018-08-16 06:30:28,692 INFO [default] #classes = 2
2018-08-16 06:30:29,074 INFO [default] working set size = 1024
2018-08-16 06:30:29,098 INFO [default] training start
2018-08-16 06:30:30,144 INFO [default] global iter = 0, total local iter = 102401, diff = 2
2018-08-16 06:30:43,321 INFO [default] global iter = 100, total local iter = 607690, diff = 3.50998e+22
2018-08-16 06:30:59,385 INFO [default] global iter = 200, total local iter = 1431011, diff = 1.62557e+23
2018-08-16 06:31:13,879 INFO [default] global iter = 300, total local iter = 2080104, diff = 2.67308e+22
2018-08-16 06:31:30,074 INFO [default] global iter = 400, total local iter = 2915635, diff = 7.082e+22
2018-08-16 06:31:42,955 INFO [default] global iter = 500, total local iter = 3362616, diff = 8.49753e+22
2018-08-16 06:31:56,121 INFO [default] global iter = 600, total local iter = 3842596, diff = 4.5562e+23
2018-08-16 06:32:10,826 INFO [default] global iter = 700, total local iter = 4475172, diff = 1.77597e+23
2018-08-16 06:32:24,631 INFO [default] global iter = 800, total local iter = 5020584, diff = 2.0128e+23
2018-08-16 06:32:37,997 INFO [default] global iter = 900, total local iter = 5513208, diff = 1.2923e+23
2018-08-16 06:32:49,763 INFO [default] global iter = 1000, total local iter = 5815952, diff = 1.70968e+23
2018-08-16 06:32:49,768 INFO [default] global iter = 1000, total local iter = 5815952, diff = 1.70968e+23
2018-08-16 06:32:49,768 INFO [default] training finished
2018-08-16 06:32:49,770 INFO [default] obj = -6.53015e+25
2018-08-16 06:32:49,790 INFO [default] rho = -1.6834e+22
2018-08-16 06:32:49,791 INFO [default] #sv = 6429
2018-08-16 06:32:49,950 INFO [default] #total unique sv = 6429
2018-08-16 06:32:49,989 INFO [default] training finished
Training Total Time: 145.171222925
2018-08-16 06:32:50,465 INFO [default] #instances = 100000, #features = 25
Predict Total Time: 0.653426170349
2018-08-16 06:32:51,125 INFO [default] #instances = 100000, #features = 25
acc test score is  0.65221
MES=  0.34779
Confusion matrix=  [[27573 24237]
 [10542 37648]]
2018-08-16 06:32:55,208 INFO [default] #instances = 900001, #features = 25
2018-08-16 06:32:55,272 INFO [default] #classes = 2
2018-08-16 06:32:55,656 INFO [default] working set size = 1024
2018-08-16 06:32:55,678 INFO [default] training start
2018-08-16 06:32:56,718 INFO [default] global iter = 0, total local iter = 102401, diff = 2
2018-08-16 06:33:14,004 INFO [default] global iter = 100, total local iter = 1070786, diff = 2.21518e+17
2018-08-16 06:33:28,308 INFO [default] global iter = 200, total local iter = 1703206, diff = 7.07906e+21
2018-08-16 06:33:41,925 INFO [default] global iter = 300, total local iter = 2255741, diff = 7.18503e+22
2018-08-16 06:33:56,249 INFO [default] global iter = 400, total local iter = 2875474, diff = 3.79544e+22
2018-08-16 06:34:23,047 INFO [default] global iter = 488, total local iter = 4912691, diff = 6.57993e+22
2018-08-16 06:34:23,047 INFO [default] training finished
2018-08-16 06:34:23,049 INFO [default] obj = -5.30571e+24
2018-08-16 06:34:23,069 INFO [default] rho = -2.31969e+21
2018-08-16 06:34:23,070 INFO [default] #sv = 1380
2018-08-16 06:34:23,228 INFO [default] #total unique sv = 1380
2018-08-16 06:34:23,267 INFO [default] training finished
Training Total Time: 91.850425005
2018-08-16 06:34:23,721 INFO [default] #instances = 99999, #features = 25
Predict Total Time: 0.479444980621
2018-08-16 06:34:24,201 INFO [default] #instances = 99999, #features = 25
acc test score is  0.6901969019690197
MES=  0.30980309803098033
Confusion matrix=  [[26248 25561]
 [ 5419 42771]]
2018-08-16 06:34:28,080 INFO [default] #instances = 900001, #features = 25
2018-08-16 06:34:28,142 INFO [default] #classes = 2
2018-08-16 06:34:28,525 INFO [default] working set size = 1024
2018-08-16 06:34:28,546 INFO [default] training start
2018-08-16 06:34:29,573 INFO [default] global iter = 0, total local iter = 102401, diff = 2
2018-08-16 06:34:42,157 INFO [default] global iter = 100, total local iter = 533815, diff = 2.3494e+09
2018-08-16 06:35:06,393 INFO [default] global iter = 177, total local iter = 2436885, diff = 3.59313e+21
2018-08-16 06:35:06,393 INFO [default] training finished
2018-08-16 06:35:06,395 INFO [default] obj = -4.09831e+21
2018-08-16 06:35:06,413 INFO [default] rho = -3.74899e+20
2018-08-16 06:35:06,414 INFO [default] #sv = 165
2018-08-16 06:35:06,570 INFO [default] #total unique sv = 165
2018-08-16 06:35:06,609 INFO [default] training finished
Training Total Time: 42.28368783
2018-08-16 06:35:07,053 INFO [default] #instances = 99999, #features = 25
Predict Total Time: 0.459201097488
2018-08-16 06:35:07,513 INFO [default] #instances = 99999, #features = 25
acc test score is  0.8480284802848028
MES=  0.15197151971519715
Confusion matrix=  [[40528 11281]
 [ 3916 44274]]
2018-08-16 06:35:11,338 INFO [default] #instances = 900001, #features = 25
2018-08-16 06:35:11,401 INFO [default] #classes = 2
2018-08-16 06:35:11,779 INFO [default] working set size = 1024
2018-08-16 06:35:11,800 INFO [default] training start
2018-08-16 06:35:12,844 INFO [default] global iter = 0, total local iter = 102401, diff = 2
2018-08-16 06:35:28,979 INFO [default] global iter = 100, total local iter = 956662, diff = 3.50268e+14
2018-08-16 06:35:41,166 INFO [default] global iter = 200, total local iter = 1350811, diff = 6.85129e+22
2018-08-16 06:35:51,499 INFO [default] global iter = 300, total local iter = 1514476, diff = 2.92777e+22
2018-08-16 06:36:02,904 INFO [default] global iter = 400, total local iter = 1804870, diff = 5.83523e+23
2018-08-16 06:36:15,387 INFO [default] global iter = 500, total local iter = 2210242, diff = 4.9972e+22
2018-08-16 06:36:29,147 INFO [default] global iter = 600, total local iter = 2754609, diff = 1.32107e+23
2018-08-16 06:36:42,880 INFO [default] global iter = 700, total local iter = 3302480, diff = 1.19378e+23
2018-08-16 06:36:56,409 INFO [default] global iter = 800, total local iter = 3819076, diff = 9.13798e+22
2018-08-16 06:37:10,392 INFO [default] global iter = 900, total local iter = 4385318, diff = 4.1168e+23
2018-08-16 06:37:21,870 INFO [default] global iter = 1000, total local iter = 4661242, diff = 3.33181e+22
2018-08-16 06:37:21,875 INFO [default] global iter = 1000, total local iter = 4661242, diff = 3.33181e+22
2018-08-16 06:37:21,875 INFO [default] training finished
2018-08-16 06:37:21,876 INFO [default] obj = -3.8854e+25
2018-08-16 06:37:21,888 INFO [default] rho = -3.21867e+22
2018-08-16 06:37:21,889 INFO [default] #sv = 4635
2018-08-16 06:37:22,047 INFO [default] #total unique sv = 4635
2018-08-16 06:37:22,085 INFO [default] training finished
Training Total Time: 134.481858969
2018-08-16 06:37:22,548 INFO [default] #instances = 99999, #features = 25
Predict Total Time: 0.548587083817
2018-08-16 06:37:23,098 INFO [default] #instances = 99999, #features = 25
acc test score is  0.7300973009730097
MES=  0.26990269902699027
Confusion matrix=  [[29488 22321]
 [ 4669 43521]]
Total Time: 1280.86161804
67.42% (+/- 12.58%)
