2018-08-13 16:13:26,696 INFO [default] #instances = 899999, #features = 25
2018-08-13 16:13:26,808 INFO [default] #classes = 2
2018-08-13 16:13:27,387 INFO [default] working set size = 1024
2018-08-13 16:13:27,409 INFO [default] training start
2018-08-13 16:13:28,628 INFO [default] global iter = 0, total local iter = 102401, diff = 2
2018-08-13 16:13:56,897 INFO [default] global iter = 64, total local iter = 2579721, diff = 9.09632e+10
2018-08-13 16:13:56,897 INFO [default] training finished
2018-08-13 16:13:56,898 INFO [default] obj = -1.79267e+08
2018-08-13 16:13:56,927 INFO [default] rho = -1.70697e+10
2018-08-13 16:13:56,928 INFO [default] #sv = 152
2018-08-13 16:13:57,114 INFO [default] #total unique sv = 152
2018-08-13 16:13:57,156 INFO [default] training finished
Training Total Time: 34.4371049404
2018-08-13 16:13:57,618 INFO [default] #instances = 100001, #features = 25
Predict Total Time: 0.474299192429
2018-08-13 16:13:58,093 INFO [default] #instances = 100001, #features = 25
acc test score is  0.9012809871901281
MES=  0.0987190128098719
Confusion matrix=  [[43280  8530]
 [ 1342 46849]]
2018-08-13 16:14:02,087 INFO [default] #instances = 899999, #features = 25
2018-08-13 16:14:02,196 INFO [default] #classes = 2
2018-08-13 16:14:02,611 INFO [default] working set size = 1024
2018-08-13 16:14:02,632 INFO [default] training start
2018-08-13 16:14:03,673 INFO [default] global iter = 0, total local iter = 102401, diff = 2
2018-08-13 16:14:16,752 INFO [default] global iter = 100, total local iter = 582385, diff = 3.68457e+14
2018-08-13 16:14:29,422 INFO [default] global iter = 200, total local iter = 1014295, diff = 2.39284e+14
2018-08-13 16:14:42,051 INFO [default] global iter = 300, total local iter = 1425958, diff = 6.21849e+14
2018-08-13 16:14:54,816 INFO [default] global iter = 400, total local iter = 1860301, diff = 1.00431e+15
2018-08-13 16:15:07,248 INFO [default] global iter = 500, total local iter = 2249933, diff = 7.54828e+14
2018-08-13 16:15:18,533 INFO [default] global iter = 600, total local iter = 2501367, diff = 4.15396e+14
2018-08-13 16:15:29,994 INFO [default] global iter = 700, total local iter = 2768683, diff = 1.7185e+15
2018-08-13 16:15:46,924 INFO [default] global iter = 800, total local iter = 3602569, diff = 6.35988e+14
2018-08-13 16:15:57,985 INFO [default] global iter = 900, total local iter = 3828412, diff = 5.53011e+15
2018-08-13 16:16:08,711 INFO [default] global iter = 1000, total local iter = 4001064, diff = 4.24591e+15
2018-08-13 16:16:08,716 INFO [default] global iter = 1000, total local iter = 4001064, diff = 4.24591e+15
2018-08-13 16:16:08,716 INFO [default] training finished
2018-08-13 16:16:08,718 INFO [default] obj = -4.92696e+17
2018-08-13 16:16:08,739 INFO [default] rho = 1.24021e+14
2018-08-13 16:16:08,740 INFO [default] #sv = 7177
2018-08-13 16:16:08,919 INFO [default] #total unique sv = 7177
2018-08-13 16:16:08,962 INFO [default] training finished
Training Total Time: 130.785085917
2018-08-13 16:16:09,475 INFO [default] #instances = 100001, #features = 25
Predict Total Time: 0.693937063217
2018-08-13 16:16:10,170 INFO [default] #instances = 100001, #features = 25
acc test score is  0.4342556574434256
MES=  0.5657443425565745
Confusion matrix=  [[27453 24357]
 [32218 15973]]
2018-08-13 16:16:14,289 INFO [default] #instances = 899999, #features = 25
2018-08-13 16:16:14,352 INFO [default] #classes = 2
2018-08-13 16:16:14,732 INFO [default] working set size = 1024
2018-08-13 16:16:14,753 INFO [default] training start
2018-08-13 16:16:15,806 INFO [default] global iter = 0, total local iter = 102401, diff = 2
2018-08-13 16:16:30,109 INFO [default] global iter = 100, total local iter = 736089, diff = 9.50969e+13
2018-08-13 16:16:42,651 INFO [default] global iter = 200, total local iter = 1156305, diff = 1.15876e+14
2018-08-13 16:16:57,057 INFO [default] global iter = 300, total local iter = 1780553, diff = 1.26696e+15
2018-08-13 16:17:09,584 INFO [default] global iter = 400, total local iter = 2193521, diff = 1.52893e+15
2018-08-13 16:17:21,284 INFO [default] global iter = 500, total local iter = 2496682, diff = 5.94642e+15
2018-08-13 16:17:33,418 INFO [default] global iter = 600, total local iter = 2848794, diff = 4.72758e+14
2018-08-13 16:17:45,831 INFO [default] global iter = 700, total local iter = 3232267, diff = 1.44118e+15
2018-08-13 16:17:57,843 INFO [default] global iter = 800, total local iter = 3569540, diff = 5.05759e+15
2018-08-13 16:18:08,523 INFO [default] global iter = 900, total local iter = 3759687, diff = 1.07992e+15
2018-08-13 16:18:19,989 INFO [default] global iter = 1000, total local iter = 4028745, diff = 2.25817e+15
2018-08-13 16:18:19,994 INFO [default] global iter = 1000, total local iter = 4028745, diff = 2.25817e+15
2018-08-13 16:18:19,994 INFO [default] training finished
2018-08-13 16:18:19,996 INFO [default] obj = -4.32726e+17
2018-08-13 16:18:20,016 INFO [default] rho = -5.75479e+14
2018-08-13 16:18:20,017 INFO [default] #sv = 6386
2018-08-13 16:18:20,193 INFO [default] #total unique sv = 6386
2018-08-13 16:18:20,233 INFO [default] training finished
Training Total Time: 129.770704985
2018-08-13 16:18:20,707 INFO [default] #instances = 100001, #features = 25
Predict Total Time: 0.65411901474
2018-08-13 16:18:21,361 INFO [default] #instances = 100001, #features = 25
acc test score is  0.6621233787662123
MES=  0.33787662123378764
Confusion matrix=  [[27941 23869]
 [ 9919 38272]]
2018-08-13 16:18:25,380 INFO [default] #instances = 900000, #features = 25
2018-08-13 16:18:25,443 INFO [default] #classes = 2
2018-08-13 16:18:25,807 INFO [default] working set size = 1024
2018-08-13 16:18:25,828 INFO [default] training start
2018-08-13 16:18:26,879 INFO [default] global iter = 0, total local iter = 102401, diff = 2
2018-08-13 16:18:43,868 INFO [default] global iter = 100, total local iter = 1024084, diff = 7.40509e+14
2018-08-13 16:18:54,243 INFO [default] global iter = 200, total local iter = 1189089, diff = 1.38932e+15
2018-08-13 16:19:06,943 INFO [default] global iter = 300, total local iter = 1614280, diff = 4.93662e+14
2018-08-13 16:19:20,172 INFO [default] global iter = 400, total local iter = 2094856, diff = 6.88304e+15
2018-08-13 16:19:31,120 INFO [default] global iter = 500, total local iter = 2316171, diff = 1.80953e+15
2018-08-13 16:19:43,402 INFO [default] global iter = 600, total local iter = 2682429, diff = 1.48613e+15
2018-08-13 16:19:53,823 INFO [default] global iter = 700, total local iter = 2838893, diff = 2.71814e+15
2018-08-13 16:20:05,434 INFO [default] global iter = 800, total local iter = 3128740, diff = 9.20656e+14
2018-08-13 16:20:16,212 INFO [default] global iter = 900, total local iter = 3315227, diff = 2.12557e+15
2018-08-13 16:20:26,962 INFO [default] global iter = 1000, total local iter = 3500880, diff = 1.0489e+15
2018-08-13 16:20:26,967 INFO [default] global iter = 1000, total local iter = 3500880, diff = 1.0489e+15
2018-08-13 16:20:26,967 INFO [default] training finished
2018-08-13 16:20:26,969 INFO [default] obj = -5.08175e+17
2018-08-13 16:20:26,989 INFO [default] rho = -3.04697e+14
2018-08-13 16:20:26,990 INFO [default] #sv = 7330
2018-08-13 16:20:27,161 INFO [default] #total unique sv = 7330
2018-08-13 16:20:27,202 INFO [default] training finished
Training Total Time: 125.57159996
2018-08-13 16:20:27,679 INFO [default] #instances = 100000, #features = 25
Predict Total Time: 0.662456035614
2018-08-13 16:20:28,342 INFO [default] #instances = 100000, #features = 25
acc test score is  0.61396
MES=  0.38604
Confusion matrix=  [[26664 25146]
 [13458 34732]]
2018-08-13 16:20:32,378 INFO [default] #instances = 900000, #features = 25
2018-08-13 16:20:32,441 INFO [default] #classes = 2
2018-08-13 16:20:32,806 INFO [default] working set size = 1024
2018-08-13 16:20:32,827 INFO [default] training start
2018-08-13 16:20:33,862 INFO [default] global iter = 0, total local iter = 102401, diff = 2
2018-08-13 16:20:45,908 INFO [default] global iter = 100, total local iter = 470894, diff = 1.29195e+14
2018-08-13 16:20:59,225 INFO [default] global iter = 200, total local iter = 982089, diff = 2.88124e+14
2018-08-13 16:21:10,660 INFO [default] global iter = 300, total local iter = 1266126, diff = 1.34232e+15
2018-08-13 16:21:24,488 INFO [default] global iter = 400, total local iter = 1818981, diff = 5.40717e+14
2018-08-13 16:21:35,334 INFO [default] global iter = 500, total local iter = 2035085, diff = 8.63088e+14
2018-08-13 16:21:46,764 INFO [default] global iter = 600, total local iter = 2313241, diff = 9.89816e+14
2018-08-13 16:21:59,108 INFO [default] global iter = 700, total local iter = 2674504, diff = 1.11063e+15
2018-08-13 16:22:09,861 INFO [default] global iter = 800, total local iter = 2870331, diff = 2.08117e+16
2018-08-13 16:22:19,961 INFO [default] global iter = 900, total local iter = 2994863, diff = 2.63302e+15
2018-08-13 16:22:30,319 INFO [default] global iter = 1000, total local iter = 3139274, diff = 1.89177e+15
2018-08-13 16:22:30,325 INFO [default] global iter = 1000, total local iter = 3139274, diff = 1.89177e+15
2018-08-13 16:22:30,325 INFO [default] training finished
2018-08-13 16:22:30,326 INFO [default] obj = -3.93857e+17
2018-08-13 16:22:30,347 INFO [default] rho = -2.13561e+14
2018-08-13 16:22:30,348 INFO [default] #sv = 6040
2018-08-13 16:22:30,524 INFO [default] #total unique sv = 6040
2018-08-13 16:22:30,566 INFO [default] training finished
Training Total Time: 121.94127202
2018-08-13 16:22:31,046 INFO [default] #instances = 100000, #features = 25
Predict Total Time: 0.638278961182
2018-08-13 16:22:31,678 INFO [default] #instances = 100000, #features = 25
acc test score is  0.62052
MES=  0.37948
Confusion matrix=  [[27641 24169]
 [13779 34411]]
2018-08-13 16:22:35,684 INFO [default] #instances = 900000, #features = 25
2018-08-13 16:22:35,747 INFO [default] #classes = 2
2018-08-13 16:22:36,109 INFO [default] working set size = 1024
2018-08-13 16:22:36,130 INFO [default] training start
2018-08-13 16:22:37,171 INFO [default] global iter = 0, total local iter = 102401, diff = 2
2018-08-13 16:22:52,885 INFO [default] global iter = 100, total local iter = 880371, diff = 1.51387e+14
2018-08-13 16:23:09,604 INFO [default] global iter = 200, total local iter = 1778960, diff = 4.79056e+14
2018-08-13 16:23:20,846 INFO [default] global iter = 300, total local iter = 2046816, diff = 2.92941e+15
2018-08-13 16:23:33,067 INFO [default] global iter = 400, total local iter = 2428402, diff = 5.89678e+14
2018-08-13 16:23:43,205 INFO [default] global iter = 500, total local iter = 2570591, diff = 1.5567e+15
2018-08-13 16:23:54,498 INFO [default] global iter = 600, total local iter = 2843385, diff = 1.80456e+15
2018-08-13 16:24:06,732 INFO [default] global iter = 700, total local iter = 3212636, diff = 1.11968e+15
2018-08-13 16:24:18,064 INFO [default] global iter = 800, total local iter = 3489699, diff = 8.26324e+15
2018-08-13 16:24:29,208 INFO [default] global iter = 900, total local iter = 3739189, diff = 2.84317e+15
2018-08-13 16:24:39,549 INFO [default] global iter = 1000, total local iter = 3885443, diff = 1.91767e+15
2018-08-13 16:24:39,554 INFO [default] global iter = 1000, total local iter = 3885443, diff = 1.91767e+15
2018-08-13 16:24:39,554 INFO [default] training finished
2018-08-13 16:24:39,556 INFO [default] obj = -6.67639e+17
2018-08-13 16:24:39,570 INFO [default] rho = -9.26361e+14
2018-08-13 16:24:39,571 INFO [default] #sv = 8285
2018-08-13 16:24:39,727 INFO [default] #total unique sv = 8285
2018-08-13 16:24:39,767 INFO [default] training finished
Training Total Time: 127.847356081
2018-08-13 16:24:40,256 INFO [default] #instances = 100000, #features = 25
Predict Total Time: 0.642265796661
2018-08-13 16:24:40,897 INFO [default] #instances = 100000, #features = 25
acc test score is  0.63632
MES=  0.36368
Confusion matrix=  [[24860 26950]
 [ 9418 38772]]
2018-08-13 16:24:44,930 INFO [default] #instances = 900000, #features = 25
2018-08-13 16:24:44,993 INFO [default] #classes = 2
2018-08-13 16:24:45,357 INFO [default] working set size = 1024
2018-08-13 16:24:45,378 INFO [default] training start
2018-08-13 16:24:46,429 INFO [default] global iter = 0, total local iter = 102401, diff = 2
2018-08-13 16:25:03,953 INFO [default] global iter = 100, total local iter = 1094526, diff = 9.45537e+12
2018-08-13 16:25:26,131 INFO [default] global iter = 200, total local iter = 2626874, diff = 2.06304e+14
2018-08-13 16:25:46,449 INFO [default] global iter = 300, total local iter = 3931103, diff = 3.97093e+14
2018-08-13 16:25:59,705 INFO [default] global iter = 400, total local iter = 4440870, diff = 3.27627e+14
2018-08-13 16:26:10,470 INFO [default] global iter = 500, total local iter = 4661005, diff = 8.54951e+14
2018-08-13 16:26:21,925 INFO [default] global iter = 600, total local iter = 4956105, diff = 1.48906e+15
2018-08-13 16:26:32,535 INFO [default] global iter = 700, total local iter = 5162013, diff = 1.00451e+15
2018-08-13 16:26:44,451 INFO [default] global iter = 800, total local iter = 5510033, diff = 9.95521e+14
2018-08-13 16:26:56,198 INFO [default] global iter = 900, total local iter = 5836118, diff = 4.03261e+14
2018-08-13 16:27:08,375 INFO [default] global iter = 1000, total local iter = 6208657, diff = 2.33662e+15
2018-08-13 16:27:08,380 INFO [default] global iter = 1000, total local iter = 6208657, diff = 2.33662e+15
2018-08-13 16:27:08,380 INFO [default] training finished
2018-08-13 16:27:08,382 INFO [default] obj = -1.99247e+17
2018-08-13 16:27:08,396 INFO [default] rho = -4.00102e+14
2018-08-13 16:27:08,397 INFO [default] #sv = 3832
2018-08-13 16:27:08,555 INFO [default] #total unique sv = 3832
2018-08-13 16:27:08,594 INFO [default] training finished
Training Total Time: 147.41439414
2018-08-13 16:27:09,056 INFO [default] #instances = 100000, #features = 25
Predict Total Time: 0.545310974121
2018-08-13 16:27:09,599 INFO [default] #instances = 100000, #features = 25
acc test score is  0.68556
MES=  0.31444
Confusion matrix=  [[27985 23825]
 [ 7619 40571]]
2018-08-13 16:27:13,614 INFO [default] #instances = 900001, #features = 25
2018-08-13 16:27:13,679 INFO [default] #classes = 2
2018-08-13 16:27:14,062 INFO [default] working set size = 1024
2018-08-13 16:27:14,083 INFO [default] training start
2018-08-13 16:27:15,125 INFO [default] global iter = 0, total local iter = 102401, diff = 2
2018-08-13 16:27:36,114 INFO [default] global iter = 100, total local iter = 1482688, diff = 1.0643e+14
2018-08-13 16:27:51,915 INFO [default] global iter = 200, total local iter = 2275968, diff = 4.51272e+14
2018-08-13 16:28:03,802 INFO [default] global iter = 300, total local iter = 2618953, diff = 1.19483e+15
2018-08-13 16:28:17,773 INFO [default] global iter = 400, total local iter = 3189305, diff = 1.02576e+15
2018-08-13 16:28:30,314 INFO [default] global iter = 500, total local iter = 3599719, diff = 3.19412e+15
2018-08-13 16:28:42,086 INFO [default] global iter = 600, total local iter = 3916040, diff = 1.45701e+15
2018-08-13 16:28:54,609 INFO [default] global iter = 700, total local iter = 4313350, diff = 1.85961e+15
2018-08-13 16:30:01,464 INFO [default] global iter = 800, total local iter = 10921904, diff = 4.79396e+14
2018-08-13 16:31:40,220 INFO [default] global iter = 900, total local iter = 21162004, diff = 4.79396e+14
2018-08-13 16:33:18,950 INFO [default] global iter = 1000, total local iter = 31402104, diff = 4.79396e+14
2018-08-13 16:33:18,956 INFO [default] global iter = 1000, total local iter = 31402104, diff = 4.79396e+14
2018-08-13 16:33:18,956 INFO [default] training finished
2018-08-13 16:33:18,957 INFO [default] obj = -3.10233e+17
2018-08-13 16:33:18,971 INFO [default] rho = -3.98331e+14
2018-08-13 16:33:18,972 INFO [default] #sv = 5133
2018-08-13 16:33:19,131 INFO [default] #total unique sv = 5133
2018-08-13 16:33:19,170 INFO [default] training finished
Training Total Time: 369.401591778
2018-08-13 16:33:19,640 INFO [default] #instances = 99999, #features = 25
Predict Total Time: 0.563422203064
2018-08-13 16:33:20,204 INFO [default] #instances = 99999, #features = 25
acc test score is  0.6681066810668107
MES=  0.33189331893318935
Confusion matrix=  [[27788 24021]
 [ 9168 39022]]
2018-08-13 16:33:24,164 INFO [default] #instances = 900001, #features = 25
2018-08-13 16:33:24,227 INFO [default] #classes = 2
2018-08-13 16:33:24,610 INFO [default] working set size = 1024
2018-08-13 16:33:24,632 INFO [default] training start
2018-08-13 16:33:25,668 INFO [default] global iter = 0, total local iter = 102401, diff = 2
2018-08-13 16:33:38,390 INFO [default] global iter = 100, total local iter = 554585, diff = 2.03168e+15
2018-08-13 16:33:50,492 INFO [default] global iter = 200, total local iter = 931511, diff = 4.09966e+14
2018-08-13 16:34:03,531 INFO [default] global iter = 300, total local iter = 1404489, diff = 7.43357e+14
2018-08-13 16:34:15,026 INFO [default] global iter = 400, total local iter = 1695832, diff = 6.12062e+14
2018-08-13 16:34:27,276 INFO [default] global iter = 500, total local iter = 2072493, diff = 7.00473e+14
2018-08-13 16:34:38,022 INFO [default] global iter = 600, total local iter = 2268403, diff = 2.12828e+15
2018-08-13 16:34:48,739 INFO [default] global iter = 700, total local iter = 2463345, diff = 1.30549e+15
2018-08-13 16:34:59,662 INFO [default] global iter = 800, total local iter = 2678494, diff = 1.28437e+15
2018-08-13 16:35:09,807 INFO [default] global iter = 900, total local iter = 2806443, diff = 6.04757e+14
2018-08-13 16:35:20,272 INFO [default] global iter = 1000, total local iter = 2960489, diff = 8.5515e+14
2018-08-13 16:35:20,277 INFO [default] global iter = 1000, total local iter = 2960489, diff = 8.5515e+14
2018-08-13 16:35:20,277 INFO [default] training finished
2018-08-13 16:35:20,279 INFO [default] obj = -5.91093e+17
2018-08-13 16:35:20,293 INFO [default] rho = -2.98835e+14
2018-08-13 16:35:20,294 INFO [default] #sv = 8020
2018-08-13 16:35:20,453 INFO [default] #total unique sv = 8020
2018-08-13 16:35:20,492 INFO [default] training finished
Training Total Time: 120.117866039
2018-08-13 16:35:20,974 INFO [default] #instances = 99999, #features = 25
Predict Total Time: 0.650609970093
2018-08-13 16:35:21,625 INFO [default] #instances = 99999, #features = 25
acc test score is  0.6051860518605187
MES=  0.3948139481394814
Confusion matrix=  [[26632 25177]
 [14304 33886]]
2018-08-13 16:35:25,654 INFO [default] #instances = 900001, #features = 25
2018-08-13 16:35:25,719 INFO [default] #classes = 2
2018-08-13 16:35:26,102 INFO [default] working set size = 1024
2018-08-13 16:35:26,125 INFO [default] training start
2018-08-13 16:35:27,166 INFO [default] global iter = 0, total local iter = 102401, diff = 2
2018-08-13 16:35:48,661 INFO [default] global iter = 100, total local iter = 1552949, diff = 2.96554e+14
2018-08-13 16:36:01,630 INFO [default] global iter = 200, total local iter = 2022216, diff = 3.7963e+14
2018-08-13 16:36:14,310 INFO [default] global iter = 300, total local iter = 2455132, diff = 1.13285e+15
2018-08-13 16:36:26,943 INFO [default] global iter = 400, total local iter = 2871027, diff = 7.50031e+14
2018-08-13 16:36:37,857 INFO [default] global iter = 500, total local iter = 3086773, diff = 2.33548e+15
2018-08-13 16:36:49,940 INFO [default] global iter = 600, total local iter = 3435081, diff = 2.37223e+15
2018-08-13 16:37:03,373 INFO [default] global iter = 700, total local iter = 3911534, diff = 2.78449e+15
2018-08-13 16:37:14,138 INFO [default] global iter = 800, total local iter = 4106513, diff = 1.33363e+15
2018-08-13 16:37:24,637 INFO [default] global iter = 900, total local iter = 4271791, diff = 8.25004e+14
2018-08-13 16:37:35,648 INFO [default] global iter = 1000, total local iter = 4487409, diff = 4.346e+15
2018-08-13 16:37:35,654 INFO [default] global iter = 1000, total local iter = 4487409, diff = 4.346e+15
2018-08-13 16:37:35,654 INFO [default] training finished
2018-08-13 16:37:35,656 INFO [default] obj = -8.03672e+17
2018-08-13 16:37:35,670 INFO [default] rho = -1.88727e+14
2018-08-13 16:37:35,671 INFO [default] #sv = 9976
2018-08-13 16:37:35,831 INFO [default] #total unique sv = 9976
2018-08-13 16:37:35,870 INFO [default] training finished
Training Total Time: 133.993546963
2018-08-13 16:37:36,366 INFO [default] #instances = 99999, #features = 25
Predict Total Time: 0.709542989731
2018-08-13 16:37:37,075 INFO [default] #instances = 99999, #features = 25
acc test score is  0.5649156491564916
MES=  0.43508435084350844
Confusion matrix=  [[26004 25805]
 [17703 30487]]
Total Time: 1455.1084621
63.92% (+/- 11.04%)
