2018-08-14 19:39:47,213 INFO [default] #instances = 899999, #features = 25
2018-08-14 19:39:47,324 INFO [default] #classes = 2
2018-08-14 19:39:47,899 INFO [default] working set size = 1024
2018-08-14 19:39:47,921 INFO [default] training start
2018-08-14 19:39:49,129 INFO [default] global iter = 0, total local iter = 102401, diff = 2
2018-08-14 19:40:07,203 INFO [default] global iter = 100, total local iter = 1159028, diff = 8.81931e+10
2018-08-14 19:40:19,054 INFO [default] global iter = 200, total local iter = 1504808, diff = 1.99814e+12
2018-08-14 19:40:34,190 INFO [default] global iter = 300, total local iter = 2209220, diff = 1.52336e+12
2018-08-14 19:40:46,742 INFO [default] global iter = 400, total local iter = 2620947, diff = 1.05872e+13
2018-08-14 19:41:01,055 INFO [default] global iter = 500, total local iter = 3223965, diff = 8.38464e+12
2018-08-14 19:41:13,610 INFO [default] global iter = 600, total local iter = 3624431, diff = 2.08439e+13
2018-08-14 19:41:25,128 INFO [default] global iter = 700, total local iter = 3911369, diff = 6.62234e+12
2018-08-14 19:41:35,983 INFO [default] global iter = 800, total local iter = 4117906, diff = 3.74532e+13
2018-08-14 19:41:47,562 INFO [default] global iter = 900, total local iter = 4398501, diff = 8.65179e+12
2018-08-14 19:42:01,395 INFO [default] global iter = 1000, total local iter = 4935465, diff = 2.41111e+13
2018-08-14 19:42:01,401 INFO [default] global iter = 1000, total local iter = 4935465, diff = 2.41111e+13
2018-08-14 19:42:01,401 INFO [default] training finished
2018-08-14 19:42:01,403 INFO [default] obj = -5.14785e+15
2018-08-14 19:42:01,431 INFO [default] rho = -2.37434e+12
2018-08-14 19:42:01,432 INFO [default] #sv = 7230
2018-08-14 19:42:01,628 INFO [default] #total unique sv = 7230
2018-08-14 19:42:01,672 INFO [default] training finished
Training Total Time: 138.418052912
2018-08-14 19:42:02,200 INFO [default] #instances = 100001, #features = 25
Predict Total Time: 0.719534158707
2018-08-14 19:42:02,894 INFO [default] #instances = 100001, #features = 25
acc test score is  0.6162438375616244
MES=  0.3837561624383756
Confusion matrix=  [[27414 24396]
 [13980 34211]]
2018-08-14 19:42:07,057 INFO [default] #instances = 899999, #features = 25
2018-08-14 19:42:07,167 INFO [default] #classes = 2
2018-08-14 19:42:07,572 INFO [default] working set size = 1024
2018-08-14 19:42:07,594 INFO [default] training start
2018-08-14 19:42:08,642 INFO [default] global iter = 0, total local iter = 102401, diff = 2
2018-08-14 19:42:25,315 INFO [default] global iter = 100, total local iter = 977951, diff = 3.62754e+12
2018-08-14 19:42:37,745 INFO [default] global iter = 200, total local iter = 1384535, diff = 1.56694e+12
2018-08-14 19:42:54,137 INFO [default] global iter = 300, total local iter = 2238986, diff = 6.13413e+12
2018-08-14 19:43:07,983 INFO [default] global iter = 400, total local iter = 2790847, diff = 7.62287e+12
2018-08-14 19:43:20,278 INFO [default] global iter = 500, total local iter = 3169567, diff = 1.77472e+13
2018-08-14 19:43:31,714 INFO [default] global iter = 600, total local iter = 3451797, diff = 2.02857e+13
2018-08-14 19:43:44,078 INFO [default] global iter = 700, total local iter = 3831284, diff = 7.03372e+12
2018-08-14 19:44:05,882 INFO [default] global iter = 781, total local iter = 5363234, diff = 4.55258e+12
2018-08-14 19:44:05,882 INFO [default] training finished
2018-08-14 19:44:05,884 INFO [default] obj = -3.0552e+15
2018-08-14 19:44:05,910 INFO [default] rho = -3.77e+12
2018-08-14 19:44:05,911 INFO [default] #sv = 4894
2018-08-14 19:44:06,083 INFO [default] #total unique sv = 4894
2018-08-14 19:44:06,126 INFO [default] training finished
Training Total Time: 122.920595169
2018-08-14 19:44:06,605 INFO [default] #instances = 100001, #features = 25
Predict Total Time: 0.593106031418
2018-08-14 19:44:07,197 INFO [default] #instances = 100001, #features = 25
acc test score is  0.6634833651663483
MES=  0.3365166348336517
Confusion matrix=  [[27849 23961]
 [ 9691 38500]]
2018-08-14 19:44:11,232 INFO [default] #instances = 899999, #features = 25
2018-08-14 19:44:11,295 INFO [default] #classes = 2
2018-08-14 19:44:11,699 INFO [default] working set size = 1024
2018-08-14 19:44:11,720 INFO [default] training start
2018-08-14 19:44:12,758 INFO [default] global iter = 0, total local iter = 102401, diff = 2
2018-08-14 19:44:27,357 INFO [default] global iter = 100, total local iter = 757059, diff = 3.75566e+11
2018-08-14 19:44:43,452 INFO [default] global iter = 200, total local iter = 1591599, diff = 9.67079e+12
2018-08-14 19:44:58,115 INFO [default] global iter = 300, total local iter = 2248208, diff = 5.87692e+12
2018-08-14 19:45:11,828 INFO [default] global iter = 400, total local iter = 2789115, diff = 1.33401e+13
2018-08-14 19:45:23,384 INFO [default] global iter = 500, total local iter = 3077844, diff = 1.32875e+13
2018-08-14 19:45:34,211 INFO [default] global iter = 600, total local iter = 3290302, diff = 9.89423e+12
2018-08-14 19:45:45,320 INFO [default] global iter = 700, total local iter = 3532061, diff = 8.31907e+12
2018-08-14 19:45:56,538 INFO [default] global iter = 800, total local iter = 3794081, diff = 2.21388e+13
2018-08-14 19:46:07,289 INFO [default] global iter = 900, total local iter = 3997277, diff = 4.33135e+12
2018-08-14 19:46:18,481 INFO [default] global iter = 1000, total local iter = 4244968, diff = 8.22874e+12
2018-08-14 19:46:18,487 INFO [default] global iter = 1000, total local iter = 4244968, diff = 8.22874e+12
2018-08-14 19:46:18,487 INFO [default] training finished
2018-08-14 19:46:18,488 INFO [default] obj = -2.95719e+15
2018-08-14 19:46:18,508 INFO [default] rho = -9.05279e+12
2018-08-14 19:46:18,509 INFO [default] #sv = 5019
2018-08-14 19:46:18,672 INFO [default] #total unique sv = 5019
2018-08-14 19:46:18,711 INFO [default] training finished
Training Total Time: 131.297954082
2018-08-14 19:46:19,178 INFO [default] #instances = 100001, #features = 25
Predict Total Time: 0.61248087883
2018-08-14 19:46:19,791 INFO [default] #instances = 100001, #features = 25
acc test score is  0.7424525754742453
MES=  0.25754742452575474
Confusion matrix=  [[30863 20947]
 [ 4808 43383]]
2018-08-14 19:46:23,925 INFO [default] #instances = 900000, #features = 25
2018-08-14 19:46:23,988 INFO [default] #classes = 2
2018-08-14 19:46:24,351 INFO [default] working set size = 1024
2018-08-14 19:46:24,373 INFO [default] training start
2018-08-14 19:46:25,424 INFO [default] global iter = 0, total local iter = 102401, diff = 2
2018-08-14 19:46:45,788 INFO [default] global iter = 49, total local iter = 1826945, diff = 2.0824e+11
2018-08-14 19:46:45,788 INFO [default] training finished
2018-08-14 19:46:45,790 INFO [default] obj = -5.1489e+10
2018-08-14 19:46:45,810 INFO [default] rho = 1.29019e+10
2018-08-14 19:46:45,810 INFO [default] #sv = 133
2018-08-14 19:46:45,969 INFO [default] #total unique sv = 133
2018-08-14 19:46:46,008 INFO [default] training finished
Training Total Time: 25.9494538307
2018-08-14 19:46:46,455 INFO [default] #instances = 100000, #features = 25
Predict Total Time: 0.449565172195
2018-08-14 19:46:46,904 INFO [default] #instances = 100000, #features = 25
acc test score is  0.37723
MES=  0.62277
Confusion matrix=  [[34808 17002]
 [45275  2915]]
2018-08-14 19:46:50,742 INFO [default] #instances = 900000, #features = 25
2018-08-14 19:46:50,804 INFO [default] #classes = 2
2018-08-14 19:46:51,169 INFO [default] working set size = 1024
2018-08-14 19:46:51,190 INFO [default] training start
2018-08-14 19:46:52,218 INFO [default] global iter = 0, total local iter = 102401, diff = 2
2018-08-14 19:47:10,769 INFO [default] global iter = 100, total local iter = 1231824, diff = 1.546e+11
2018-08-14 19:47:25,970 INFO [default] global iter = 200, total local iter = 1979960, diff = 8.29286e+12
2018-08-14 19:47:37,949 INFO [default] global iter = 300, total local iter = 2344104, diff = 4.08478e+13
2018-08-14 19:47:50,811 INFO [default] global iter = 400, total local iter = 2807149, diff = 5.4098e+12
2018-08-14 19:48:02,999 INFO [default] global iter = 500, total local iter = 3182319, diff = 2.69275e+13
2018-08-14 19:48:16,795 INFO [default] global iter = 600, total local iter = 3729038, diff = 7.03528e+12
2018-08-14 19:48:29,934 INFO [default] global iter = 700, total local iter = 4192638, diff = 3.21842e+13
2018-08-14 19:48:42,524 INFO [default] global iter = 800, total local iter = 4597164, diff = 2.81628e+13
2018-08-14 19:48:55,256 INFO [default] global iter = 900, total local iter = 5007407, diff = 2.15296e+13
2018-08-14 19:49:17,121 INFO [default] global iter = 947, total local iter = 6869756, diff = 1.61203e+13
2018-08-14 19:49:17,121 INFO [default] training finished
2018-08-14 19:49:17,122 INFO [default] obj = -4.61823e+15
2018-08-14 19:49:17,136 INFO [default] rho = -7.04199e+12
2018-08-14 19:49:17,137 INFO [default] #sv = 6729
2018-08-14 19:49:17,297 INFO [default] #total unique sv = 6729
2018-08-14 19:49:17,336 INFO [default] training finished
Training Total Time: 150.365412951
2018-08-14 19:49:17,811 INFO [default] #instances = 100000, #features = 25
Predict Total Time: 0.655522108078
2018-08-14 19:49:18,466 INFO [default] #instances = 100000, #features = 25
acc test score is  0.68784
MES=  0.31216
Confusion matrix=  [[29338 22472]
 [ 8744 39446]]
2018-08-14 19:49:22,506 INFO [default] #instances = 900000, #features = 25
2018-08-14 19:49:22,569 INFO [default] #classes = 2
2018-08-14 19:49:22,942 INFO [default] working set size = 1024
2018-08-14 19:49:22,963 INFO [default] training start
2018-08-14 19:49:23,997 INFO [default] global iter = 0, total local iter = 102401, diff = 2
2018-08-14 19:49:51,359 INFO [default] global iter = 93, total local iter = 2195691, diff = 2.15899e+11
2018-08-14 19:49:51,359 INFO [default] training finished
2018-08-14 19:49:51,360 INFO [default] obj = -3.85185e+11
2018-08-14 19:49:51,375 INFO [default] rho = -6.0319e+10
2018-08-14 19:49:51,375 INFO [default] #sv = 162
2018-08-14 19:49:51,533 INFO [default] #total unique sv = 162
2018-08-14 19:49:51,571 INFO [default] training finished
Training Total Time: 32.7958469391
2018-08-14 19:49:52,020 INFO [default] #instances = 100000, #features = 25
Predict Total Time: 0.455760002136
2018-08-14 19:49:52,476 INFO [default] #instances = 100000, #features = 25
acc test score is  0.84103
MES=  0.15897
Confusion matrix=  [[37512 14298]
 [ 1599 46591]]
2018-08-14 19:49:56,348 INFO [default] #instances = 900000, #features = 25
2018-08-14 19:49:56,411 INFO [default] #classes = 2
2018-08-14 19:49:56,793 INFO [default] working set size = 1024
2018-08-14 19:49:56,813 INFO [default] training start
2018-08-14 19:49:57,836 INFO [default] global iter = 0, total local iter = 102401, diff = 2
2018-08-14 19:50:16,143 INFO [default] global iter = 100, total local iter = 1177545, diff = 2.99248e+07
2018-08-14 19:50:35,788 INFO [default] global iter = 137, total local iter = 2943486, diff = 7.28381e+10
2018-08-14 19:50:35,788 INFO [default] training finished
2018-08-14 19:50:35,789 INFO [default] obj = -4.58465e+09
2018-08-14 19:50:35,803 INFO [default] rho = -8.0223e+09
2018-08-14 19:50:35,804 INFO [default] #sv = 179
2018-08-14 19:50:35,962 INFO [default] #total unique sv = 179
2018-08-14 19:50:36,000 INFO [default] training finished
Training Total Time: 43.4259479046
2018-08-14 19:50:36,449 INFO [default] #instances = 100000, #features = 25
Predict Total Time: 0.467182159424
2018-08-14 19:50:36,919 INFO [default] #instances = 100000, #features = 25
acc test score is  0.58494
MES=  0.41506
Confusion matrix=  [[15206 36604]
 [ 4902 43288]]
2018-08-14 19:50:40,779 INFO [default] #instances = 900001, #features = 25
2018-08-14 19:50:40,842 INFO [default] #classes = 2
2018-08-14 19:50:41,222 INFO [default] working set size = 1024
2018-08-14 19:50:41,243 INFO [default] training start
2018-08-14 19:50:42,281 INFO [default] global iter = 0, total local iter = 102401, diff = 2
2018-08-14 19:50:54,022 INFO [default] global iter = 100, total local iter = 447395, diff = 1.06989e+13
2018-08-14 19:51:07,421 INFO [default] global iter = 200, total local iter = 974274, diff = 4.09707e+12
2018-08-14 19:51:20,564 INFO [default] global iter = 300, total local iter = 1454321, diff = 1.06197e+13
2018-08-14 19:51:35,291 INFO [default] global iter = 400, total local iter = 2118037, diff = 2.15291e+13
2018-08-14 19:51:46,901 INFO [default] global iter = 500, total local iter = 2420225, diff = 3.7883e+13
2018-08-14 19:51:58,453 INFO [default] global iter = 600, total local iter = 2714852, diff = 1.57454e+13
2018-08-14 19:52:10,094 INFO [default] global iter = 700, total local iter = 3005642, diff = 2.38118e+13
2018-08-14 19:52:21,197 INFO [default] global iter = 800, total local iter = 3240650, diff = 8.69478e+12
2018-08-14 19:52:32,377 INFO [default] global iter = 900, total local iter = 3477651, diff = 1.66954e+13
2018-08-14 19:52:42,994 INFO [default] global iter = 1000, total local iter = 3650542, diff = 5.44442e+13
2018-08-14 19:52:43,000 INFO [default] global iter = 1000, total local iter = 3650542, diff = 5.44442e+13
2018-08-14 19:52:43,000 INFO [default] training finished
2018-08-14 19:52:43,001 INFO [default] obj = -6.29796e+15
2018-08-14 19:52:43,015 INFO [default] rho = -1.44859e+13
2018-08-14 19:52:43,016 INFO [default] #sv = 8428
2018-08-14 19:52:43,177 INFO [default] #total unique sv = 8428
2018-08-14 19:52:43,217 INFO [default] training finished
Training Total Time: 126.229983807
2018-08-14 19:52:43,712 INFO [default] #instances = 99999, #features = 25
Predict Total Time: 0.680794000626
2018-08-14 19:52:44,391 INFO [default] #instances = 99999, #features = 25
acc test score is  0.7018970189701897
MES=  0.2981029810298103
Confusion matrix=  [[29504 22305]
 [ 7505 40685]]
2018-08-14 19:52:48,465 INFO [default] #instances = 900001, #features = 25
2018-08-14 19:52:48,527 INFO [default] #classes = 2
2018-08-14 19:52:48,909 INFO [default] working set size = 1024
2018-08-14 19:52:48,930 INFO [default] training start
2018-08-14 19:52:49,974 INFO [default] global iter = 0, total local iter = 102401, diff = 2
2018-08-14 19:53:09,769 INFO [default] global iter = 100, total local iter = 1343821, diff = 2.23996e+12
2018-08-14 19:53:23,455 INFO [default] global iter = 200, total local iter = 1896071, diff = 1.44444e+13
2018-08-14 19:53:37,393 INFO [default] global iter = 300, total local iter = 2458951, diff = 7.46716e+12
2018-08-14 19:53:50,535 INFO [default] global iter = 400, total local iter = 2940985, diff = 2.31222e+13
2018-08-14 19:54:00,901 INFO [default] global iter = 500, total local iter = 3099722, diff = 1.09276e+13
2018-08-14 19:54:11,554 INFO [default] global iter = 600, total local iter = 3290974, diff = 1.72543e+13
2018-08-14 19:54:23,135 INFO [default] global iter = 700, total local iter = 3585045, diff = 3.58936e+13
2018-08-14 19:54:33,564 INFO [default] global iter = 800, total local iter = 3742087, diff = 2.97319e+13
2018-08-14 19:54:43,965 INFO [default] global iter = 900, total local iter = 3897151, diff = 4.31647e+13
2018-08-14 19:54:57,189 INFO [default] global iter = 1000, total local iter = 4350646, diff = 1.17627e+13
2018-08-14 19:54:57,194 INFO [default] global iter = 1000, total local iter = 4350646, diff = 1.17627e+13
2018-08-14 19:54:57,194 INFO [default] training finished
2018-08-14 19:54:57,196 INFO [default] obj = -9.29476e+15
2018-08-14 19:54:57,210 INFO [default] rho = -4.49691e+12
2018-08-14 19:54:57,211 INFO [default] #sv = 10714
2018-08-14 19:54:57,372 INFO [default] #total unique sv = 10714
2018-08-14 19:54:57,411 INFO [default] training finished
Training Total Time: 132.748367071
2018-08-14 19:54:57,916 INFO [default] #instances = 99999, #features = 25
Predict Total Time: 0.792062044144
2018-08-14 19:54:58,705 INFO [default] #instances = 99999, #features = 25
acc test score is  0.6158661586615867
MES=  0.3841338413384134
Confusion matrix=  [[27832 23977]
 [14436 33754]]
2018-08-14 19:55:02,937 INFO [default] #instances = 900001, #features = 25
2018-08-14 19:55:03,000 INFO [default] #classes = 2
2018-08-14 19:55:03,382 INFO [default] working set size = 1024
2018-08-14 19:55:03,403 INFO [default] training start
2018-08-14 19:55:04,443 INFO [default] global iter = 0, total local iter = 102401, diff = 2
2018-08-14 19:55:18,396 INFO [default] global iter = 100, total local iter = 694920, diff = 3.69355e+12
2018-08-14 19:55:34,997 INFO [default] global iter = 200, total local iter = 1585997, diff = 1.80611e+13
2018-08-14 19:55:49,792 INFO [default] global iter = 300, total local iter = 2266207, diff = 8.88389e+13
2018-08-14 19:56:02,156 INFO [default] global iter = 400, total local iter = 2656333, diff = 1.96964e+13
2018-08-14 19:56:16,881 INFO [default] global iter = 500, total local iter = 3290503, diff = 1.63128e+13
2018-08-14 19:56:27,329 INFO [default] global iter = 600, total local iter = 3461167, diff = 1.68665e+13
2018-08-14 19:56:39,270 INFO [default] global iter = 700, total local iter = 3787171, diff = 1.70018e+13
2018-08-14 19:56:50,963 INFO [default] global iter = 800, total local iter = 4081439, diff = 2.46092e+13
2018-08-14 19:57:01,424 INFO [default] global iter = 900, total local iter = 4240347, diff = 9.20483e+12
2018-08-14 19:57:12,874 INFO [default] global iter = 1000, total local iter = 4498906, diff = 1.71872e+13
2018-08-14 19:57:12,879 INFO [default] global iter = 1000, total local iter = 4498906, diff = 1.71872e+13
2018-08-14 19:57:12,880 INFO [default] training finished
2018-08-14 19:57:12,881 INFO [default] obj = -5.79306e+15
2018-08-14 19:57:12,895 INFO [default] rho = -3.39509e+12
2018-08-14 19:57:12,896 INFO [default] #sv = 7846
2018-08-14 19:57:13,055 INFO [default] #total unique sv = 7846
2018-08-14 19:57:13,094 INFO [default] training finished
Training Total Time: 133.986900806
2018-08-14 19:57:13,582 INFO [default] #instances = 99999, #features = 25
Predict Total Time: 0.637526035309
2018-08-14 19:57:14,219 INFO [default] #instances = 99999, #features = 25
acc test score is  0.6290762907629076
MES=  0.3709237092370924
Confusion matrix=  [[28665 23144]
 [13948 34242]]
Total Time: 1051.6121552
64.60% (+/- 11.43%)
