2018-08-14 23:57:33,321 INFO [default] #instances = 899999, #features = 25
2018-08-14 23:57:33,432 INFO [default] #classes = 2
2018-08-14 23:57:34,000 INFO [default] working set size = 1024
2018-08-14 23:57:34,022 INFO [default] training start
2018-08-14 23:57:35,248 INFO [default] global iter = 0, total local iter = 102401, diff = 2
2018-08-14 23:57:58,550 INFO [default] global iter = 57, total local iter = 2197649, diff = 5.70659e+11
2018-08-14 23:57:58,550 INFO [default] training finished
2018-08-14 23:57:58,551 INFO [default] obj = -2.48147e+10
2018-08-14 23:57:58,580 INFO [default] rho = 3.66013e+10
2018-08-14 23:57:58,581 INFO [default] #sv = 163
2018-08-14 23:57:58,766 INFO [default] #total unique sv = 163
2018-08-14 23:57:58,807 INFO [default] training finished
Training Total Time: 29.3838560581
2018-08-14 23:57:59,272 INFO [default] #instances = 100001, #features = 25
Predict Total Time: 0.474703073502
2018-08-14 23:57:59,747 INFO [default] #instances = 100001, #features = 25
acc test score is  0.3639063609363906
MES=  0.6360936390636094
Confusion matrix=  [[31164 20646]
 [42964  5227]]
2018-08-14 23:58:03,668 INFO [default] #instances = 899999, #features = 25
2018-08-14 23:58:03,777 INFO [default] #classes = 2
2018-08-14 23:58:04,180 INFO [default] working set size = 1024
2018-08-14 23:58:04,201 INFO [default] training start
2018-08-14 23:58:05,249 INFO [default] global iter = 0, total local iter = 102401, diff = 2
2018-08-14 23:58:33,207 INFO [default] global iter = 89, total local iter = 2316640, diff = 6.91056e+13
2018-08-14 23:58:33,207 INFO [default] training finished
2018-08-14 23:58:33,209 INFO [default] obj = -2.57369e+14
2018-08-14 23:58:33,229 INFO [default] rho = -6.17837e+12
2018-08-14 23:58:33,229 INFO [default] #sv = 330
2018-08-14 23:58:33,398 INFO [default] #total unique sv = 330
2018-08-14 23:58:33,438 INFO [default] training finished
Training Total Time: 33.5760600567
2018-08-14 23:58:33,886 INFO [default] #instances = 100001, #features = 25
Predict Total Time: 0.465770959854
2018-08-14 23:58:34,358 INFO [default] #instances = 100001, #features = 25
acc test score is  0.7695523044769552
MES=  0.23044769552304478
Confusion matrix=  [[37290 14520]
 [ 8525 39666]]
2018-08-14 23:58:38,224 INFO [default] #instances = 899999, #features = 25
2018-08-14 23:58:38,287 INFO [default] #classes = 2
2018-08-14 23:58:38,685 INFO [default] working set size = 1024
2018-08-14 23:58:38,705 INFO [default] training start
2018-08-14 23:58:39,731 INFO [default] global iter = 0, total local iter = 102401, diff = 2
2018-08-14 23:58:53,430 INFO [default] global iter = 100, total local iter = 666994, diff = 3.58134e+10
2018-08-14 23:59:15,109 INFO [default] global iter = 200, total local iter = 2127343, diff = 6.08781e+12
2018-08-14 23:59:30,904 INFO [default] global iter = 225, total local iter = 3577117, diff = 3.92372e+13
2018-08-14 23:59:30,904 INFO [default] training finished
2018-08-14 23:59:30,906 INFO [default] obj = -7.65421e+13
2018-08-14 23:59:30,926 INFO [default] rho = 4.35044e+12
2018-08-14 23:59:30,927 INFO [default] #sv = 355
2018-08-14 23:59:31,097 INFO [default] #total unique sv = 355
2018-08-14 23:59:31,134 INFO [default] training finished
Training Total Time: 56.6620359421
2018-08-14 23:59:31,578 INFO [default] #instances = 100001, #features = 25
Predict Total Time: 0.486073970795
2018-08-14 23:59:32,095 INFO [default] #instances = 100001, #features = 25
acc test score is  0.1881381186188138
MES=  0.8118618813811862
Confusion matrix=  [[17201 34609]
 [46578  1613]]
2018-08-14 23:59:36,043 INFO [default] #instances = 900000, #features = 25
2018-08-14 23:59:36,107 INFO [default] #classes = 2
2018-08-14 23:59:36,471 INFO [default] working set size = 1024
2018-08-14 23:59:36,491 INFO [default] training start
2018-08-14 23:59:37,526 INFO [default] global iter = 0, total local iter = 102401, diff = 2
2018-08-14 23:59:53,589 INFO [default] global iter = 100, total local iter = 931592, diff = 4.29258e+13
2018-08-15 00:00:11,503 INFO [default] global iter = 200, total local iter = 1957105, diff = 7.58774e+13
2018-08-15 00:00:22,449 INFO [default] global iter = 300, total local iter = 2190521, diff = 1.09096e+14
2018-08-15 00:00:34,629 INFO [default] global iter = 400, total local iter = 2566023, diff = 5.42607e+14
2018-08-15 00:00:45,606 INFO [default] global iter = 500, total local iter = 2794407, diff = 5.77669e+14
2018-08-15 00:00:57,060 INFO [default] global iter = 600, total local iter = 3081929, diff = 1.36428e+14
2018-08-15 00:01:19,146 INFO [default] global iter = 700, total local iter = 4475500, diff = 8.50841e+13
2018-08-15 00:01:23,411 INFO [default] global iter = 704, total local iter = 4885104, diff = 8.50841e+13
2018-08-15 00:01:23,411 INFO [default] training finished
2018-08-15 00:01:23,412 INFO [default] obj = -2.40676e+16
2018-08-15 00:01:23,432 INFO [default] rho = -6.8481e+13
2018-08-15 00:01:23,433 INFO [default] #sv = 3405
2018-08-15 00:01:23,598 INFO [default] #total unique sv = 3405
2018-08-15 00:01:23,638 INFO [default] training finished
Training Total Time: 111.42267704
2018-08-15 00:01:24,102 INFO [default] #instances = 100000, #features = 25
Predict Total Time: 0.547223091125
2018-08-15 00:01:24,648 INFO [default] #instances = 100000, #features = 25
acc test score is  0.73579
MES=  0.26421
Confusion matrix=  [[30172 21638]
 [ 4783 43407]]
2018-08-15 00:01:28,575 INFO [default] #instances = 900000, #features = 25
2018-08-15 00:01:28,638 INFO [default] #classes = 2
2018-08-15 00:01:28,996 INFO [default] working set size = 1024
2018-08-15 00:01:29,017 INFO [default] training start
2018-08-15 00:01:30,064 INFO [default] global iter = 0, total local iter = 102401, diff = 2
2018-08-15 00:01:45,290 INFO [default] global iter = 100, total local iter = 838081, diff = 1.14187e+13
2018-08-15 00:02:02,776 INFO [default] global iter = 200, total local iter = 1793728, diff = 9.68602e+13
2018-08-15 00:02:16,324 INFO [default] global iter = 300, total local iter = 2330476, diff = 8.29752e+13
2018-08-15 00:02:32,360 INFO [default] global iter = 400, total local iter = 3131243, diff = 2.8629e+14
2018-08-15 00:02:44,420 INFO [default] global iter = 500, total local iter = 3486944, diff = 9.15021e+13
2018-08-15 00:02:55,933 INFO [default] global iter = 600, total local iter = 3771444, diff = 6.2818e+14
2018-08-15 00:03:07,369 INFO [default] global iter = 700, total local iter = 4052877, diff = 1.85741e+14
2018-08-15 00:03:17,974 INFO [default] global iter = 800, total local iter = 4237523, diff = 3.38108e+14
2018-08-15 00:03:30,291 INFO [default] global iter = 900, total local iter = 4612043, diff = 1.02246e+14
2018-08-15 00:03:41,317 INFO [default] global iter = 1000, total local iter = 4834533, diff = 2.31884e+14
2018-08-15 00:03:41,323 INFO [default] global iter = 1000, total local iter = 4834533, diff = 2.31884e+14
2018-08-15 00:03:41,323 INFO [default] training finished
2018-08-15 00:03:41,324 INFO [default] obj = -8.07524e+16
2018-08-15 00:03:41,344 INFO [default] rho = -3.1447e+13
2018-08-15 00:03:41,345 INFO [default] #sv = 6805
2018-08-15 00:03:41,510 INFO [default] #total unique sv = 6805
2018-08-15 00:03:41,549 INFO [default] training finished
Training Total Time: 136.739475012
2018-08-15 00:03:42,021 INFO [default] #instances = 100000, #features = 25
Predict Total Time: 0.661434173584
2018-08-15 00:03:42,687 INFO [default] #instances = 100000, #features = 25
acc test score is  0.59936
MES=  0.40064
Confusion matrix=  [[27639 24171]
 [15893 32297]]
2018-08-15 00:03:46,747 INFO [default] #instances = 900000, #features = 25
2018-08-15 00:03:46,810 INFO [default] #classes = 2
2018-08-15 00:03:47,169 INFO [default] working set size = 1024
2018-08-15 00:03:47,190 INFO [default] training start
2018-08-15 00:03:48,228 INFO [default] global iter = 0, total local iter = 102401, diff = 2
2018-08-15 00:04:08,450 INFO [default] global iter = 100, total local iter = 1378991, diff = 9.05134e+13
2018-08-15 00:04:21,762 INFO [default] global iter = 200, total local iter = 1878523, diff = 6.87149e+13
2018-08-15 00:04:35,362 INFO [default] global iter = 300, total local iter = 2418675, diff = 3.8393e+13
2018-08-15 00:04:46,791 INFO [default] global iter = 400, total local iter = 2705562, diff = 2.54434e+14
2018-08-15 00:04:58,911 INFO [default] global iter = 500, total local iter = 3063446, diff = 1.42551e+14
2018-08-15 00:05:15,794 INFO [default] global iter = 541, total local iter = 4477882, diff = 8.83716e+13
2018-08-15 00:05:15,794 INFO [default] training finished
2018-08-15 00:05:15,796 INFO [default] obj = -2.68489e+16
2018-08-15 00:05:15,816 INFO [default] rho = -3.33704e+12
2018-08-15 00:05:15,817 INFO [default] #sv = 3567
2018-08-15 00:05:15,985 INFO [default] #total unique sv = 3567
2018-08-15 00:05:16,023 INFO [default] training finished
Training Total Time: 93.0401160717
2018-08-15 00:05:16,488 INFO [default] #instances = 100000, #features = 25
Predict Total Time: 0.531795024872
2018-08-15 00:05:17,018 INFO [default] #instances = 100000, #features = 25
acc test score is  0.55872
MES=  0.44128
Confusion matrix=  [[27287 24523]
 [19605 28585]]
2018-08-15 00:05:20,952 INFO [default] #instances = 900000, #features = 25
2018-08-15 00:05:21,015 INFO [default] #classes = 2
2018-08-15 00:05:21,354 INFO [default] working set size = 1024
2018-08-15 00:05:21,375 INFO [default] training start
2018-08-15 00:05:22,410 INFO [default] global iter = 0, total local iter = 102401, diff = 2
2018-08-15 00:05:39,807 INFO [default] global iter = 100, total local iter = 1076823, diff = 2.01787e+13
2018-08-15 00:05:56,797 INFO [default] global iter = 200, total local iter = 1997056, diff = 5.29491e+13
2018-08-15 00:06:08,325 INFO [default] global iter = 300, total local iter = 2294969, diff = 1.25995e+14
2018-08-15 00:06:21,274 INFO [default] global iter = 400, total local iter = 2760388, diff = 6.82734e+14
2018-08-15 00:06:33,588 INFO [default] global iter = 500, total local iter = 3152526, diff = 8.4649e+13
2018-08-15 00:06:45,053 INFO [default] global iter = 600, total local iter = 3441420, diff = 2.38986e+14
2018-08-15 00:06:55,920 INFO [default] global iter = 700, total local iter = 3660755, diff = 3.0009e+14
2018-08-15 00:07:07,253 INFO [default] global iter = 800, total local iter = 3929634, diff = 1.81819e+14
2018-08-15 00:07:18,423 INFO [default] global iter = 900, total local iter = 4180039, diff = 3.35211e+14
2018-08-15 00:07:29,093 INFO [default] global iter = 1000, total local iter = 4370766, diff = 1.70361e+14
2018-08-15 00:07:29,098 INFO [default] global iter = 1000, total local iter = 4370766, diff = 1.70361e+14
2018-08-15 00:07:29,098 INFO [default] training finished
2018-08-15 00:07:29,100 INFO [default] obj = -5.95914e+16
2018-08-15 00:07:29,120 INFO [default] rho = -2.87778e+13
2018-08-15 00:07:29,120 INFO [default] #sv = 5909
2018-08-15 00:07:29,279 INFO [default] #total unique sv = 5909
2018-08-15 00:07:29,318 INFO [default] training finished
Training Total Time: 132.148884058
2018-08-15 00:07:29,790 INFO [default] #instances = 100000, #features = 25
Predict Total Time: 0.637490034103
2018-08-15 00:07:30,429 INFO [default] #instances = 100000, #features = 25
acc test score is  0.60766
MES=  0.39234
Confusion matrix=  [[27501 24309]
 [14925 33265]]
2018-08-15 00:07:34,449 INFO [default] #instances = 900001, #features = 25
2018-08-15 00:07:34,512 INFO [default] #classes = 2
2018-08-15 00:07:34,852 INFO [default] working set size = 1024
2018-08-15 00:07:34,873 INFO [default] training start
2018-08-15 00:07:35,915 INFO [default] global iter = 0, total local iter = 102401, diff = 2
2018-08-15 00:07:49,157 INFO [default] global iter = 100, total local iter = 600988, diff = 4.65796e+13
2018-08-15 00:08:01,387 INFO [default] global iter = 200, total local iter = 979879, diff = 7.83947e+13
2018-08-15 00:08:14,130 INFO [default] global iter = 300, total local iter = 1406856, diff = 3.24946e+14
2018-08-15 00:08:24,916 INFO [default] global iter = 400, total local iter = 1614591, diff = 1.90943e+14
2018-08-15 00:08:36,423 INFO [default] global iter = 500, total local iter = 1897877, diff = 6.69478e+13
2018-08-15 00:08:48,804 INFO [default] global iter = 600, total local iter = 2272338, diff = 2.54168e+14
2018-08-15 00:09:00,786 INFO [default] global iter = 700, total local iter = 2608137, diff = 6.22749e+13
2018-08-15 00:09:12,208 INFO [default] global iter = 800, total local iter = 2880729, diff = 7.42585e+13
2018-08-15 00:09:24,204 INFO [default] global iter = 900, total local iter = 3216523, diff = 1.11134e+14
2018-08-15 00:09:35,033 INFO [default] global iter = 1000, total local iter = 3413593, diff = 9.24756e+14
2018-08-15 00:09:35,038 INFO [default] global iter = 1000, total local iter = 3413593, diff = 9.24756e+14
2018-08-15 00:09:35,038 INFO [default] training finished
2018-08-15 00:09:35,040 INFO [default] obj = -6.25017e+16
2018-08-15 00:09:35,060 INFO [default] rho = -1.27048e+14
2018-08-15 00:09:35,061 INFO [default] #sv = 6333
2018-08-15 00:09:35,227 INFO [default] #total unique sv = 6333
2018-08-15 00:09:35,267 INFO [default] training finished
Training Total Time: 124.586153984
2018-08-15 00:09:35,778 INFO [default] #instances = 99999, #features = 25
Predict Total Time: 0.659543991089
2018-08-15 00:09:36,435 INFO [default] #instances = 99999, #features = 25
acc test score is  0.6671866718667187
MES=  0.33281332813328135
Confusion matrix=  [[25598 26211]
 [ 7070 41120]]
2018-08-15 00:09:40,471 INFO [default] #instances = 900001, #features = 25
2018-08-15 00:09:40,534 INFO [default] #classes = 2
2018-08-15 00:09:40,897 INFO [default] working set size = 1024
2018-08-15 00:09:40,918 INFO [default] training start
2018-08-15 00:09:41,958 INFO [default] global iter = 0, total local iter = 102401, diff = 2
2018-08-15 00:09:55,835 INFO [default] global iter = 100, total local iter = 688312, diff = 8.72589e+13
2018-08-15 00:10:08,714 INFO [default] global iter = 200, total local iter = 1144901, diff = 3.16995e+13
2018-08-15 00:10:20,639 INFO [default] global iter = 300, total local iter = 1488145, diff = 1.38297e+14
2018-08-15 00:10:33,468 INFO [default] global iter = 400, total local iter = 1920937, diff = 1.40808e+14
2018-08-15 00:10:45,706 INFO [default] global iter = 500, total local iter = 2285731, diff = 1.3859e+14
2018-08-15 00:10:58,232 INFO [default] global iter = 600, total local iter = 2682882, diff = 2.40176e+14
2018-08-15 00:11:10,173 INFO [default] global iter = 700, total local iter = 3008982, diff = 1.39733e+14
2018-08-15 00:11:20,963 INFO [default] global iter = 800, total local iter = 3204582, diff = 1.28046e+14
2018-08-15 00:11:45,943 INFO [default] global iter = 887, total local iter = 5023648, diff = 9.04905e+13
2018-08-15 00:11:45,943 INFO [default] training finished
2018-08-15 00:11:45,945 INFO [default] obj = -4.85946e+16
2018-08-15 00:11:45,965 INFO [default] rho = -6.35974e+13
2018-08-15 00:11:45,966 INFO [default] #sv = 4962
2018-08-15 00:11:46,126 INFO [default] #total unique sv = 4962
2018-08-15 00:11:46,164 INFO [default] training finished
Training Total Time: 129.470376015
2018-08-15 00:11:46,631 INFO [default] #instances = 99999, #features = 25
Predict Total Time: 0.608387947083
2018-08-15 00:11:47,240 INFO [default] #instances = 99999, #features = 25
acc test score is  0.6781067810678106
MES=  0.3218932189321893
Confusion matrix=  [[28873 22936]
 [ 9253 38937]]
2018-08-15 00:11:51,226 INFO [default] #instances = 900001, #features = 25
2018-08-15 00:11:51,289 INFO [default] #classes = 2
2018-08-15 00:11:51,651 INFO [default] working set size = 1024
2018-08-15 00:11:51,672 INFO [default] training start
2018-08-15 00:11:52,715 INFO [default] global iter = 0, total local iter = 102401, diff = 2
2018-08-15 00:12:06,533 INFO [default] global iter = 100, total local iter = 674893, diff = 4.01135e+13
2018-08-15 00:12:17,859 INFO [default] global iter = 200, total local iter = 954877, diff = 1.14794e+14
2018-08-15 00:12:35,919 INFO [default] global iter = 300, total local iter = 1982288, diff = 1.20447e+14
2018-08-15 00:12:48,492 INFO [default] global iter = 400, total local iter = 2395026, diff = 5.00587e+14
2018-08-15 00:13:01,594 INFO [default] global iter = 500, total local iter = 2845807, diff = 1.95081e+14
2018-08-15 00:13:13,910 INFO [default] global iter = 600, total local iter = 3211181, diff = 4.28167e+14
2018-08-15 00:13:24,569 INFO [default] global iter = 700, total local iter = 3384975, diff = 1.98078e+14
2018-08-15 00:13:37,158 INFO [default] global iter = 800, total local iter = 3793548, diff = 2.13219e+14
2018-08-15 00:13:47,776 INFO [default] global iter = 900, total local iter = 3966126, diff = 1.88365e+14
2018-08-15 00:13:59,176 INFO [default] global iter = 1000, total local iter = 4208477, diff = 1.01036e+14
2018-08-15 00:13:59,181 INFO [default] global iter = 1000, total local iter = 4208477, diff = 1.01036e+14
2018-08-15 00:13:59,181 INFO [default] training finished
2018-08-15 00:13:59,183 INFO [default] obj = -8.96804e+16
2018-08-15 00:13:59,203 INFO [default] rho = -7.94325e+13
2018-08-15 00:13:59,204 INFO [default] #sv = 7878
2018-08-15 00:13:59,374 INFO [default] #total unique sv = 7878
2018-08-15 00:13:59,413 INFO [default] training finished
Training Total Time: 131.957422972
2018-08-15 00:13:59,932 INFO [default] #instances = 99999, #features = 25
Predict Total Time: 0.699949026108
2018-08-15 00:14:00,637 INFO [default] #instances = 99999, #features = 25
acc test score is  0.6485664856648566
MES=  0.35143351433514336
Confusion matrix=  [[28656 23153]
 [11990 36200]]
Total Time: 991.929425001
58.17% (+/- 16.85%)
