2018-08-15 00:49:23,847 INFO [default] #instances = 899999, #features = 25
2018-08-15 00:49:23,958 INFO [default] #classes = 2
2018-08-15 00:49:24,533 INFO [default] working set size = 1024
2018-08-15 00:49:24,555 INFO [default] training start
2018-08-15 00:49:25,784 INFO [default] global iter = 0, total local iter = 102401, diff = 2
2018-08-15 00:49:39,845 INFO [default] global iter = 100, total local iter = 708021, diff = 1.6725e+14
2018-08-15 00:49:50,824 INFO [default] global iter = 200, total local iter = 946955, diff = 3.64779e+14
2018-08-15 00:50:03,634 INFO [default] global iter = 300, total local iter = 1387918, diff = 1.45996e+15
2018-08-15 00:50:19,548 INFO [default] global iter = 400, total local iter = 2153903, diff = 6.15423e+14
2018-08-15 00:50:30,523 INFO [default] global iter = 500, total local iter = 2378218, diff = 3.97917e+14
2018-08-15 00:50:44,844 INFO [default] global iter = 600, total local iter = 2959856, diff = 1.24812e+15
2018-08-15 00:50:56,470 INFO [default] global iter = 700, total local iter = 3255068, diff = 8.83965e+14
2018-08-15 00:51:08,277 INFO [default] global iter = 800, total local iter = 3570508, diff = 8.99792e+14
2018-08-15 00:51:19,715 INFO [default] global iter = 900, total local iter = 3849724, diff = 7.30273e+14
2018-08-15 00:51:32,623 INFO [default] global iter = 1000, total local iter = 4285698, diff = 7.03987e+14
2018-08-15 00:51:32,628 INFO [default] global iter = 1000, total local iter = 4285698, diff = 7.03987e+14
2018-08-15 00:51:32,628 INFO [default] training finished
2018-08-15 00:51:32,630 INFO [default] obj = -1.91138e+17
2018-08-15 00:51:32,658 INFO [default] rho = -2.53374e+14
2018-08-15 00:51:32,659 INFO [default] #sv = 5947
2018-08-15 00:51:32,848 INFO [default] #total unique sv = 5947
2018-08-15 00:51:32,890 INFO [default] training finished
Training Total Time: 132.965564966
2018-08-15 00:51:33,380 INFO [default] #instances = 100001, #features = 25
Predict Total Time: 0.636575937271
2018-08-15 00:51:34,014 INFO [default] #instances = 100001, #features = 25
acc test score is  0.6516934830651694
MES=  0.34830651693483067
Confusion matrix=  [[27865 23945]
 [10886 37305]]
2018-08-15 00:51:38,081 INFO [default] #instances = 899999, #features = 25
2018-08-15 00:51:38,191 INFO [default] #classes = 2
2018-08-15 00:51:38,597 INFO [default] working set size = 1024
2018-08-15 00:51:38,618 INFO [default] training start
2018-08-15 00:51:39,668 INFO [default] global iter = 0, total local iter = 102401, diff = 2
2018-08-15 00:51:58,657 INFO [default] global iter = 100, total local iter = 1243316, diff = 4.25904e+14
2018-08-15 00:52:15,189 INFO [default] global iter = 200, total local iter = 2119502, diff = 4.92476e+14
2018-08-15 00:52:27,178 INFO [default] global iter = 300, total local iter = 2477296, diff = 4.23547e+14
2018-08-15 00:52:38,973 INFO [default] global iter = 400, total local iter = 2803095, diff = 3.64831e+14
2018-08-15 00:52:50,758 INFO [default] global iter = 500, total local iter = 3129938, diff = 3.35429e+14
2018-08-15 00:53:02,477 INFO [default] global iter = 600, total local iter = 3440099, diff = 4.1014e+14
2018-08-15 00:53:12,804 INFO [default] global iter = 700, total local iter = 3594816, diff = 2.2326e+14
2018-08-15 00:53:23,007 INFO [default] global iter = 800, total local iter = 3735655, diff = 2.39047e+14
2018-08-15 00:53:35,073 INFO [default] global iter = 900, total local iter = 4083486, diff = 6.16823e+14
2018-08-15 00:53:45,154 INFO [default] global iter = 1000, total local iter = 4205052, diff = 1.70436e+15
2018-08-15 00:53:45,159 INFO [default] global iter = 1000, total local iter = 4205052, diff = 1.70436e+15
2018-08-15 00:53:45,159 INFO [default] training finished
2018-08-15 00:53:45,161 INFO [default] obj = -2.37186e+17
2018-08-15 00:53:45,181 INFO [default] rho = -1.39025e+14
2018-08-15 00:53:45,182 INFO [default] #sv = 6781
2018-08-15 00:53:45,340 INFO [default] #total unique sv = 6781
2018-08-15 00:53:45,379 INFO [default] training finished
Training Total Time: 131.110563993
2018-08-15 00:53:45,863 INFO [default] #instances = 100001, #features = 25
Predict Total Time: 0.64228105545
2018-08-15 00:53:46,504 INFO [default] #instances = 100001, #features = 25
acc test score is  0.6346136538634614
MES=  0.36538634613653864
Confusion matrix=  [[27929 23881]
 [12658 35533]]
2018-08-15 00:53:50,553 INFO [default] #instances = 899999, #features = 25
2018-08-15 00:53:50,618 INFO [default] #classes = 2
2018-08-15 00:53:51,020 INFO [default] working set size = 1024
2018-08-15 00:53:51,042 INFO [default] training start
2018-08-15 00:53:52,097 INFO [default] global iter = 0, total local iter = 102401, diff = 2
2018-08-15 00:54:06,833 INFO [default] global iter = 100, total local iter = 767977, diff = 2.29941e+14
2018-08-15 00:54:23,254 INFO [default] global iter = 200, total local iter = 1640273, diff = 1.90917e+14
2018-08-15 00:54:35,879 INFO [default] global iter = 300, total local iter = 2064637, diff = 6.61756e+14
2018-08-15 00:54:48,014 INFO [default] global iter = 400, total local iter = 2424340, diff = 4.12426e+15
2018-08-15 00:55:00,430 INFO [default] global iter = 500, total local iter = 2814378, diff = 5.01833e+14
2018-08-15 00:55:12,422 INFO [default] global iter = 600, total local iter = 3149417, diff = 4.99739e+14
2018-08-15 00:55:23,834 INFO [default] global iter = 700, total local iter = 3420908, diff = 7.13093e+14
2018-08-15 00:55:35,399 INFO [default] global iter = 800, total local iter = 3701719, diff = 1.28675e+15
2018-08-15 00:55:47,489 INFO [default] global iter = 900, total local iter = 4038776, diff = 1.79493e+15
2018-08-15 00:55:58,530 INFO [default] global iter = 1000, total local iter = 4254876, diff = 5.04217e+14
2018-08-15 00:55:58,535 INFO [default] global iter = 1000, total local iter = 4254876, diff = 5.04217e+14
2018-08-15 00:55:58,535 INFO [default] training finished
2018-08-15 00:55:58,537 INFO [default] obj = -3.35343e+17
2018-08-15 00:55:58,557 INFO [default] rho = -2.16725e+14
2018-08-15 00:55:58,558 INFO [default] #sv = 8706
2018-08-15 00:55:58,722 INFO [default] #total unique sv = 8706
2018-08-15 00:55:58,761 INFO [default] training finished
Training Total Time: 132.002767801
2018-08-15 00:55:59,247 INFO [default] #instances = 100001, #features = 25
Predict Total Time: 0.671256780624
2018-08-15 00:55:59,950 INFO [default] #instances = 100001, #features = 25
acc test score is  0.6367736322636773
MES=  0.36322636773632266
Confusion matrix=  [[28352 23458]
 [12865 35326]]
2018-08-15 00:56:04,149 INFO [default] #instances = 900000, #features = 25
2018-08-15 00:56:04,212 INFO [default] #classes = 2
2018-08-15 00:56:04,577 INFO [default] working set size = 1024
2018-08-15 00:56:04,599 INFO [default] training start
2018-08-15 00:56:05,640 INFO [default] global iter = 0, total local iter = 102401, diff = 2
2018-08-15 00:56:21,346 INFO [default] global iter = 100, total local iter = 901643, diff = 2.66056e+14
2018-08-15 00:56:35,069 INFO [default] global iter = 200, total local iter = 1463269, diff = 8.51178e+14
2018-08-15 00:56:47,674 INFO [default] global iter = 300, total local iter = 1885280, diff = 2.06651e+15
2018-08-15 00:57:00,131 INFO [default] global iter = 400, total local iter = 2283843, diff = 6.29786e+14
2018-08-15 00:57:19,025 INFO [default] global iter = 463, total local iter = 3700011, diff = 3.29516e+14
2018-08-15 00:57:19,025 INFO [default] training finished
2018-08-15 00:57:19,027 INFO [default] obj = -5.78171e+16
2018-08-15 00:57:19,047 INFO [default] rho = 4.76231e+12
2018-08-15 00:57:19,048 INFO [default] #sv = 2921
2018-08-15 00:57:19,207 INFO [default] #total unique sv = 2921
2018-08-15 00:57:19,246 INFO [default] training finished
Training Total Time: 78.9629440308
2018-08-15 00:57:19,702 INFO [default] #instances = 100000, #features = 25
Predict Total Time: 0.511491775513
2018-08-15 00:57:20,214 INFO [default] #instances = 100000, #features = 25
acc test score is  0.48715
MES=  0.51285
Confusion matrix=  [[26460 25350]
 [25935 22255]]
2018-08-15 00:57:24,095 INFO [default] #instances = 900000, #features = 25
2018-08-15 00:57:24,157 INFO [default] #classes = 2
2018-08-15 00:57:24,520 INFO [default] working set size = 1024
2018-08-15 00:57:24,541 INFO [default] training start
2018-08-15 00:57:25,584 INFO [default] global iter = 0, total local iter = 102401, diff = 2
2018-08-15 00:57:39,629 INFO [default] global iter = 100, total local iter = 704604, diff = 1.97267e+14
2018-08-15 00:57:55,107 INFO [default] global iter = 200, total local iter = 1465951, diff = 1.02548e+14
2018-08-15 00:58:06,743 INFO [default] global iter = 300, total local iter = 1784846, diff = 2.34069e+14
2018-08-15 00:58:18,588 INFO [default] global iter = 400, total local iter = 2121679, diff = 4.69973e+14
2018-08-15 00:58:29,451 INFO [default] global iter = 500, total local iter = 2342073, diff = 7.06802e+15
2018-08-15 00:58:40,187 INFO [default] global iter = 600, total local iter = 2547961, diff = 2.82293e+14
2018-08-15 00:58:51,487 INFO [default] global iter = 700, total local iter = 2808392, diff = 4.22364e+14
2018-08-15 00:59:01,765 INFO [default] global iter = 800, total local iter = 2954374, diff = 2.49966e+14
2018-08-15 00:59:12,877 INFO [default] global iter = 900, total local iter = 3191493, diff = 2.70976e+14
2018-08-15 00:59:27,894 INFO [default] global iter = 1000, total local iter = 3843006, diff = 6.66981e+14
2018-08-15 00:59:27,899 INFO [default] global iter = 1000, total local iter = 3843006, diff = 6.66981e+14
2018-08-15 00:59:27,899 INFO [default] training finished
2018-08-15 00:59:27,901 INFO [default] obj = -1.99131e+17
2018-08-15 00:59:27,921 INFO [default] rho = -1.86095e+14
2018-08-15 00:59:27,922 INFO [default] #sv = 5737
2018-08-15 00:59:28,082 INFO [default] #total unique sv = 5737
2018-08-15 00:59:28,120 INFO [default] training finished
Training Total Time: 127.771889925
2018-08-15 00:59:28,591 INFO [default] #instances = 100000, #features = 25
Predict Total Time: 0.586334943771
2018-08-15 00:59:29,178 INFO [default] #instances = 100000, #features = 25
acc test score is  0.63712
MES=  0.36288
Confusion matrix=  [[27006 24804]
 [11484 36706]]
2018-08-15 00:59:33,134 INFO [default] #instances = 900000, #features = 25
2018-08-15 00:59:33,198 INFO [default] #classes = 2
2018-08-15 00:59:33,564 INFO [default] working set size = 1024
2018-08-15 00:59:33,587 INFO [default] training start
2018-08-15 00:59:34,626 INFO [default] global iter = 0, total local iter = 102401, diff = 2
2018-08-15 00:59:49,068 INFO [default] global iter = 100, total local iter = 755346, diff = 5.17022e+13
2018-08-15 01:00:05,497 INFO [default] global iter = 200, total local iter = 1635604, diff = 2.27306e+14
2018-08-15 01:00:17,950 INFO [default] global iter = 300, total local iter = 2042307, diff = 1.05802e+14
2018-08-15 01:00:29,449 INFO [default] global iter = 400, total local iter = 2338998, diff = 1.72277e+14
2018-08-15 01:00:42,297 INFO [default] global iter = 500, total local iter = 2787551, diff = 2.78514e+14
2018-08-15 01:00:53,005 INFO [default] global iter = 600, total local iter = 2994376, diff = 2.78421e+14
2018-08-15 01:01:08,346 INFO [default] global iter = 700, total local iter = 3724926, diff = 7.77317e+14
2018-08-15 01:01:20,331 INFO [default] global iter = 800, total local iter = 4067630, diff = 2.92353e+14
2018-08-15 01:01:34,590 INFO [default] global iter = 818, total local iter = 5407264, diff = 1.97645e+15
2018-08-15 01:01:34,590 INFO [default] training finished
2018-08-15 01:01:34,591 INFO [default] obj = -9.58709e+16
2018-08-15 01:01:34,611 INFO [default] rho = -2.28687e+13
2018-08-15 01:01:34,612 INFO [default] #sv = 3806
2018-08-15 01:01:34,772 INFO [default] #total unique sv = 3806
2018-08-15 01:01:34,810 INFO [default] training finished
Training Total Time: 125.413280964
2018-08-15 01:01:35,270 INFO [default] #instances = 100000, #features = 25
Predict Total Time: 0.530767917633
2018-08-15 01:01:35,801 INFO [default] #instances = 100000, #features = 25
acc test score is  0.59545
MES=  0.40455
Confusion matrix=  [[26903 24907]
 [15548 32642]]
2018-08-15 01:01:39,740 INFO [default] #instances = 900000, #features = 25
2018-08-15 01:01:39,803 INFO [default] #classes = 2
2018-08-15 01:01:40,166 INFO [default] working set size = 1024
2018-08-15 01:01:40,187 INFO [default] training start
2018-08-15 01:01:41,213 INFO [default] global iter = 0, total local iter = 102401, diff = 2
2018-08-15 01:01:57,353 INFO [default] global iter = 100, total local iter = 960544, diff = 1.28788e+14
2018-08-15 01:02:13,743 INFO [default] global iter = 200, total local iter = 1826302, diff = 2.00555e+14
2018-08-15 01:02:27,815 INFO [default] global iter = 300, total local iter = 2409112, diff = 3.60173e+14
2018-08-15 01:02:41,934 INFO [default] global iter = 400, total local iter = 2999469, diff = 6.57805e+14
2018-08-15 01:02:53,439 INFO [default] global iter = 500, total local iter = 3296680, diff = 2.51847e+15
2018-08-15 01:03:05,291 INFO [default] global iter = 600, total local iter = 3633771, diff = 3.61698e+14
2018-08-15 01:03:18,403 INFO [default] global iter = 700, total local iter = 4102333, diff = 6.8698e+14
2018-08-15 01:03:29,168 INFO [default] global iter = 800, total local iter = 4304363, diff = 1.2675e+15
2018-08-15 01:03:39,441 INFO [default] global iter = 900, total local iter = 4448929, diff = 6.64045e+14
2018-08-15 01:03:50,178 INFO [default] global iter = 1000, total local iter = 4640275, diff = 2.55659e+15
2018-08-15 01:03:50,183 INFO [default] global iter = 1000, total local iter = 4640275, diff = 2.55659e+15
2018-08-15 01:03:50,183 INFO [default] training finished
2018-08-15 01:03:50,185 INFO [default] obj = -3.77163e+17
2018-08-15 01:03:50,205 INFO [default] rho = -1.6651e+14
2018-08-15 01:03:50,206 INFO [default] #sv = 8997
2018-08-15 01:03:50,373 INFO [default] #total unique sv = 8997
2018-08-15 01:03:50,412 INFO [default] training finished
Training Total Time: 134.47813201
2018-08-15 01:03:50,933 INFO [default] #instances = 100000, #features = 25
Predict Total Time: 0.763943910599
2018-08-15 01:03:51,697 INFO [default] #instances = 100000, #features = 25
acc test score is  0.62488
MES=  0.37512
Confusion matrix=  [[27948 23862]
 [13650 34540]]
2018-08-15 01:03:55,921 INFO [default] #instances = 900001, #features = 25
2018-08-15 01:03:55,984 INFO [default] #classes = 2
2018-08-15 01:03:56,368 INFO [default] working set size = 1024
2018-08-15 01:03:56,390 INFO [default] training start
2018-08-15 01:03:57,429 INFO [default] global iter = 0, total local iter = 102401, diff = 2
2018-08-15 01:04:11,950 INFO [default] global iter = 100, total local iter = 754819, diff = 1.35856e+13
2018-08-15 01:04:33,058 INFO [default] global iter = 200, total local iter = 2140087, diff = 5.33785e+14
2018-08-15 01:04:46,024 INFO [default] global iter = 300, total local iter = 2603873, diff = 1.4129e+15
2018-08-15 01:04:59,265 INFO [default] global iter = 400, total local iter = 3094647, diff = 3.63607e+14
2018-08-15 01:05:10,933 INFO [default] global iter = 500, total local iter = 3405481, diff = 7.62483e+14
2018-08-15 01:05:31,287 INFO [default] global iter = 574, total local iter = 4870475, diff = 3.41685e+15
2018-08-15 01:05:31,287 INFO [default] training finished
2018-08-15 01:05:31,289 INFO [default] obj = -1.30004e+17
2018-08-15 01:05:31,309 INFO [default] rho = -2.04514e+14
2018-08-15 01:05:31,310 INFO [default] #sv = 4742
2018-08-15 01:05:31,469 INFO [default] #total unique sv = 4742
2018-08-15 01:05:31,507 INFO [default] training finished
Training Total Time: 99.434748888
2018-08-15 01:05:31,977 INFO [default] #instances = 99999, #features = 25
Predict Total Time: 0.557667016983
2018-08-15 01:05:32,531 INFO [default] #instances = 99999, #features = 25
acc test score is  0.6888068880688807
MES=  0.3111931119311193
Confusion matrix=  [[30331 21478]
 [ 9641 38549]]
2018-08-15 01:05:36,481 INFO [default] #instances = 900001, #features = 25
2018-08-15 01:05:36,544 INFO [default] #classes = 2
2018-08-15 01:05:36,927 INFO [default] working set size = 1024
2018-08-15 01:05:36,950 INFO [default] training start
2018-08-15 01:05:37,987 INFO [default] global iter = 0, total local iter = 102401, diff = 2
2018-08-15 01:06:00,919 INFO [default] global iter = 82, total local iter = 1795631, diff = 1.51642e+13
2018-08-15 01:06:00,919 INFO [default] training finished
2018-08-15 01:06:00,921 INFO [default] obj = -6.76779e+12
2018-08-15 01:06:00,941 INFO [default] rho = -7.20296e+12
2018-08-15 01:06:00,942 INFO [default] #sv = 150
2018-08-15 01:06:01,101 INFO [default] #total unique sv = 150
2018-08-15 01:06:01,140 INFO [default] training finished
Training Total Time: 28.4067528248
2018-08-15 01:06:01,588 INFO [default] #instances = 99999, #features = 25
Predict Total Time: 0.463044166565
2018-08-15 01:06:02,050 INFO [default] #instances = 99999, #features = 25
acc test score is  0.8749687496874968
MES=  0.12503125031250312
Confusion matrix=  [[41587 10222]
 [ 2281 45909]]
2018-08-15 01:06:05,913 INFO [default] #instances = 900001, #features = 25
2018-08-15 01:06:05,976 INFO [default] #classes = 2
2018-08-15 01:06:06,358 INFO [default] working set size = 1024
2018-08-15 01:06:06,379 INFO [default] training start
2018-08-15 01:06:07,403 INFO [default] global iter = 0, total local iter = 102401, diff = 2
2018-08-15 01:06:24,976 INFO [default] global iter = 100, total local iter = 1063669, diff = 3.44252e+14
2018-08-15 01:06:37,259 INFO [default] global iter = 200, total local iter = 1460526, diff = 7.16362e+14
2018-08-15 01:06:48,654 INFO [default] global iter = 300, total local iter = 1753066, diff = 4.53744e+14
2018-08-15 01:07:00,967 INFO [default] global iter = 400, total local iter = 2133401, diff = 7.47497e+14
2018-08-15 01:07:17,193 INFO [default] global iter = 500, total local iter = 2940395, diff = 2.89104e+14
2018-08-15 01:07:34,311 INFO [default] global iter = 600, total local iter = 3847787, diff = 8.64463e+14
2018-08-15 01:07:47,776 INFO [default] global iter = 700, total local iter = 4353341, diff = 1.27173e+15
2018-08-15 01:08:01,558 INFO [default] global iter = 714, total local iter = 5686726, diff = 3.20146e+14
2018-08-15 01:08:01,558 INFO [default] training finished
2018-08-15 01:08:01,560 INFO [default] obj = -7.99966e+16
2018-08-15 01:08:01,574 INFO [default] rho = 1.54373e+13
2018-08-15 01:08:01,575 INFO [default] #sv = 3684
2018-08-15 01:08:01,733 INFO [default] #total unique sv = 3684
2018-08-15 01:08:01,772 INFO [default] training finished
Training Total Time: 119.627317905
2018-08-15 01:08:02,235 INFO [default] #instances = 99999, #features = 25
Predict Total Time: 0.533019065857
2018-08-15 01:08:02,770 INFO [default] #instances = 99999, #features = 25
acc test score is  0.4644946449464495
MES=  0.5355053550535506
Confusion matrix=  [[25914 25895]
 [27655 20535]]
Total Time: 1123.38879919
62.96% (+/- 10.63%)
