2018-08-14 18:28:58,058 INFO [default] #instances = 899999, #features = 25
2018-08-14 18:28:58,170 INFO [default] #classes = 2
2018-08-14 18:28:58,743 INFO [default] working set size = 1024
2018-08-14 18:28:58,765 INFO [default] training start
2018-08-14 18:28:59,988 INFO [default] global iter = 0, total local iter = 102401, diff = 2
2018-08-14 18:29:22,888 INFO [default] global iter = 100, total local iter = 1713673, diff = 4.5131e+13
2018-08-14 18:29:53,327 INFO [default] global iter = 149, total local iter = 4536682, diff = 4.43085e+13
2018-08-14 18:29:53,327 INFO [default] training finished
2018-08-14 18:29:53,329 INFO [default] obj = -5.06846e+13
2018-08-14 18:29:53,357 INFO [default] rho = -2.04116e+13
2018-08-14 18:29:53,358 INFO [default] #sv = 240
2018-08-14 18:29:53,545 INFO [default] #total unique sv = 240
2018-08-14 18:29:53,588 INFO [default] training finished
Training Total Time: 59.4335479736
2018-08-14 18:29:54,048 INFO [default] #instances = 100001, #features = 25
Predict Total Time: 0.473970890045
2018-08-14 18:29:54,524 INFO [default] #instances = 100001, #features = 25
acc test score is  0.8549614503854961
MES=  0.14503854961450385
Confusion matrix=  [[37921 13889]
 [  615 47576]]
2018-08-14 18:29:58,445 INFO [default] #instances = 899999, #features = 25
2018-08-14 18:29:58,554 INFO [default] #classes = 2
2018-08-14 18:29:58,959 INFO [default] working set size = 1024
2018-08-14 18:29:58,979 INFO [default] training start
2018-08-14 18:30:00,018 INFO [default] global iter = 0, total local iter = 102401, diff = 2
2018-08-14 18:30:18,544 INFO [default] global iter = 100, total local iter = 1237163, diff = 2.79767e+13
2018-08-14 18:30:32,668 INFO [default] global iter = 200, total local iter = 1822907, diff = 3.14578e+14
2018-08-14 18:30:48,133 INFO [default] global iter = 300, total local iter = 2563062, diff = 6.70775e+14
2018-08-14 18:31:01,029 INFO [default] global iter = 400, total local iter = 3001628, diff = 5.86458e+14
2018-08-14 18:31:14,035 INFO [default] global iter = 500, total local iter = 3454475, diff = 6.05666e+14
2018-08-14 18:31:24,714 INFO [default] global iter = 600, total local iter = 3645367, diff = 1.87865e+14
2018-08-14 18:31:35,390 INFO [default] global iter = 700, total local iter = 3836129, diff = 7.84718e+14
2018-08-14 18:31:49,418 INFO [default] global iter = 800, total local iter = 4384974, diff = 2.29753e+14
2018-08-14 18:32:00,698 INFO [default] global iter = 900, total local iter = 4632018, diff = 2.21397e+15
2018-08-14 18:32:13,109 INFO [default] global iter = 1000, total local iter = 5006956, diff = 8.05288e+14
2018-08-14 18:32:13,115 INFO [default] global iter = 1000, total local iter = 5006956, diff = 8.05288e+14
2018-08-14 18:32:13,115 INFO [default] training finished
2018-08-14 18:32:13,116 INFO [default] obj = -1.44428e+17
2018-08-14 18:32:13,136 INFO [default] rho = -5.62338e+13
2018-08-14 18:32:13,137 INFO [default] #sv = 5091
2018-08-14 18:32:13,309 INFO [default] #total unique sv = 5091
2018-08-14 18:32:13,349 INFO [default] training finished
Training Total Time: 138.728873968
2018-08-14 18:32:13,824 INFO [default] #instances = 100001, #features = 25
Predict Total Time: 0.562682151794
2018-08-14 18:32:14,388 INFO [default] #instances = 100001, #features = 25
acc test score is  0.6097739022609774
MES=  0.3902260977390226
Confusion matrix=  [[27397 24413]
 [14610 33581]]
2018-08-14 18:32:18,351 INFO [default] #instances = 899999, #features = 25
2018-08-14 18:32:18,414 INFO [default] #classes = 2
2018-08-14 18:32:18,783 INFO [default] working set size = 1024
2018-08-14 18:32:18,804 INFO [default] training start
2018-08-14 18:32:19,842 INFO [default] global iter = 0, total local iter = 102401, diff = 2
2018-08-14 18:32:35,939 INFO [default] global iter = 100, total local iter = 939213, diff = 1.30111e+14
2018-08-14 18:32:47,773 INFO [default] global iter = 200, total local iter = 1286744, diff = 3.35362e+14
2018-08-14 18:33:07,879 INFO [default] global iter = 268, total local iter = 2789955, diff = 2.10484e+14
2018-08-14 18:33:07,879 INFO [default] training finished
2018-08-14 18:33:07,880 INFO [default] obj = -1.61048e+16
2018-08-14 18:33:07,895 INFO [default] rho = 5.59187e+12
2018-08-14 18:33:07,895 INFO [default] #sv = 1405
2018-08-14 18:33:08,053 INFO [default] #total unique sv = 1405
2018-08-14 18:33:08,092 INFO [default] training finished
Training Total Time: 53.497877121
2018-08-14 18:33:08,543 INFO [default] #instances = 100001, #features = 25
Predict Total Time: 0.487939834595
2018-08-14 18:33:09,032 INFO [default] #instances = 100001, #features = 25
acc test score is  0.41774582254177456
MES=  0.5822541774582254
Confusion matrix=  [[23575 28235]
 [29991 18200]]
2018-08-14 18:33:12,890 INFO [default] #instances = 900000, #features = 25
2018-08-14 18:33:12,953 INFO [default] #classes = 2
2018-08-14 18:33:13,312 INFO [default] working set size = 1024
2018-08-14 18:33:13,333 INFO [default] training start
2018-08-14 18:33:14,379 INFO [default] global iter = 0, total local iter = 102401, diff = 2
2018-08-14 18:33:30,851 INFO [default] global iter = 100, total local iter = 979963, diff = 2.21579e+14
2018-08-14 18:33:45,068 INFO [default] global iter = 200, total local iter = 1592794, diff = 1.5422e+14
2018-08-14 18:34:00,292 INFO [default] global iter = 300, total local iter = 2303183, diff = 2.12939e+14
2018-08-14 18:34:11,537 INFO [default] global iter = 400, total local iter = 2571699, diff = 2.39685e+14
2018-08-14 18:34:25,897 INFO [default] global iter = 500, total local iter = 3176060, diff = 1.17614e+15
2018-08-14 18:34:38,991 INFO [default] global iter = 600, total local iter = 3638464, diff = 5.03537e+15
2018-08-14 18:34:50,268 INFO [default] global iter = 700, total local iter = 3897909, diff = 3.44209e+14
2018-08-14 18:35:03,024 INFO [default] global iter = 800, total local iter = 4319236, diff = 4.56061e+14
2018-08-14 18:35:14,858 INFO [default] global iter = 900, total local iter = 4643149, diff = 1.2983e+15
2018-08-14 18:35:25,990 INFO [default] global iter = 1000, total local iter = 4881160, diff = 8.40371e+14
2018-08-14 18:35:25,995 INFO [default] global iter = 1000, total local iter = 4881160, diff = 8.40371e+14
2018-08-14 18:35:25,995 INFO [default] training finished
2018-08-14 18:35:25,996 INFO [default] obj = -2.68483e+17
2018-08-14 18:35:26,008 INFO [default] rho = -1.0786e+14
2018-08-14 18:35:26,009 INFO [default] #sv = 7571
2018-08-14 18:35:26,169 INFO [default] #total unique sv = 7571
2018-08-14 18:35:26,208 INFO [default] training finished
Training Total Time: 137.072295189
2018-08-14 18:35:26,694 INFO [default] #instances = 100000, #features = 25
Predict Total Time: 0.660033941269
2018-08-14 18:35:27,355 INFO [default] #instances = 100000, #features = 25
acc test score is  0.60448
MES=  0.39552
Confusion matrix=  [[27574 24236]
 [15316 32874]]
2018-08-14 18:35:31,393 INFO [default] #instances = 900000, #features = 25
2018-08-14 18:35:31,457 INFO [default] #classes = 2
2018-08-14 18:35:31,820 INFO [default] working set size = 1024
2018-08-14 18:35:31,841 INFO [default] training start
2018-08-14 18:35:32,882 INFO [default] global iter = 0, total local iter = 102401, diff = 2
2018-08-14 18:35:47,101 INFO [default] global iter = 100, total local iter = 726358, diff = 2.19614e+13
2018-08-14 18:36:00,477 INFO [default] global iter = 200, total local iter = 1260101, diff = 3.70526e+14
2018-08-14 18:36:12,595 INFO [default] global iter = 300, total local iter = 1630594, diff = 7.34404e+14
2018-08-14 18:36:23,460 INFO [default] global iter = 400, total local iter = 1853842, diff = 6.16293e+14
2018-08-14 18:36:36,264 INFO [default] global iter = 500, total local iter = 2282027, diff = 3.62077e+14
2018-08-14 18:36:47,719 INFO [default] global iter = 600, total local iter = 2560118, diff = 1.34228e+15
2018-08-14 18:36:59,914 INFO [default] global iter = 700, total local iter = 2920136, diff = 3.17791e+14
2018-08-14 18:37:11,248 INFO [default] global iter = 800, total local iter = 3179077, diff = 4.38929e+14
2018-08-14 18:37:22,785 INFO [default] global iter = 900, total local iter = 3460914, diff = 6.75064e+14
2018-08-14 18:37:35,391 INFO [default] global iter = 1000, total local iter = 3857354, diff = 2.56365e+14
2018-08-14 18:37:35,396 INFO [default] global iter = 1000, total local iter = 3857354, diff = 2.56365e+14
2018-08-14 18:37:35,396 INFO [default] training finished
2018-08-14 18:37:35,398 INFO [default] obj = -1.38883e+17
2018-08-14 18:37:35,410 INFO [default] rho = -7.63292e+13
2018-08-14 18:37:35,411 INFO [default] #sv = 5272
2018-08-14 18:37:35,570 INFO [default] #total unique sv = 5272
2018-08-14 18:37:35,609 INFO [default] training finished
Training Total Time: 127.968556166
2018-08-14 18:37:36,077 INFO [default] #instances = 100000, #features = 25
Predict Total Time: 0.572860956192
2018-08-14 18:37:36,652 INFO [default] #instances = 100000, #features = 25
acc test score is  0.61706
MES=  0.38294
Confusion matrix=  [[27955 23855]
 [14439 33751]]
2018-08-14 18:37:40,602 INFO [default] #instances = 900000, #features = 25
2018-08-14 18:37:40,665 INFO [default] #classes = 2
2018-08-14 18:37:41,047 INFO [default] working set size = 1024
2018-08-14 18:37:41,069 INFO [default] training start
2018-08-14 18:37:42,109 INFO [default] global iter = 0, total local iter = 102401, diff = 2
2018-08-14 18:38:01,609 INFO [default] global iter = 100, total local iter = 1274354, diff = 6.81616e+13
2018-08-14 18:38:15,814 INFO [default] global iter = 200, total local iter = 1871468, diff = 4.87539e+14
2018-08-14 18:38:27,940 INFO [default] global iter = 300, total local iter = 2244017, diff = 1.82184e+14
2018-08-14 18:38:40,282 INFO [default] global iter = 400, total local iter = 2635040, diff = 4.91859e+14
2018-08-14 18:38:53,087 INFO [default] global iter = 500, total local iter = 3077981, diff = 4.5799e+14
2018-08-14 18:39:04,095 INFO [default] global iter = 600, total local iter = 3309591, diff = 7.92015e+14
2018-08-14 18:39:15,146 INFO [default] global iter = 700, total local iter = 3543080, diff = 2.41266e+14
2018-08-14 18:39:26,691 INFO [default] global iter = 800, total local iter = 3834952, diff = 6.56821e+14
2018-08-14 18:39:38,389 INFO [default] global iter = 900, total local iter = 4136781, diff = 2.32312e+14
2018-08-14 18:39:50,247 INFO [default] global iter = 1000, total local iter = 4455922, diff = 8.8541e+14
2018-08-14 18:39:50,252 INFO [default] global iter = 1000, total local iter = 4455922, diff = 8.8541e+14
2018-08-14 18:39:50,252 INFO [default] training finished
2018-08-14 18:39:50,253 INFO [default] obj = -1.57306e+17
2018-08-14 18:39:50,265 INFO [default] rho = -1.22165e+14
2018-08-14 18:39:50,266 INFO [default] #sv = 5482
2018-08-14 18:39:50,426 INFO [default] #total unique sv = 5482
2018-08-14 18:39:50,464 INFO [default] training finished
Training Total Time: 133.613311052
2018-08-14 18:39:50,931 INFO [default] #instances = 100000, #features = 25
Predict Total Time: 0.568054914474
2018-08-14 18:39:51,501 INFO [default] #instances = 100000, #features = 25
acc test score is  0.63897
MES=  0.36103
Confusion matrix=  [[28089 23721]
 [12382 35808]]
2018-08-14 18:39:55,497 INFO [default] #instances = 900000, #features = 25
2018-08-14 18:39:55,560 INFO [default] #classes = 2
2018-08-14 18:39:55,941 INFO [default] working set size = 1024
2018-08-14 18:39:55,964 INFO [default] training start
2018-08-14 18:39:57,001 INFO [default] global iter = 0, total local iter = 102401, diff = 2
2018-08-14 18:40:11,478 INFO [default] global iter = 100, total local iter = 752554, diff = 2.1178e+14
2018-08-14 18:40:32,950 INFO [default] global iter = 156, total local iter = 2524059, diff = 1.56866e+14
2018-08-14 18:40:32,950 INFO [default] training finished
2018-08-14 18:40:32,952 INFO [default] obj = -7.88347e+15
2018-08-14 18:40:32,964 INFO [default] rho = -6.38643e+12
2018-08-14 18:40:32,965 INFO [default] #sv = 896
2018-08-14 18:40:33,123 INFO [default] #total unique sv = 896
2018-08-14 18:40:33,161 INFO [default] training finished
Training Total Time: 41.4444849491
2018-08-14 18:40:33,613 INFO [default] #instances = 100000, #features = 25
Predict Total Time: 0.483207941055
2018-08-14 18:40:34,099 INFO [default] #instances = 100000, #features = 25
acc test score is  0.7056
MES=  0.2944
Confusion matrix=  [[33101 18709]
 [10731 37459]]
2018-08-14 18:40:37,968 INFO [default] #instances = 900001, #features = 25
2018-08-14 18:40:38,030 INFO [default] #classes = 2
2018-08-14 18:40:38,412 INFO [default] working set size = 1024
2018-08-14 18:40:38,433 INFO [default] training start
2018-08-14 18:40:39,456 INFO [default] global iter = 0, total local iter = 102401, diff = 2
2018-08-14 18:40:59,421 INFO [default] global iter = 100, total local iter = 1360316, diff = 8.53071e+13
2018-08-14 18:41:13,240 INFO [default] global iter = 200, total local iter = 1924025, diff = 2.77446e+14
2018-08-14 18:41:28,588 INFO [default] global iter = 300, total local iter = 2650407, diff = 5.3002e+14
2018-08-14 18:41:44,179 INFO [default] global iter = 322, total local iter = 4100603, diff = 2.95888e+14
2018-08-14 18:41:44,180 INFO [default] training finished
2018-08-14 18:41:44,181 INFO [default] obj = -3.07031e+16
2018-08-14 18:41:44,193 INFO [default] rho = -8.45756e+13
2018-08-14 18:41:44,194 INFO [default] #sv = 2069
2018-08-14 18:41:44,353 INFO [default] #total unique sv = 2069
2018-08-14 18:41:44,391 INFO [default] training finished
Training Total Time: 70.1727340221
2018-08-14 18:41:44,844 INFO [default] #instances = 99999, #features = 25
Predict Total Time: 0.493246078491
2018-08-14 18:41:45,341 INFO [default] #instances = 99999, #features = 25
acc test score is  0.7033770337703377
MES=  0.2966229662296623
Confusion matrix=  [[27885 23924]
 [ 5738 42452]]
2018-08-14 18:41:49,215 INFO [default] #instances = 900001, #features = 25
2018-08-14 18:41:49,278 INFO [default] #classes = 2
2018-08-14 18:41:49,660 INFO [default] working set size = 1024
2018-08-14 18:41:49,681 INFO [default] training start
2018-08-14 18:41:50,719 INFO [default] global iter = 0, total local iter = 102401, diff = 2
2018-08-14 18:42:04,782 INFO [default] global iter = 100, total local iter = 723698, diff = 8.96135e+13
2018-08-14 18:42:24,873 INFO [default] global iter = 167, total local iter = 2250986, diff = 2.03975e+14
2018-08-14 18:42:24,873 INFO [default] training finished
2018-08-14 18:42:24,875 INFO [default] obj = -1.51795e+15
2018-08-14 18:42:24,886 INFO [default] rho = 1.25482e+13
2018-08-14 18:42:24,887 INFO [default] #sv = 472
2018-08-14 18:42:25,045 INFO [default] #total unique sv = 472
2018-08-14 18:42:25,084 INFO [default] training finished
Training Total Time: 39.6020569801
2018-08-14 18:42:25,533 INFO [default] #instances = 99999, #features = 25
Predict Total Time: 0.470716953278
2018-08-14 18:42:26,005 INFO [default] #instances = 99999, #features = 25
acc test score is  0.4075240752407524
MES=  0.5924759247592476
Confusion matrix=  [[34557 17252]
 [41995  6195]]
2018-08-14 18:42:29,867 INFO [default] #instances = 900001, #features = 25
2018-08-14 18:42:29,930 INFO [default] #classes = 2
2018-08-14 18:42:30,313 INFO [default] working set size = 1024
2018-08-14 18:42:30,335 INFO [default] training start
2018-08-14 18:42:31,359 INFO [default] global iter = 0, total local iter = 102401, diff = 2
2018-08-14 18:42:45,649 INFO [default] global iter = 100, total local iter = 736109, diff = 2.05398e+14
2018-08-14 18:43:00,364 INFO [default] global iter = 200, total local iter = 1405869, diff = 1.54463e+14
2018-08-14 18:43:13,936 INFO [default] global iter = 300, total local iter = 1941668, diff = 1.06051e+15
2018-08-14 18:43:26,974 INFO [default] global iter = 400, total local iter = 2406277, diff = 1.81171e+14
2018-08-14 18:43:40,423 INFO [default] global iter = 500, total local iter = 2919367, diff = 2.29424e+14
2018-08-14 18:43:51,823 INFO [default] global iter = 600, total local iter = 3196154, diff = 6.05748e+14
2018-08-14 18:44:02,663 INFO [default] global iter = 700, total local iter = 3406713, diff = 4.95727e+14
2018-08-14 18:44:13,275 INFO [default] global iter = 800, total local iter = 3586443, diff = 8.2395e+14
2018-08-14 18:44:24,407 INFO [default] global iter = 900, total local iter = 3825486, diff = 2.04452e+14
2018-08-14 18:44:35,696 INFO [default] global iter = 1000, total local iter = 4077203, diff = 5.24381e+15
2018-08-14 18:44:35,702 INFO [default] global iter = 1000, total local iter = 4077203, diff = 5.24381e+15
2018-08-14 18:44:35,702 INFO [default] training finished
2018-08-14 18:44:35,703 INFO [default] obj = -2.59729e+17
2018-08-14 18:44:35,715 INFO [default] rho = -4.9287e+14
2018-08-14 18:44:35,716 INFO [default] #sv = 7312
2018-08-14 18:44:35,876 INFO [default] #total unique sv = 7312
2018-08-14 18:44:35,914 INFO [default] training finished
Training Total Time: 129.828022003
2018-08-14 18:44:36,394 INFO [default] #instances = 99999, #features = 25
Predict Total Time: 0.616581201553
2018-08-14 18:44:37,012 INFO [default] #instances = 99999, #features = 25
acc test score is  0.7077970779707797
MES=  0.29220292202922027
Confusion matrix=  [[29570 22239]
 [ 6981 41209]]
Total Time: 943.513582945
62.67% (+/- 12.79%)
