2018-08-14 03:37:46,768 INFO [default] #instances = 899999, #features = 25
2018-08-14 03:37:46,879 INFO [default] #classes = 2
2018-08-14 03:37:47,447 INFO [default] working set size = 1024
2018-08-14 03:37:47,469 INFO [default] training start
2018-08-14 03:37:48,691 INFO [default] global iter = 0, total local iter = 102401, diff = 2
2018-08-14 03:38:08,326 INFO [default] global iter = 100, total local iter = 1353592, diff = 1.7631e+13
2018-08-14 03:38:19,888 INFO [default] global iter = 200, total local iter = 1670391, diff = 1.32818e+14
2018-08-14 03:38:33,811 INFO [default] global iter = 300, total local iter = 2244345, diff = 6.16982e+14
2018-08-14 03:38:47,007 INFO [default] global iter = 400, total local iter = 2735170, diff = 3.19714e+14
2018-08-14 03:38:59,711 INFO [default] global iter = 500, total local iter = 3167792, diff = 9.67579e+14
2018-08-14 03:39:12,377 INFO [default] global iter = 600, total local iter = 3592987, diff = 2.85379e+15
2018-08-14 03:39:23,495 INFO [default] global iter = 700, total local iter = 3834554, diff = 3.78573e+14
2018-08-14 03:39:34,239 INFO [default] global iter = 800, total local iter = 4033403, diff = 2.90935e+15
2018-08-14 03:39:45,287 INFO [default] global iter = 900, total local iter = 4256753, diff = 5.37462e+15
2018-08-14 03:40:11,494 INFO [default] global iter = 999, total local iter = 6099473, diff = 7.73177e+14
2018-08-14 03:40:11,494 INFO [default] training finished
2018-08-14 03:40:11,496 INFO [default] obj = -3.41712e+17
2018-08-14 03:40:11,524 INFO [default] rho = -2.34641e+12
2018-08-14 03:40:11,525 INFO [default] #sv = 6289
2018-08-14 03:40:11,710 INFO [default] #total unique sv = 6289
2018-08-14 03:40:11,752 INFO [default] training finished
Training Total Time: 148.89773798
2018-08-14 03:40:12,239 INFO [default] #instances = 100001, #features = 25
Predict Total Time: 0.647531986237
2018-08-14 03:40:12,886 INFO [default] #instances = 100001, #features = 25
acc test score is  0.5245647543524565
MES=  0.4754352456475435
Confusion matrix=  [[26044 25766]
 [21778 26413]]
2018-08-14 03:40:17,003 INFO [default] #instances = 899999, #features = 25
2018-08-14 03:40:17,112 INFO [default] #classes = 2
2018-08-14 03:40:17,514 INFO [default] working set size = 1024
2018-08-14 03:40:17,536 INFO [default] training start
2018-08-14 03:40:18,576 INFO [default] global iter = 0, total local iter = 102401, diff = 2
2018-08-14 03:40:32,151 INFO [default] global iter = 100, total local iter = 646247, diff = 1.41456e+14
2018-08-14 03:40:46,739 INFO [default] global iter = 200, total local iter = 1303941, diff = 4.72497e+14
2018-08-14 03:40:58,612 INFO [default] global iter = 300, total local iter = 1637400, diff = 3.38105e+15
2018-08-14 03:41:09,546 INFO [default] global iter = 400, total local iter = 1856434, diff = 8.30455e+14
2018-08-14 03:41:20,656 INFO [default] global iter = 500, total local iter = 2096498, diff = 7.75474e+14
2018-08-14 03:41:31,186 INFO [default] global iter = 600, total local iter = 2266791, diff = 6.93729e+14
2018-08-14 03:41:41,977 INFO [default] global iter = 700, total local iter = 2467049, diff = 1.10256e+15
2018-08-14 03:41:54,567 INFO [default] global iter = 800, total local iter = 2868256, diff = 2.68238e+15
2018-08-14 03:42:04,806 INFO [default] global iter = 900, total local iter = 3000485, diff = 5.26474e+14
2018-08-14 03:42:15,175 INFO [default] global iter = 1000, total local iter = 3143530, diff = 1.95574e+15
2018-08-14 03:42:15,180 INFO [default] global iter = 1000, total local iter = 3143530, diff = 1.95574e+15
2018-08-14 03:42:15,180 INFO [default] training finished
2018-08-14 03:42:15,182 INFO [default] obj = -3.29907e+17
2018-08-14 03:42:15,208 INFO [default] rho = -1.79004e+14
2018-08-14 03:42:15,209 INFO [default] #sv = 6536
2018-08-14 03:42:15,393 INFO [default] #total unique sv = 6536
2018-08-14 03:42:15,434 INFO [default] training finished
Training Total Time: 122.285262108
2018-08-14 03:42:15,947 INFO [default] #instances = 100001, #features = 25
Predict Total Time: 0.679517030716
2018-08-14 03:42:16,630 INFO [default] #instances = 100001, #features = 25
acc test score is  0.6216437835621644
MES=  0.3783562164378356
Confusion matrix=  [[27652 24158]
 [13678 34513]]
2018-08-14 03:42:20,713 INFO [default] #instances = 899999, #features = 25
2018-08-14 03:42:20,776 INFO [default] #classes = 2
2018-08-14 03:42:21,191 INFO [default] working set size = 1024
2018-08-14 03:42:21,213 INFO [default] training start
2018-08-14 03:42:22,251 INFO [default] global iter = 0, total local iter = 102401, diff = 2
2018-08-14 03:42:40,340 INFO [default] global iter = 100, total local iter = 1138781, diff = 1.63586e+13
2018-08-14 03:42:59,778 INFO [default] global iter = 200, total local iter = 2312310, diff = 1.81729e+15
2018-08-14 03:43:08,159 INFO [default] global iter = 208, total local iter = 3131518, diff = 1.81729e+15
2018-08-14 03:43:08,159 INFO [default] training finished
2018-08-14 03:43:08,161 INFO [default] obj = -8.22424e+15
2018-08-14 03:43:08,187 INFO [default] rho = -6.83037e+12
2018-08-14 03:43:08,188 INFO [default] #sv = 821
2018-08-14 03:43:08,363 INFO [default] #total unique sv = 821
2018-08-14 03:43:08,404 INFO [default] training finished
Training Total Time: 51.472219944
2018-08-14 03:43:08,849 INFO [default] #instances = 100001, #features = 25
Predict Total Time: 0.480621099472
2018-08-14 03:43:09,333 INFO [default] #instances = 100001, #features = 25
acc test score is  0.5275647243527565
MES=  0.4724352756472435
Confusion matrix=  [[18168 33642]
 [13602 34589]]
2018-08-14 03:43:13,180 INFO [default] #instances = 900000, #features = 25
2018-08-14 03:43:13,243 INFO [default] #classes = 2
2018-08-14 03:43:13,608 INFO [default] working set size = 1024
2018-08-14 03:43:13,630 INFO [default] training start
2018-08-14 03:43:14,671 INFO [default] global iter = 0, total local iter = 102401, diff = 2
2018-08-14 03:43:28,895 INFO [default] global iter = 100, total local iter = 717181, diff = 4.85949e+13
2018-08-14 03:43:41,070 INFO [default] global iter = 200, total local iter = 1106628, diff = 3.50747e+14
2018-08-14 03:43:55,249 INFO [default] global iter = 300, total local iter = 1725926, diff = 2.13738e+14
2018-08-14 03:44:06,686 INFO [default] global iter = 400, total local iter = 2022074, diff = 4.5167e+14
2018-08-14 03:44:18,582 INFO [default] global iter = 500, total local iter = 2362174, diff = 1.97926e+15
2018-08-14 03:44:31,992 INFO [default] global iter = 600, total local iter = 2879948, diff = 2.20853e+14
2018-08-14 03:44:43,231 INFO [default] global iter = 700, total local iter = 3133605, diff = 5.36562e+14
2018-08-14 03:44:55,688 INFO [default] global iter = 800, total local iter = 3530502, diff = 7.62109e+14
2018-08-14 03:46:29,237 INFO [default] global iter = 900, total local iter = 12482455, diff = 3.67803e+14
2018-08-14 03:48:14,805 INFO [default] global iter = 1000, total local iter = 22722555, diff = 3.67803e+14
2018-08-14 03:48:14,810 INFO [default] global iter = 1000, total local iter = 22722555, diff = 3.67803e+14
2018-08-14 03:48:14,810 INFO [default] training finished
2018-08-14 03:48:14,812 INFO [default] obj = -1.34445e+17
2018-08-14 03:48:14,836 INFO [default] rho = -2.60909e+14
2018-08-14 03:48:14,837 INFO [default] #sv = 3703
2018-08-14 03:48:15,011 INFO [default] #total unique sv = 3703
2018-08-14 03:48:15,051 INFO [default] training finished
Training Total Time: 305.603801012
2018-08-14 03:48:15,513 INFO [default] #instances = 100000, #features = 25
Predict Total Time: 0.553211927414
2018-08-14 03:48:16,066 INFO [default] #instances = 100000, #features = 25
acc test score is  0.68727
MES=  0.31273
Confusion matrix=  [[28222 23588]
 [ 7685 40505]]
2018-08-14 03:48:19,983 INFO [default] #instances = 900000, #features = 25
2018-08-14 03:48:20,046 INFO [default] #classes = 2
2018-08-14 03:48:20,406 INFO [default] working set size = 1024
2018-08-14 03:48:20,427 INFO [default] training start
2018-08-14 03:48:21,467 INFO [default] global iter = 0, total local iter = 102401, diff = 2
2018-08-14 03:48:34,796 INFO [default] global iter = 100, total local iter = 630552, diff = 2.55637e+14
2018-08-14 03:48:50,929 INFO [default] global iter = 200, total local iter = 1478111, diff = 1.4204e+15
2018-08-14 03:49:04,081 INFO [default] global iter = 300, total local iter = 1976424, diff = 6.2665e+14
2018-08-14 03:49:15,102 INFO [default] global iter = 400, total local iter = 2217178, diff = 3.94969e+14
2018-08-14 03:49:27,123 INFO [default] global iter = 500, total local iter = 2571744, diff = 3.76718e+14
2018-08-14 03:49:38,302 INFO [default] global iter = 600, total local iter = 2817451, diff = 4.20411e+14
2018-08-14 03:49:50,170 INFO [default] global iter = 700, total local iter = 3133264, diff = 5.77439e+14
2018-08-14 03:50:00,140 INFO [default] global iter = 800, total local iter = 3245785, diff = 1.4756e+15
2018-08-14 03:50:11,341 INFO [default] global iter = 900, total local iter = 3490518, diff = 1.5231e+15
2018-08-14 03:50:23,019 INFO [default] global iter = 1000, total local iter = 3782789, diff = 9.02824e+14
2018-08-14 03:50:23,025 INFO [default] global iter = 1000, total local iter = 3782789, diff = 9.02824e+14
2018-08-14 03:50:23,025 INFO [default] training finished
2018-08-14 03:50:23,027 INFO [default] obj = -3.28869e+17
2018-08-14 03:50:23,051 INFO [default] rho = -1.66337e+14
2018-08-14 03:50:23,052 INFO [default] #sv = 6329
2018-08-14 03:50:23,232 INFO [default] #total unique sv = 6329
2018-08-14 03:50:23,273 INFO [default] training finished
Training Total Time: 127.038209915
2018-08-14 03:50:23,779 INFO [default] #instances = 100000, #features = 25
Predict Total Time: 0.685043096542
2018-08-14 03:50:24,463 INFO [default] #instances = 100000, #features = 25
acc test score is  0.60736
MES=  0.39264
Confusion matrix=  [[27411 24399]
 [14865 33325]]
2018-08-14 03:50:28,485 INFO [default] #instances = 900000, #features = 25
2018-08-14 03:50:28,548 INFO [default] #classes = 2
2018-08-14 03:50:28,939 INFO [default] working set size = 1024
2018-08-14 03:50:28,961 INFO [default] training start
2018-08-14 03:50:30,007 INFO [default] global iter = 0, total local iter = 102401, diff = 2
2018-08-14 03:50:46,073 INFO [default] global iter = 100, total local iter = 952030, diff = 5.82697e+14
2018-08-14 03:51:00,146 INFO [default] global iter = 200, total local iter = 1551264, diff = 9.83458e+14
2018-08-14 03:51:13,328 INFO [default] global iter = 300, total local iter = 2041248, diff = 3.30134e+15
2018-08-14 03:51:24,754 INFO [default] global iter = 400, total local iter = 2323319, diff = 1.20579e+15
2018-08-14 03:51:35,157 INFO [default] global iter = 500, total local iter = 2485467, diff = 1.3555e+15
2018-08-14 03:51:46,503 INFO [default] global iter = 600, total local iter = 2744920, diff = 5.49177e+14
2018-08-14 03:51:56,905 INFO [default] global iter = 700, total local iter = 2891975, diff = 4.3238e+14
2018-08-14 03:52:07,121 INFO [default] global iter = 800, total local iter = 3023023, diff = 1.42747e+15
2018-08-14 03:52:17,286 INFO [default] global iter = 900, total local iter = 3143208, diff = 1.61015e+15
2018-08-14 03:52:27,625 INFO [default] global iter = 1000, total local iter = 3285828, diff = 1.46342e+15
2018-08-14 03:52:27,631 INFO [default] global iter = 1000, total local iter = 3285828, diff = 1.46342e+15
2018-08-14 03:52:27,631 INFO [default] training finished
2018-08-14 03:52:27,632 INFO [default] obj = -3.4489e+17
2018-08-14 03:52:27,657 INFO [default] rho = 1.529e+15
2018-08-14 03:52:27,658 INFO [default] #sv = 6451
2018-08-14 03:52:27,840 INFO [default] #total unique sv = 6451
2018-08-14 03:52:27,882 INFO [default] training finished
Training Total Time: 123.148053885
2018-08-14 03:52:28,388 INFO [default] #instances = 100000, #features = 25
Predict Total Time: 0.624652147293
2018-08-14 03:52:29,013 INFO [default] #instances = 100000, #features = 25
acc test score is  0.27292
MES=  0.72708
Confusion matrix=  [[22950 28860]
 [43848  4342]]
2018-08-14 03:52:32,993 INFO [default] #instances = 900000, #features = 25
2018-08-14 03:52:33,055 INFO [default] #classes = 2
2018-08-14 03:52:33,430 INFO [default] working set size = 1024
2018-08-14 03:52:33,452 INFO [default] training start
2018-08-14 03:52:34,487 INFO [default] global iter = 0, total local iter = 102401, diff = 2
2018-08-14 03:53:03,520 INFO [default] global iter = 87, total local iter = 2416636, diff = 3.83103e+13
2018-08-14 03:53:03,520 INFO [default] training finished
2018-08-14 03:53:03,522 INFO [default] obj = -1.05271e+14
2018-08-14 03:53:03,539 INFO [default] rho = 1.5312e+12
2018-08-14 03:53:03,540 INFO [default] #sv = 186
2018-08-14 03:53:03,698 INFO [default] #total unique sv = 186
2018-08-14 03:53:03,738 INFO [default] training finished
Training Total Time: 34.4694058895
2018-08-14 03:53:04,187 INFO [default] #instances = 100000, #features = 25
Predict Total Time: 0.466193914413
2018-08-14 03:53:04,681 INFO [default] #instances = 100000, #features = 25
acc test score is  0.38771
MES=  0.61229
Confusion matrix=  [[34461 17349]
 [43880  4310]]
2018-08-14 03:53:08,634 INFO [default] #instances = 900001, #features = 25
2018-08-14 03:53:08,698 INFO [default] #classes = 2
2018-08-14 03:53:09,080 INFO [default] working set size = 1024
2018-08-14 03:53:09,100 INFO [default] training start
2018-08-14 03:53:10,123 INFO [default] global iter = 0, total local iter = 102401, diff = 2
2018-08-14 03:53:23,430 INFO [default] global iter = 100, total local iter = 618734, diff = 1.69385e+14
2018-08-14 03:53:38,448 INFO [default] global iter = 200, total local iter = 1328017, diff = 9.67831e+14
2018-08-14 03:53:51,537 INFO [default] global iter = 300, total local iter = 1807024, diff = 2.25361e+15
2018-08-14 03:54:05,449 INFO [default] global iter = 400, total local iter = 2362695, diff = 2.97815e+14
2018-08-14 03:54:17,003 INFO [default] global iter = 500, total local iter = 2660569, diff = 7.35442e+14
2018-08-14 03:54:33,928 INFO [default] global iter = 535, total local iter = 4134153, diff = 7.68632e+14
2018-08-14 03:54:33,929 INFO [default] training finished
2018-08-14 03:54:33,930 INFO [default] obj = -1.15715e+17
2018-08-14 03:54:33,942 INFO [default] rho = -2.38113e+12
2018-08-14 03:54:33,943 INFO [default] #sv = 3312
2018-08-14 03:54:34,102 INFO [default] #total unique sv = 3312
2018-08-14 03:54:34,141 INFO [default] training finished
Training Total Time: 89.3549089432
2018-08-14 03:54:34,599 INFO [default] #instances = 99999, #features = 25
Predict Total Time: 0.521274089813
2018-08-14 03:54:35,121 INFO [default] #instances = 99999, #features = 25
acc test score is  0.4994449944499445
MES=  0.5005550055500555
Confusion matrix=  [[26283 25526]
 [24529 23661]]
2018-08-14 03:54:39,043 INFO [default] #instances = 900001, #features = 25
2018-08-14 03:54:39,109 INFO [default] #classes = 2
2018-08-14 03:54:39,492 INFO [default] working set size = 1024
2018-08-14 03:54:39,512 INFO [default] training start
2018-08-14 03:54:40,555 INFO [default] global iter = 0, total local iter = 102401, diff = 2
2018-08-14 03:54:57,188 INFO [default] global iter = 100, total local iter = 1014787, diff = 2.15338e+14
2018-08-14 03:55:09,352 INFO [default] global iter = 200, total local iter = 1402297, diff = 5.53453e+14
2018-08-14 03:55:21,627 INFO [default] global iter = 300, total local iter = 1793138, diff = 1.12975e+15
2018-08-14 03:55:33,620 INFO [default] global iter = 400, total local iter = 2150645, diff = 2.12899e+14
2018-08-14 03:55:45,485 INFO [default] global iter = 500, total local iter = 2478921, diff = 1.5989e+15
2018-08-14 03:55:58,190 INFO [default] global iter = 600, total local iter = 2901101, diff = 7.74057e+14
2018-08-14 03:56:08,360 INFO [default] global iter = 700, total local iter = 3037530, diff = 1.61958e+15
2018-08-14 03:56:19,618 INFO [default] global iter = 800, total local iter = 3295282, diff = 2.17365e+15
2018-08-14 03:56:30,581 INFO [default] global iter = 900, total local iter = 3511050, diff = 1.21464e+15
2018-08-14 03:56:42,042 INFO [default] global iter = 1000, total local iter = 3774780, diff = 1.73549e+15
2018-08-14 03:56:42,048 INFO [default] global iter = 1000, total local iter = 3774780, diff = 1.73549e+15
2018-08-14 03:56:42,048 INFO [default] training finished
2018-08-14 03:56:42,049 INFO [default] obj = -3.05584e+17
2018-08-14 03:56:42,061 INFO [default] rho = -2.08339e+14
2018-08-14 03:56:42,062 INFO [default] #sv = 6183
2018-08-14 03:56:42,220 INFO [default] #total unique sv = 6183
2018-08-14 03:56:42,259 INFO [default] training finished
Training Total Time: 126.996809959
2018-08-14 03:56:42,734 INFO [default] #instances = 99999, #features = 25
Predict Total Time: 0.603240013123
2018-08-14 03:56:43,368 INFO [default] #instances = 99999, #features = 25
acc test score is  0.6321063210632106
MES=  0.36789367893678937
Confusion matrix=  [[27106 24703]
 [12086 36104]]
2018-08-14 03:56:47,436 INFO [default] #instances = 900001, #features = 25
2018-08-14 03:56:47,499 INFO [default] #classes = 2
2018-08-14 03:56:47,874 INFO [default] working set size = 1024
2018-08-14 03:56:47,896 INFO [default] training start
2018-08-14 03:56:48,943 INFO [default] global iter = 0, total local iter = 102401, diff = 2
2018-08-14 03:57:04,980 INFO [default] global iter = 100, total local iter = 928142, diff = 1.64309e+14
2018-08-14 03:57:20,765 INFO [default] global iter = 200, total local iter = 1720978, diff = 6.0536e+14
2018-08-14 03:57:33,438 INFO [default] global iter = 300, total local iter = 2164105, diff = 1.16913e+15
2018-08-14 03:57:45,816 INFO [default] global iter = 400, total local iter = 2555398, diff = 3.88726e+14
2018-08-14 03:57:57,720 INFO [default] global iter = 500, total local iter = 2894913, diff = 1.04479e+15
2018-08-14 03:58:09,342 INFO [default] global iter = 600, total local iter = 3190327, diff = 9.97845e+14
2018-08-14 03:58:20,288 INFO [default] global iter = 700, total local iter = 3417044, diff = 2.78628e+14
2018-08-14 03:58:31,539 INFO [default] global iter = 800, total local iter = 3664491, diff = 6.46852e+14
2018-08-14 03:58:42,939 INFO [default] global iter = 900, total local iter = 3921847, diff = 5.39709e+14
2018-08-14 03:58:53,343 INFO [default] global iter = 1000, total local iter = 4067073, diff = 1.07926e+15
2018-08-14 03:58:53,349 INFO [default] global iter = 1000, total local iter = 4067073, diff = 1.07926e+15
2018-08-14 03:58:53,349 INFO [default] training finished
2018-08-14 03:58:53,350 INFO [default] obj = -6.91569e+17
2018-08-14 03:58:53,362 INFO [default] rho = -1.57586e+14
2018-08-14 03:58:53,363 INFO [default] #sv = 10300
2018-08-14 03:58:53,523 INFO [default] #total unique sv = 10300
2018-08-14 03:58:53,563 INFO [default] training finished
Training Total Time: 129.988886833
2018-08-14 03:58:54,058 INFO [default] #instances = 99999, #features = 25
Predict Total Time: 0.711234092712
2018-08-14 03:58:54,770 INFO [default] #instances = 99999, #features = 25
acc test score is  0.5730557305573055
MES=  0.4269442694426944
Confusion matrix=  [[26245 25564]
 [17130 31060]]
Total Time: 1272.64633203
53.34% (+/- 11.77%)
