2018-08-17 02:10:32,675 INFO [default] #instances = 899999, #features = 25
2018-08-17 02:10:32,786 INFO [default] #classes = 2
2018-08-17 02:10:33,361 INFO [default] working set size = 1024
2018-08-17 02:10:33,383 INFO [default] training start
2018-08-17 02:10:34,601 INFO [default] global iter = 0, total local iter = 102401, diff = 2
2018-08-17 02:10:55,582 INFO [default] global iter = 100, total local iter = 1488145, diff = 2.23307e+06
2018-08-17 02:11:09,393 INFO [default] global iter = 200, total local iter = 2060420, diff = 1.03635e+06
2018-08-17 02:11:23,234 INFO [default] global iter = 300, total local iter = 2619424, diff = 4.97978e+06
2018-08-17 02:11:35,328 INFO [default] global iter = 400, total local iter = 2967196, diff = 969701
2018-08-17 02:11:45,474 INFO [default] global iter = 500, total local iter = 3090370, diff = 1.39313e+06
2018-08-17 02:12:14,607 INFO [default] global iter = 596, total local iter = 5269987, diff = 864998
2018-08-17 02:12:14,607 INFO [default] training finished
2018-08-17 02:12:14,608 INFO [default] obj = -2.45147e+09
2018-08-17 02:12:14,637 INFO [default] rho = -955437
2018-08-17 02:12:14,638 INFO [default] #sv = 16146
2018-08-17 02:12:14,829 INFO [default] #total unique sv = 16146
2018-08-17 02:12:14,872 INFO [default] training finished
Training Total Time: 106.165215015
2018-08-17 02:12:15,408 INFO [default] #instances = 100001, #features = 25
Predict Total Time: 0.969398021698
2018-08-17 02:12:16,375 INFO [default] #instances = 100001, #features = 25
acc test score is  0.5155548444515555
MES=  0.48444515554844453
Confusion matrix=  [[26166 25644]
 [22801 25390]]
2018-08-17 02:12:20,791 INFO [default] #instances = 899999, #features = 25
2018-08-17 02:12:20,901 INFO [default] #classes = 2
2018-08-17 02:12:21,318 INFO [default] working set size = 1024
2018-08-17 02:12:21,340 INFO [default] training start
2018-08-17 02:12:22,369 INFO [default] global iter = 0, total local iter = 102401, diff = 2
2018-08-17 02:12:40,654 INFO [default] global iter = 100, total local iter = 1200921, diff = 415618
2018-08-17 02:13:09,069 INFO [default] global iter = 184, total local iter = 3479666, diff = 630735
2018-08-17 02:13:09,069 INFO [default] training finished
2018-08-17 02:13:09,071 INFO [default] obj = -2.21323e+08
2018-08-17 02:13:09,097 INFO [default] rho = -508630
2018-08-17 02:13:09,098 INFO [default] #sv = 4195
2018-08-17 02:13:09,272 INFO [default] #total unique sv = 4195
2018-08-17 02:13:09,313 INFO [default] training finished
Training Total Time: 52.339856863
2018-08-17 02:13:09,781 INFO [default] #instances = 100001, #features = 25
Predict Total Time: 0.540640115738
2018-08-17 02:13:10,321 INFO [default] #instances = 100001, #features = 25
acc test score is  0.5496745032549675
MES=  0.4503254967450325
Confusion matrix=  [[26212 25598]
 [19435 28756]]
2018-08-17 02:13:14,322 INFO [default] #instances = 899999, #features = 25
2018-08-17 02:13:14,386 INFO [default] #classes = 2
2018-08-17 02:13:14,793 INFO [default] working set size = 1024
2018-08-17 02:13:14,815 INFO [default] training start
2018-08-17 02:13:15,862 INFO [default] global iter = 0, total local iter = 102401, diff = 2
2018-08-17 02:13:38,152 INFO [default] global iter = 39, total local iter = 2171113, diff = 149501
2018-08-17 02:13:38,152 INFO [default] training finished
2018-08-17 02:13:38,154 INFO [default] obj = -6.58142e+06
2018-08-17 02:13:38,176 INFO [default] rho = 27005.5
2018-08-17 02:13:38,177 INFO [default] #sv = 677
2018-08-17 02:13:38,341 INFO [default] #total unique sv = 677
2018-08-17 02:13:38,380 INFO [default] training finished
Training Total Time: 27.8709719181
2018-08-17 02:13:38,827 INFO [default] #instances = 100001, #features = 25
Predict Total Time: 0.470303058624
2018-08-17 02:13:39,298 INFO [default] #instances = 100001, #features = 25
acc test score is  0.4132958670413296
MES=  0.5867041329586704
Confusion matrix=  [[26826 24984]
 [33687 14504]]
2018-08-17 02:13:43,168 INFO [default] #instances = 900000, #features = 25
2018-08-17 02:13:43,232 INFO [default] #classes = 2
2018-08-17 02:13:43,617 INFO [default] working set size = 1024
2018-08-17 02:13:43,639 INFO [default] training start
2018-08-17 02:13:44,661 INFO [default] global iter = 0, total local iter = 102401, diff = 2
2018-08-17 02:14:05,899 INFO [default] global iter = 100, total local iter = 1533789, diff = 862371
2018-08-17 02:14:25,095 INFO [default] global iter = 200, total local iter = 2677366, diff = 1.3431e+06
2018-08-17 02:14:40,153 INFO [default] global iter = 216, total local iter = 4132686, diff = 550892
2018-08-17 02:14:40,153 INFO [default] training finished
2018-08-17 02:14:40,155 INFO [default] obj = -2.39829e+08
2018-08-17 02:14:40,175 INFO [default] rho = -103295
2018-08-17 02:14:40,176 INFO [default] #sv = 4560
2018-08-17 02:14:40,337 INFO [default] #total unique sv = 4560
2018-08-17 02:14:40,376 INFO [default] training finished
Training Total Time: 60.9768109322
2018-08-17 02:14:40,840 INFO [default] #instances = 100000, #features = 25
Predict Total Time: 0.570857048035
2018-08-17 02:14:41,414 INFO [default] #instances = 100000, #features = 25
acc test score is  0.51726
MES=  0.48274
Confusion matrix=  [[26787 25023]
 [23251 24939]]
2018-08-17 02:14:45,364 INFO [default] #instances = 900000, #features = 25
2018-08-17 02:14:45,427 INFO [default] #classes = 2
2018-08-17 02:14:45,785 INFO [default] working set size = 1024
2018-08-17 02:14:45,807 INFO [default] training start
2018-08-17 02:14:46,849 INFO [default] global iter = 0, total local iter = 102401, diff = 2
2018-08-17 02:15:13,380 INFO [default] global iter = 60, total local iter = 2452284, diff = 559808
2018-08-17 02:15:13,380 INFO [default] training finished
2018-08-17 02:15:13,382 INFO [default] obj = -1.35031e+07
2018-08-17 02:15:13,402 INFO [default] rho = -115132
2018-08-17 02:15:13,403 INFO [default] #sv = 965
2018-08-17 02:15:13,563 INFO [default] #total unique sv = 965
2018-08-17 02:15:13,602 INFO [default] training finished
Training Total Time: 31.9713449478
2018-08-17 02:15:14,048 INFO [default] #instances = 100000, #features = 25
Predict Total Time: 0.48024892807
2018-08-17 02:15:14,534 INFO [default] #instances = 100000, #features = 25
acc test score is  0.5947
MES=  0.4053
Confusion matrix=  [[22270 29540]
 [10990 37200]]
2018-08-17 02:15:18,381 INFO [default] #instances = 900000, #features = 25
2018-08-17 02:15:18,444 INFO [default] #classes = 2
2018-08-17 02:15:18,833 INFO [default] working set size = 1024
2018-08-17 02:15:18,855 INFO [default] training start
2018-08-17 02:15:19,879 INFO [default] global iter = 0, total local iter = 102401, diff = 2
2018-08-17 02:15:36,540 INFO [default] global iter = 21, total local iter = 1702252, diff = 132695
2018-08-17 02:15:36,540 INFO [default] training finished
2018-08-17 02:15:36,542 INFO [default] obj = -384308
2018-08-17 02:15:36,562 INFO [default] rho = -47172.2
2018-08-17 02:15:36,563 INFO [default] #sv = 271
2018-08-17 02:15:36,723 INFO [default] #total unique sv = 271
2018-08-17 02:15:36,762 INFO [default] training finished
Training Total Time: 22.1011211872
2018-08-17 02:15:37,209 INFO [default] #instances = 100000, #features = 25
Predict Total Time: 0.451190948486
2018-08-17 02:15:37,659 INFO [default] #instances = 100000, #features = 25
acc test score is  0.7277
MES=  0.2723
Confusion matrix=  [[28184 23626]
 [ 3604 44586]]
2018-08-17 02:15:41,535 INFO [default] #instances = 900000, #features = 25
2018-08-17 02:15:41,598 INFO [default] #classes = 2
2018-08-17 02:15:41,977 INFO [default] working set size = 1024
2018-08-17 02:15:41,998 INFO [default] training start
2018-08-17 02:15:43,032 INFO [default] global iter = 0, total local iter = 102401, diff = 2
2018-08-17 02:15:59,519 INFO [default] global iter = 100, total local iter = 984098, diff = 2.03308e+06
2018-08-17 02:16:11,569 INFO [default] global iter = 200, total local iter = 1353247, diff = 8.3177e+06
2018-08-17 02:16:24,215 INFO [default] global iter = 300, total local iter = 1762314, diff = 698437
2018-08-17 02:16:41,596 INFO [default] global iter = 400, total local iter = 2663273, diff = 6.21306e+06
2018-08-17 02:16:55,450 INFO [default] global iter = 500, total local iter = 3175872, diff = 1.03272e+06
2018-08-17 02:17:07,433 INFO [default] global iter = 600, total local iter = 3472638, diff = 5.4501e+06
2018-08-17 02:17:22,183 INFO [default] global iter = 700, total local iter = 4058683, diff = 4.42321e+06
2018-08-17 02:17:35,883 INFO [default] global iter = 800, total local iter = 4520739, diff = 825373
2018-08-17 02:17:51,690 INFO [default] global iter = 900, total local iter = 5192899, diff = 668568
2018-08-17 02:18:07,022 INFO [default] global iter = 1000, total local iter = 5826255, diff = 3.47668e+06
2018-08-17 02:18:07,028 INFO [default] global iter = 1000, total local iter = 5826255, diff = 3.47668e+06
2018-08-17 02:18:07,028 INFO [default] training finished
2018-08-17 02:18:07,029 INFO [default] obj = -5.61299e+09
2018-08-17 02:18:07,044 INFO [default] rho = -1.28177e+06
2018-08-17 02:18:07,045 INFO [default] #sv = 35570
2018-08-17 02:18:07,213 INFO [default] #total unique sv = 35570
2018-08-17 02:18:07,253 INFO [default] training finished
Training Total Time: 149.672102928
2018-08-17 02:18:07,877 INFO [default] #instances = 100000, #features = 25
Predict Total Time: 1.42765712738
2018-08-17 02:18:09,335 INFO [default] #instances = 100000, #features = 25
acc test score is  0.51267
MES=  0.48733
Confusion matrix=  [[26442 25368]
 [23365 24825]]
2018-08-17 02:18:14,188 INFO [default] #instances = 900001, #features = 25
2018-08-17 02:18:14,252 INFO [default] #classes = 2
2018-08-17 02:18:14,641 INFO [default] working set size = 1024
2018-08-17 02:18:14,663 INFO [default] training start
2018-08-17 02:18:15,698 INFO [default] global iter = 0, total local iter = 102401, diff = 2
2018-08-17 02:18:37,754 INFO [default] global iter = 100, total local iter = 1616745, diff = 2.94129e+06
2018-08-17 02:18:51,216 INFO [default] global iter = 200, total local iter = 2126056, diff = 2.62851e+06
2018-08-17 02:19:03,491 INFO [default] global iter = 300, total local iter = 2493756, diff = 1.80797e+06
2018-08-17 02:19:14,996 INFO [default] global iter = 400, total local iter = 2775833, diff = 996542
2018-08-17 02:19:29,389 INFO [default] global iter = 419, total local iter = 4121961, diff = 808010
2018-08-17 02:19:29,389 INFO [default] training finished
2018-08-17 02:19:29,391 INFO [default] obj = -1.25033e+09
2018-08-17 02:19:29,403 INFO [default] rho = -394054
2018-08-17 02:19:29,404 INFO [default] #sv = 12408
2018-08-17 02:19:29,566 INFO [default] #total unique sv = 12408
2018-08-17 02:19:29,605 INFO [default] training finished
Training Total Time: 79.2283010483
2018-08-17 02:19:30,107 INFO [default] #instances = 99999, #features = 25
Predict Total Time: 0.737632989883
2018-08-17 02:19:30,845 INFO [default] #instances = 99999, #features = 25
acc test score is  0.5029050290502906
MES=  0.4970949709497095
Confusion matrix=  [[25291 26518]
 [23191 24999]]
2018-08-17 02:19:34,957 INFO [default] #instances = 900001, #features = 25
2018-08-17 02:19:35,020 INFO [default] #classes = 2
2018-08-17 02:19:35,414 INFO [default] working set size = 1024
2018-08-17 02:19:35,437 INFO [default] training start
2018-08-17 02:19:36,480 INFO [default] global iter = 0, total local iter = 102401, diff = 2
2018-08-17 02:19:57,213 INFO [default] global iter = 100, total local iter = 1460532, diff = 1.85545e+06
2018-08-17 02:20:16,166 INFO [default] global iter = 200, total local iter = 2575257, diff = 2.38279e+06
2018-08-17 02:20:37,086 INFO [default] global iter = 259, total local iter = 4250691, diff = 1.38823e+06
2018-08-17 02:20:37,086 INFO [default] training finished
2018-08-17 02:20:37,087 INFO [default] obj = -8.16628e+08
2018-08-17 02:20:37,099 INFO [default] rho = 377693
2018-08-17 02:20:37,100 INFO [default] #sv = 10380
2018-08-17 02:20:37,261 INFO [default] #total unique sv = 10380
2018-08-17 02:20:37,300 INFO [default] training finished
Training Total Time: 66.1148879528
2018-08-17 02:20:37,792 INFO [default] #instances = 99999, #features = 25
Predict Total Time: 0.703872919083
2018-08-17 02:20:38,498 INFO [default] #instances = 99999, #features = 25
acc test score is  0.4836948369483695
MES=  0.5163051630516305
Confusion matrix=  [[25630 26179]
 [25451 22739]]
2018-08-17 02:20:42,596 INFO [default] #instances = 900001, #features = 25
2018-08-17 02:20:42,659 INFO [default] #classes = 2
2018-08-17 02:20:43,045 INFO [default] working set size = 1024
2018-08-17 02:20:43,067 INFO [default] training start
2018-08-17 02:20:44,104 INFO [default] global iter = 0, total local iter = 102401, diff = 2
2018-08-17 02:21:07,899 INFO [default] global iter = 100, total local iter = 1836753, diff = 1.52396e+06
2018-08-17 02:21:20,540 INFO [default] global iter = 200, total local iter = 2265417, diff = 1.11154e+06
2018-08-17 02:21:31,264 INFO [default] global iter = 300, total local iter = 2468382, diff = 2.75142e+06
2018-08-17 02:21:43,596 INFO [default] global iter = 400, total local iter = 2832352, diff = 595084
2018-08-17 02:21:55,151 INFO [default] global iter = 500, total local iter = 3102586, diff = 4.65169e+06
2018-08-17 02:22:10,641 INFO [default] global iter = 600, total local iter = 3782964, diff = 3.06362e+06
2018-08-17 02:22:39,291 INFO [default] global iter = 680, total local iter = 6037901, diff = 819057
2018-08-17 02:22:39,291 INFO [default] training finished
2018-08-17 02:22:39,293 INFO [default] obj = -3.121e+09
2018-08-17 02:22:39,305 INFO [default] rho = -513112
2018-08-17 02:22:39,306 INFO [default] #sv = 20603
2018-08-17 02:22:39,469 INFO [default] #total unique sv = 20603
2018-08-17 02:22:39,508 INFO [default] training finished
Training Total Time: 120.755653858
2018-08-17 02:22:40,052 INFO [default] #instances = 99999, #features = 25
Predict Total Time: 0.93901181221
2018-08-17 02:22:40,992 INFO [default] #instances = 99999, #features = 25
acc test score is  0.5069950699506995
MES=  0.4930049300493005
Confusion matrix=  [[26070 25739]
 [23561 24629]]
Total Time: 733.189980984
53.24% (+/- 7.83%)
