2018-08-17 17:04:07,305 INFO [default] #instances = 899999, #features = 25
2018-08-17 17:04:07,416 INFO [default] #classes = 2
2018-08-17 17:04:07,993 INFO [default] working set size = 1024
2018-08-17 17:04:08,015 INFO [default] training start
2018-08-17 17:04:09,234 INFO [default] global iter = 0, total local iter = 102401, diff = 2
2018-08-17 17:04:33,152 INFO [default] global iter = 100, total local iter = 1854475, diff = 52267.2
2018-08-17 17:04:48,290 INFO [default] global iter = 118, total local iter = 3303273, diff = 62179.2
2018-08-17 17:04:48,290 INFO [default] training finished
2018-08-17 17:04:48,292 INFO [default] obj = -1.93279e+07
2018-08-17 17:04:48,320 INFO [default] rho = 10444
2018-08-17 17:04:48,321 INFO [default] #sv = 3495
2018-08-17 17:04:48,507 INFO [default] #total unique sv = 3495
2018-08-17 17:04:48,550 INFO [default] training finished
Training Total Time: 45.1683721542
2018-08-17 17:04:49,026 INFO [default] #instances = 100001, #features = 25
Predict Total Time: 0.557677030563
2018-08-17 17:04:49,583 INFO [default] #instances = 100001, #features = 25
acc test score is  0.47867521324786755
MES=  0.5213247867521325
Confusion matrix=  [[26676 25134]
 [26999 21192]]
2018-08-17 17:04:53,574 INFO [default] #instances = 899999, #features = 25
2018-08-17 17:04:53,684 INFO [default] #classes = 2
2018-08-17 17:04:54,092 INFO [default] working set size = 1024
2018-08-17 17:04:54,113 INFO [default] training start
2018-08-17 17:04:55,159 INFO [default] global iter = 0, total local iter = 102401, diff = 2
2018-08-17 17:05:19,395 INFO [default] global iter = 100, total local iter = 1856944, diff = 112978
2018-08-17 17:05:39,339 INFO [default] global iter = 145, total local iter = 3570686, diff = 67761.3
2018-08-17 17:05:39,339 INFO [default] training finished
2018-08-17 17:05:39,341 INFO [default] obj = -1.87397e+07
2018-08-17 17:05:39,367 INFO [default] rho = 9363.16
2018-08-17 17:05:39,368 INFO [default] #sv = 3535
2018-08-17 17:05:39,539 INFO [default] #total unique sv = 3535
2018-08-17 17:05:39,580 INFO [default] training finished
Training Total Time: 49.8064930439
2018-08-17 17:05:40,045 INFO [default] #instances = 100001, #features = 25
Predict Total Time: 0.548855066299
2018-08-17 17:05:40,593 INFO [default] #instances = 100001, #features = 25
acc test score is  0.5037649623503765
MES=  0.4962350376496235
Confusion matrix=  [[26932 24878]
 [24746 23445]]
2018-08-17 17:05:44,513 INFO [default] #instances = 899999, #features = 25
2018-08-17 17:05:44,576 INFO [default] #classes = 2
2018-08-17 17:05:44,957 INFO [default] working set size = 1024
2018-08-17 17:05:44,979 INFO [default] training start
2018-08-17 17:05:46,007 INFO [default] global iter = 0, total local iter = 102401, diff = 2
2018-08-17 17:06:05,084 INFO [default] global iter = 100, total local iter = 1273302, diff = 61076.1
2018-08-17 17:06:36,560 INFO [default] global iter = 180, total local iter = 3886367, diff = 90633.4
2018-08-17 17:06:36,560 INFO [default] training finished
2018-08-17 17:06:36,563 INFO [default] obj = -4.46042e+07
2018-08-17 17:06:36,593 INFO [default] rho = -15193
2018-08-17 17:06:36,594 INFO [default] #sv = 5882
2018-08-17 17:06:36,771 INFO [default] #total unique sv = 5882
2018-08-17 17:06:36,811 INFO [default] training finished
Training Total Time: 56.0508301258
2018-08-17 17:06:37,313 INFO [default] #instances = 100001, #features = 25
Predict Total Time: 0.663578033447
2018-08-17 17:06:37,976 INFO [default] #instances = 100001, #features = 25
acc test score is  0.5287547124528754
MES=  0.4712452875471245
Confusion matrix=  [[26562 25248]
 [21877 26314]]
2018-08-17 17:06:42,749 INFO [default] #instances = 900000, #features = 25
2018-08-17 17:06:42,815 INFO [default] #classes = 2
2018-08-17 17:06:43,186 INFO [default] working set size = 1024
2018-08-17 17:06:43,208 INFO [default] training start
2018-08-17 17:06:44,245 INFO [default] global iter = 0, total local iter = 102401, diff = 2
2018-08-17 17:07:08,822 INFO [default] global iter = 100, total local iter = 1895056, diff = 131371
2018-08-17 17:07:22,912 INFO [default] global iter = 118, total local iter = 3230256, diff = 52826.1
2018-08-17 17:07:22,912 INFO [default] training finished
2018-08-17 17:07:22,914 INFO [default] obj = -1.2592e+07
2018-08-17 17:07:22,934 INFO [default] rho = 20287.9
2018-08-17 17:07:22,935 INFO [default] #sv = 2926
2018-08-17 17:07:23,094 INFO [default] #total unique sv = 2926
2018-08-17 17:07:23,133 INFO [default] training finished
Training Total Time: 44.8734641075
2018-08-17 17:07:23,589 INFO [default] #instances = 100000, #features = 25
Predict Total Time: 0.516376018524
2018-08-17 17:07:24,107 INFO [default] #instances = 100000, #features = 25
acc test score is  0.45661
MES=  0.54339
Confusion matrix=  [[26941 24869]
 [29470 18720]]
2018-08-17 17:07:27,982 INFO [default] #instances = 900000, #features = 25
2018-08-17 17:07:28,045 INFO [default] #classes = 2
2018-08-17 17:07:28,407 INFO [default] working set size = 1024
2018-08-17 17:07:28,429 INFO [default] training start
2018-08-17 17:07:29,465 INFO [default] global iter = 0, total local iter = 102401, diff = 2
2018-08-17 17:07:48,559 INFO [default] global iter = 25, total local iter = 1929163, diff = 4839.84
2018-08-17 17:07:48,559 INFO [default] training finished
2018-08-17 17:07:48,560 INFO [default] obj = -147942
2018-08-17 17:07:48,580 INFO [default] rho = -285.215
2018-08-17 17:07:48,581 INFO [default] #sv = 387
2018-08-17 17:07:48,739 INFO [default] #total unique sv = 387
2018-08-17 17:07:48,778 INFO [default] training finished
Training Total Time: 24.5080871582
2018-08-17 17:07:49,223 INFO [default] #instances = 100000, #features = 25
Predict Total Time: 0.463847160339
2018-08-17 17:07:49,688 INFO [default] #instances = 100000, #features = 25
acc test score is  0.51951
MES=  0.48049
Confusion matrix=  [[27997 23813]
 [24236 23954]]
2018-08-17 17:07:53,517 INFO [default] #instances = 900000, #features = 25
2018-08-17 17:07:53,580 INFO [default] #classes = 2
2018-08-17 17:07:53,941 INFO [default] working set size = 1024
2018-08-17 17:07:53,962 INFO [default] training start
2018-08-17 17:07:54,984 INFO [default] global iter = 0, total local iter = 102401, diff = 2
2018-08-17 17:08:19,942 INFO [default] global iter = 100, total local iter = 1955149, diff = 40411.2
2018-08-17 17:08:31,424 INFO [default] global iter = 200, total local iter = 2254187, diff = 399145
2018-08-17 17:08:49,707 INFO [default] global iter = 222, total local iter = 3995888, diff = 150631
2018-08-17 17:08:49,707 INFO [default] training finished
2018-08-17 17:08:49,709 INFO [default] obj = -7.22977e+07
2018-08-17 17:08:49,723 INFO [default] rho = 16467
2018-08-17 17:08:49,724 INFO [default] #sv = 7786
2018-08-17 17:08:49,883 INFO [default] #total unique sv = 7786
2018-08-17 17:08:49,922 INFO [default] training finished
Training Total Time: 60.1543669701
2018-08-17 17:08:50,400 INFO [default] #instances = 100000, #features = 25
Predict Total Time: 0.669747114182
2018-08-17 17:08:51,071 INFO [default] #instances = 100000, #features = 25
acc test score is  0.49789
MES=  0.50211
Confusion matrix=  [[26529 25281]
 [24930 23260]]
2018-08-17 17:08:55,173 INFO [default] #instances = 900000, #features = 25
2018-08-17 17:08:55,236 INFO [default] #classes = 2
2018-08-17 17:08:55,598 INFO [default] working set size = 1024
2018-08-17 17:08:55,619 INFO [default] training start
2018-08-17 17:08:56,665 INFO [default] global iter = 0, total local iter = 102401, diff = 2
2018-08-17 17:09:20,211 INFO [default] global iter = 100, total local iter = 1789847, diff = 280542
2018-08-17 17:09:47,511 INFO [default] global iter = 178, total local iter = 3993256, diff = 299029
2018-08-17 17:09:47,511 INFO [default] training finished
2018-08-17 17:09:47,512 INFO [default] obj = -3.98376e+07
2018-08-17 17:09:47,526 INFO [default] rho = 78136.5
2018-08-17 17:09:47,527 INFO [default] #sv = 5633
2018-08-17 17:09:47,691 INFO [default] #total unique sv = 5633
2018-08-17 17:09:47,730 INFO [default] training finished
Training Total Time: 56.3598120213
2018-08-17 17:09:48,200 INFO [default] #instances = 100000, #features = 25
Predict Total Time: 0.581832885742
2018-08-17 17:09:48,782 INFO [default] #instances = 100000, #features = 25
acc test score is  0.44719
MES=  0.55281
Confusion matrix=  [[26611 25199]
 [30082 18108]]
2018-08-17 17:09:52,733 INFO [default] #instances = 900001, #features = 25
2018-08-17 17:09:52,797 INFO [default] #classes = 2
2018-08-17 17:09:53,180 INFO [default] working set size = 1024
2018-08-17 17:09:53,202 INFO [default] training start
2018-08-17 17:09:54,238 INFO [default] global iter = 0, total local iter = 102401, diff = 2
2018-08-17 17:10:16,880 INFO [default] global iter = 45, total local iter = 2136334, diff = 17145.3
2018-08-17 17:10:16,880 INFO [default] training finished
2018-08-17 17:10:16,881 INFO [default] obj = -1.80581e+06
2018-08-17 17:10:16,896 INFO [default] rho = -1117.66
2018-08-17 17:10:16,897 INFO [default] #sv = 1006
2018-08-17 17:10:17,054 INFO [default] #total unique sv = 1006
2018-08-17 17:10:17,093 INFO [default] training finished
Training Total Time: 28.0845680237
2018-08-17 17:10:17,544 INFO [default] #instances = 99999, #features = 25
Predict Total Time: 0.466116905212
2018-08-17 17:10:18,011 INFO [default] #instances = 99999, #features = 25
acc test score is  0.5355853558535585
MES=  0.46441464414644146
Confusion matrix=  [[27612 24197]
 [22244 25946]]
2018-08-17 17:10:21,851 INFO [default] #instances = 900001, #features = 25
2018-08-17 17:10:21,914 INFO [default] #classes = 2
2018-08-17 17:10:22,296 INFO [default] working set size = 1024
2018-08-17 17:10:22,317 INFO [default] training start
2018-08-17 17:10:23,342 INFO [default] global iter = 0, total local iter = 102401, diff = 2
2018-08-17 17:10:41,657 INFO [default] global iter = 100, total local iter = 1199491, diff = 124651
2018-08-17 17:10:53,927 INFO [default] global iter = 200, total local iter = 1582721, diff = 174924
2018-08-17 17:11:06,750 INFO [default] global iter = 300, total local iter = 2022150, diff = 831981
2018-08-17 17:11:27,455 INFO [default] global iter = 400, total local iter = 3295451, diff = 91339.5
2018-08-17 17:11:43,072 INFO [default] global iter = 500, total local iter = 4004000, diff = 155691
2018-08-17 17:12:07,991 INFO [default] global iter = 541, total local iter = 6265450, diff = 119414
2018-08-17 17:12:07,991 INFO [default] training finished
2018-08-17 17:12:07,992 INFO [default] obj = -2.40523e+08
2018-08-17 17:12:08,004 INFO [default] rho = -36086.4
2018-08-17 17:12:08,005 INFO [default] #sv = 16959
2018-08-17 17:12:08,167 INFO [default] #total unique sv = 16959
2018-08-17 17:12:08,207 INFO [default] training finished
Training Total Time: 110.166174889
2018-08-17 17:12:08,737 INFO [default] #instances = 99999, #features = 25
Predict Total Time: 0.946478128433
2018-08-17 17:12:09,683 INFO [default] #instances = 99999, #features = 25
acc test score is  0.4990649906499065
MES=  0.5009350093500935
Confusion matrix=  [[24996 26813]
 [23280 24910]]
2018-08-17 17:12:14,018 INFO [default] #instances = 900001, #features = 25
2018-08-17 17:12:14,081 INFO [default] #classes = 2
2018-08-17 17:12:14,468 INFO [default] working set size = 1024
2018-08-17 17:12:14,489 INFO [default] training start
2018-08-17 17:12:15,521 INFO [default] global iter = 0, total local iter = 102401, diff = 2
2018-08-17 17:12:34,817 INFO [default] global iter = 100, total local iter = 1322989, diff = 161367
2018-08-17 17:12:50,303 INFO [default] global iter = 200, total local iter = 2063238, diff = 96309.8
2018-08-17 17:13:04,845 INFO [default] global iter = 300, total local iter = 2686236, diff = 165303
2018-08-17 17:13:16,986 INFO [default] global iter = 400, total local iter = 3042111, diff = 82796.8
2018-08-17 17:13:28,045 INFO [default] global iter = 500, total local iter = 3276780, diff = 68769.1
2018-08-17 17:13:40,914 INFO [default] global iter = 600, total local iter = 3693855, diff = 140535
2018-08-17 17:14:08,878 INFO [default] global iter = 679, total local iter = 5922340, diff = 153188
2018-08-17 17:14:08,878 INFO [default] training finished
2018-08-17 17:14:08,881 INFO [default] obj = -2.5262e+08
2018-08-17 17:14:08,895 INFO [default] rho = -72615.7
2018-08-17 17:14:08,896 INFO [default] #sv = 17707
2018-08-17 17:14:09,073 INFO [default] #total unique sv = 17707
2018-08-17 17:14:09,112 INFO [default] training finished
Training Total Time: 118.906719923
2018-08-17 17:14:09,642 INFO [default] #instances = 99999, #features = 25
Predict Total Time: 0.930729150772
2018-08-17 17:14:10,574 INFO [default] #instances = 99999, #features = 25
acc test score is  0.4967449674496745
MES=  0.5032550325503256
Confusion matrix=  [[24507 27302]
 [23023 25167]]
Total Time: 608.146801949
49.64% (+/- 2.74%)
