2018-08-17 04:54:59,619 INFO [default] #instances = 899999, #features = 25
2018-08-17 04:54:59,730 INFO [default] #classes = 2
2018-08-17 04:55:00,305 INFO [default] working set size = 1024
2018-08-17 04:55:00,327 INFO [default] training start
2018-08-17 04:55:01,553 INFO [default] global iter = 0, total local iter = 102401, diff = 2
2018-08-17 04:55:34,132 INFO [default] global iter = 100, total local iter = 2802368, diff = 163977
2018-08-17 04:55:49,474 INFO [default] global iter = 200, total local iter = 3523819, diff = 305582
2018-08-17 04:56:14,222 INFO [default] global iter = 241, total local iter = 5777877, diff = 1.3542e+06
2018-08-17 04:56:14,222 INFO [default] training finished
2018-08-17 04:56:14,223 INFO [default] obj = -1.6291e+08
2018-08-17 04:56:14,252 INFO [default] rho = -638730
2018-08-17 04:56:14,253 INFO [default] #sv = 8065
2018-08-17 04:56:14,438 INFO [default] #total unique sv = 8065
2018-08-17 04:56:14,481 INFO [default] training finished
Training Total Time: 78.778398037
2018-08-17 04:56:14,979 INFO [default] #instances = 100001, #features = 25
Predict Total Time: 0.70711016655
2018-08-17 04:56:15,686 INFO [default] #instances = 100001, #features = 25
acc test score is  0.6279637203627964
MES=  0.37203627963720365
Confusion matrix=  [[28026 23784]
 [13420 34771]]
2018-08-17 04:56:19,830 INFO [default] #instances = 899999, #features = 25
2018-08-17 04:56:19,938 INFO [default] #classes = 2
2018-08-17 04:56:20,352 INFO [default] working set size = 1024
2018-08-17 04:56:20,373 INFO [default] training start
2018-08-17 04:56:21,411 INFO [default] global iter = 0, total local iter = 102401, diff = 2
2018-08-17 04:56:44,598 INFO [default] global iter = 100, total local iter = 1752546, diff = 213875
2018-08-17 04:57:05,116 INFO [default] global iter = 174, total local iter = 3253556, diff = 86647.7
2018-08-17 04:57:05,116 INFO [default] training finished
2018-08-17 04:57:05,118 INFO [default] obj = -3.01225e+07
2018-08-17 04:57:05,144 INFO [default] rho = 4196.06
2018-08-17 04:57:05,145 INFO [default] #sv = 3098
2018-08-17 04:57:05,317 INFO [default] #total unique sv = 3098
2018-08-17 04:57:05,357 INFO [default] training finished
Training Total Time: 49.3291108608
2018-08-17 04:57:05,820 INFO [default] #instances = 100001, #features = 25
Predict Total Time: 0.516263008118
2018-08-17 04:57:06,336 INFO [default] #instances = 100001, #features = 25
acc test score is  0.5044449555504444
MES=  0.4955550444495555
Confusion matrix=  [[26433 25377]
 [24179 24012]]
2018-08-17 04:57:10,250 INFO [default] #instances = 899999, #features = 25
2018-08-17 04:57:10,313 INFO [default] #classes = 2
2018-08-17 04:57:10,723 INFO [default] working set size = 1024
2018-08-17 04:57:10,745 INFO [default] training start
2018-08-17 04:57:11,787 INFO [default] global iter = 0, total local iter = 102401, diff = 2
2018-08-17 04:57:30,592 INFO [default] global iter = 29, total local iter = 1867723, diff = 41210.7
2018-08-17 04:57:30,592 INFO [default] training finished
2018-08-17 04:57:30,594 INFO [default] obj = -72988.8
2018-08-17 04:57:30,614 INFO [default] rho = -14740
2018-08-17 04:57:30,615 INFO [default] #sv = 276
2018-08-17 04:57:30,775 INFO [default] #total unique sv = 276
2018-08-17 04:57:30,813 INFO [default] training finished
Training Total Time: 24.3124549389
2018-08-17 04:57:31,258 INFO [default] #instances = 100001, #features = 25
Predict Total Time: 0.460853099823
2018-08-17 04:57:31,719 INFO [default] #instances = 100001, #features = 25
acc test score is  0.7641123588764113
MES=  0.23588764112358876
Confusion matrix=  [[30896 20914]
 [ 2675 45516]]
2018-08-17 04:57:35,573 INFO [default] #instances = 900000, #features = 25
2018-08-17 04:57:35,636 INFO [default] #classes = 2
2018-08-17 04:57:35,998 INFO [default] working set size = 1024
2018-08-17 04:57:36,019 INFO [default] training start
2018-08-17 04:57:37,042 INFO [default] global iter = 0, total local iter = 102401, diff = 2
2018-08-17 04:58:02,408 INFO [default] global iter = 100, total local iter = 2015886, diff = 131948
2018-08-17 04:58:31,579 INFO [default] global iter = 192, total local iter = 4303248, diff = 341412
2018-08-17 04:58:31,579 INFO [default] training finished
2018-08-17 04:58:31,581 INFO [default] obj = -7.04292e+07
2018-08-17 04:58:31,595 INFO [default] rho = -4648.75
2018-08-17 04:58:31,596 INFO [default] #sv = 5444
2018-08-17 04:58:31,753 INFO [default] #total unique sv = 5444
2018-08-17 04:58:31,791 INFO [default] training finished
Training Total Time: 59.9845659733
2018-08-17 04:58:32,263 INFO [default] #instances = 100000, #features = 25
Predict Total Time: 0.599847078323
2018-08-17 04:58:32,863 INFO [default] #instances = 100000, #features = 25
acc test score is  0.50666
MES=  0.49334
Confusion matrix=  [[26990 24820]
 [24514 23676]]
2018-08-17 04:58:36,843 INFO [default] #instances = 900000, #features = 25
2018-08-17 04:58:36,906 INFO [default] #classes = 2
2018-08-17 04:58:37,264 INFO [default] working set size = 1024
2018-08-17 04:58:37,285 INFO [default] training start
2018-08-17 04:58:38,314 INFO [default] global iter = 0, total local iter = 102401, diff = 2
2018-08-17 04:59:09,645 INFO [default] global iter = 91, total local iter = 2702065, diff = 88356.2
2018-08-17 04:59:09,645 INFO [default] training finished
2018-08-17 04:59:09,647 INFO [default] obj = -1.36442e+07
2018-08-17 04:59:09,661 INFO [default] rho = 8438.84
2018-08-17 04:59:09,662 INFO [default] #sv = 2286
2018-08-17 04:59:09,817 INFO [default] #total unique sv = 2286
2018-08-17 04:59:09,855 INFO [default] training finished
Training Total Time: 36.7573490143
2018-08-17 04:59:10,309 INFO [default] #instances = 100000, #features = 25
Predict Total Time: 0.511476993561
2018-08-17 04:59:10,826 INFO [default] #instances = 100000, #features = 25
acc test score is  0.49386
MES=  0.50614
Confusion matrix=  [[27131 24679]
 [25935 22255]]
2018-08-17 04:59:14,703 INFO [default] #instances = 900000, #features = 25
2018-08-17 04:59:14,766 INFO [default] #classes = 2
2018-08-17 04:59:15,136 INFO [default] working set size = 1024
2018-08-17 04:59:15,156 INFO [default] training start
2018-08-17 04:59:16,179 INFO [default] global iter = 0, total local iter = 102401, diff = 2
2018-08-17 04:59:40,012 INFO [default] global iter = 100, total local iter = 1838852, diff = 127390
2018-08-17 04:59:59,026 INFO [default] global iter = 200, total local iter = 2974982, diff = 731539
2018-08-17 05:00:16,946 INFO [default] global iter = 245, total local iter = 4454447, diff = 74174.2
2018-08-17 05:00:16,946 INFO [default] training finished
2018-08-17 05:00:16,948 INFO [default] obj = -8.3679e+07
2018-08-17 05:00:16,962 INFO [default] rho = -84432.6
2018-08-17 05:00:16,963 INFO [default] #sv = 6558
2018-08-17 05:00:17,120 INFO [default] #total unique sv = 6558
2018-08-17 05:00:17,158 INFO [default] training finished
Training Total Time: 66.2038469315
2018-08-17 05:00:17,632 INFO [default] #instances = 100000, #features = 25
Predict Total Time: 0.594969987869
2018-08-17 05:00:18,227 INFO [default] #instances = 100000, #features = 25
acc test score is  0.53598
MES=  0.46402
Confusion matrix=  [[26559 25251]
 [21151 27039]]
2018-08-17 05:00:22,241 INFO [default] #instances = 900000, #features = 25
2018-08-17 05:00:22,307 INFO [default] #classes = 2
2018-08-17 05:00:22,669 INFO [default] working set size = 1024
2018-08-17 05:00:22,690 INFO [default] training start
2018-08-17 05:00:23,734 INFO [default] global iter = 0, total local iter = 102401, diff = 2
2018-08-17 05:01:00,404 INFO [default] global iter = 97, total local iter = 3224777, diff = 71214.3
2018-08-17 05:01:00,404 INFO [default] training finished
2018-08-17 05:01:00,406 INFO [default] obj = -1.86358e+07
2018-08-17 05:01:00,420 INFO [default] rho = -12004.4
2018-08-17 05:01:00,421 INFO [default] #sv = 2373
2018-08-17 05:01:00,580 INFO [default] #total unique sv = 2373
2018-08-17 05:01:00,619 INFO [default] training finished
Training Total Time: 42.1555390358
2018-08-17 05:01:01,106 INFO [default] #instances = 100000, #features = 25
Predict Total Time: 0.545864105225
2018-08-17 05:01:01,653 INFO [default] #instances = 100000, #features = 25
acc test score is  0.53784
MES=  0.46216
Confusion matrix=  [[26665 25145]
 [21071 27119]]
2018-08-17 05:01:05,613 INFO [default] #instances = 900001, #features = 25
2018-08-17 05:01:05,677 INFO [default] #classes = 2
2018-08-17 05:01:06,047 INFO [default] working set size = 1024
2018-08-17 05:01:06,068 INFO [default] training start
2018-08-17 05:01:07,092 INFO [default] global iter = 0, total local iter = 102401, diff = 2
2018-08-17 05:01:33,260 INFO [default] global iter = 100, total local iter = 2130490, diff = 185362
2018-08-17 05:01:45,624 INFO [default] global iter = 200, total local iter = 2531849, diff = 410154
2018-08-17 05:01:57,743 INFO [default] global iter = 300, total local iter = 2886522, diff = 326391
2018-08-17 05:02:08,093 INFO [default] global iter = 400, total local iter = 3040110, diff = 261261
2018-08-17 05:02:26,643 INFO [default] global iter = 500, total local iter = 4059839, diff = 208454
2018-08-17 05:02:41,068 INFO [default] global iter = 600, total local iter = 4620476, diff = 617273
2018-08-17 05:03:08,867 INFO [default] global iter = 700, total local iter = 6599955, diff = 179179
2018-08-17 05:03:12,042 INFO [default] global iter = 703, total local iter = 6907158, diff = 179183
2018-08-17 05:03:12,042 INFO [default] training finished
2018-08-17 05:03:12,044 INFO [default] obj = -6.81431e+08
2018-08-17 05:03:12,058 INFO [default] rho = -143807
2018-08-17 05:03:12,059 INFO [default] #sv = 22110
2018-08-17 05:03:12,220 INFO [default] #total unique sv = 22110
2018-08-17 05:03:12,260 INFO [default] training finished
Training Total Time: 130.548559904
2018-08-17 05:03:12,815 INFO [default] #instances = 99999, #features = 25
Predict Total Time: 1.05329489708
2018-08-17 05:03:13,870 INFO [default] #instances = 99999, #features = 25
acc test score is  0.4972849728497285
MES=  0.5027150271502715
Confusion matrix=  [[24660 27149]
 [23122 25068]]
2018-08-17 05:03:18,339 INFO [default] #instances = 900001, #features = 25
2018-08-17 05:03:18,406 INFO [default] #classes = 2
2018-08-17 05:03:18,779 INFO [default] working set size = 1024
2018-08-17 05:03:18,800 INFO [default] training start
2018-08-17 05:03:19,839 INFO [default] global iter = 0, total local iter = 102401, diff = 2
2018-08-17 05:03:43,805 INFO [default] global iter = 100, total local iter = 1839875, diff = 156458
2018-08-17 05:03:59,050 INFO [default] global iter = 200, total local iter = 2558432, diff = 1.01238e+06
2018-08-17 05:04:16,353 INFO [default] global iter = 221, total local iter = 4200818, diff = 186378
2018-08-17 05:04:16,353 INFO [default] training finished
2018-08-17 05:04:16,355 INFO [default] obj = -1.54608e+08
2018-08-17 05:04:16,369 INFO [default] rho = -45844.6
2018-08-17 05:04:16,370 INFO [default] #sv = 7508
2018-08-17 05:04:16,526 INFO [default] #total unique sv = 7508
2018-08-17 05:04:16,564 INFO [default] training finished
Training Total Time: 62.0270340443
2018-08-17 05:04:17,047 INFO [default] #instances = 99999, #features = 25
Predict Total Time: 0.680026054382
2018-08-17 05:04:17,726 INFO [default] #instances = 99999, #features = 25
acc test score is  0.5198551985519855
MES=  0.48014480144801447
Confusion matrix=  [[26508 25301]
 [22713 25477]]
2018-08-17 05:04:21,819 INFO [default] #instances = 900001, #features = 25
2018-08-17 05:04:21,882 INFO [default] #classes = 2
2018-08-17 05:04:22,256 INFO [default] working set size = 1024
2018-08-17 05:04:22,277 INFO [default] training start
2018-08-17 05:04:23,315 INFO [default] global iter = 0, total local iter = 102401, diff = 2
2018-08-17 05:04:46,548 INFO [default] global iter = 100, total local iter = 1741081, diff = 414490
2018-08-17 05:05:01,525 INFO [default] global iter = 116, total local iter = 3183999, diff = 213023
2018-08-17 05:05:01,525 INFO [default] training finished
2018-08-17 05:05:01,526 INFO [default] obj = -2.9463e+07
2018-08-17 05:05:01,540 INFO [default] rho = -74145.8
2018-08-17 05:05:01,541 INFO [default] #sv = 3060
2018-08-17 05:05:01,696 INFO [default] #total unique sv = 3060
2018-08-17 05:05:01,734 INFO [default] training finished
Training Total Time: 43.6899108887
2018-08-17 05:05:02,194 INFO [default] #instances = 99999, #features = 25
Predict Total Time: 0.518770933151
2018-08-17 05:05:02,713 INFO [default] #instances = 99999, #features = 25
acc test score is  0.5948159481594816
MES=  0.4051840518405184
Confusion matrix=  [[28462 23347]
 [17171 31019]]
Total Time: 607.524796963
55.83% (+/- 8.02%)
