2018-08-17 11:12:57,727 INFO [default] #instances = 899999, #features = 25
2018-08-17 11:12:57,839 INFO [default] #classes = 2
2018-08-17 11:12:58,420 INFO [default] working set size = 1024
2018-08-17 11:12:58,442 INFO [default] training start
2018-08-17 11:12:59,667 INFO [default] global iter = 0, total local iter = 102401, diff = 2
2018-08-17 11:13:36,062 INFO [default] global iter = 58, total local iter = 3559986, diff = 59126
2018-08-17 11:13:36,062 INFO [default] training finished
2018-08-17 11:13:36,063 INFO [default] obj = -4.51123e+06
2018-08-17 11:13:36,092 INFO [default] rho = -18567.2
2018-08-17 11:13:36,093 INFO [default] #sv = 1320
2018-08-17 11:13:36,280 INFO [default] #total unique sv = 1320
2018-08-17 11:13:36,323 INFO [default] training finished
Training Total Time: 42.4910228252
2018-08-17 11:13:36,787 INFO [default] #instances = 100001, #features = 25
Predict Total Time: 0.495862960815
2018-08-17 11:13:37,283 INFO [default] #instances = 100001, #features = 25
acc test score is  0.5972140278597214
MES=  0.4027859721402786
Confusion matrix=  [[27164 24646]
 [15633 32558]]
2018-08-17 11:13:41,346 INFO [default] #instances = 899999, #features = 25
2018-08-17 11:13:41,456 INFO [default] #classes = 2
2018-08-17 11:13:41,862 INFO [default] working set size = 1024
2018-08-17 11:13:41,884 INFO [default] training start
2018-08-17 11:13:42,913 INFO [default] global iter = 0, total local iter = 102401, diff = 2
2018-08-17 11:14:02,918 INFO [default] global iter = 100, total local iter = 1401498, diff = 178152
2018-08-17 11:14:23,172 INFO [default] global iter = 155, total local iter = 3055949, diff = 132259
2018-08-17 11:14:23,172 INFO [default] training finished
2018-08-17 11:14:23,173 INFO [default] obj = -3.02199e+07
2018-08-17 11:14:23,191 INFO [default] rho = -109465
2018-08-17 11:14:23,192 INFO [default] #sv = 3416
2018-08-17 11:14:23,354 INFO [default] #total unique sv = 3416
2018-08-17 11:14:23,393 INFO [default] training finished
Training Total Time: 45.9810628891
2018-08-17 11:14:23,857 INFO [default] #instances = 100001, #features = 25
Predict Total Time: 0.540621995926
2018-08-17 11:14:24,399 INFO [default] #instances = 100001, #features = 25
acc test score is  0.6022439775602244
MES=  0.3977560224397756
Confusion matrix=  [[27970 23840]
 [15936 32255]]
2018-08-17 11:14:28,419 INFO [default] #instances = 899999, #features = 25
2018-08-17 11:14:28,482 INFO [default] #classes = 2
2018-08-17 11:14:28,877 INFO [default] working set size = 1024
2018-08-17 11:14:28,899 INFO [default] training start
2018-08-17 11:14:29,938 INFO [default] global iter = 0, total local iter = 102401, diff = 2
2018-08-17 11:14:53,999 INFO [default] global iter = 100, total local iter = 1847804, diff = 220162
2018-08-17 11:15:07,221 INFO [default] global iter = 200, total local iter = 2324637, diff = 365296
2018-08-17 11:15:17,534 INFO [default] global iter = 300, total local iter = 2476996, diff = 274453
2018-08-17 11:15:32,839 INFO [default] global iter = 328, total local iter = 3829469, diff = 162977
2018-08-17 11:15:32,839 INFO [default] training finished
2018-08-17 11:15:32,841 INFO [default] obj = -1.87104e+08
2018-08-17 11:15:32,859 INFO [default] rho = -195299
2018-08-17 11:15:32,860 INFO [default] #sv = 10077
2018-08-17 11:15:33,026 INFO [default] #total unique sv = 10077
2018-08-17 11:15:33,066 INFO [default] training finished
Training Total Time: 68.5238230228
2018-08-17 11:15:33,564 INFO [default] #instances = 100001, #features = 25
Predict Total Time: 0.76918888092
2018-08-17 11:15:34,329 INFO [default] #instances = 100001, #features = 25
acc test score is  0.5328046719532805
MES=  0.46719532804671954
Confusion matrix=  [[25842 25968]
 [20752 27439]]
2018-08-17 11:15:38,480 INFO [default] #instances = 900000, #features = 25
2018-08-17 11:15:38,546 INFO [default] #classes = 2
2018-08-17 11:15:38,911 INFO [default] working set size = 1024
2018-08-17 11:15:38,933 INFO [default] training start
2018-08-17 11:15:39,970 INFO [default] global iter = 0, total local iter = 102401, diff = 2
2018-08-17 11:16:03,971 INFO [default] global iter = 100, total local iter = 1843025, diff = 80126.4
2018-08-17 11:16:22,732 INFO [default] global iter = 124, total local iter = 3625228, diff = 63936.4
2018-08-17 11:16:22,732 INFO [default] training finished
2018-08-17 11:16:22,734 INFO [default] obj = -4.29051e+07
2018-08-17 11:16:22,752 INFO [default] rho = -41546.5
2018-08-17 11:16:22,753 INFO [default] #sv = 4087
2018-08-17 11:16:22,912 INFO [default] #total unique sv = 4087
2018-08-17 11:16:22,950 INFO [default] training finished
Training Total Time: 48.2120409012
2018-08-17 11:16:23,411 INFO [default] #instances = 100000, #features = 25
Predict Total Time: 0.528846979141
2018-08-17 11:16:23,941 INFO [default] #instances = 100000, #features = 25
acc test score is  0.54961
MES=  0.45039
Confusion matrix=  [[26757 25053]
 [19986 28204]]
2018-08-17 11:16:27,846 INFO [default] #instances = 900000, #features = 25
2018-08-17 11:16:27,915 INFO [default] #classes = 2
2018-08-17 11:16:28,277 INFO [default] working set size = 1024
2018-08-17 11:16:28,301 INFO [default] training start
2018-08-17 11:16:29,340 INFO [default] global iter = 0, total local iter = 102401, diff = 2
2018-08-17 11:16:46,611 INFO [default] global iter = 100, total local iter = 1083309, diff = 265719
2018-08-17 11:17:01,161 INFO [default] global iter = 200, total local iter = 1722825, diff = 2.36989e+06
2018-08-17 11:17:25,768 INFO [default] global iter = 287, total local iter = 3534621, diff = 182921
2018-08-17 11:17:25,769 INFO [default] training finished
2018-08-17 11:17:25,770 INFO [default] obj = -1.72255e+08
2018-08-17 11:17:25,788 INFO [default] rho = 4337.34
2018-08-17 11:17:25,789 INFO [default] #sv = 9473
2018-08-17 11:17:25,949 INFO [default] #total unique sv = 9473
2018-08-17 11:17:25,988 INFO [default] training finished
Training Total Time: 61.9115941525
2018-08-17 11:17:26,479 INFO [default] #instances = 100000, #features = 25
Predict Total Time: 0.685820817947
2018-08-17 11:17:27,164 INFO [default] #instances = 100000, #features = 25
acc test score is  0.49377
MES=  0.50623
Confusion matrix=  [[25721 26089]
 [24534 23656]]
2018-08-17 11:17:31,220 INFO [default] #instances = 900000, #features = 25
2018-08-17 11:17:31,283 INFO [default] #classes = 2
2018-08-17 11:17:31,645 INFO [default] working set size = 1024
2018-08-17 11:17:31,668 INFO [default] training start
2018-08-17 11:17:32,706 INFO [default] global iter = 0, total local iter = 102401, diff = 2
2018-08-17 11:18:02,381 INFO [default] global iter = 76, total local iter = 2654915, diff = 157902
2018-08-17 11:18:02,381 INFO [default] training finished
2018-08-17 11:18:02,382 INFO [default] obj = -5.67364e+06
2018-08-17 11:18:02,400 INFO [default] rho = -23183.8
2018-08-17 11:18:02,401 INFO [default] #sv = 1411
2018-08-17 11:18:02,559 INFO [default] #total unique sv = 1411
2018-08-17 11:18:02,598 INFO [default] training finished
Training Total Time: 35.1067180634
2018-08-17 11:18:03,046 INFO [default] #instances = 100000, #features = 25
Predict Total Time: 0.474022865295
2018-08-17 11:18:03,521 INFO [default] #instances = 100000, #features = 25
acc test score is  0.61317
MES=  0.38683
Confusion matrix=  [[27367 24443]
 [14240 33950]]
2018-08-17 11:18:07,417 INFO [default] #instances = 900000, #features = 25
2018-08-17 11:18:07,480 INFO [default] #classes = 2
2018-08-17 11:18:07,861 INFO [default] working set size = 1024
2018-08-17 11:18:07,884 INFO [default] training start
2018-08-17 11:18:08,906 INFO [default] global iter = 0, total local iter = 102401, diff = 2
2018-08-17 11:18:26,862 INFO [default] global iter = 100, total local iter = 1167492, diff = 155441
2018-08-17 11:18:47,210 INFO [default] global iter = 200, total local iter = 2407074, diff = 72274.5
2018-08-17 11:18:57,756 INFO [default] global iter = 210, total local iter = 3431084, diff = 72274.5
2018-08-17 11:18:57,756 INFO [default] training finished
2018-08-17 11:18:57,758 INFO [default] obj = -4.34163e+07
2018-08-17 11:18:57,776 INFO [default] rho = -40976
2018-08-17 11:18:57,777 INFO [default] #sv = 3939
2018-08-17 11:18:57,935 INFO [default] #total unique sv = 3939
2018-08-17 11:18:57,974 INFO [default] training finished
Training Total Time: 54.345220089
2018-08-17 11:18:58,440 INFO [default] #instances = 100000, #features = 25
Predict Total Time: 0.549986839294
2018-08-17 11:18:58,985 INFO [default] #instances = 100000, #features = 25
acc test score is  0.55279
MES=  0.44721
Confusion matrix=  [[27712 24098]
 [20623 27567]]
2018-08-17 11:19:02,935 INFO [default] #instances = 900001, #features = 25
2018-08-17 11:19:02,999 INFO [default] #classes = 2
2018-08-17 11:19:03,382 INFO [default] working set size = 1024
2018-08-17 11:19:03,404 INFO [default] training start
2018-08-17 11:19:04,437 INFO [default] global iter = 0, total local iter = 102401, diff = 2
2018-08-17 11:19:20,685 INFO [default] global iter = 23, total local iter = 1642328, diff = 10011.4
2018-08-17 11:19:20,685 INFO [default] training finished
2018-08-17 11:19:20,687 INFO [default] obj = -35877.9
2018-08-17 11:19:20,704 INFO [default] rho = -2523.56
2018-08-17 11:19:20,705 INFO [default] #sv = 193
2018-08-17 11:19:20,863 INFO [default] #total unique sv = 193
2018-08-17 11:19:20,902 INFO [default] training finished
Training Total Time: 21.7241098881
2018-08-17 11:19:21,349 INFO [default] #instances = 99999, #features = 25
Predict Total Time: 0.449630975723
2018-08-17 11:19:21,799 INFO [default] #instances = 99999, #features = 25
acc test score is  0.6565965659656596
MES=  0.3434034340343403
Confusion matrix=  [[33912 17897]
 [16443 31747]]
2018-08-17 11:19:25,626 INFO [default] #instances = 900001, #features = 25
2018-08-17 11:19:25,689 INFO [default] #classes = 2
2018-08-17 11:19:26,050 INFO [default] working set size = 1024
2018-08-17 11:19:26,071 INFO [default] training start
2018-08-17 11:19:27,093 INFO [default] global iter = 0, total local iter = 102401, diff = 2
2018-08-17 11:19:47,796 INFO [default] global iter = 100, total local iter = 1479560, diff = 197265
2018-08-17 11:20:09,831 INFO [default] global iter = 175, total local iter = 3142721, diff = 1.0054e+06
2018-08-17 11:20:09,831 INFO [default] training finished
2018-08-17 11:20:09,833 INFO [default] obj = -1.12186e+08
2018-08-17 11:20:09,845 INFO [default] rho = -118243
2018-08-17 11:20:09,846 INFO [default] #sv = 6956
2018-08-17 11:20:10,005 INFO [default] #total unique sv = 6956
2018-08-17 11:20:10,044 INFO [default] training finished
Training Total Time: 48.1776218414
2018-08-17 11:20:10,524 INFO [default] #instances = 99999, #features = 25
Predict Total Time: 0.621667146683
2018-08-17 11:20:11,145 INFO [default] #instances = 99999, #features = 25
acc test score is  0.5360553605536056
MES=  0.46394463944639447
Confusion matrix=  [[25480 26329]
 [20065 28125]]
2018-08-17 11:20:15,144 INFO [default] #instances = 900001, #features = 25
2018-08-17 11:20:15,207 INFO [default] #classes = 2
2018-08-17 11:20:15,579 INFO [default] working set size = 1024
2018-08-17 11:20:15,601 INFO [default] training start
2018-08-17 11:20:16,636 INFO [default] global iter = 0, total local iter = 102401, diff = 2
2018-08-17 11:20:38,110 INFO [default] global iter = 100, total local iter = 1568817, diff = 124291
2018-08-17 11:20:51,671 INFO [default] global iter = 200, total local iter = 2097783, diff = 483119
2018-08-17 11:21:03,330 INFO [default] global iter = 300, total local iter = 2399807, diff = 335661
2018-08-17 11:21:13,933 INFO [default] global iter = 400, total local iter = 2579383, diff = 238353
2018-08-17 11:21:24,258 INFO [default] global iter = 500, total local iter = 2719113, diff = 138458
2018-08-17 11:21:36,104 INFO [default] global iter = 600, total local iter = 3010294, diff = 251689
2018-08-17 11:21:48,351 INFO [default] global iter = 700, total local iter = 3345048, diff = 588614
2018-08-17 11:22:16,861 INFO [default] global iter = 782, total local iter = 5558981, diff = 123488
2018-08-17 11:22:16,861 INFO [default] training finished
2018-08-17 11:22:16,863 INFO [default] obj = -9.04794e+08
2018-08-17 11:22:16,875 INFO [default] rho = -222116
2018-08-17 11:22:16,876 INFO [default] #sv = 26335
2018-08-17 11:22:17,039 INFO [default] #total unique sv = 26335
2018-08-17 11:22:17,078 INFO [default] training finished
Training Total Time: 125.794888973
2018-08-17 11:22:17,655 INFO [default] #instances = 99999, #features = 25
Predict Total Time: 1.14556002617
2018-08-17 11:22:18,801 INFO [default] #instances = 99999, #features = 25
acc test score is  0.5032050320503205
MES=  0.4967949679496795
Confusion matrix=  [[25330 26479]
 [23200 24990]]
Total Time: 566.162848949
56.37% (+/- 4.93%)
