2018-08-17 15:09:27,853 INFO [default] #instances = 899999, #features = 25
2018-08-17 15:09:27,964 INFO [default] #classes = 2
2018-08-17 15:09:28,541 INFO [default] working set size = 1024
2018-08-17 15:09:28,563 INFO [default] training start
2018-08-17 15:09:29,782 INFO [default] global iter = 0, total local iter = 102401, diff = 2
2018-08-17 15:09:52,929 INFO [default] global iter = 39, total local iter = 2294441, diff = 79579.1
2018-08-17 15:09:52,929 INFO [default] training finished
2018-08-17 15:09:52,930 INFO [default] obj = -439134
2018-08-17 15:09:52,959 INFO [default] rho = 22626.8
2018-08-17 15:09:52,960 INFO [default] #sv = 373
2018-08-17 15:09:53,148 INFO [default] #total unique sv = 373
2018-08-17 15:09:53,190 INFO [default] training finished
Training Total Time: 29.2655329704
2018-08-17 15:09:53,651 INFO [default] #instances = 100001, #features = 25
Predict Total Time: 0.47385597229
2018-08-17 15:09:54,132 INFO [default] #instances = 100001, #features = 25
acc test score is  0.27543724562754374
MES=  0.7245627543724563
Confusion matrix=  [[24199 27611]
 [44846  3345]]
2018-08-17 15:09:58,051 INFO [default] #instances = 899999, #features = 25
2018-08-17 15:09:58,162 INFO [default] #classes = 2
2018-08-17 15:09:58,568 INFO [default] working set size = 1024
2018-08-17 15:09:58,589 INFO [default] training start
2018-08-17 15:09:59,627 INFO [default] global iter = 0, total local iter = 102401, diff = 2
2018-08-17 15:10:22,008 INFO [default] global iter = 100, total local iter = 1646103, diff = 1.04257e+06
2018-08-17 15:10:36,227 INFO [default] global iter = 200, total local iter = 2242057, diff = 100329
2018-08-17 15:10:54,033 INFO [default] global iter = 234, total local iter = 3815551, diff = 86932.1
2018-08-17 15:10:54,033 INFO [default] training finished
2018-08-17 15:10:54,035 INFO [default] obj = -1.1594e+08
2018-08-17 15:10:54,055 INFO [default] rho = -35655.4
2018-08-17 15:10:54,056 INFO [default] #sv = 7494
2018-08-17 15:10:54,226 INFO [default] #total unique sv = 7494
2018-08-17 15:10:54,266 INFO [default] training finished
Training Total Time: 60.0460910797
2018-08-17 15:10:54,748 INFO [default] #instances = 100001, #features = 25
Predict Total Time: 0.655429840088
2018-08-17 15:10:55,414 INFO [default] #instances = 100001, #features = 25
acc test score is  0.5176448235517644
MES=  0.4823551764482355
Confusion matrix=  [[26624 25186]
 [23050 25141]]
2018-08-17 15:10:59,440 INFO [default] #instances = 899999, #features = 25
2018-08-17 15:10:59,503 INFO [default] #classes = 2
2018-08-17 15:10:59,912 INFO [default] working set size = 1024
2018-08-17 15:10:59,933 INFO [default] training start
2018-08-17 15:11:00,972 INFO [default] global iter = 0, total local iter = 102401, diff = 2
2018-08-17 15:11:19,390 INFO [default] global iter = 19, total local iter = 1916438, diff = 38919.5
2018-08-17 15:11:19,390 INFO [default] training finished
2018-08-17 15:11:19,392 INFO [default] obj = -158504
2018-08-17 15:11:19,412 INFO [default] rho = -15909.9
2018-08-17 15:11:19,413 INFO [default] #sv = 278
2018-08-17 15:11:19,586 INFO [default] #total unique sv = 278
2018-08-17 15:11:19,625 INFO [default] training finished
Training Total Time: 23.9055569172
2018-08-17 15:11:20,067 INFO [default] #instances = 100001, #features = 25
Predict Total Time: 0.460890054703
2018-08-17 15:11:20,533 INFO [default] #instances = 100001, #features = 25
acc test score is  0.8437515624843751
MES=  0.15624843751562484
Confusion matrix=  [[38746 13064]
 [ 2561 45630]]
2018-08-17 15:11:24,357 INFO [default] #instances = 900000, #features = 25
2018-08-17 15:11:24,420 INFO [default] #classes = 2
2018-08-17 15:11:24,787 INFO [default] working set size = 1024
2018-08-17 15:11:24,808 INFO [default] training start
2018-08-17 15:11:25,831 INFO [default] global iter = 0, total local iter = 102401, diff = 2
2018-08-17 15:11:53,097 INFO [default] global iter = 100, total local iter = 2235595, diff = 180687
2018-08-17 15:12:07,879 INFO [default] global iter = 200, total local iter = 2890567, diff = 802873
2018-08-17 15:12:26,744 INFO [default] global iter = 252, total local iter = 4400463, diff = 107619
2018-08-17 15:12:26,744 INFO [default] training finished
2018-08-17 15:12:26,746 INFO [default] obj = -1.74392e+08
2018-08-17 15:12:26,766 INFO [default] rho = -112128
2018-08-17 15:12:26,767 INFO [default] #sv = 9538
2018-08-17 15:12:26,936 INFO [default] #total unique sv = 9538
2018-08-17 15:12:26,975 INFO [default] training finished
Training Total Time: 66.3763709068
2018-08-17 15:12:27,465 INFO [default] #instances = 100000, #features = 25
Predict Total Time: 0.696814775467
2018-08-17 15:12:28,169 INFO [default] #instances = 100000, #features = 25
acc test score is  0.52894
MES=  0.47106
Confusion matrix=  [[26872 24938]
 [22168 26022]]
2018-08-17 15:12:32,234 INFO [default] #instances = 900000, #features = 25
2018-08-17 15:12:32,297 INFO [default] #classes = 2
2018-08-17 15:12:32,660 INFO [default] working set size = 1024
2018-08-17 15:12:32,680 INFO [default] training start
2018-08-17 15:12:33,725 INFO [default] global iter = 0, total local iter = 102401, diff = 2
2018-08-17 15:12:52,336 INFO [default] global iter = 23, total local iter = 1894838, diff = 15218.6
2018-08-17 15:12:52,336 INFO [default] training finished
2018-08-17 15:12:52,338 INFO [default] obj = -762858
2018-08-17 15:12:52,358 INFO [default] rho = -5876.1
2018-08-17 15:12:52,359 INFO [default] #sv = 459
2018-08-17 15:12:52,526 INFO [default] #total unique sv = 459
2018-08-17 15:12:52,565 INFO [default] training finished
Training Total Time: 24.0475008488
2018-08-17 15:12:53,008 INFO [default] #instances = 100000, #features = 25
Predict Total Time: 0.470273971558
2018-08-17 15:12:53,485 INFO [default] #instances = 100000, #features = 25
acc test score is  0.65234
MES=  0.34766
Confusion matrix=  [[28578 23232]
 [11534 36656]]
2018-08-17 15:12:57,335 INFO [default] #instances = 900000, #features = 25
2018-08-17 15:12:57,398 INFO [default] #classes = 2
2018-08-17 15:12:57,761 INFO [default] working set size = 1024
2018-08-17 15:12:57,781 INFO [default] training start
2018-08-17 15:12:58,805 INFO [default] global iter = 0, total local iter = 102401, diff = 2
2018-08-17 15:13:23,980 INFO [default] global iter = 47, total local iter = 2402910, diff = 112434
2018-08-17 15:13:23,980 INFO [default] training finished
2018-08-17 15:13:23,981 INFO [default] obj = -3.4277e+06
2018-08-17 15:13:24,001 INFO [default] rho = -77296.9
2018-08-17 15:13:24,002 INFO [default] #sv = 998
2018-08-17 15:13:24,170 INFO [default] #total unique sv = 998
2018-08-17 15:13:24,209 INFO [default] training finished
Training Total Time: 30.6091639996
2018-08-17 15:13:24,657 INFO [default] #instances = 100000, #features = 25
Predict Total Time: 0.46349811554
2018-08-17 15:13:25,127 INFO [default] #instances = 100000, #features = 25
acc test score is  0.76226
MES=  0.23774
Confusion matrix=  [[32565 19245]
 [ 4529 43661]]
2018-08-17 15:13:28,969 INFO [default] #instances = 900000, #features = 25
2018-08-17 15:13:29,031 INFO [default] #classes = 2
2018-08-17 15:13:29,373 INFO [default] working set size = 1024
2018-08-17 15:13:29,394 INFO [default] training start
2018-08-17 15:13:30,420 INFO [default] global iter = 0, total local iter = 102401, diff = 2
2018-08-17 15:13:49,984 INFO [default] global iter = 100, total local iter = 1325213, diff = 419159
2018-08-17 15:14:02,038 INFO [default] global iter = 200, total local iter = 1687450, diff = 635694
2018-08-17 15:14:14,123 INFO [default] global iter = 300, total local iter = 2033496, diff = 142594
2018-08-17 15:14:34,425 INFO [default] global iter = 341, total local iter = 3802877, diff = 140439
2018-08-17 15:14:34,425 INFO [default] training finished
2018-08-17 15:14:34,427 INFO [default] obj = -1.63569e+08
2018-08-17 15:14:34,439 INFO [default] rho = -20162
2018-08-17 15:14:34,440 INFO [default] #sv = 9416
2018-08-17 15:14:34,603 INFO [default] #total unique sv = 9416
2018-08-17 15:14:34,642 INFO [default] training finished
Training Total Time: 69.4414179325
2018-08-17 15:14:35,139 INFO [default] #instances = 100000, #features = 25
Predict Total Time: 0.748777151108
2018-08-17 15:14:35,890 INFO [default] #instances = 100000, #features = 25
acc test score is  0.51223
MES=  0.48777
Confusion matrix=  [[26967 24843]
 [23934 24256]]
2018-08-17 15:14:40,067 INFO [default] #instances = 900001, #features = 25
2018-08-17 15:14:40,133 INFO [default] #classes = 2
2018-08-17 15:14:40,487 INFO [default] working set size = 1024
2018-08-17 15:14:40,508 INFO [default] training start
2018-08-17 15:14:41,547 INFO [default] global iter = 0, total local iter = 102401, diff = 2
2018-08-17 15:15:01,456 INFO [default] global iter = 100, total local iter = 1390065, diff = 403850
2018-08-17 15:15:13,549 INFO [default] global iter = 200, total local iter = 1759270, diff = 267017
2018-08-17 15:15:34,348 INFO [default] global iter = 244, total local iter = 3566794, diff = 108907
2018-08-17 15:15:34,348 INFO [default] training finished
2018-08-17 15:15:34,350 INFO [default] obj = -1.18036e+08
2018-08-17 15:15:34,361 INFO [default] rho = -71481.9
2018-08-17 15:15:34,362 INFO [default] #sv = 7585
2018-08-17 15:15:34,519 INFO [default] #total unique sv = 7585
2018-08-17 15:15:34,558 INFO [default] training finished
Training Total Time: 58.3070919514
2018-08-17 15:15:35,036 INFO [default] #instances = 99999, #features = 25
Predict Total Time: 0.624747991562
2018-08-17 15:15:35,670 INFO [default] #instances = 99999, #features = 25
acc test score is  0.5190751907519076
MES=  0.4809248092480925
Confusion matrix=  [[25867 25942]
 [22150 26040]]
2018-08-17 15:15:39,666 INFO [default] #instances = 900001, #features = 25
2018-08-17 15:15:39,728 INFO [default] #classes = 2
2018-08-17 15:15:40,089 INFO [default] working set size = 1024
2018-08-17 15:15:40,112 INFO [default] training start
2018-08-17 15:15:41,158 INFO [default] global iter = 0, total local iter = 102401, diff = 2
2018-08-17 15:16:01,619 INFO [default] global iter = 100, total local iter = 1448643, diff = 83877.3
2018-08-17 15:16:15,986 INFO [default] global iter = 200, total local iter = 2067814, diff = 173264
2018-08-17 15:16:37,660 INFO [default] global iter = 300, total local iter = 3432200, diff = 1.10614e+06
2018-08-17 15:16:54,619 INFO [default] global iter = 400, total local iter = 4307594, diff = 324455
2018-08-17 15:17:11,103 INFO [default] global iter = 441, total local iter = 5665472, diff = 263383
2018-08-17 15:17:11,103 INFO [default] training finished
2018-08-17 15:17:11,105 INFO [default] obj = -3.38536e+08
2018-08-17 15:17:11,117 INFO [default] rho = -159040
2018-08-17 15:17:11,118 INFO [default] #sv = 13655
2018-08-17 15:17:11,276 INFO [default] #total unique sv = 13655
2018-08-17 15:17:11,315 INFO [default] training finished
Training Total Time: 95.4362649918
2018-08-17 15:17:11,824 INFO [default] #instances = 99999, #features = 25
Predict Total Time: 0.865860939026
2018-08-17 15:17:12,701 INFO [default] #instances = 99999, #features = 25
acc test score is  0.5063150631506315
MES=  0.4936849368493685
Confusion matrix=  [[24964 26845]
 [22523 25667]]
2018-08-17 15:17:16,984 INFO [default] #instances = 900001, #features = 25
2018-08-17 15:17:17,047 INFO [default] #classes = 2
2018-08-17 15:17:17,410 INFO [default] working set size = 1024
2018-08-17 15:17:17,431 INFO [default] training start
2018-08-17 15:17:18,475 INFO [default] global iter = 0, total local iter = 102401, diff = 2
2018-08-17 15:17:44,443 INFO [default] global iter = 51, total local iter = 2476839, diff = 75163.1
2018-08-17 15:17:44,443 INFO [default] training finished
2018-08-17 15:17:44,445 INFO [default] obj = -1.03693e+06
2018-08-17 15:17:44,457 INFO [default] rho = -3810.27
2018-08-17 15:17:44,458 INFO [default] #sv = 653
2018-08-17 15:17:44,613 INFO [default] #total unique sv = 653
2018-08-17 15:17:44,652 INFO [default] training finished
Training Total Time: 31.4248011112
2018-08-17 15:17:45,098 INFO [default] #instances = 99999, #features = 25
Predict Total Time: 0.461755037308
2018-08-17 15:17:45,571 INFO [default] #instances = 99999, #features = 25
acc test score is  0.43282432824328243
MES=  0.5671756717567176
Confusion matrix=  [[24551 27258]
 [29459 18731]]
Total Time: 502.145871162
55.51% (+/- 15.38%)
