2018-08-17 09:45:45,410 INFO [default] #instances = 899999, #features = 25
2018-08-17 09:45:45,521 INFO [default] #classes = 2
2018-08-17 09:45:46,096 INFO [default] working set size = 1024
2018-08-17 09:45:46,118 INFO [default] training start
2018-08-17 09:45:47,333 INFO [default] global iter = 0, total local iter = 102401, diff = 2
2018-08-17 09:46:12,983 INFO [default] global iter = 100, total local iter = 2043683, diff = 601693
2018-08-17 09:46:27,415 INFO [default] global iter = 200, total local iter = 2670778, diff = 3.61309e+06
2018-08-17 09:46:47,145 INFO [default] global iter = 300, total local iter = 3837621, diff = 6.82784e+06
2018-08-17 09:47:01,187 INFO [default] global iter = 316, total local iter = 5170039, diff = 308610
2018-08-17 09:47:01,187 INFO [default] training finished
2018-08-17 09:47:01,189 INFO [default] obj = -7.55483e+08
2018-08-17 09:47:01,217 INFO [default] rho = -333256
2018-08-17 09:47:01,218 INFO [default] #sv = 11760
2018-08-17 09:47:01,408 INFO [default] #total unique sv = 11760
2018-08-17 09:47:01,451 INFO [default] training finished
Training Total Time: 80.008546114
2018-08-17 09:47:01,965 INFO [default] #instances = 100001, #features = 25
Predict Total Time: 0.826814889908
2018-08-17 09:47:02,792 INFO [default] #instances = 100001, #features = 25
acc test score is  0.5258947410525895
MES=  0.4741052589474105
Confusion matrix=  [[26747 25063]
 [22348 25843]]
2018-08-17 09:47:07,056 INFO [default] #instances = 899999, #features = 25
2018-08-17 09:47:07,166 INFO [default] #classes = 2
2018-08-17 09:47:07,572 INFO [default] working set size = 1024
2018-08-17 09:47:07,594 INFO [default] training start
2018-08-17 09:47:08,622 INFO [default] global iter = 0, total local iter = 102401, diff = 2
2018-08-17 09:47:29,522 INFO [default] global iter = 100, total local iter = 1496729, diff = 271556
2018-08-17 09:47:59,910 INFO [default] global iter = 197, total local iter = 3840285, diff = 635034
2018-08-17 09:47:59,910 INFO [default] training finished
2018-08-17 09:47:59,912 INFO [default] obj = -3.60602e+08
2018-08-17 09:47:59,932 INFO [default] rho = -478757
2018-08-17 09:47:59,933 INFO [default] #sv = 8382
2018-08-17 09:48:00,098 INFO [default] #total unique sv = 8382
2018-08-17 09:48:00,137 INFO [default] training finished
Training Total Time: 56.8984370232
2018-08-17 09:48:00,622 INFO [default] #instances = 100001, #features = 25
Predict Total Time: 0.659275054932
2018-08-17 09:48:01,282 INFO [default] #instances = 100001, #features = 25
acc test score is  0.5585944140558594
MES=  0.44140558594414053
Confusion matrix=  [[26440 25370]
 [18771 29420]]
2018-08-17 09:48:05,345 INFO [default] #instances = 899999, #features = 25
2018-08-17 09:48:05,409 INFO [default] #classes = 2
2018-08-17 09:48:05,791 INFO [default] working set size = 1024
2018-08-17 09:48:05,812 INFO [default] training start
2018-08-17 09:48:06,851 INFO [default] global iter = 0, total local iter = 102401, diff = 2
2018-08-17 09:48:24,398 INFO [default] global iter = 100, total local iter = 1108397, diff = 308528
2018-08-17 09:48:46,807 INFO [default] global iter = 200, total local iter = 2576523, diff = 673522
2018-08-17 09:48:57,754 INFO [default] global iter = 300, total local iter = 2799359, diff = 1.6208e+06
2018-08-17 09:49:10,464 INFO [default] global iter = 400, total local iter = 3200122, diff = 485452
2018-08-17 09:49:25,697 INFO [default] global iter = 500, total local iter = 3880494, diff = 775997
2018-08-17 09:49:40,976 INFO [default] global iter = 519, total local iter = 5321462, diff = 795485
2018-08-17 09:49:40,977 INFO [default] training finished
2018-08-17 09:49:40,978 INFO [default] obj = -1.20303e+09
2018-08-17 09:49:40,998 INFO [default] rho = -246401
2018-08-17 09:49:40,999 INFO [default] #sv = 16784
2018-08-17 09:49:41,165 INFO [default] #total unique sv = 16784
2018-08-17 09:49:41,204 INFO [default] training finished
Training Total Time: 99.6953709126
2018-08-17 09:49:41,730 INFO [default] #instances = 100001, #features = 25
Predict Total Time: 0.869065999985
2018-08-17 09:49:42,595 INFO [default] #instances = 100001, #features = 25
acc test score is  0.5204847951520485
MES=  0.4795152048479515
Confusion matrix=  [[26548 25262]
 [22690 25501]]
2018-08-17 09:49:46,867 INFO [default] #instances = 900000, #features = 25
2018-08-17 09:49:46,930 INFO [default] #classes = 2
2018-08-17 09:49:47,296 INFO [default] working set size = 1024
2018-08-17 09:49:47,318 INFO [default] training start
2018-08-17 09:49:48,359 INFO [default] global iter = 0, total local iter = 102401, diff = 2
2018-08-17 09:50:13,461 INFO [default] global iter = 100, total local iter = 1967595, diff = 287828
2018-08-17 09:50:32,120 INFO [default] global iter = 200, total local iter = 3054885, diff = 4.73999e+06
2018-08-17 09:50:51,990 INFO [default] global iter = 235, total local iter = 4853186, diff = 608001
2018-08-17 09:50:51,990 INFO [default] training finished
2018-08-17 09:50:51,992 INFO [default] obj = -2.80296e+08
2018-08-17 09:50:52,012 INFO [default] rho = -51955.3
2018-08-17 09:50:52,013 INFO [default] #sv = 7439
2018-08-17 09:50:52,175 INFO [default] #total unique sv = 7439
2018-08-17 09:50:52,215 INFO [default] training finished
Training Total Time: 69.1306788921
2018-08-17 09:50:52,695 INFO [default] #instances = 100000, #features = 25
Predict Total Time: 0.620229005814
2018-08-17 09:50:53,314 INFO [default] #instances = 100000, #features = 25
acc test score is  0.50578
MES=  0.49422
Confusion matrix=  [[25498 26312]
 [23110 25080]]
2018-08-17 09:50:57,340 INFO [default] #instances = 900000, #features = 25
2018-08-17 09:50:57,403 INFO [default] #classes = 2
2018-08-17 09:50:57,766 INFO [default] working set size = 1024
2018-08-17 09:50:57,787 INFO [default] training start
2018-08-17 09:50:58,834 INFO [default] global iter = 0, total local iter = 102401, diff = 2
2018-08-17 09:51:29,314 INFO [default] global iter = 100, total local iter = 2524428, diff = 281912
2018-08-17 09:51:33,513 INFO [default] global iter = 104, total local iter = 2934032, diff = 281912
2018-08-17 09:51:33,513 INFO [default] training finished
2018-08-17 09:51:33,515 INFO [default] obj = -4.49279e+07
2018-08-17 09:51:33,535 INFO [default] rho = -92272.3
2018-08-17 09:51:33,536 INFO [default] #sv = 2506
2018-08-17 09:51:33,697 INFO [default] #total unique sv = 2506
2018-08-17 09:51:33,736 INFO [default] training finished
Training Total Time: 40.1618418694
2018-08-17 09:51:34,191 INFO [default] #instances = 100000, #features = 25
Predict Total Time: 0.51677107811
2018-08-17 09:51:34,708 INFO [default] #instances = 100000, #features = 25
acc test score is  0.58881
MES=  0.41119
Confusion matrix=  [[27032 24778]
 [16341 31849]]
2018-08-17 09:51:38,603 INFO [default] #instances = 900000, #features = 25
2018-08-17 09:51:38,666 INFO [default] #classes = 2
2018-08-17 09:51:39,048 INFO [default] working set size = 1024
2018-08-17 09:51:39,070 INFO [default] training start
2018-08-17 09:51:40,093 INFO [default] global iter = 0, total local iter = 102401, diff = 2
2018-08-17 09:52:11,128 INFO [default] global iter = 100, total local iter = 2644385, diff = 229687
2018-08-17 09:52:26,486 INFO [default] global iter = 200, total local iter = 3373951, diff = 2.44607e+06
2018-08-17 09:52:38,461 INFO [default] global iter = 300, total local iter = 3726670, diff = 1.34288e+06
2018-08-17 09:52:52,444 INFO [default] global iter = 400, total local iter = 4275028, diff = 2.54125e+06
2018-08-17 09:53:13,767 INFO [default] global iter = 462, total local iter = 5955465, diff = 581619
2018-08-17 09:53:13,767 INFO [default] training finished
2018-08-17 09:53:13,768 INFO [default] obj = -1.07975e+09
2018-08-17 09:53:13,788 INFO [default] rho = -178473
2018-08-17 09:53:13,789 INFO [default] #sv = 16075
2018-08-17 09:53:13,952 INFO [default] #total unique sv = 16075
2018-08-17 09:53:13,991 INFO [default] training finished
Training Total Time: 99.1972849369
2018-08-17 09:53:14,517 INFO [default] #instances = 100000, #features = 25
Predict Total Time: 0.83548116684
2018-08-17 09:53:15,351 INFO [default] #instances = 100000, #features = 25
acc test score is  0.52283
MES=  0.47717
Confusion matrix=  [[26546 25264]
 [22453 25737]]
2018-08-17 09:53:19,569 INFO [default] #instances = 900000, #features = 25
2018-08-17 09:53:19,632 INFO [default] #classes = 2
2018-08-17 09:53:20,013 INFO [default] working set size = 1024
2018-08-17 09:53:20,037 INFO [default] training start
2018-08-17 09:53:21,078 INFO [default] global iter = 0, total local iter = 102401, diff = 2
2018-08-17 09:53:41,866 INFO [default] global iter = 100, total local iter = 1483831, diff = 242236
2018-08-17 09:53:56,915 INFO [default] global iter = 200, total local iter = 2183883, diff = 434805
2018-08-17 09:54:10,446 INFO [default] global iter = 300, total local iter = 2696135, diff = 8.42247e+06
2018-08-17 09:54:25,112 INFO [default] global iter = 400, total local iter = 3329058, diff = 6.19652e+06
2018-08-17 09:54:39,452 INFO [default] global iter = 500, total local iter = 3913072, diff = 557207
2018-08-17 09:54:53,254 INFO [default] global iter = 600, total local iter = 4422843, diff = 2.03436e+06
2018-08-17 09:55:04,320 INFO [default] global iter = 700, total local iter = 4626864, diff = 428611
2018-08-17 09:55:17,516 INFO [default] global iter = 800, total local iter = 5057937, diff = 556875
2018-08-17 09:55:33,364 INFO [default] global iter = 900, total local iter = 5768388, diff = 494085
2018-08-17 09:55:47,718 INFO [default] global iter = 1000, total local iter = 6315424, diff = 1.8712e+06
2018-08-17 09:55:47,724 INFO [default] global iter = 1000, total local iter = 6315424, diff = 1.8712e+06
2018-08-17 09:55:47,724 INFO [default] training finished
2018-08-17 09:55:47,725 INFO [default] obj = -2.52735e+09
2018-08-17 09:55:47,745 INFO [default] rho = -996937
2018-08-17 09:55:47,746 INFO [default] #sv = 27856
2018-08-17 09:55:47,911 INFO [default] #total unique sv = 27856
2018-08-17 09:55:47,951 INFO [default] training finished
Training Total Time: 152.254366875
2018-08-17 09:55:48,530 INFO [default] #instances = 100000, #features = 25
Predict Total Time: 1.22909116745
2018-08-17 09:55:49,759 INFO [default] #instances = 100000, #features = 25
acc test score is  0.53078
MES=  0.46922
Confusion matrix=  [[27598 24212]
 [22710 25480]]
2018-08-17 09:55:54,439 INFO [default] #instances = 900001, #features = 25
2018-08-17 09:55:54,502 INFO [default] #classes = 2
2018-08-17 09:55:54,887 INFO [default] working set size = 1024
2018-08-17 09:55:54,912 INFO [default] training start
2018-08-17 09:55:55,951 INFO [default] global iter = 0, total local iter = 102401, diff = 2
2018-08-17 09:56:23,387 INFO [default] global iter = 64, total local iter = 2502689, diff = 282798
2018-08-17 09:56:23,387 INFO [default] training finished
2018-08-17 09:56:23,389 INFO [default] obj = -5.12845e+07
2018-08-17 09:56:23,411 INFO [default] rho = -103187
2018-08-17 09:56:23,412 INFO [default] #sv = 2529
2018-08-17 09:56:23,574 INFO [default] #total unique sv = 2529
2018-08-17 09:56:23,613 INFO [default] training finished
Training Total Time: 32.9677488804
2018-08-17 09:56:24,067 INFO [default] #instances = 99999, #features = 25
Predict Total Time: 0.50300693512
2018-08-17 09:56:24,570 INFO [default] #instances = 99999, #features = 25
acc test score is  0.5787457874578745
MES=  0.4212542125421254
Confusion matrix=  [[28065 23744]
 [18381 29809]]
2018-08-17 09:56:28,443 INFO [default] #instances = 900001, #features = 25
2018-08-17 09:56:28,506 INFO [default] #classes = 2
2018-08-17 09:56:28,876 INFO [default] working set size = 1024
2018-08-17 09:56:28,901 INFO [default] training start
2018-08-17 09:56:29,925 INFO [default] global iter = 0, total local iter = 102401, diff = 2
2018-08-17 09:56:47,752 INFO [default] global iter = 21, total local iter = 1843681, diff = 40944.7
2018-08-17 09:56:47,752 INFO [default] training finished
2018-08-17 09:56:47,753 INFO [default] obj = -54033.8
2018-08-17 09:56:47,776 INFO [default] rho = 8925.49
2018-08-17 09:56:47,777 INFO [default] #sv = 176
2018-08-17 09:56:47,936 INFO [default] #total unique sv = 176
2018-08-17 09:56:47,975 INFO [default] training finished
Training Total Time: 23.2563209534
2018-08-17 09:56:48,430 INFO [default] #instances = 99999, #features = 25
Predict Total Time: 0.470219135284
2018-08-17 09:56:48,890 INFO [default] #instances = 99999, #features = 25
acc test score is  0.3499834998349983
MES=  0.6500165001650017
Confusion matrix=  [[30246 21563]
 [43438  4752]]
2018-08-17 09:56:52,771 INFO [default] #instances = 900001, #features = 25
2018-08-17 09:56:52,834 INFO [default] #classes = 2
2018-08-17 09:56:53,214 INFO [default] working set size = 1024
2018-08-17 09:56:53,238 INFO [default] training start
2018-08-17 09:56:54,284 INFO [default] global iter = 0, total local iter = 102401, diff = 2
2018-08-17 09:57:14,213 INFO [default] global iter = 100, total local iter = 1371210, diff = 588578
2018-08-17 09:57:27,331 INFO [default] global iter = 200, total local iter = 1857094, diff = 465604
2018-08-17 09:57:38,707 INFO [default] global iter = 300, total local iter = 2141625, diff = 965169
2018-08-17 09:57:55,735 INFO [default] global iter = 400, total local iter = 3023821, diff = 639977
2018-08-17 09:58:06,555 INFO [default] global iter = 500, total local iter = 3224672, diff = 1.04218e+06
2018-08-17 09:58:18,225 INFO [default] global iter = 600, total local iter = 3497192, diff = 2.20118e+06
2018-08-17 09:58:31,383 INFO [default] global iter = 700, total local iter = 3941081, diff = 1.40971e+06
2018-08-17 09:58:43,718 INFO [default] global iter = 800, total local iter = 4268901, diff = 3.81701e+06
2018-08-17 09:58:55,872 INFO [default] global iter = 900, total local iter = 4570371, diff = 538888
2018-08-17 09:59:08,558 INFO [default] global iter = 1000, total local iter = 4909517, diff = 856934
2018-08-17 09:59:08,564 INFO [default] global iter = 1000, total local iter = 4909517, diff = 856934
2018-08-17 09:59:08,564 INFO [default] training finished
2018-08-17 09:59:08,565 INFO [default] obj = -2.82567e+09
2018-08-17 09:59:08,582 INFO [default] rho = -916114
2018-08-17 09:59:08,583 INFO [default] #sv = 32745
2018-08-17 09:59:08,748 INFO [default] #total unique sv = 32745
2018-08-17 09:59:08,788 INFO [default] training finished
Training Total Time: 139.952660084
2018-08-17 09:59:09,396 INFO [default] #instances = 99999, #features = 25
Predict Total Time: 1.52685785294
2018-08-17 09:59:10,954 INFO [default] #instances = 99999, #features = 25
acc test score is  0.5065950659506595
MES=  0.4934049340493405
Confusion matrix=  [[25932 25877]
 [23463 24727]]
Total Time: 811.043910027
51.88% (+/- 6.25%)
