2018-08-17 15:41:10,318 INFO [default] #instances = 899999, #features = 25
2018-08-17 15:41:10,429 INFO [default] #classes = 2
2018-08-17 15:41:11,014 INFO [default] working set size = 1024
2018-08-17 15:41:11,041 INFO [default] training start
2018-08-17 15:41:12,258 INFO [default] global iter = 0, total local iter = 102401, diff = 2
2018-08-17 15:41:45,005 INFO [default] global iter = 100, total local iter = 2822472, diff = 598585
2018-08-17 15:42:06,772 INFO [default] global iter = 200, total local iter = 4248516, diff = 3.67315e+06
2018-08-17 15:42:34,194 INFO [default] global iter = 300, total local iter = 6250028, diff = 624433
2018-08-17 15:43:00,550 INFO [default] global iter = 400, total local iter = 8129303, diff = 2.41947e+06
2018-08-17 15:43:17,615 INFO [default] global iter = 417, total local iter = 9768107, diff = 272985
2018-08-17 15:43:17,615 INFO [default] training finished
2018-08-17 15:43:17,617 INFO [default] obj = -6.73801e+08
2018-08-17 15:43:17,646 INFO [default] rho = -191081
2018-08-17 15:43:17,646 INFO [default] #sv = 11479
2018-08-17 15:43:17,836 INFO [default] #total unique sv = 11479
2018-08-17 15:43:17,879 INFO [default] training finished
Training Total Time: 131.532873869
2018-08-17 15:43:18,393 INFO [default] #instances = 100001, #features = 25
Predict Total Time: 0.831524133682
2018-08-17 15:43:19,225 INFO [default] #instances = 100001, #features = 25
acc test score is  0.5175548244517555
MES=  0.4824451755482445
Confusion matrix=  [[26478 25332]
 [22913 25278]]
2018-08-17 15:43:23,491 INFO [default] #instances = 899999, #features = 25
2018-08-17 15:43:23,602 INFO [default] #classes = 2
2018-08-17 15:43:24,017 INFO [default] working set size = 1024
2018-08-17 15:43:24,039 INFO [default] training start
2018-08-17 15:43:25,085 INFO [default] global iter = 0, total local iter = 102401, diff = 2
2018-08-17 15:43:47,313 INFO [default] global iter = 38, total local iter = 2188507, diff = 197677
2018-08-17 15:43:47,313 INFO [default] training finished
2018-08-17 15:43:47,315 INFO [default] obj = -2.59e+06
2018-08-17 15:43:47,341 INFO [default] rho = -113514
2018-08-17 15:43:47,342 INFO [default] #sv = 552
2018-08-17 15:43:47,515 INFO [default] #total unique sv = 552
2018-08-17 15:43:47,556 INFO [default] training finished
Training Total Time: 27.8529419899
2018-08-17 15:43:48,007 INFO [default] #instances = 100001, #features = 25
Predict Total Time: 0.47253704071
2018-08-17 15:43:48,479 INFO [default] #instances = 100001, #features = 25
acc test score is  0.7624523754762452
MES=  0.23754762452375477
Confusion matrix=  [[31168 20642]
 [ 3113 45078]]
2018-08-17 15:43:52,342 INFO [default] #instances = 899999, #features = 25
2018-08-17 15:43:52,409 INFO [default] #classes = 2
2018-08-17 15:43:52,794 INFO [default] working set size = 1024
2018-08-17 15:43:52,816 INFO [default] training start
2018-08-17 15:43:53,841 INFO [default] global iter = 0, total local iter = 102401, diff = 2
2018-08-17 15:44:24,360 INFO [default] global iter = 100, total local iter = 2585086, diff = 270223
2018-08-17 15:44:45,327 INFO [default] global iter = 147, total local iter = 4397627, diff = 320574
2018-08-17 15:44:45,327 INFO [default] training finished
2018-08-17 15:44:45,329 INFO [default] obj = -9.97845e+07
2018-08-17 15:44:45,351 INFO [default] rho = 11094.6
2018-08-17 15:44:45,352 INFO [default] #sv = 4208
2018-08-17 15:44:45,520 INFO [default] #total unique sv = 4208
2018-08-17 15:44:45,559 INFO [default] training finished
Training Total Time: 56.9788639545
2018-08-17 15:44:46,023 INFO [default] #instances = 100001, #features = 25
Predict Total Time: 0.565641880035
2018-08-17 15:44:46,589 INFO [default] #instances = 100001, #features = 25
acc test score is  0.4925750742492575
MES=  0.5074249257507425
Confusion matrix=  [[25448 26362]
 [24381 23810]]
2018-08-17 15:44:50,544 INFO [default] #instances = 900000, #features = 25
2018-08-17 15:44:50,607 INFO [default] #classes = 2
2018-08-17 15:44:50,970 INFO [default] working set size = 1024
2018-08-17 15:44:50,992 INFO [default] training start
2018-08-17 15:44:52,037 INFO [default] global iter = 0, total local iter = 102401, diff = 2
2018-08-17 15:45:19,865 INFO [default] global iter = 100, total local iter = 2294389, diff = 578754
2018-08-17 15:45:42,458 INFO [default] global iter = 171, total local iter = 4049553, diff = 1.55442e+06
2018-08-17 15:45:42,458 INFO [default] training finished
2018-08-17 15:45:42,460 INFO [default] obj = -1.81896e+08
2018-08-17 15:45:42,478 INFO [default] rho = -56201.5
2018-08-17 15:45:42,479 INFO [default] #sv = 5728
2018-08-17 15:45:42,638 INFO [default] #total unique sv = 5728
2018-08-17 15:45:42,677 INFO [default] training finished
Training Total Time: 55.8926959038
2018-08-17 15:45:43,145 INFO [default] #instances = 100000, #features = 25
Predict Total Time: 0.600248098373
2018-08-17 15:45:43,746 INFO [default] #instances = 100000, #features = 25
acc test score is  0.51206
MES=  0.48794
Confusion matrix=  [[26172 25638]
 [23156 25034]]
2018-08-17 15:45:47,718 INFO [default] #instances = 900000, #features = 25
2018-08-17 15:45:47,781 INFO [default] #classes = 2
2018-08-17 15:45:48,143 INFO [default] working set size = 1024
2018-08-17 15:45:48,165 INFO [default] training start
2018-08-17 15:45:49,206 INFO [default] global iter = 0, total local iter = 102401, diff = 2
2018-08-17 15:46:14,087 INFO [default] global iter = 100, total local iter = 1940277, diff = 140724
2018-08-17 15:46:27,501 INFO [default] global iter = 200, total local iter = 2451622, diff = 2.44284e+06
2018-08-17 15:46:39,830 INFO [default] global iter = 300, total local iter = 2832250, diff = 550097
2018-08-17 15:46:52,195 INFO [default] global iter = 400, total local iter = 3201836, diff = 2.59081e+06
2018-08-17 15:47:06,341 INFO [default] global iter = 500, total local iter = 3757900, diff = 1.92482e+06
2018-08-17 15:47:31,804 INFO [default] global iter = 587, total local iter = 5625772, diff = 829804
2018-08-17 15:47:31,804 INFO [default] training finished
2018-08-17 15:47:31,805 INFO [default] obj = -1.40053e+09
2018-08-17 15:47:31,823 INFO [default] rho = -162994
2018-08-17 15:47:31,824 INFO [default] #sv = 19205
2018-08-17 15:47:31,986 INFO [default] #total unique sv = 19205
2018-08-17 15:47:32,025 INFO [default] training finished
Training Total Time: 108.117551804
2018-08-17 15:47:32,562 INFO [default] #instances = 100000, #features = 25
Predict Total Time: 1.0258910656
2018-08-17 15:47:33,618 INFO [default] #instances = 100000, #features = 25
acc test score is  0.50898
MES=  0.49102
Confusion matrix=  [[26264 25546]
 [23556 24634]]
2018-08-17 15:47:38,056 INFO [default] #instances = 900000, #features = 25
2018-08-17 15:47:38,119 INFO [default] #classes = 2
2018-08-17 15:47:38,498 INFO [default] working set size = 1024
2018-08-17 15:47:38,520 INFO [default] training start
2018-08-17 15:47:39,548 INFO [default] global iter = 0, total local iter = 102401, diff = 2
2018-08-17 15:48:01,410 INFO [default] global iter = 100, total local iter = 1619530, diff = 528370
2018-08-17 15:48:19,715 INFO [default] global iter = 200, total local iter = 2663232, diff = 473788
2018-08-17 15:48:30,787 INFO [default] global iter = 300, total local iter = 2909809, diff = 332445
2018-08-17 15:48:41,526 INFO [default] global iter = 400, total local iter = 3114749, diff = 4.6383e+06
2018-08-17 15:48:52,319 INFO [default] global iter = 500, total local iter = 3316641, diff = 3.11098e+06
2018-08-17 15:49:02,774 INFO [default] global iter = 600, total local iter = 3471476, diff = 1.42634e+06
2018-08-17 15:49:15,410 INFO [default] global iter = 700, total local iter = 3852146, diff = 4.23598e+06
2018-08-17 15:49:27,906 INFO [default] global iter = 800, total local iter = 4207048, diff = 507963
2018-08-17 15:49:41,393 INFO [default] global iter = 900, total local iter = 4671557, diff = 922215
2018-08-17 15:50:02,084 INFO [default] global iter = 959, total local iter = 6288954, diff = 408904
2018-08-17 15:50:02,084 INFO [default] training finished
2018-08-17 15:50:02,086 INFO [default] obj = -2.09006e+09
2018-08-17 15:50:02,104 INFO [default] rho = -700425
2018-08-17 15:50:02,105 INFO [default] #sv = 25062
2018-08-17 15:50:02,268 INFO [default] #total unique sv = 25062
2018-08-17 15:50:02,307 INFO [default] training finished
Training Total Time: 148.118594885
2018-08-17 15:50:02,872 INFO [default] #instances = 100000, #features = 25
Predict Total Time: 1.05629205704
2018-08-17 15:50:03,932 INFO [default] #instances = 100000, #features = 25
acc test score is  0.52304
MES=  0.47696
Confusion matrix=  [[27109 24701]
 [22995 25195]]
2018-08-17 15:50:08,389 INFO [default] #instances = 900000, #features = 25
2018-08-17 15:50:08,453 INFO [default] #classes = 2
2018-08-17 15:50:08,831 INFO [default] working set size = 1024
2018-08-17 15:50:08,857 INFO [default] training start
2018-08-17 15:50:09,897 INFO [default] global iter = 0, total local iter = 102401, diff = 2
2018-08-17 15:50:28,978 INFO [default] global iter = 100, total local iter = 1302549, diff = 272158
2018-08-17 15:50:52,488 INFO [default] global iter = 163, total local iter = 3235852, diff = 570500
2018-08-17 15:50:52,488 INFO [default] training finished
2018-08-17 15:50:52,490 INFO [default] obj = -1.56865e+08
2018-08-17 15:50:52,510 INFO [default] rho = -185423
2018-08-17 15:50:52,511 INFO [default] #sv = 5075
2018-08-17 15:50:52,671 INFO [default] #total unique sv = 5075
2018-08-17 15:50:52,709 INFO [default] training finished
Training Total Time: 48.0799520016
2018-08-17 15:50:53,181 INFO [default] #instances = 100000, #features = 25
Predict Total Time: 0.577169895172
2018-08-17 15:50:53,755 INFO [default] #instances = 100000, #features = 25
acc test score is  0.54584
MES=  0.45416
Confusion matrix=  [[25959 25851]
 [19565 28625]]
2018-08-17 15:50:57,788 INFO [default] #instances = 900001, #features = 25
2018-08-17 15:50:57,851 INFO [default] #classes = 2
2018-08-17 15:50:58,232 INFO [default] working set size = 1024
2018-08-17 15:50:58,259 INFO [default] training start
2018-08-17 15:50:59,300 INFO [default] global iter = 0, total local iter = 102401, diff = 2
2018-08-17 15:51:29,838 INFO [default] global iter = 83, total local iter = 2668049, diff = 284114
2018-08-17 15:51:29,838 INFO [default] training finished
2018-08-17 15:51:29,839 INFO [default] obj = -7.10824e+07
2018-08-17 15:51:29,860 INFO [default] rho = -34855.7
2018-08-17 15:51:29,861 INFO [default] #sv = 3276
2018-08-17 15:51:30,019 INFO [default] #total unique sv = 3276
2018-08-17 15:51:30,058 INFO [default] training finished
Training Total Time: 36.0952651501
2018-08-17 15:51:30,516 INFO [default] #instances = 99999, #features = 25
Predict Total Time: 0.519124031067
2018-08-17 15:51:31,036 INFO [default] #instances = 99999, #features = 25
acc test score is  0.5354753547535476
MES=  0.4645246452464525
Confusion matrix=  [[27115 24694]
 [21758 26432]]
2018-08-17 15:51:34,952 INFO [default] #instances = 900001, #features = 25
2018-08-17 15:51:35,015 INFO [default] #classes = 2
2018-08-17 15:51:35,397 INFO [default] working set size = 1024
2018-08-17 15:51:35,423 INFO [default] training start
2018-08-17 15:51:36,447 INFO [default] global iter = 0, total local iter = 102401, diff = 2
2018-08-17 15:52:00,052 INFO [default] global iter = 100, total local iter = 1821257, diff = 201739
2018-08-17 15:52:17,475 INFO [default] global iter = 200, total local iter = 2768450, diff = 924471
2018-08-17 15:52:32,985 INFO [default] global iter = 232, total local iter = 4120366, diff = 278397
2018-08-17 15:52:32,985 INFO [default] training finished
2018-08-17 15:52:32,987 INFO [default] obj = -2.18224e+08
2018-08-17 15:52:33,008 INFO [default] rho = -82085.2
2018-08-17 15:52:33,009 INFO [default] #sv = 6319
2018-08-17 15:52:33,168 INFO [default] #total unique sv = 6319
2018-08-17 15:52:33,207 INFO [default] training finished
Training Total Time: 62.0307040215
2018-08-17 15:52:33,684 INFO [default] #instances = 99999, #features = 25
Predict Total Time: 0.604923963547
2018-08-17 15:52:34,290 INFO [default] #instances = 99999, #features = 25
acc test score is  0.5045050450504505
MES=  0.4954949549495495
Confusion matrix=  [[25365 26444]
 [23105 25085]]
2018-08-17 15:52:38,279 INFO [default] #instances = 900001, #features = 25
2018-08-17 15:52:38,342 INFO [default] #classes = 2
2018-08-17 15:52:38,723 INFO [default] working set size = 1024
2018-08-17 15:52:38,750 INFO [default] training start
2018-08-17 15:52:39,785 INFO [default] global iter = 0, total local iter = 102401, diff = 2
2018-08-17 15:53:04,415 INFO [default] global iter = 100, total local iter = 1905784, diff = 329429
2018-08-17 15:53:17,193 INFO [default] global iter = 200, total local iter = 2341148, diff = 769627
2018-08-17 15:53:38,435 INFO [default] global iter = 258, total local iter = 4053842, diff = 350969
2018-08-17 15:53:38,435 INFO [default] training finished
2018-08-17 15:53:38,437 INFO [default] obj = -4.6851e+08
2018-08-17 15:53:38,457 INFO [default] rho = -182246
2018-08-17 15:53:38,458 INFO [default] #sv = 9234
2018-08-17 15:53:38,619 INFO [default] #total unique sv = 9234
2018-08-17 15:53:38,658 INFO [default] training finished
Training Total Time: 64.1614990234
2018-08-17 15:53:39,148 INFO [default] #instances = 99999, #features = 25
Predict Total Time: 0.664710044861
2018-08-17 15:53:39,813 INFO [default] #instances = 99999, #features = 25
acc test score is  0.5296652966529666
MES=  0.4703347033470335
Confusion matrix=  [[26395 25414]
 [21619 26571]]
Total Time: 754.123346806
54.32% (+/- 7.46%)
