2018-08-17 07:45:49,966 INFO [default] #instances = 899999, #features = 25
2018-08-17 07:45:50,078 INFO [default] #classes = 2
2018-08-17 07:45:50,654 INFO [default] working set size = 1024
2018-08-17 07:45:50,676 INFO [default] training start
2018-08-17 07:45:51,890 INFO [default] global iter = 0, total local iter = 102401, diff = 2
2018-08-17 07:46:18,003 INFO [default] global iter = 100, total local iter = 2097216, diff = 1.4559e+06
2018-08-17 07:46:43,340 INFO [default] global iter = 169, total local iter = 4149539, diff = 669927
2018-08-17 07:46:43,340 INFO [default] training finished
2018-08-17 07:46:43,342 INFO [default] obj = -2.90788e+08
2018-08-17 07:46:43,370 INFO [default] rho = -403721
2018-08-17 07:46:43,371 INFO [default] #sv = 6104
2018-08-17 07:46:43,558 INFO [default] #total unique sv = 6104
2018-08-17 07:46:43,601 INFO [default] training finished
Training Total Time: 57.5966670513
2018-08-17 07:46:44,092 INFO [default] #instances = 100001, #features = 25
Predict Total Time: 0.638727903366
2018-08-17 07:46:44,727 INFO [default] #instances = 100001, #features = 25
acc test score is  0.5727242727572724
MES=  0.42727572724272755
Confusion matrix=  [[27003 24807]
 [17921 30270]]
2018-08-17 07:46:48,814 INFO [default] #instances = 899999, #features = 25
2018-08-17 07:46:48,924 INFO [default] #classes = 2
2018-08-17 07:46:49,330 INFO [default] working set size = 1024
2018-08-17 07:46:49,351 INFO [default] training start
2018-08-17 07:46:50,382 INFO [default] global iter = 0, total local iter = 102401, diff = 2
2018-08-17 07:47:07,143 INFO [default] global iter = 100, total local iter = 1016544, diff = 525542
2018-08-17 07:47:23,185 INFO [default] global iter = 200, total local iter = 1825039, diff = 864015
2018-08-17 07:47:40,243 INFO [default] global iter = 300, total local iter = 2716410, diff = 1.92473e+06
2018-08-17 07:47:57,407 INFO [default] global iter = 400, total local iter = 3606330, diff = 1.04077e+07
2018-08-17 07:48:09,401 INFO [default] global iter = 500, total local iter = 3924883, diff = 494009
2018-08-17 07:48:20,079 INFO [default] global iter = 600, total local iter = 4092410, diff = 6.58435e+06
2018-08-17 07:48:31,760 INFO [default] global iter = 700, total local iter = 4354954, diff = 840025
2018-08-17 07:48:44,961 INFO [default] global iter = 800, total local iter = 4780486, diff = 2.11325e+06
2018-08-17 07:49:08,180 INFO [default] global iter = 871, total local iter = 6543260, diff = 1.08565e+06
2018-08-17 07:49:08,180 INFO [default] training finished
2018-08-17 07:49:08,182 INFO [default] obj = -2.34947e+09
2018-08-17 07:49:08,202 INFO [default] rho = -521986
2018-08-17 07:49:08,203 INFO [default] #sv = 24417
2018-08-17 07:49:08,365 INFO [default] #total unique sv = 24417
2018-08-17 07:49:08,405 INFO [default] training finished
Training Total Time: 143.509518147
2018-08-17 07:49:08,978 INFO [default] #instances = 100001, #features = 25
Predict Total Time: 1.11433696747
2018-08-17 07:49:10,093 INFO [default] #instances = 100001, #features = 25
acc test score is  0.5154148458515415
MES=  0.48458515414845854
Confusion matrix=  [[26884 24926]
 [23533 24658]]
2018-08-17 07:49:14,655 INFO [default] #instances = 899999, #features = 25
2018-08-17 07:49:14,724 INFO [default] #classes = 2
2018-08-17 07:49:15,121 INFO [default] working set size = 1024
2018-08-17 07:49:15,143 INFO [default] training start
2018-08-17 07:49:16,189 INFO [default] global iter = 0, total local iter = 102401, diff = 2
2018-08-17 07:49:44,883 INFO [default] global iter = 100, total local iter = 2388084, diff = 421198
2018-08-17 07:50:10,507 INFO [default] global iter = 180, total local iter = 4403291, diff = 309774
2018-08-17 07:50:10,507 INFO [default] training finished
2018-08-17 07:50:10,508 INFO [default] obj = -1.93098e+08
2018-08-17 07:50:10,528 INFO [default] rho = -18695.6
2018-08-17 07:50:10,529 INFO [default] #sv = 5155
2018-08-17 07:50:10,693 INFO [default] #total unique sv = 5155
2018-08-17 07:50:10,732 INFO [default] training finished
Training Total Time: 59.8999369144
2018-08-17 07:50:11,200 INFO [default] #instances = 100001, #features = 25
Predict Total Time: 0.574667930603
2018-08-17 07:50:11,775 INFO [default] #instances = 100001, #features = 25
acc test score is  0.5075949240507595
MES=  0.4924050759492405
Confusion matrix=  [[25694 26116]
 [23125 25066]]
2018-08-17 07:50:15,718 INFO [default] #instances = 900000, #features = 25
2018-08-17 07:50:15,782 INFO [default] #classes = 2
2018-08-17 07:50:16,148 INFO [default] working set size = 1024
2018-08-17 07:50:16,172 INFO [default] training start
2018-08-17 07:50:17,209 INFO [default] global iter = 0, total local iter = 102401, diff = 2
2018-08-17 07:50:35,239 INFO [default] global iter = 100, total local iter = 1178925, diff = 314460
2018-08-17 07:50:51,379 INFO [default] global iter = 200, total local iter = 1994165, diff = 315909
2018-08-17 07:51:04,541 INFO [default] global iter = 300, total local iter = 2460939, diff = 2.10785e+06
2018-08-17 07:51:29,975 INFO [default] global iter = 400, total local iter = 4238398, diff = 858605
2018-08-17 07:51:51,669 INFO [default] global iter = 435, total local iter = 6218557, diff = 440958
2018-08-17 07:51:51,669 INFO [default] training finished
2018-08-17 07:51:51,671 INFO [default] obj = -9.16683e+08
2018-08-17 07:51:51,691 INFO [default] rho = -471368
2018-08-17 07:51:51,692 INFO [default] #sv = 13381
2018-08-17 07:51:51,853 INFO [default] #total unique sv = 13381
2018-08-17 07:51:51,892 INFO [default] training finished
Training Total Time: 99.9575328827
2018-08-17 07:51:52,400 INFO [default] #instances = 100000, #features = 25
Predict Total Time: 0.818004131317
2018-08-17 07:51:53,219 INFO [default] #instances = 100000, #features = 25
acc test score is  0.54552
MES=  0.45448
Confusion matrix=  [[28529 23281]
 [22167 26023]]
2018-08-17 07:51:57,423 INFO [default] #instances = 900000, #features = 25
2018-08-17 07:51:57,485 INFO [default] #classes = 2
2018-08-17 07:51:57,849 INFO [default] working set size = 1024
2018-08-17 07:51:57,871 INFO [default] training start
2018-08-17 07:51:58,905 INFO [default] global iter = 0, total local iter = 102401, diff = 2
2018-08-17 07:52:25,078 INFO [default] global iter = 100, total local iter = 2120257, diff = 267242
2018-08-17 07:52:40,880 INFO [default] global iter = 200, total local iter = 2907166, diff = 651363
2018-08-17 07:52:56,062 INFO [default] global iter = 300, total local iter = 3596859, diff = 985838
2018-08-17 07:53:12,550 INFO [default] global iter = 400, total local iter = 4411622, diff = 2.54934e+06
2018-08-17 07:53:27,989 INFO [default] global iter = 500, total local iter = 5113727, diff = 1.94966e+06
2018-08-17 07:53:42,796 INFO [default] global iter = 600, total local iter = 5744077, diff = 3.82716e+06
2018-08-17 07:53:57,869 INFO [default] global iter = 700, total local iter = 6388080, diff = 491442
2018-08-17 07:54:10,436 INFO [default] global iter = 800, total local iter = 6758364, diff = 753788
2018-08-17 07:54:22,839 INFO [default] global iter = 900, total local iter = 7101151, diff = 985928
2018-08-17 07:54:34,038 INFO [default] global iter = 1000, total local iter = 7308303, diff = 1.89675e+06
2018-08-17 07:54:34,043 INFO [default] global iter = 1000, total local iter = 7308303, diff = 1.89675e+06
2018-08-17 07:54:34,043 INFO [default] training finished
2018-08-17 07:54:34,045 INFO [default] obj = -2.80515e+09
2018-08-17 07:54:34,065 INFO [default] rho = -1.63016e+06
2018-08-17 07:54:34,066 INFO [default] #sv = 27091
2018-08-17 07:54:34,230 INFO [default] #total unique sv = 27091
2018-08-17 07:54:34,269 INFO [default] training finished
Training Total Time: 160.711493015
2018-08-17 07:54:34,848 INFO [default] #instances = 100000, #features = 25
Predict Total Time: 1.22225594521
2018-08-17 07:54:36,071 INFO [default] #instances = 100000, #features = 25
acc test score is  0.51607
MES=  0.48393
Confusion matrix=  [[26275 25535]
 [22858 25332]]
2018-08-17 07:54:40,675 INFO [default] #instances = 900000, #features = 25
2018-08-17 07:54:40,738 INFO [default] #classes = 2
2018-08-17 07:54:41,102 INFO [default] working set size = 1024
2018-08-17 07:54:41,124 INFO [default] training start
2018-08-17 07:54:42,163 INFO [default] global iter = 0, total local iter = 102401, diff = 2
2018-08-17 07:55:10,632 INFO [default] global iter = 100, total local iter = 2317477, diff = 370009
2018-08-17 07:55:24,525 INFO [default] global iter = 200, total local iter = 2880063, diff = 834806
2018-08-17 07:55:35,914 INFO [default] global iter = 300, total local iter = 3157301, diff = 495761
2018-08-17 07:55:49,534 INFO [default] global iter = 400, total local iter = 3685059, diff = 2.04708e+06
2018-08-17 07:56:01,384 INFO [default] global iter = 500, total local iter = 3999195, diff = 1.22262e+06
2018-08-17 07:56:13,052 INFO [default] global iter = 600, total local iter = 4280446, diff = 1.09596e+06
2018-08-17 07:56:23,538 INFO [default] global iter = 700, total local iter = 4431503, diff = 1.77407e+06
2018-08-17 07:56:35,311 INFO [default] global iter = 800, total local iter = 4715183, diff = 568358
2018-08-17 07:56:45,815 INFO [default] global iter = 900, total local iter = 4851589, diff = 3.37252e+06
2018-08-17 07:57:02,411 INFO [default] global iter = 1000, total local iter = 5632302, diff = 1.01516e+06
2018-08-17 07:57:02,416 INFO [default] global iter = 1000, total local iter = 5632302, diff = 1.01516e+06
2018-08-17 07:57:02,416 INFO [default] training finished
2018-08-17 07:57:02,418 INFO [default] obj = -2.57718e+09
2018-08-17 07:57:02,438 INFO [default] rho = -806898
2018-08-17 07:57:02,439 INFO [default] #sv = 25999
2018-08-17 07:57:02,603 INFO [default] #total unique sv = 25999
2018-08-17 07:57:02,642 INFO [default] training finished
Training Total Time: 145.830068827
2018-08-17 07:57:03,225 INFO [default] #instances = 100000, #features = 25
Predict Total Time: 1.15351986885
2018-08-17 07:57:04,376 INFO [default] #instances = 100000, #features = 25
acc test score is  0.51546
MES=  0.48454
Confusion matrix=  [[26440 25370]
 [23084 25106]]
2018-08-17 07:57:08,942 INFO [default] #instances = 900000, #features = 25
2018-08-17 07:57:09,005 INFO [default] #classes = 2
2018-08-17 07:57:09,369 INFO [default] working set size = 1024
2018-08-17 07:57:09,391 INFO [default] training start
2018-08-17 07:57:10,434 INFO [default] global iter = 0, total local iter = 102401, diff = 2
2018-08-17 07:57:38,818 INFO [default] global iter = 100, total local iter = 2334502, diff = 637922
2018-08-17 07:57:58,672 INFO [default] global iter = 200, total local iter = 3555601, diff = 748222
2018-08-17 07:58:12,237 INFO [default] global iter = 300, total local iter = 4067847, diff = 871452
2018-08-17 07:58:28,276 INFO [default] global iter = 400, total local iter = 4836716, diff = 714183
2018-08-17 07:58:39,845 INFO [default] global iter = 500, total local iter = 5113199, diff = 753995
2018-08-17 07:58:51,479 INFO [default] global iter = 600, total local iter = 5390074, diff = 8.15825e+06
2018-08-17 07:59:02,724 INFO [default] global iter = 700, total local iter = 5615710, diff = 1.35368e+06
2018-08-17 07:59:15,314 INFO [default] global iter = 800, total local iter = 5982350, diff = 972873
2018-08-17 07:59:36,537 INFO [default] global iter = 900, total local iter = 7256204, diff = 553697
2018-08-17 07:59:54,899 INFO [default] global iter = 1000, total local iter = 8236210, diff = 1.74791e+06
2018-08-17 07:59:54,905 INFO [default] global iter = 1000, total local iter = 8236210, diff = 1.74791e+06
2018-08-17 07:59:54,905 INFO [default] training finished
2018-08-17 07:59:54,907 INFO [default] obj = -2.81035e+09
2018-08-17 07:59:54,927 INFO [default] rho = -1.09469e+06
2018-08-17 07:59:54,928 INFO [default] #sv = 27568
2018-08-17 07:59:55,092 INFO [default] #total unique sv = 27568
2018-08-17 07:59:55,131 INFO [default] training finished
Training Total Time: 170.10114193
2018-08-17 07:59:55,717 INFO [default] #instances = 100000, #features = 25
Predict Total Time: 1.22542214394
2018-08-17 07:59:56,943 INFO [default] #instances = 100000, #features = 25
acc test score is  0.51386
MES=  0.48614
Confusion matrix=  [[26122 25688]
 [22926 25264]]
2018-08-17 08:00:01,580 INFO [default] #instances = 900001, #features = 25
2018-08-17 08:00:01,643 INFO [default] #classes = 2
2018-08-17 08:00:02,007 INFO [default] working set size = 1024
2018-08-17 08:00:02,028 INFO [default] training start
2018-08-17 08:00:03,066 INFO [default] global iter = 0, total local iter = 102401, diff = 2
2018-08-17 08:00:21,874 INFO [default] global iter = 100, total local iter = 1252658, diff = 2.00208e+06
2018-08-17 08:00:40,240 INFO [default] global iter = 200, total local iter = 2306352, diff = 413554
2018-08-17 08:00:53,831 INFO [default] global iter = 300, total local iter = 2825514, diff = 687355
2018-08-17 08:01:06,690 INFO [default] global iter = 400, total local iter = 3246707, diff = 662038
2018-08-17 08:01:16,938 INFO [default] global iter = 500, total local iter = 3374860, diff = 897648
2018-08-17 08:01:30,728 INFO [default] global iter = 600, total local iter = 3880469, diff = 6.12243e+06
2018-08-17 08:01:41,990 INFO [default] global iter = 700, total local iter = 4108089, diff = 946321
2018-08-17 08:01:57,560 INFO [default] global iter = 800, total local iter = 4791873, diff = 1.92119e+06
2018-08-17 08:02:17,538 INFO [default] global iter = 900, total local iter = 5932122, diff = 710182
2018-08-17 08:02:30,237 INFO [default] global iter = 1000, total local iter = 6300351, diff = 416347
2018-08-17 08:02:30,243 INFO [default] global iter = 1000, total local iter = 6300351, diff = 416347
2018-08-17 08:02:30,243 INFO [default] training finished
2018-08-17 08:02:30,245 INFO [default] obj = -3.22341e+09
2018-08-17 08:02:30,265 INFO [default] rho = 344193
2018-08-17 08:02:30,266 INFO [default] #sv = 30195
2018-08-17 08:02:30,431 INFO [default] #total unique sv = 30195
2018-08-17 08:02:30,470 INFO [default] training finished
Training Total Time: 152.807204962
2018-08-17 08:02:31,067 INFO [default] #instances = 99999, #features = 25
Predict Total Time: 1.24693012238
2018-08-17 08:02:32,315 INFO [default] #instances = 99999, #features = 25
acc test score is  0.4992249922499225
MES=  0.5007750077500775
Confusion matrix=  [[26250 25559]
 [24518 23672]]
2018-08-17 08:02:36,935 INFO [default] #instances = 900001, #features = 25
2018-08-17 08:02:36,998 INFO [default] #classes = 2
2018-08-17 08:02:37,383 INFO [default] working set size = 1024
2018-08-17 08:02:37,405 INFO [default] training start
2018-08-17 08:02:38,453 INFO [default] global iter = 0, total local iter = 102401, diff = 2
2018-08-17 08:03:06,461 INFO [default] global iter = 66, total local iter = 2549862, diff = 75821.6
2018-08-17 08:03:06,461 INFO [default] training finished
2018-08-17 08:03:06,462 INFO [default] obj = -6.26481e+06
2018-08-17 08:03:06,482 INFO [default] rho = 9532.28
2018-08-17 08:03:06,483 INFO [default] #sv = 810
2018-08-17 08:03:06,642 INFO [default] #total unique sv = 810
2018-08-17 08:03:06,681 INFO [default] training finished
Training Total Time: 33.473690033
2018-08-17 08:03:07,131 INFO [default] #instances = 99999, #features = 25
Predict Total Time: 0.476539134979
2018-08-17 08:03:07,608 INFO [default] #instances = 99999, #features = 25
acc test score is  0.4777747777477775
MES=  0.5222252222522226
Confusion matrix=  [[25670 26139]
 [26083 22107]]
2018-08-17 08:03:11,459 INFO [default] #instances = 900001, #features = 25
2018-08-17 08:03:11,523 INFO [default] #classes = 2
2018-08-17 08:03:11,905 INFO [default] working set size = 1024
2018-08-17 08:03:11,927 INFO [default] training start
2018-08-17 08:03:12,951 INFO [default] global iter = 0, total local iter = 102401, diff = 2
2018-08-17 08:03:38,698 INFO [default] global iter = 100, total local iter = 2056853, diff = 320796
2018-08-17 08:03:50,294 INFO [default] global iter = 200, total local iter = 2369829, diff = 2.80597e+06
2018-08-17 08:04:01,324 INFO [default] global iter = 300, total local iter = 2603553, diff = 674914
2018-08-17 08:04:11,356 INFO [default] global iter = 400, total local iter = 2716181, diff = 2.6408e+06
2018-08-17 08:04:23,565 INFO [default] global iter = 500, total local iter = 3058650, diff = 388297
2018-08-17 08:04:36,355 INFO [default] global iter = 600, total local iter = 3460231, diff = 1.1229e+06
2018-08-17 08:04:48,353 INFO [default] global iter = 700, total local iter = 3764491, diff = 567751
2018-08-17 08:05:00,395 INFO [default] global iter = 800, total local iter = 4063936, diff = 1.23073e+06
2018-08-17 08:05:12,908 INFO [default] global iter = 900, total local iter = 4403641, diff = 2.41536e+06
2018-08-17 08:05:30,079 INFO [default] global iter = 1000, total local iter = 5229088, diff = 1.94858e+06
2018-08-17 08:05:30,085 INFO [default] global iter = 1000, total local iter = 5229088, diff = 1.94858e+06
2018-08-17 08:05:30,085 INFO [default] training finished
2018-08-17 08:05:30,086 INFO [default] obj = -3.64222e+09
2018-08-17 08:05:30,104 INFO [default] rho = -1.41422e+06
2018-08-17 08:05:30,105 INFO [default] #sv = 35990
2018-08-17 08:05:30,269 INFO [default] #total unique sv = 35990
2018-08-17 08:05:30,308 INFO [default] training finished
Training Total Time: 142.754434109
2018-08-17 08:05:30,933 INFO [default] #instances = 99999, #features = 25
Predict Total Time: 1.39515805244
2018-08-17 08:05:32,329 INFO [default] #instances = 99999, #features = 25
acc test score is  0.5164451644516446
MES=  0.4835548355483555
Confusion matrix=  [[26520 25289]
 [23066 25124]]
Total Time: 1187.74336195
51.80% (+/- 2.42%)
