2018-08-17 14:09:29,215 INFO [default] #instances = 899999, #features = 25
2018-08-17 14:09:29,326 INFO [default] #classes = 2
2018-08-17 14:09:29,901 INFO [default] working set size = 1024
2018-08-17 14:09:29,923 INFO [default] training start
2018-08-17 14:09:31,134 INFO [default] global iter = 0, total local iter = 102401, diff = 2
2018-08-17 14:09:57,991 INFO [default] global iter = 100, total local iter = 2168567, diff = 679616
2018-08-17 14:10:15,712 INFO [default] global iter = 200, total local iter = 3150089, diff = 1.94327e+06
2018-08-17 14:10:33,431 INFO [default] global iter = 300, total local iter = 4091203, diff = 2.16333e+06
2018-08-17 14:10:45,963 INFO [default] global iter = 400, total local iter = 4475144, diff = 1.05295e+06
2018-08-17 14:11:11,076 INFO [default] global iter = 476, total local iter = 6405710, diff = 689760
2018-08-17 14:11:11,076 INFO [default] training finished
2018-08-17 14:11:11,078 INFO [default] obj = -1.291e+09
2018-08-17 14:11:11,106 INFO [default] rho = -467415
2018-08-17 14:11:11,107 INFO [default] #sv = 14705
2018-08-17 14:11:11,300 INFO [default] #total unique sv = 14705
2018-08-17 14:11:11,343 INFO [default] training finished
Training Total Time: 106.088402987
2018-08-17 14:11:11,871 INFO [default] #instances = 100001, #features = 25
Predict Total Time: 0.910687923431
2018-08-17 14:11:12,785 INFO [default] #instances = 100001, #features = 25
acc test score is  0.5184548154518455
MES=  0.48154518454815454
Confusion matrix=  [[26124 25686]
 [22469 25722]]
2018-08-17 14:11:17,140 INFO [default] #instances = 899999, #features = 25
2018-08-17 14:11:17,250 INFO [default] #classes = 2
2018-08-17 14:11:17,665 INFO [default] working set size = 1024
2018-08-17 14:11:17,687 INFO [default] training start
2018-08-17 14:11:18,721 INFO [default] global iter = 0, total local iter = 102401, diff = 2
2018-08-17 14:11:40,474 INFO [default] global iter = 100, total local iter = 1588083, diff = 204698
2018-08-17 14:12:00,024 INFO [default] global iter = 141, total local iter = 3296916, diff = 661976
2018-08-17 14:12:00,024 INFO [default] training finished
2018-08-17 14:12:00,026 INFO [default] obj = -9.55493e+07
2018-08-17 14:12:00,046 INFO [default] rho = -155681
2018-08-17 14:12:00,047 INFO [default] #sv = 2943
2018-08-17 14:12:00,205 INFO [default] #total unique sv = 2943
2018-08-17 14:12:00,245 INFO [default] training finished
Training Total Time: 46.9056611061
2018-08-17 14:12:00,711 INFO [default] #instances = 100001, #features = 25
Predict Total Time: 0.515996932983
2018-08-17 14:12:01,227 INFO [default] #instances = 100001, #features = 25
acc test score is  0.5755242447575524
MES=  0.42447575524244757
Confusion matrix=  [[27749 24061]
 [18387 29804]]
2018-08-17 14:12:05,122 INFO [default] #instances = 899999, #features = 25
2018-08-17 14:12:05,185 INFO [default] #classes = 2
2018-08-17 14:12:05,585 INFO [default] working set size = 1024
2018-08-17 14:12:05,607 INFO [default] training start
2018-08-17 14:12:06,641 INFO [default] global iter = 0, total local iter = 102401, diff = 2
2018-08-17 14:12:27,130 INFO [default] global iter = 100, total local iter = 1433697, diff = 2.76886e+06
2018-08-17 14:12:45,517 INFO [default] global iter = 200, total local iter = 2489698, diff = 309284
2018-08-17 14:12:58,126 INFO [default] global iter = 212, total local iter = 3718510, diff = 323641
2018-08-17 14:12:58,126 INFO [default] training finished
2018-08-17 14:12:58,128 INFO [default] obj = -2.1128e+08
2018-08-17 14:12:58,148 INFO [default] rho = -20690.8
2018-08-17 14:12:58,149 INFO [default] #sv = 4898
2018-08-17 14:12:58,312 INFO [default] #total unique sv = 4898
2018-08-17 14:12:58,351 INFO [default] training finished
Training Total Time: 56.9839270115
2018-08-17 14:12:58,816 INFO [default] #instances = 100001, #features = 25
Predict Total Time: 0.568732023239
2018-08-17 14:12:59,387 INFO [default] #instances = 100001, #features = 25
acc test score is  0.5196748032519675
MES=  0.48032519674803253
Confusion matrix=  [[26396 25414]
 [22619 25572]]
2018-08-17 14:13:03,324 INFO [default] #instances = 900000, #features = 25
2018-08-17 14:13:03,387 INFO [default] #classes = 2
2018-08-17 14:13:03,752 INFO [default] working set size = 1024
2018-08-17 14:13:03,773 INFO [default] training start
2018-08-17 14:13:04,817 INFO [default] global iter = 0, total local iter = 102401, diff = 2
2018-08-17 14:13:30,839 INFO [default] global iter = 100, total local iter = 2071635, diff = 445640
2018-08-17 14:13:43,845 INFO [default] global iter = 200, total local iter = 2544627, diff = 1.53487e+06
2018-08-17 14:13:56,929 INFO [default] global iter = 300, total local iter = 3008476, diff = 5.65791e+06
2018-08-17 14:14:09,196 INFO [default] global iter = 400, total local iter = 3368229, diff = 8.22085e+06
2018-08-17 14:14:20,400 INFO [default] global iter = 500, total local iter = 3612608, diff = 820711
2018-08-17 14:14:33,421 INFO [default] global iter = 600, total local iter = 4039286, diff = 1.00994e+06
2018-08-17 14:14:48,880 INFO [default] global iter = 700, total local iter = 4713240, diff = 1.75558e+06
2018-08-17 14:15:01,519 INFO [default] global iter = 800, total local iter = 5090977, diff = 5.81991e+06
2018-08-17 14:15:13,166 INFO [default] global iter = 900, total local iter = 5342780, diff = 1.596e+06
2018-08-17 14:15:28,522 INFO [default] global iter = 1000, total local iter = 5982918, diff = 1.58158e+06
2018-08-17 14:15:28,527 INFO [default] global iter = 1000, total local iter = 5982918, diff = 1.58158e+06
2018-08-17 14:15:28,527 INFO [default] training finished
2018-08-17 14:15:28,529 INFO [default] obj = -4.16834e+09
2018-08-17 14:15:28,549 INFO [default] rho = -1.40888e+06
2018-08-17 14:15:28,550 INFO [default] #sv = 34501
2018-08-17 14:15:28,715 INFO [default] #total unique sv = 34501
2018-08-17 14:15:28,754 INFO [default] training finished
Training Total Time: 149.317580938
2018-08-17 14:15:29,368 INFO [default] #instances = 100000, #features = 25
Predict Total Time: 1.28040409088
2018-08-17 14:15:30,651 INFO [default] #instances = 100000, #features = 25
acc test score is  0.51259
MES=  0.48741
Confusion matrix=  [[25839 25971]
 [22770 25420]]
2018-08-17 14:15:35,309 INFO [default] #instances = 900000, #features = 25
2018-08-17 14:15:35,372 INFO [default] #classes = 2
2018-08-17 14:15:35,739 INFO [default] working set size = 1024
2018-08-17 14:15:35,762 INFO [default] training start
2018-08-17 14:15:36,798 INFO [default] global iter = 0, total local iter = 102401, diff = 2
2018-08-17 14:16:01,620 INFO [default] global iter = 59, total local iter = 2250105, diff = 219135
2018-08-17 14:16:01,620 INFO [default] training finished
2018-08-17 14:16:01,621 INFO [default] obj = -2.37989e+07
2018-08-17 14:16:01,641 INFO [default] rho = -61354.1
2018-08-17 14:16:01,642 INFO [default] #sv = 1457
2018-08-17 14:16:01,801 INFO [default] #total unique sv = 1457
2018-08-17 14:16:01,840 INFO [default] training finished
Training Total Time: 30.2506170273
2018-08-17 14:16:02,294 INFO [default] #instances = 100000, #features = 25
Predict Total Time: 0.491227149963
2018-08-17 14:16:02,789 INFO [default] #instances = 100000, #features = 25
acc test score is  0.57824
MES=  0.42176
Confusion matrix=  [[26967 24843]
 [17333 30857]]
2018-08-17 14:16:06,650 INFO [default] #instances = 900000, #features = 25
2018-08-17 14:16:06,713 INFO [default] #classes = 2
2018-08-17 14:16:07,075 INFO [default] working set size = 1024
2018-08-17 14:16:07,097 INFO [default] training start
2018-08-17 14:16:08,121 INFO [default] global iter = 0, total local iter = 102401, diff = 2
2018-08-17 14:16:34,227 INFO [default] global iter = 100, total local iter = 2074914, diff = 968037
2018-08-17 14:16:46,622 INFO [default] global iter = 200, total local iter = 2476860, diff = 3.07483e+06
2018-08-17 14:17:09,375 INFO [default] global iter = 300, total local iter = 3977005, diff = 712251
2018-08-17 14:17:33,320 INFO [default] global iter = 400, total local iter = 5583603, diff = 845109
2018-08-17 14:17:34,377 INFO [default] global iter = 401, total local iter = 5686004, diff = 845144
2018-08-17 14:17:34,377 INFO [default] training finished
2018-08-17 14:17:34,379 INFO [default] obj = -1.32652e+09
2018-08-17 14:17:34,397 INFO [default] rho = -354954
2018-08-17 14:17:34,398 INFO [default] #sv = 13794
2018-08-17 14:17:34,559 INFO [default] #total unique sv = 13794
2018-08-17 14:17:34,598 INFO [default] training finished
Training Total Time: 91.737210989
2018-08-17 14:17:35,112 INFO [default] #instances = 100000, #features = 25
Predict Total Time: 0.773607969284
2018-08-17 14:17:35,890 INFO [default] #instances = 100000, #features = 25
acc test score is  0.52084
MES=  0.47916
Confusion matrix=  [[26642 25168]
 [22748 25442]]
2018-08-17 14:17:40,060 INFO [default] #instances = 900000, #features = 25
2018-08-17 14:17:40,123 INFO [default] #classes = 2
2018-08-17 14:17:40,486 INFO [default] working set size = 1024
2018-08-17 14:17:40,510 INFO [default] training start
2018-08-17 14:17:41,546 INFO [default] global iter = 0, total local iter = 102401, diff = 2
2018-08-17 14:17:55,155 INFO [default] global iter = 13, total local iter = 1433614, diff = 4205.8
2018-08-17 14:17:55,155 INFO [default] training finished
2018-08-17 14:17:55,157 INFO [default] obj = -8805.98
2018-08-17 14:17:55,175 INFO [default] rho = -859.512
2018-08-17 14:17:55,176 INFO [default] #sv = 125
2018-08-17 14:17:55,334 INFO [default] #total unique sv = 125
2018-08-17 14:17:55,372 INFO [default] training finished
Training Total Time: 19.0595808029
2018-08-17 14:17:55,818 INFO [default] #instances = 100000, #features = 25
Predict Total Time: 0.462634086609
2018-08-17 14:17:56,281 INFO [default] #instances = 100000, #features = 25
acc test score is  0.75903
MES=  0.24097
Confusion matrix=  [[37838 13972]
 [10125 38065]]
2018-08-17 14:18:00,179 INFO [default] #instances = 900001, #features = 25
2018-08-17 14:18:00,242 INFO [default] #classes = 2
2018-08-17 14:18:00,603 INFO [default] working set size = 1024
2018-08-17 14:18:00,625 INFO [default] training start
2018-08-17 14:18:01,647 INFO [default] global iter = 0, total local iter = 102401, diff = 2
2018-08-17 14:18:22,385 INFO [default] global iter = 41, total local iter = 1972490, diff = 174057
2018-08-17 14:18:22,385 INFO [default] training finished
2018-08-17 14:18:22,387 INFO [default] obj = -1.10326e+07
2018-08-17 14:18:22,405 INFO [default] rho = -55683.8
2018-08-17 14:18:22,406 INFO [default] #sv = 1035
2018-08-17 14:18:22,564 INFO [default] #total unique sv = 1035
2018-08-17 14:18:22,602 INFO [default] training finished
Training Total Time: 26.2145631313
2018-08-17 14:18:23,053 INFO [default] #instances = 99999, #features = 25
Predict Total Time: 0.47191119194
2018-08-17 14:18:23,528 INFO [default] #instances = 99999, #features = 25
acc test score is  0.6024860248602486
MES=  0.3975139751397514
Confusion matrix=  [[25738 26071]
 [13680 34510]]
2018-08-17 14:18:27,418 INFO [default] #instances = 900001, #features = 25
2018-08-17 14:18:27,484 INFO [default] #classes = 2
2018-08-17 14:18:27,866 INFO [default] working set size = 1024
2018-08-17 14:18:27,889 INFO [default] training start
2018-08-17 14:18:28,926 INFO [default] global iter = 0, total local iter = 102401, diff = 2
2018-08-17 14:19:03,297 INFO [default] global iter = 89, total local iter = 3020601, diff = 301696
2018-08-17 14:19:03,297 INFO [default] training finished
2018-08-17 14:19:03,299 INFO [default] obj = -3.95229e+07
2018-08-17 14:19:03,317 INFO [default] rho = 4343.82
2018-08-17 14:19:03,318 INFO [default] #sv = 1930
2018-08-17 14:19:03,477 INFO [default] #total unique sv = 1930
2018-08-17 14:19:03,515 INFO [default] training finished
Training Total Time: 39.8752470016
2018-08-17 14:19:03,966 INFO [default] #instances = 99999, #features = 25
Predict Total Time: 0.499239206314
2018-08-17 14:19:04,468 INFO [default] #instances = 99999, #features = 25
acc test score is  0.4968149681496815
MES=  0.5031850318503185
Confusion matrix=  [[26856 24953]
 [25365 22825]]
2018-08-17 14:19:08,369 INFO [default] #instances = 900001, #features = 25
2018-08-17 14:19:08,432 INFO [default] #classes = 2
2018-08-17 14:19:08,814 INFO [default] working set size = 1024
2018-08-17 14:19:08,837 INFO [default] training start
2018-08-17 14:19:09,860 INFO [default] global iter = 0, total local iter = 102401, diff = 2
2018-08-17 14:19:37,936 INFO [default] global iter = 100, total local iter = 2264562, diff = 1.73529e+06
2018-08-17 14:19:50,016 INFO [default] global iter = 200, total local iter = 2627908, diff = 1.14015e+06
2018-08-17 14:20:01,223 INFO [default] global iter = 300, total local iter = 2884198, diff = 1.6552e+06
2018-08-17 14:20:12,370 INFO [default] global iter = 400, total local iter = 3126354, diff = 7.13896e+06
2018-08-17 14:20:23,062 INFO [default] global iter = 500, total local iter = 3302517, diff = 4.48308e+06
2018-08-17 14:20:35,750 INFO [default] global iter = 600, total local iter = 3685853, diff = 1.27557e+06
2018-08-17 14:20:47,494 INFO [default] global iter = 700, total local iter = 3968722, diff = 1.04155e+06
2018-08-17 14:20:59,354 INFO [default] global iter = 800, total local iter = 4251857, diff = 1.03851e+06
2018-08-17 14:21:11,881 INFO [default] global iter = 900, total local iter = 4601162, diff = 2.0658e+06
2018-08-17 14:21:24,458 INFO [default] global iter = 1000, total local iter = 4945158, diff = 436761
2018-08-17 14:21:24,463 INFO [default] global iter = 1000, total local iter = 4945158, diff = 436761
2018-08-17 14:21:24,463 INFO [default] training finished
2018-08-17 14:21:24,465 INFO [default] obj = -3.64642e+09
2018-08-17 14:21:24,483 INFO [default] rho = -1.29702e+06
2018-08-17 14:21:24,484 INFO [default] #sv = 31475
2018-08-17 14:21:24,649 INFO [default] #total unique sv = 31475
2018-08-17 14:21:24,688 INFO [default] training finished
Training Total Time: 140.22654891
2018-08-17 14:21:25,289 INFO [default] #instances = 99999, #features = 25
Predict Total Time: 1.21784901619
2018-08-17 14:21:26,513 INFO [default] #instances = 99999, #features = 25
acc test score is  0.5121651216512165
MES=  0.4878348783487835
Confusion matrix=  [[25721 26088]
 [22695 25495]]
Total Time: 722.451783895
55.96% (+/- 7.44%)
