2018-08-17 04:03:17,067 INFO [default] #instances = 899999, #features = 25
2018-08-17 04:03:17,179 INFO [default] #classes = 2
2018-08-17 04:03:17,757 INFO [default] working set size = 1024
2018-08-17 04:03:17,779 INFO [default] training start
2018-08-17 04:03:18,988 INFO [default] global iter = 0, total local iter = 102401, diff = 2
2018-08-17 04:03:41,321 INFO [default] global iter = 31, total local iter = 2271003, diff = 67509.3
2018-08-17 04:03:41,321 INFO [default] training finished
2018-08-17 04:03:41,323 INFO [default] obj = -880493
2018-08-17 04:03:41,351 INFO [default] rho = -13189.4
2018-08-17 04:03:41,352 INFO [default] #sv = 410
2018-08-17 04:03:41,537 INFO [default] #total unique sv = 410
2018-08-17 04:03:41,579 INFO [default] training finished
Training Total Time: 28.3934390545
2018-08-17 04:03:42,041 INFO [default] #instances = 100001, #features = 25
Predict Total Time: 0.482455968857
2018-08-17 04:03:42,553 INFO [default] #instances = 100001, #features = 25
acc test score is  0.6157338426615734
MES=  0.3842661573384266
Confusion matrix=  [[29704 22106]
 [16321 31870]]
2018-08-17 04:03:46,576 INFO [default] #instances = 899999, #features = 25
2018-08-17 04:03:46,685 INFO [default] #classes = 2
2018-08-17 04:03:47,091 INFO [default] working set size = 1024
2018-08-17 04:03:47,112 INFO [default] training start
2018-08-17 04:03:48,130 INFO [default] global iter = 0, total local iter = 102401, diff = 2
2018-08-17 04:04:17,286 INFO [default] global iter = 83, total local iter = 2505642, diff = 300025
2018-08-17 04:04:17,287 INFO [default] training finished
2018-08-17 04:04:17,288 INFO [default] obj = -2.08706e+07
2018-08-17 04:04:17,308 INFO [default] rho = 22326.9
2018-08-17 04:04:17,309 INFO [default] #sv = 1130
2018-08-17 04:04:17,488 INFO [default] #total unique sv = 1130
2018-08-17 04:04:17,530 INFO [default] training finished
Training Total Time: 34.8452761173
2018-08-17 04:04:18,022 INFO [default] #instances = 100001, #features = 25
Predict Total Time: 0.530082941055
2018-08-17 04:04:18,549 INFO [default] #instances = 100001, #features = 25
acc test score is  0.45782542174578256
MES=  0.5421745782542174
Confusion matrix=  [[27436 24374]
 [29844 18347]]
2018-08-17 04:04:22,691 INFO [default] #instances = 899999, #features = 25
2018-08-17 04:04:22,754 INFO [default] #classes = 2
2018-08-17 04:04:23,154 INFO [default] working set size = 1024
2018-08-17 04:04:23,175 INFO [default] training start
2018-08-17 04:04:24,213 INFO [default] global iter = 0, total local iter = 102401, diff = 2
2018-08-17 04:04:43,372 INFO [default] global iter = 100, total local iter = 1293004, diff = 1.35061e+06
2018-08-17 04:05:01,803 INFO [default] global iter = 200, total local iter = 2365807, diff = 1.02933e+06
2018-08-17 04:05:14,073 INFO [default] global iter = 300, total local iter = 2732202, diff = 9.24321e+06
2018-08-17 04:05:25,555 INFO [default] global iter = 400, total local iter = 3008022, diff = 1.54505e+06
2018-08-17 04:05:39,093 INFO [default] global iter = 500, total local iter = 3495198, diff = 765561
2018-08-17 04:05:49,265 INFO [default] global iter = 600, total local iter = 3615165, diff = 3.50432e+06
2018-08-17 04:06:01,559 INFO [default] global iter = 700, total local iter = 3955475, diff = 945292
2018-08-17 04:06:17,556 INFO [default] global iter = 800, total local iter = 4688954, diff = 2.33647e+06
2018-08-17 04:06:31,292 INFO [default] global iter = 900, total local iter = 5176503, diff = 2.4404e+06
2018-08-17 04:06:46,786 INFO [default] global iter = 919, total local iter = 6631508, diff = 834405
2018-08-17 04:06:46,786 INFO [default] training finished
2018-08-17 04:06:46,788 INFO [default] obj = -3.03221e+09
2018-08-17 04:06:46,800 INFO [default] rho = -1.44616e+06
2018-08-17 04:06:46,801 INFO [default] #sv = 22898
2018-08-17 04:06:46,973 INFO [default] #total unique sv = 22898
2018-08-17 04:06:47,012 INFO [default] training finished
Training Total Time: 148.426917076
2018-08-17 04:06:47,571 INFO [default] #instances = 100001, #features = 25
Predict Total Time: 1.12714099884
2018-08-17 04:06:48,695 INFO [default] #instances = 100001, #features = 25
acc test score is  0.4949150508494915
MES=  0.5050849491505085
Confusion matrix=  [[24246 27564]
 [22945 25246]]
2018-08-17 04:06:53,219 INFO [default] #instances = 900000, #features = 25
2018-08-17 04:06:53,282 INFO [default] #classes = 2
2018-08-17 04:06:53,650 INFO [default] working set size = 1024
2018-08-17 04:06:53,671 INFO [default] training start
2018-08-17 04:06:54,708 INFO [default] global iter = 0, total local iter = 102401, diff = 2
2018-08-17 04:07:16,815 INFO [default] global iter = 100, total local iter = 1615616, diff = 1.78975e+06
2018-08-17 04:07:33,290 INFO [default] global iter = 200, total local iter = 2471482, diff = 1.22708e+07
2018-08-17 04:07:56,675 INFO [default] global iter = 267, total local iter = 4325496, diff = 527291
2018-08-17 04:07:56,675 INFO [default] training finished
2018-08-17 04:07:56,677 INFO [default] obj = -6.94148e+08
2018-08-17 04:07:56,688 INFO [default] rho = -308180
2018-08-17 04:07:56,689 INFO [default] #sv = 9307
2018-08-17 04:07:56,852 INFO [default] #total unique sv = 9307
2018-08-17 04:07:56,891 INFO [default] training finished
Training Total Time: 67.4617640972
2018-08-17 04:07:57,384 INFO [default] #instances = 100000, #features = 25
Predict Total Time: 0.729991912842
2018-08-17 04:07:58,108 INFO [default] #instances = 100000, #features = 25
acc test score is  0.51809
MES=  0.48191
Confusion matrix=  [[26354 25456]
 [22735 25455]]
2018-08-17 04:08:02,219 INFO [default] #instances = 900000, #features = 25
2018-08-17 04:08:02,282 INFO [default] #classes = 2
2018-08-17 04:08:02,644 INFO [default] working set size = 1024
2018-08-17 04:08:02,665 INFO [default] training start
2018-08-17 04:08:03,708 INFO [default] global iter = 0, total local iter = 102401, diff = 2
2018-08-17 04:08:21,144 INFO [default] global iter = 26, total local iter = 1745721, diff = 154420
2018-08-17 04:08:21,144 INFO [default] training finished
2018-08-17 04:08:21,145 INFO [default] obj = -2.08463e+06
2018-08-17 04:08:21,157 INFO [default] rho = 20207.4
2018-08-17 04:08:21,158 INFO [default] #sv = 471
2018-08-17 04:08:21,313 INFO [default] #total unique sv = 471
2018-08-17 04:08:21,351 INFO [default] training finished
Training Total Time: 22.8662450314
2018-08-17 04:08:21,799 INFO [default] #instances = 100000, #features = 25
Predict Total Time: 0.482641935349
2018-08-17 04:08:22,280 INFO [default] #instances = 100000, #features = 25
acc test score is  0.41665
MES=  0.58335
Confusion matrix=  [[27283 24527]
 [33808 14382]]
2018-08-17 04:08:26,164 INFO [default] #instances = 900000, #features = 25
2018-08-17 04:08:26,227 INFO [default] #classes = 2
2018-08-17 04:08:26,588 INFO [default] working set size = 1024
2018-08-17 04:08:26,609 INFO [default] training start
2018-08-17 04:08:27,631 INFO [default] global iter = 0, total local iter = 102401, diff = 2
2018-08-17 04:08:48,306 INFO [default] global iter = 100, total local iter = 1469085, diff = 540032
2018-08-17 04:09:05,618 INFO [default] global iter = 200, total local iter = 2403805, diff = 865420
2018-08-17 04:09:18,424 INFO [default] global iter = 300, total local iter = 2839530, diff = 2.62256e+06
2018-08-17 04:09:29,908 INFO [default] global iter = 400, total local iter = 3116292, diff = 2.11387e+06
2018-08-17 04:09:47,583 INFO [default] global iter = 500, total local iter = 4046208, diff = 1.13962e+06
2018-08-17 04:10:00,931 INFO [default] global iter = 600, total local iter = 4510326, diff = 1.05249e+06
2018-08-17 04:10:12,424 INFO [default] global iter = 700, total local iter = 4766567, diff = 3.28443e+06
2018-08-17 04:10:23,419 INFO [default] global iter = 800, total local iter = 4968227, diff = 2.54992e+06
2018-08-17 04:10:40,944 INFO [default] global iter = 900, total local iter = 5850918, diff = 4.37831e+06
2018-08-17 04:10:56,257 INFO [default] global iter = 1000, total local iter = 6504427, diff = 1.28992e+06
2018-08-17 04:10:56,263 INFO [default] global iter = 1000, total local iter = 6504427, diff = 1.28992e+06
2018-08-17 04:10:56,263 INFO [default] training finished
2018-08-17 04:10:56,265 INFO [default] obj = -4.02139e+09
2018-08-17 04:10:56,277 INFO [default] rho = -1.03618e+06
2018-08-17 04:10:56,278 INFO [default] #sv = 27217
2018-08-17 04:10:56,444 INFO [default] #total unique sv = 27217
2018-08-17 04:10:56,484 INFO [default] training finished
Training Total Time: 154.220356941
2018-08-17 04:10:57,105 INFO [default] #instances = 100000, #features = 25
Predict Total Time: 1.1493268013
2018-08-17 04:10:58,222 INFO [default] #instances = 100000, #features = 25
acc test score is  0.49599
MES=  0.50401
Confusion matrix=  [[24822 26988]
 [23413 24777]]
2018-08-17 04:11:02,742 INFO [default] #instances = 900000, #features = 25
2018-08-17 04:11:02,805 INFO [default] #classes = 2
2018-08-17 04:11:03,148 INFO [default] working set size = 1024
2018-08-17 04:11:03,169 INFO [default] training start
2018-08-17 04:11:04,204 INFO [default] global iter = 0, total local iter = 102401, diff = 2
2018-08-17 04:11:29,557 INFO [default] global iter = 76, total local iter = 2129875, diff = 2.35463e+06
2018-08-17 04:11:29,557 INFO [default] training finished
2018-08-17 04:11:29,559 INFO [default] obj = -4.52151e+07
2018-08-17 04:11:29,571 INFO [default] rho = -925450
2018-08-17 04:11:29,572 INFO [default] #sv = 1878
2018-08-17 04:11:29,727 INFO [default] #total unique sv = 1878
2018-08-17 04:11:29,765 INFO [default] training finished
Training Total Time: 30.7796459198
2018-08-17 04:11:30,219 INFO [default] #instances = 100000, #features = 25
Predict Total Time: 0.510657072067
2018-08-17 04:11:30,728 INFO [default] #instances = 100000, #features = 25
acc test score is  0.75053
MES=  0.24947
Confusion matrix=  [[31905 19905]
 [ 5042 43148]]
2018-08-17 04:11:34,636 INFO [default] #instances = 900001, #features = 25
2018-08-17 04:11:34,699 INFO [default] #classes = 2
2018-08-17 04:11:35,042 INFO [default] working set size = 1024
2018-08-17 04:11:35,065 INFO [default] training start
2018-08-17 04:11:36,088 INFO [default] global iter = 0, total local iter = 102401, diff = 2
2018-08-17 04:11:57,226 INFO [default] global iter = 100, total local iter = 1527928, diff = 493662
2018-08-17 04:12:16,587 INFO [default] global iter = 200, total local iter = 2698547, diff = 3.73298e+06
2018-08-17 04:12:28,103 INFO [default] global iter = 300, total local iter = 2991790, diff = 1.54254e+06
2018-08-17 04:12:39,580 INFO [default] global iter = 400, total local iter = 3257259, diff = 923180
2018-08-17 04:12:50,019 INFO [default] global iter = 500, total local iter = 3410811, diff = 1.48506e+06
2018-08-17 04:13:01,740 INFO [default] global iter = 600, total local iter = 3699064, diff = 1.49645e+06
2018-08-17 04:13:12,861 INFO [default] global iter = 700, total local iter = 3914651, diff = 4.28157e+06
2018-08-17 04:13:34,851 INFO [default] global iter = 771, total local iter = 5548008, diff = 580700
2018-08-17 04:13:34,851 INFO [default] training finished
2018-08-17 04:13:34,853 INFO [default] obj = -2.66001e+09
2018-08-17 04:13:34,865 INFO [default] rho = -1.00746e+06
2018-08-17 04:13:34,866 INFO [default] #sv = 21293
2018-08-17 04:13:35,026 INFO [default] #total unique sv = 21293
2018-08-17 04:13:35,065 INFO [default] training finished
Training Total Time: 124.283435106
2018-08-17 04:13:35,614 INFO [default] #instances = 99999, #features = 25
Predict Total Time: 0.970680952072
2018-08-17 04:13:36,588 INFO [default] #instances = 99999, #features = 25
acc test score is  0.4905549055490555
MES=  0.5094450944509445
Confusion matrix=  [[24123 27686]
 [23258 24932]]
2018-08-17 04:13:40,964 INFO [default] #instances = 900001, #features = 25
2018-08-17 04:13:41,026 INFO [default] #classes = 2
2018-08-17 04:13:41,397 INFO [default] working set size = 1024
2018-08-17 04:13:41,420 INFO [default] training start
2018-08-17 04:13:42,459 INFO [default] global iter = 0, total local iter = 102401, diff = 2
2018-08-17 04:14:06,858 INFO [default] global iter = 100, total local iter = 1869728, diff = 689091
2018-08-17 04:14:23,222 INFO [default] global iter = 200, total local iter = 2719706, diff = 448539
2018-08-17 04:14:38,838 INFO [default] global iter = 300, total local iter = 3463386, diff = 899081
2018-08-17 04:14:52,643 INFO [default] global iter = 400, total local iter = 3988554, diff = 1.22888e+06
2018-08-17 04:15:03,025 INFO [default] global iter = 500, total local iter = 4138809, diff = 1.18566e+06
2018-08-17 04:15:18,104 INFO [default] global iter = 600, total local iter = 4771793, diff = 3.74887e+06
2018-08-17 04:15:28,579 INFO [default] global iter = 700, total local iter = 4913093, diff = 1.29799e+06
2018-08-17 04:15:39,465 INFO [default] global iter = 800, total local iter = 5091933, diff = 1.12201e+06
2018-08-17 04:16:02,605 INFO [default] global iter = 876, total local iter = 6798429, diff = 685427
2018-08-17 04:16:02,605 INFO [default] training finished
2018-08-17 04:16:02,607 INFO [default] obj = -2.94591e+09
2018-08-17 04:16:02,619 INFO [default] rho = -1.0415e+06
2018-08-17 04:16:02,620 INFO [default] #sv = 22570
2018-08-17 04:16:02,781 INFO [default] #total unique sv = 22570
2018-08-17 04:16:02,820 INFO [default] training finished
Training Total Time: 145.721188068
2018-08-17 04:16:03,382 INFO [default] #instances = 99999, #features = 25
Predict Total Time: 1.01989102364
2018-08-17 04:16:04,399 INFO [default] #instances = 99999, #features = 25
acc test score is  0.4897948979489795
MES=  0.5102051020510205
Confusion matrix=  [[23909 27900]
 [23120 25070]]
2018-08-17 04:16:08,809 INFO [default] #instances = 900001, #features = 25
2018-08-17 04:16:08,871 INFO [default] #classes = 2
2018-08-17 04:16:09,236 INFO [default] working set size = 1024
2018-08-17 04:16:09,259 INFO [default] training start
2018-08-17 04:16:10,306 INFO [default] global iter = 0, total local iter = 102401, diff = 2
2018-08-17 04:16:31,334 INFO [default] global iter = 100, total local iter = 1529623, diff = 976074
2018-08-17 04:16:45,914 INFO [default] global iter = 200, total local iter = 2181714, diff = 2.15408e+06
2018-08-17 04:16:58,811 INFO [default] global iter = 300, total local iter = 2621336, diff = 3.81034e+06
2018-08-17 04:17:08,866 INFO [default] global iter = 400, total local iter = 2735621, diff = 3.98485e+06
2018-08-17 04:17:19,521 INFO [default] global iter = 500, total local iter = 2909315, diff = 530455
2018-08-17 04:17:33,015 INFO [default] global iter = 600, total local iter = 3368800, diff = 1.05611e+07
2018-08-17 04:17:45,061 INFO [default] global iter = 700, total local iter = 3667418, diff = 3.95613e+06
2018-08-17 04:17:59,137 INFO [default] global iter = 800, total local iter = 4179854, diff = 2.46734e+06
2018-08-17 04:18:10,852 INFO [default] global iter = 900, total local iter = 4445021, diff = 888018
2018-08-17 04:18:28,632 INFO [default] global iter = 924, total local iter = 6087212, diff = 485240
2018-08-17 04:18:28,633 INFO [default] training finished
2018-08-17 04:18:28,634 INFO [default] obj = -3.73645e+09
2018-08-17 04:18:28,646 INFO [default] rho = -1.09702e+06
2018-08-17 04:18:28,647 INFO [default] #sv = 27622
2018-08-17 04:18:28,808 INFO [default] #total unique sv = 27622
2018-08-17 04:18:28,847 INFO [default] training finished
Training Total Time: 143.92275691
2018-08-17 04:18:29,430 INFO [default] #instances = 99999, #features = 25
Predict Total Time: 1.1944899559
2018-08-17 04:18:30,628 INFO [default] #instances = 99999, #features = 25
acc test score is  0.5082650826508265
MES=  0.4917349173491735
Confusion matrix=  [[25816 25993]
 [23180 25010]]
Total Time: 918.672451019
52.38% (+/- 8.94%)
