2018-08-17 12:21:48,665 INFO [default] #instances = 899999, #features = 25
2018-08-17 12:21:48,779 INFO [default] #classes = 2
2018-08-17 12:21:49,357 INFO [default] working set size = 1024
2018-08-17 12:21:49,379 INFO [default] training start
2018-08-17 12:21:50,594 INFO [default] global iter = 0, total local iter = 102401, diff = 2
2018-08-17 12:22:14,697 INFO [default] global iter = 100, total local iter = 1876882, diff = 404345
2018-08-17 12:22:31,380 INFO [default] global iter = 135, total local iter = 3321307, diff = 471605
2018-08-17 12:22:31,380 INFO [default] training finished
2018-08-17 12:22:31,382 INFO [default] obj = -1.60407e+08
2018-08-17 12:22:31,410 INFO [default] rho = -357482
2018-08-17 12:22:31,411 INFO [default] #sv = 3734
2018-08-17 12:22:31,600 INFO [default] #total unique sv = 3734
2018-08-17 12:22:31,642 INFO [default] training finished
Training Total Time: 46.9337339401
2018-08-17 12:22:32,122 INFO [default] #instances = 100001, #features = 25
Predict Total Time: 0.566613912582
2018-08-17 12:22:32,685 INFO [default] #instances = 100001, #features = 25
acc test score is  0.5759142408575915
MES=  0.4240857591424086
Confusion matrix=  [[26273 25537]
 [16872 31319]]
2018-08-17 12:22:36,680 INFO [default] #instances = 899999, #features = 25
2018-08-17 12:22:36,790 INFO [default] #classes = 2
2018-08-17 12:22:37,206 INFO [default] working set size = 1024
2018-08-17 12:22:37,227 INFO [default] training start
2018-08-17 12:22:38,277 INFO [default] global iter = 0, total local iter = 102401, diff = 2
2018-08-17 12:23:06,313 INFO [default] global iter = 67, total local iter = 2539913, diff = 290529
2018-08-17 12:23:06,313 INFO [default] training finished
2018-08-17 12:23:06,315 INFO [default] obj = -6.82485e+07
2018-08-17 12:23:06,342 INFO [default] rho = -104333
2018-08-17 12:23:06,343 INFO [default] #sv = 2290
2018-08-17 12:23:06,507 INFO [default] #total unique sv = 2290
2018-08-17 12:23:06,545 INFO [default] training finished
Training Total Time: 33.6550748348
2018-08-17 12:23:07,002 INFO [default] #instances = 100001, #features = 25
Predict Total Time: 0.499202013016
2018-08-17 12:23:07,501 INFO [default] #instances = 100001, #features = 25
acc test score is  0.5659743402565974
MES=  0.43402565974340257
Confusion matrix=  [[27350 24460]
 [18943 29248]]
2018-08-17 12:23:11,367 INFO [default] #instances = 899999, #features = 25
2018-08-17 12:23:11,429 INFO [default] #classes = 2
2018-08-17 12:23:11,830 INFO [default] working set size = 1024
2018-08-17 12:23:11,851 INFO [default] training start
2018-08-17 12:23:12,875 INFO [default] global iter = 0, total local iter = 102401, diff = 2
2018-08-17 12:23:34,598 INFO [default] global iter = 100, total local iter = 1583975, diff = 641357
2018-08-17 12:23:54,572 INFO [default] global iter = 142, total local iter = 3312206, diff = 432243
2018-08-17 12:23:54,572 INFO [default] training finished
2018-08-17 12:23:54,573 INFO [default] obj = -3.91376e+08
2018-08-17 12:23:54,600 INFO [default] rho = -298703
2018-08-17 12:23:54,601 INFO [default] #sv = 6630
2018-08-17 12:23:54,768 INFO [default] #total unique sv = 6630
2018-08-17 12:23:54,806 INFO [default] training finished
Training Total Time: 47.187951088
2018-08-17 12:23:55,279 INFO [default] #instances = 100001, #features = 25
Predict Total Time: 0.652009010315
2018-08-17 12:23:55,945 INFO [default] #instances = 100001, #features = 25
acc test score is  0.5348446515534845
MES=  0.4651553484465155
Confusion matrix=  [[26539 25271]
 [21245 26946]]
2018-08-17 12:23:59,998 INFO [default] #instances = 900000, #features = 25
2018-08-17 12:24:00,066 INFO [default] #classes = 2
2018-08-17 12:24:00,431 INFO [default] working set size = 1024
2018-08-17 12:24:00,452 INFO [default] training start
2018-08-17 12:24:01,487 INFO [default] global iter = 0, total local iter = 102401, diff = 2
2018-08-17 12:24:20,821 INFO [default] global iter = 100, total local iter = 1323461, diff = 462949
2018-08-17 12:24:36,549 INFO [default] global iter = 200, total local iter = 2106676, diff = 429281
2018-08-17 12:24:52,498 INFO [default] global iter = 300, total local iter = 2875531, diff = 1.13077e+06
2018-08-17 12:25:06,236 INFO [default] global iter = 313, total local iter = 4206744, diff = 821462
2018-08-17 12:25:06,236 INFO [default] training finished
2018-08-17 12:25:06,238 INFO [default] obj = -9.0618e+08
2018-08-17 12:25:06,257 INFO [default] rho = -639354
2018-08-17 12:25:06,258 INFO [default] #sv = 11019
2018-08-17 12:25:06,419 INFO [default] #total unique sv = 11019
2018-08-17 12:25:06,459 INFO [default] training finished
Training Total Time: 70.2590260506
2018-08-17 12:25:06,955 INFO [default] #instances = 100000, #features = 25
Predict Total Time: 0.728562831879
2018-08-17 12:25:07,684 INFO [default] #instances = 100000, #features = 25
acc test score is  0.52916
MES=  0.47084
Confusion matrix=  [[26883 24927]
 [22157 26033]]
2018-08-17 12:25:11,812 INFO [default] #instances = 900000, #features = 25
2018-08-17 12:25:11,876 INFO [default] #classes = 2
2018-08-17 12:25:12,242 INFO [default] working set size = 1024
2018-08-17 12:25:12,264 INFO [default] training start
2018-08-17 12:25:13,302 INFO [default] global iter = 0, total local iter = 102401, diff = 2
2018-08-17 12:25:33,103 INFO [default] global iter = 100, total local iter = 1360384, diff = 685779
2018-08-17 12:25:50,530 INFO [default] global iter = 200, total local iter = 2326793, diff = 946516
2018-08-17 12:26:05,247 INFO [default] global iter = 300, total local iter = 2962773, diff = 1.97128e+06
2018-08-17 12:26:16,049 INFO [default] global iter = 400, total local iter = 3155453, diff = 1.5016e+06
2018-08-17 12:26:28,735 INFO [default] global iter = 500, total local iter = 3541065, diff = 1.60295e+06
2018-08-17 12:26:38,962 INFO [default] global iter = 600, total local iter = 3655416, diff = 2.95032e+06
2018-08-17 12:26:51,711 INFO [default] global iter = 700, total local iter = 4035726, diff = 3.23926e+06
2018-08-17 12:27:02,028 INFO [default] global iter = 800, total local iter = 4151952, diff = 2.06733e+06
2018-08-17 12:27:24,893 INFO [default] global iter = 867, total local iter = 5916499, diff = 928973
2018-08-17 12:27:24,894 INFO [default] training finished
2018-08-17 12:27:24,895 INFO [default] obj = -3.38145e+09
2018-08-17 12:27:24,915 INFO [default] rho = -841001
2018-08-17 12:27:24,916 INFO [default] #sv = 24992
2018-08-17 12:27:25,079 INFO [default] #total unique sv = 24992
2018-08-17 12:27:25,118 INFO [default] training finished
Training Total Time: 137.170238972
2018-08-17 12:27:25,686 INFO [default] #instances = 100000, #features = 25
Predict Total Time: 1.15633511543
2018-08-17 12:27:26,877 INFO [default] #instances = 100000, #features = 25
acc test score is  0.48758
MES=  0.51242
Confusion matrix=  [[24236 27574]
 [23668 24522]]
2018-08-17 12:27:31,421 INFO [default] #instances = 900000, #features = 25
2018-08-17 12:27:31,484 INFO [default] #classes = 2
2018-08-17 12:27:31,877 INFO [default] working set size = 1024
2018-08-17 12:27:31,899 INFO [default] training start
2018-08-17 12:27:32,934 INFO [default] global iter = 0, total local iter = 102401, diff = 2
2018-08-17 12:27:51,955 INFO [default] global iter = 100, total local iter = 1288030, diff = 639132
2018-08-17 12:28:04,404 INFO [default] global iter = 200, total local iter = 1692258, diff = 575938
2018-08-17 12:28:15,594 INFO [default] global iter = 300, total local iter = 1946982, diff = 644575
2018-08-17 12:28:28,883 INFO [default] global iter = 400, total local iter = 2405296, diff = 2.26437e+07
2018-08-17 12:28:45,945 INFO [default] global iter = 437, total local iter = 3859776, diff = 1.21384e+06
2018-08-17 12:28:45,945 INFO [default] training finished
2018-08-17 12:28:45,946 INFO [default] obj = -1.67012e+09
2018-08-17 12:28:45,966 INFO [default] rho = -616726
2018-08-17 12:28:45,967 INFO [default] #sv = 15285
2018-08-17 12:28:46,128 INFO [default] #total unique sv = 15285
2018-08-17 12:28:46,167 INFO [default] training finished
Training Total Time: 78.5505850315
2018-08-17 12:28:46,684 INFO [default] #instances = 100000, #features = 25
Predict Total Time: 0.864681959152
2018-08-17 12:28:47,550 INFO [default] #instances = 100000, #features = 25
acc test score is  0.50774
MES=  0.49226
Confusion matrix=  [[25158 26652]
 [22574 25616]]
2018-08-17 12:28:51,822 INFO [default] #instances = 900000, #features = 25
2018-08-17 12:28:51,885 INFO [default] #classes = 2
2018-08-17 12:28:52,259 INFO [default] working set size = 1024
2018-08-17 12:28:52,281 INFO [default] training start
2018-08-17 12:28:53,316 INFO [default] global iter = 0, total local iter = 102401, diff = 2
2018-08-17 12:29:10,226 INFO [default] global iter = 100, total local iter = 1041251, diff = 1.46699e+06
2018-08-17 12:29:24,081 INFO [default] global iter = 200, total local iter = 1612196, diff = 1.02431e+07
2018-08-17 12:29:40,302 INFO [default] global iter = 300, total local iter = 2415159, diff = 1.18748e+06
2018-08-17 12:29:57,187 INFO [default] global iter = 400, total local iter = 3282499, diff = 1.77778e+06
2018-08-17 12:30:09,953 INFO [default] global iter = 500, total local iter = 3685498, diff = 2.42253e+06
2018-08-17 12:30:23,390 INFO [default] global iter = 600, total local iter = 4142429, diff = 808042
2018-08-17 12:30:33,746 INFO [default] global iter = 700, total local iter = 4269221, diff = 1.19269e+06
2018-08-17 12:30:44,912 INFO [default] global iter = 800, total local iter = 4476069, diff = 1.73254e+06
2018-08-17 12:30:58,889 INFO [default] global iter = 900, total local iter = 4979892, diff = 974318
2018-08-17 12:31:11,137 INFO [default] global iter = 1000, total local iter = 5278050, diff = 1.46862e+06
2018-08-17 12:31:11,142 INFO [default] global iter = 1000, total local iter = 5278050, diff = 1.46862e+06
2018-08-17 12:31:11,143 INFO [default] training finished
2018-08-17 12:31:11,144 INFO [default] obj = -4.32797e+09
2018-08-17 12:31:11,164 INFO [default] rho = -1.7109e+06
2018-08-17 12:31:11,165 INFO [default] #sv = 32679
2018-08-17 12:31:11,328 INFO [default] #total unique sv = 32679
2018-08-17 12:31:11,367 INFO [default] training finished
Training Total Time: 143.455272198
2018-08-17 12:31:11,974 INFO [default] #instances = 100000, #features = 25
Predict Total Time: 1.34641599655
2018-08-17 12:31:13,322 INFO [default] #instances = 100000, #features = 25
acc test score is  0.5102
MES=  0.4898
Confusion matrix=  [[25688 26122]
 [22858 25332]]
2018-08-17 12:31:18,095 INFO [default] #instances = 900001, #features = 25
2018-08-17 12:31:18,161 INFO [default] #classes = 2
2018-08-17 12:31:18,544 INFO [default] working set size = 1024
2018-08-17 12:31:18,570 INFO [default] training start
2018-08-17 12:31:19,607 INFO [default] global iter = 0, total local iter = 102401, diff = 2
2018-08-17 12:31:40,755 INFO [default] global iter = 100, total local iter = 1500459, diff = 2.28356e+06
2018-08-17 12:31:55,471 INFO [default] global iter = 200, total local iter = 2146296, diff = 570330
2018-08-17 12:32:11,583 INFO [default] global iter = 300, total local iter = 2925369, diff = 2.74028e+06
2018-08-17 12:32:23,383 INFO [default] global iter = 400, total local iter = 3240738, diff = 1.75762e+06
2018-08-17 12:32:36,725 INFO [default] global iter = 500, total local iter = 3722520, diff = 828523
2018-08-17 12:32:47,297 INFO [default] global iter = 600, total local iter = 3889446, diff = 1.67034e+06
2018-08-17 12:32:58,763 INFO [default] global iter = 700, total local iter = 4138837, diff = 7.07085e+06
2018-08-17 12:33:13,671 INFO [default] global iter = 800, total local iter = 4750208, diff = 1.529e+06
2018-08-17 12:33:32,718 INFO [default] global iter = 861, total local iter = 6171864, diff = 1.57378e+06
2018-08-17 12:33:32,718 INFO [default] training finished
2018-08-17 12:33:32,720 INFO [default] obj = -3.10235e+09
2018-08-17 12:33:32,742 INFO [default] rho = -1.06782e+06
2018-08-17 12:33:32,743 INFO [default] #sv = 23583
2018-08-17 12:33:32,910 INFO [default] #total unique sv = 23583
2018-08-17 12:33:32,949 INFO [default] training finished
Training Total Time: 138.732481003
2018-08-17 12:33:33,512 INFO [default] #instances = 99999, #features = 25
Predict Total Time: 1.0116109848
2018-08-17 12:33:34,524 INFO [default] #instances = 99999, #features = 25
acc test score is  0.4905249052490525
MES=  0.5094750947509475
Confusion matrix=  [[23973 27836]
 [23111 25079]]
2018-08-17 12:33:38,937 INFO [default] #instances = 900001, #features = 25
2018-08-17 12:33:39,000 INFO [default] #classes = 2
2018-08-17 12:33:39,393 INFO [default] working set size = 1024
2018-08-17 12:33:39,420 INFO [default] training start
2018-08-17 12:33:40,461 INFO [default] global iter = 0, total local iter = 102401, diff = 2
2018-08-17 12:34:03,892 INFO [default] global iter = 43, total local iter = 2250380, diff = 91160.1
2018-08-17 12:34:03,892 INFO [default] training finished
2018-08-17 12:34:03,894 INFO [default] obj = -1.35829e+06
2018-08-17 12:34:03,916 INFO [default] rho = -36976.9
2018-08-17 12:34:03,917 INFO [default] #sv = 420
2018-08-17 12:34:04,074 INFO [default] #total unique sv = 420
2018-08-17 12:34:04,113 INFO [default] training finished
Training Total Time: 28.930423975
2018-08-17 12:34:04,561 INFO [default] #instances = 99999, #features = 25
Predict Total Time: 0.466346025467
2018-08-17 12:34:05,028 INFO [default] #instances = 99999, #features = 25
acc test score is  0.7268272682726827
MES=  0.27317273172731726
Confusion matrix=  [[31416 20393]
 [ 6924 41266]]
2018-08-17 12:34:08,863 INFO [default] #instances = 900001, #features = 25
2018-08-17 12:34:08,925 INFO [default] #classes = 2
2018-08-17 12:34:09,299 INFO [default] working set size = 1024
2018-08-17 12:34:09,323 INFO [default] training start
2018-08-17 12:34:10,348 INFO [default] global iter = 0, total local iter = 102401, diff = 2
2018-08-17 12:34:32,387 INFO [default] global iter = 41, total local iter = 2124763, diff = 133599
2018-08-17 12:34:32,387 INFO [default] training finished
2018-08-17 12:34:32,388 INFO [default] obj = -2.02376e+06
2018-08-17 12:34:32,405 INFO [default] rho = 13278
2018-08-17 12:34:32,406 INFO [default] #sv = 450
2018-08-17 12:34:32,563 INFO [default] #total unique sv = 450
2018-08-17 12:34:32,602 INFO [default] training finished
Training Total Time: 27.4585580826
2018-08-17 12:34:33,046 INFO [default] #instances = 99999, #features = 25
Predict Total Time: 0.454999923706
2018-08-17 12:34:33,501 INFO [default] #instances = 99999, #features = 25
acc test score is  0.4093140931409314
MES=  0.5906859068590686
Confusion matrix=  [[31514 20295]
 [38773  9417]]
Total Time: 769.269970894
53.38% (+/- 7.80%)
