2018-08-17 04:18:58,640 INFO [default] #instances = 899999, #features = 25
2018-08-17 04:18:58,752 INFO [default] #classes = 2
2018-08-17 04:18:59,325 INFO [default] working set size = 1024
2018-08-17 04:18:59,347 INFO [default] training start
2018-08-17 04:19:00,565 INFO [default] global iter = 0, total local iter = 102401, diff = 2
2018-08-17 04:19:25,472 INFO [default] global iter = 100, total local iter = 1941352, diff = 344937
2018-08-17 04:19:50,245 INFO [default] global iter = 200, total local iter = 3676908, diff = 887965
2018-08-17 04:20:19,674 INFO [default] global iter = 284, total local iter = 6016217, diff = 410914
2018-08-17 04:20:19,674 INFO [default] training finished
2018-08-17 04:20:19,675 INFO [default] obj = -7.42081e+08
2018-08-17 04:20:19,704 INFO [default] rho = -348555
2018-08-17 04:20:19,705 INFO [default] #sv = 9492
2018-08-17 04:20:19,893 INFO [default] #total unique sv = 9492
2018-08-17 04:20:19,936 INFO [default] training finished
Training Total Time: 85.2449131012
2018-08-17 04:20:20,440 INFO [default] #instances = 100001, #features = 25
Predict Total Time: 0.692257165909
2018-08-17 04:20:21,129 INFO [default] #instances = 100001, #features = 25
acc test score is  0.5290847091529085
MES=  0.47091529084709155
Confusion matrix=  [[26675 25135]
 [21957 26234]]
2018-08-17 04:20:25,248 INFO [default] #instances = 899999, #features = 25
2018-08-17 04:20:25,357 INFO [default] #classes = 2
2018-08-17 04:20:25,761 INFO [default] working set size = 1024
2018-08-17 04:20:25,782 INFO [default] training start
2018-08-17 04:20:26,820 INFO [default] global iter = 0, total local iter = 102401, diff = 2
2018-08-17 04:20:55,339 INFO [default] global iter = 71, total local iter = 2534404, diff = 468561
2018-08-17 04:20:55,339 INFO [default] training finished
2018-08-17 04:20:55,341 INFO [default] obj = -5.96574e+07
2018-08-17 04:20:55,361 INFO [default] rho = -181030
2018-08-17 04:20:55,362 INFO [default] #sv = 2068
2018-08-17 04:20:55,518 INFO [default] #total unique sv = 2068
2018-08-17 04:20:55,557 INFO [default] training finished
Training Total Time: 34.0929369926
2018-08-17 04:20:56,018 INFO [default] #instances = 100001, #features = 25
Predict Total Time: 0.48841381073
2018-08-17 04:20:56,506 INFO [default] #instances = 100001, #features = 25
acc test score is  0.6042939570604294
MES=  0.3957060429395706
Confusion matrix=  [[28010 23800]
 [15771 32420]]
2018-08-17 04:21:00,365 INFO [default] #instances = 899999, #features = 25
2018-08-17 04:21:00,428 INFO [default] #classes = 2
2018-08-17 04:21:00,801 INFO [default] working set size = 1024
2018-08-17 04:21:00,823 INFO [default] training start
2018-08-17 04:21:01,846 INFO [default] global iter = 0, total local iter = 102401, diff = 2
2018-08-17 04:21:20,657 INFO [default] global iter = 100, total local iter = 1245964, diff = 1.62347e+06
2018-08-17 04:21:32,920 INFO [default] global iter = 200, total local iter = 1629527, diff = 1.85242e+06
2018-08-17 04:21:44,883 INFO [default] global iter = 300, total local iter = 1964196, diff = 2.04143e+06
2018-08-17 04:21:56,322 INFO [default] global iter = 400, total local iter = 2232628, diff = 1.26271e+06
2018-08-17 04:22:07,257 INFO [default] global iter = 500, total local iter = 2442164, diff = 1.93032e+06
2018-08-17 04:22:20,273 INFO [default] global iter = 600, total local iter = 2861967, diff = 1.04116e+06
2018-08-17 04:22:43,030 INFO [default] global iter = 652, total local iter = 4761848, diff = 519329
2018-08-17 04:22:43,030 INFO [default] training finished
2018-08-17 04:22:43,032 INFO [default] obj = -2.9768e+09
2018-08-17 04:22:43,052 INFO [default] rho = -856796
2018-08-17 04:22:43,053 INFO [default] #sv = 21496
2018-08-17 04:22:43,217 INFO [default] #total unique sv = 21496
2018-08-17 04:22:43,256 INFO [default] training finished
Training Total Time: 106.7193048
2018-08-17 04:22:43,807 INFO [default] #instances = 100001, #features = 25
Predict Total Time: 0.96812582016
2018-08-17 04:22:44,770 INFO [default] #instances = 100001, #features = 25
acc test score is  0.5029349706502935
MES=  0.4970650293497065
Confusion matrix=  [[25189 26621]
 [23086 25105]]
2018-08-17 04:22:49,119 INFO [default] #instances = 900000, #features = 25
2018-08-17 04:22:49,182 INFO [default] #classes = 2
2018-08-17 04:22:49,545 INFO [default] working set size = 1024
2018-08-17 04:22:49,567 INFO [default] training start
2018-08-17 04:22:50,601 INFO [default] global iter = 0, total local iter = 102401, diff = 2
2018-08-17 04:23:08,018 INFO [default] global iter = 100, total local iter = 1111994, diff = 280174
2018-08-17 04:23:36,754 INFO [default] global iter = 175, total local iter = 3493190, diff = 618979
2018-08-17 04:23:36,754 INFO [default] training finished
2018-08-17 04:23:36,755 INFO [default] obj = -1.18657e+08
2018-08-17 04:23:36,775 INFO [default] rho = -283277
2018-08-17 04:23:36,776 INFO [default] #sv = 3033
2018-08-17 04:23:36,934 INFO [default] #total unique sv = 3033
2018-08-17 04:23:36,972 INFO [default] training finished
Training Total Time: 51.5869648457
2018-08-17 04:23:37,431 INFO [default] #instances = 100000, #features = 25
Predict Total Time: 0.516716003418
2018-08-17 04:23:37,944 INFO [default] #instances = 100000, #features = 25
acc test score is  0.58039
MES=  0.41961
Confusion matrix=  [[27213 24597]
 [17364 30826]]
2018-08-17 04:23:41,830 INFO [default] #instances = 900000, #features = 25
2018-08-17 04:23:41,893 INFO [default] #classes = 2
2018-08-17 04:23:42,252 INFO [default] working set size = 1024
2018-08-17 04:23:42,273 INFO [default] training start
2018-08-17 04:23:43,314 INFO [default] global iter = 0, total local iter = 102401, diff = 2
2018-08-17 04:24:01,559 INFO [default] global iter = 21, total local iter = 1862970, diff = 194971
2018-08-17 04:24:01,559 INFO [default] training finished
2018-08-17 04:24:01,560 INFO [default] obj = -3.99899e+06
2018-08-17 04:24:01,580 INFO [default] rho = -120844
2018-08-17 04:24:01,581 INFO [default] #sv = 513
2018-08-17 04:24:01,739 INFO [default] #total unique sv = 513
2018-08-17 04:24:01,778 INFO [default] training finished
Training Total Time: 23.673276186
2018-08-17 04:24:02,227 INFO [default] #instances = 100000, #features = 25
Predict Total Time: 0.467702865601
2018-08-17 04:24:02,691 INFO [default] #instances = 100000, #features = 25
acc test score is  0.7702
MES=  0.2298
Confusion matrix=  [[36120 15690]
 [ 7290 40900]]
2018-08-17 04:24:06,662 INFO [default] #instances = 900000, #features = 25
2018-08-17 04:24:06,724 INFO [default] #classes = 2
2018-08-17 04:24:07,103 INFO [default] working set size = 1024
2018-08-17 04:24:07,125 INFO [default] training start
2018-08-17 04:24:08,141 INFO [default] global iter = 0, total local iter = 102401, diff = 2
2018-08-17 04:24:24,951 INFO [default] global iter = 100, total local iter = 1017593, diff = 718019
2018-08-17 04:24:41,738 INFO [default] global iter = 200, total local iter = 1920467, diff = 1.85424e+06
2018-08-17 04:24:55,031 INFO [default] global iter = 300, total local iter = 2408500, diff = 2.81624e+06
2018-08-17 04:25:13,484 INFO [default] global iter = 341, total local iter = 3985632, diff = 1.68306e+06
2018-08-17 04:25:13,484 INFO [default] training finished
2018-08-17 04:25:13,486 INFO [default] obj = -7.56816e+08
2018-08-17 04:25:13,503 INFO [default] rho = -952218
2018-08-17 04:25:13,504 INFO [default] #sv = 8755
2018-08-17 04:25:13,665 INFO [default] #total unique sv = 8755
2018-08-17 04:25:13,704 INFO [default] training finished
Training Total Time: 70.9276530743
2018-08-17 04:25:14,189 INFO [default] #instances = 100000, #features = 25
Predict Total Time: 0.659039974213
2018-08-17 04:25:14,846 INFO [default] #instances = 100000, #features = 25
acc test score is  0.54443
MES=  0.45557
Confusion matrix=  [[26867 24943]
 [20614 27576]]
2018-08-17 04:25:18,881 INFO [default] #instances = 900000, #features = 25
2018-08-17 04:25:18,945 INFO [default] #classes = 2
2018-08-17 04:25:19,327 INFO [default] working set size = 1024
2018-08-17 04:25:19,351 INFO [default] training start
2018-08-17 04:25:20,387 INFO [default] global iter = 0, total local iter = 102401, diff = 2
2018-08-17 04:25:54,178 INFO [default] global iter = 100, total local iter = 2889268, diff = 222109
2018-08-17 04:25:58,405 INFO [default] global iter = 104, total local iter = 3298872, diff = 222109
2018-08-17 04:25:58,405 INFO [default] training finished
2018-08-17 04:25:58,407 INFO [default] obj = -8.75164e+07
2018-08-17 04:25:58,424 INFO [default] rho = -202077
2018-08-17 04:25:58,425 INFO [default] #sv = 2679
2018-08-17 04:25:58,585 INFO [default] #total unique sv = 2679
2018-08-17 04:25:58,623 INFO [default] training finished
Training Total Time: 43.482088089
2018-08-17 04:25:59,085 INFO [default] #instances = 100000, #features = 25
Predict Total Time: 0.525126934052
2018-08-17 04:25:59,606 INFO [default] #instances = 100000, #features = 25
acc test score is  0.58614
MES=  0.41386
Confusion matrix=  [[27195 24615]
 [16771 31419]]
2018-08-17 04:26:03,539 INFO [default] #instances = 900001, #features = 25
2018-08-17 04:26:03,605 INFO [default] #classes = 2
2018-08-17 04:26:03,992 INFO [default] working set size = 1024
2018-08-17 04:26:04,014 INFO [default] training start
2018-08-17 04:26:05,053 INFO [default] global iter = 0, total local iter = 102401, diff = 2
2018-08-17 04:26:33,240 INFO [default] global iter = 100, total local iter = 2311214, diff = 344823
2018-08-17 04:26:53,131 INFO [default] global iter = 200, total local iter = 3569452, diff = 3.75454e+06
2018-08-17 04:27:05,497 INFO [default] global iter = 300, total local iter = 3953475, diff = 1.65072e+06
2018-08-17 04:27:20,606 INFO [default] global iter = 317, total local iter = 5399095, diff = 1.03822e+06
2018-08-17 04:27:20,606 INFO [default] training finished
2018-08-17 04:27:20,608 INFO [default] obj = -9.65435e+08
2018-08-17 04:27:20,626 INFO [default] rho = -280179
2018-08-17 04:27:20,627 INFO [default] #sv = 10046
2018-08-17 04:27:20,787 INFO [default] #total unique sv = 10046
2018-08-17 04:27:20,826 INFO [default] training finished
Training Total Time: 81.0989279747
2018-08-17 04:27:21,325 INFO [default] #instances = 99999, #features = 25
Predict Total Time: 0.688722133636
2018-08-17 04:27:22,010 INFO [default] #instances = 99999, #features = 25
acc test score is  0.5130151301513015
MES=  0.4869848698486985
Confusion matrix=  [[26045 25764]
 [22934 25256]]
2018-08-17 04:27:26,059 INFO [default] #instances = 900001, #features = 25
2018-08-17 04:27:26,123 INFO [default] #classes = 2
2018-08-17 04:27:26,505 INFO [default] working set size = 1024
2018-08-17 04:27:26,528 INFO [default] training start
2018-08-17 04:27:27,556 INFO [default] global iter = 0, total local iter = 102401, diff = 2
2018-08-17 04:27:52,069 INFO [default] global iter = 100, total local iter = 1888122, diff = 1.05144e+06
2018-08-17 04:28:15,147 INFO [default] global iter = 149, total local iter = 3905274, diff = 631884
2018-08-17 04:28:15,147 INFO [default] training finished
2018-08-17 04:28:15,148 INFO [default] obj = -2.06883e+08
2018-08-17 04:28:15,166 INFO [default] rho = -239314
2018-08-17 04:28:15,167 INFO [default] #sv = 4014
2018-08-17 04:28:15,327 INFO [default] #total unique sv = 4014
2018-08-17 04:28:15,365 INFO [default] training finished
Training Total Time: 53.0404541492
2018-08-17 04:28:15,834 INFO [default] #instances = 99999, #features = 25
Predict Total Time: 0.554015874863
2018-08-17 04:28:16,390 INFO [default] #instances = 99999, #features = 25
acc test score is  0.5458454584545845
MES=  0.45415454154541546
Confusion matrix=  [[26407 25402]
 [20013 28177]]
2018-08-17 04:28:20,325 INFO [default] #instances = 900001, #features = 25
2018-08-17 04:28:20,388 INFO [default] #classes = 2
2018-08-17 04:28:20,749 INFO [default] working set size = 1024
2018-08-17 04:28:20,773 INFO [default] training start
2018-08-17 04:28:21,807 INFO [default] global iter = 0, total local iter = 102401, diff = 2
2018-08-17 04:28:47,679 INFO [default] global iter = 100, total local iter = 2067253, diff = 659092
2018-08-17 04:29:05,709 INFO [default] global iter = 200, total local iter = 3079266, diff = 3.24541e+06
2018-08-17 04:29:19,617 INFO [default] global iter = 300, total local iter = 3625646, diff = 1.15493e+06
2018-08-17 04:29:33,384 INFO [default] global iter = 400, total local iter = 4139215, diff = 1.28963e+07
2018-08-17 04:29:50,617 INFO [default] global iter = 419, total local iter = 5778451, diff = 613317
2018-08-17 04:29:50,617 INFO [default] training finished
2018-08-17 04:29:50,619 INFO [default] obj = -2.25088e+09
2018-08-17 04:29:50,637 INFO [default] rho = -837220
2018-08-17 04:29:50,638 INFO [default] #sv = 17143
2018-08-17 04:29:50,800 INFO [default] #total unique sv = 17143
2018-08-17 04:29:50,839 INFO [default] training finished
Training Total Time: 94.3347611427
2018-08-17 04:29:51,370 INFO [default] #instances = 99999, #features = 25
Predict Total Time: 0.859575986862
2018-08-17 04:29:52,227 INFO [default] #instances = 99999, #features = 25
acc test score is  0.5126451264512645
MES=  0.48735487354873547
Confusion matrix=  [[25434 26375]
 [22360 25830]]
Total Time: 658.392017126
56.89% (+/- 7.45%)
