2018-08-17 14:39:01,907 INFO [default] #instances = 899999, #features = 25
2018-08-17 14:39:02,018 INFO [default] #classes = 2
2018-08-17 14:39:02,595 INFO [default] working set size = 1024
2018-08-17 14:39:02,617 INFO [default] training start
2018-08-17 14:39:03,825 INFO [default] global iter = 0, total local iter = 102401, diff = 2
2018-08-17 14:39:33,585 INFO [default] global iter = 64, total local iter = 2749279, diff = 335885
2018-08-17 14:39:33,585 INFO [default] training finished
2018-08-17 14:39:33,587 INFO [default] obj = -7.6195e+07
2018-08-17 14:39:33,615 INFO [default] rho = -189914
2018-08-17 14:39:33,616 INFO [default] #sv = 2346
2018-08-17 14:39:33,803 INFO [default] #total unique sv = 2346
2018-08-17 14:39:33,845 INFO [default] training finished
Training Total Time: 35.8524091244
2018-08-17 14:39:34,315 INFO [default] #instances = 100001, #features = 25
Predict Total Time: 0.521849155426
2018-08-17 14:39:34,842 INFO [default] #instances = 100001, #features = 25
acc test score is  0.5949040509594904
MES=  0.4050959490405096
Confusion matrix=  [[27505 24305]
 [16205 31986]]
2018-08-17 14:39:38,810 INFO [default] #instances = 899999, #features = 25
2018-08-17 14:39:38,920 INFO [default] #classes = 2
2018-08-17 14:39:39,327 INFO [default] working set size = 1024
2018-08-17 14:39:39,349 INFO [default] training start
2018-08-17 14:39:40,377 INFO [default] global iter = 0, total local iter = 102401, diff = 2
2018-08-17 14:40:05,883 INFO [default] global iter = 100, total local iter = 2010349, diff = 1.16e+06
2018-08-17 14:40:29,993 INFO [default] global iter = 191, total local iter = 3722996, diff = 2.52644e+06
2018-08-17 14:40:29,993 INFO [default] training finished
2018-08-17 14:40:29,995 INFO [default] obj = -3.45439e+08
2018-08-17 14:40:30,021 INFO [default] rho = -1.49011e+06
2018-08-17 14:40:30,022 INFO [default] #sv = 5582
2018-08-17 14:40:30,194 INFO [default] #total unique sv = 5582
2018-08-17 14:40:30,235 INFO [default] training finished
Training Total Time: 55.246835947
2018-08-17 14:40:30,706 INFO [default] #instances = 100001, #features = 25
Predict Total Time: 0.609408855438
2018-08-17 14:40:31,318 INFO [default] #instances = 100001, #features = 25
acc test score is  0.6159838401615984
MES=  0.3840161598384016
Confusion matrix=  [[27053 24757]
 [13645 34546]]
2018-08-17 14:40:35,311 INFO [default] #instances = 899999, #features = 25
2018-08-17 14:40:35,374 INFO [default] #classes = 2
2018-08-17 14:40:35,750 INFO [default] working set size = 1024
2018-08-17 14:40:35,772 INFO [default] training start
2018-08-17 14:40:36,809 INFO [default] global iter = 0, total local iter = 102401, diff = 2
2018-08-17 14:40:55,964 INFO [default] global iter = 100, total local iter = 1298945, diff = 1.38131e+06
2018-08-17 14:41:09,823 INFO [default] global iter = 200, total local iter = 1866083, diff = 743965
2018-08-17 14:41:36,353 INFO [default] global iter = 279, total local iter = 3948780, diff = 872029
2018-08-17 14:41:36,353 INFO [default] training finished
2018-08-17 14:41:36,355 INFO [default] obj = -8.09283e+08
2018-08-17 14:41:36,375 INFO [default] rho = -53258.5
2018-08-17 14:41:36,376 INFO [default] #sv = 9626
2018-08-17 14:41:36,537 INFO [default] #total unique sv = 9626
2018-08-17 14:41:36,577 INFO [default] training finished
Training Total Time: 65.0388588905
2018-08-17 14:41:37,069 INFO [default] #instances = 100001, #features = 25
Predict Total Time: 0.754398107529
2018-08-17 14:41:37,829 INFO [default] #instances = 100001, #features = 25
acc test score is  0.5041749582504175
MES=  0.49582504174958253
Confusion matrix=  [[26292 25518]
 [24065 24126]]
2018-08-17 14:41:41,960 INFO [default] #instances = 900000, #features = 25
2018-08-17 14:41:42,025 INFO [default] #classes = 2
2018-08-17 14:41:42,401 INFO [default] working set size = 1024
2018-08-17 14:41:42,423 INFO [default] training start
2018-08-17 14:41:43,458 INFO [default] global iter = 0, total local iter = 102401, diff = 2
2018-08-17 14:42:02,365 INFO [default] global iter = 100, total local iter = 1272065, diff = 989712
2018-08-17 14:42:17,637 INFO [default] global iter = 200, total local iter = 1985965, diff = 2.97402e+06
2018-08-17 14:42:48,040 INFO [default] global iter = 299, total local iter = 4300837, diff = 681134
2018-08-17 14:42:48,040 INFO [default] training finished
2018-08-17 14:42:48,042 INFO [default] obj = -7.83779e+08
2018-08-17 14:42:48,061 INFO [default] rho = -431201
2018-08-17 14:42:48,062 INFO [default] #sv = 9583
2018-08-17 14:42:48,223 INFO [default] #total unique sv = 9583
2018-08-17 14:42:48,262 INFO [default] training finished
Training Total Time: 70.0694839954
2018-08-17 14:42:48,750 INFO [default] #instances = 100000, #features = 25
Predict Total Time: 0.719302892685
2018-08-17 14:42:49,472 INFO [default] #instances = 100000, #features = 25
acc test score is  0.52379
MES=  0.47621
Confusion matrix=  [[26556 25254]
 [22367 25823]]
2018-08-17 14:42:53,588 INFO [default] #instances = 900000, #features = 25
2018-08-17 14:42:53,651 INFO [default] #classes = 2
2018-08-17 14:42:54,014 INFO [default] working set size = 1024
2018-08-17 14:42:54,036 INFO [default] training start
2018-08-17 14:42:55,082 INFO [default] global iter = 0, total local iter = 102401, diff = 2
2018-08-17 14:43:16,746 INFO [default] global iter = 100, total local iter = 1574850, diff = 725218
2018-08-17 14:43:30,398 INFO [default] global iter = 113, total local iter = 2906063, diff = 285720
2018-08-17 14:43:30,398 INFO [default] training finished
2018-08-17 14:43:30,400 INFO [default] obj = -1.67074e+08
2018-08-17 14:43:30,420 INFO [default] rho = -138591
2018-08-17 14:43:30,421 INFO [default] #sv = 3703
2018-08-17 14:43:30,580 INFO [default] #total unique sv = 3703
2018-08-17 14:43:30,618 INFO [default] training finished
Training Total Time: 40.7931609154
2018-08-17 14:43:31,077 INFO [default] #instances = 100000, #features = 25
Predict Total Time: 0.541666030884
2018-08-17 14:43:31,622 INFO [default] #instances = 100000, #features = 25
acc test score is  0.52546
MES=  0.47454
Confusion matrix=  [[25225 26585]
 [20869 27321]]
2018-08-17 14:43:35,533 INFO [default] #instances = 900000, #features = 25
2018-08-17 14:43:35,596 INFO [default] #classes = 2
2018-08-17 14:43:35,957 INFO [default] working set size = 1024
2018-08-17 14:43:35,979 INFO [default] training start
2018-08-17 14:43:37,002 INFO [default] global iter = 0, total local iter = 102401, diff = 2
2018-08-17 14:44:04,522 INFO [default] global iter = 82, total local iter = 2327594, diff = 1.12456e+06
2018-08-17 14:44:04,522 INFO [default] training finished
2018-08-17 14:44:04,524 INFO [default] obj = -6.02961e+07
2018-08-17 14:44:04,544 INFO [default] rho = 304119
2018-08-17 14:44:04,545 INFO [default] #sv = 2006
2018-08-17 14:44:04,703 INFO [default] #total unique sv = 2006
2018-08-17 14:44:04,743 INFO [default] training finished
Training Total Time: 32.9410669804
2018-08-17 14:44:05,200 INFO [default] #instances = 100000, #features = 25
Predict Total Time: 0.492954015732
2018-08-17 14:44:05,698 INFO [default] #instances = 100000, #features = 25
acc test score is  0.38107
MES=  0.61893
Confusion matrix=  [[26507 25303]
 [36590 11600]]
2018-08-17 14:44:09,557 INFO [default] #instances = 900000, #features = 25
2018-08-17 14:44:09,620 INFO [default] #classes = 2
2018-08-17 14:44:09,981 INFO [default] working set size = 1024
2018-08-17 14:44:10,003 INFO [default] training start
2018-08-17 14:44:11,041 INFO [default] global iter = 0, total local iter = 102401, diff = 2
2018-08-17 14:44:32,613 INFO [default] global iter = 100, total local iter = 1589111, diff = 768351
2018-08-17 14:44:57,080 INFO [default] global iter = 159, total local iter = 3651158, diff = 785006
2018-08-17 14:44:57,080 INFO [default] training finished
2018-08-17 14:44:57,082 INFO [default] obj = -2.94115e+08
2018-08-17 14:44:57,100 INFO [default] rho = -488847
2018-08-17 14:44:57,101 INFO [default] #sv = 5124
2018-08-17 14:44:57,260 INFO [default] #total unique sv = 5124
2018-08-17 14:44:57,299 INFO [default] training finished
Training Total Time: 51.4850189686
2018-08-17 14:44:57,766 INFO [default] #instances = 100000, #features = 25
Predict Total Time: 0.570842981339
2018-08-17 14:44:58,344 INFO [default] #instances = 100000, #features = 25
acc test score is  0.55167
MES=  0.44833
Confusion matrix=  [[26411 25399]
 [19434 28756]]
2018-08-17 14:45:02,336 INFO [default] #instances = 900001, #features = 25
2018-08-17 14:45:02,399 INFO [default] #classes = 2
2018-08-17 14:45:02,784 INFO [default] working set size = 1024
2018-08-17 14:45:02,806 INFO [default] training start
2018-08-17 14:45:03,842 INFO [default] global iter = 0, total local iter = 102401, diff = 2
2018-08-17 14:45:34,637 INFO [default] global iter = 88, total local iter = 2641775, diff = 351130
2018-08-17 14:45:34,637 INFO [default] training finished
2018-08-17 14:45:34,639 INFO [default] obj = -1.20026e+08
2018-08-17 14:45:34,657 INFO [default] rho = -63946.1
2018-08-17 14:45:34,658 INFO [default] #sv = 2862
2018-08-17 14:45:34,816 INFO [default] #total unique sv = 2862
2018-08-17 14:45:34,855 INFO [default] training finished
Training Total Time: 36.3010318279
2018-08-17 14:45:35,311 INFO [default] #instances = 99999, #features = 25
Predict Total Time: 0.509333848953
2018-08-17 14:45:35,824 INFO [default] #instances = 99999, #features = 25
acc test score is  0.5171251712517125
MES=  0.48287482874828747
Confusion matrix=  [[25929 25880]
 [22407 25783]]
2018-08-17 14:45:39,704 INFO [default] #instances = 900001, #features = 25
2018-08-17 14:45:39,767 INFO [default] #classes = 2
2018-08-17 14:45:40,148 INFO [default] working set size = 1024
2018-08-17 14:45:40,171 INFO [default] training start
2018-08-17 14:45:41,195 INFO [default] global iter = 0, total local iter = 102401, diff = 2
2018-08-17 14:45:59,372 INFO [default] global iter = 100, total local iter = 1179401, diff = 376740
2018-08-17 14:46:27,842 INFO [default] global iter = 171, total local iter = 3571813, diff = 572425
2018-08-17 14:46:27,842 INFO [default] training finished
2018-08-17 14:46:27,844 INFO [default] obj = -2.16713e+08
2018-08-17 14:46:27,862 INFO [default] rho = -83389.2
2018-08-17 14:46:27,863 INFO [default] #sv = 4366
2018-08-17 14:46:28,022 INFO [default] #total unique sv = 4366
2018-08-17 14:46:28,060 INFO [default] training finished
Training Total Time: 52.0963659286
2018-08-17 14:46:28,557 INFO [default] #instances = 99999, #features = 25
Predict Total Time: 0.593647956848
2018-08-17 14:46:29,153 INFO [default] #instances = 99999, #features = 25
acc test score is  0.5052650526505265
MES=  0.4947349473494735
Confusion matrix=  [[25042 26767]
 [22706 25484]]
2018-08-17 14:46:33,491 INFO [default] #instances = 900001, #features = 25
2018-08-17 14:46:33,554 INFO [default] #classes = 2
2018-08-17 14:46:33,936 INFO [default] working set size = 1024
2018-08-17 14:46:33,959 INFO [default] training start
2018-08-17 14:46:34,996 INFO [default] global iter = 0, total local iter = 102401, diff = 2
2018-08-17 14:46:58,973 INFO [default] global iter = 100, total local iter = 1803212, diff = 269307
2018-08-17 14:47:10,656 INFO [default] global iter = 200, total local iter = 2121985, diff = 2.24183e+06
2018-08-17 14:47:21,626 INFO [default] global iter = 300, total local iter = 2344735, diff = 2.44857e+06
2018-08-17 14:47:32,338 INFO [default] global iter = 400, total local iter = 2528913, diff = 4.4244e+06
2018-08-17 14:47:46,990 INFO [default] global iter = 500, total local iter = 3128511, diff = 2.06321e+06
2018-08-17 14:48:01,235 INFO [default] global iter = 600, total local iter = 3673693, diff = 1.8702e+06
2018-08-17 14:48:16,415 INFO [default] global iter = 617, total local iter = 5110487, diff = 849195
2018-08-17 14:48:16,416 INFO [default] training finished
2018-08-17 14:48:16,417 INFO [default] obj = -2.83482e+09
2018-08-17 14:48:16,435 INFO [default] rho = -735183
2018-08-17 14:48:16,436 INFO [default] #sv = 20123
2018-08-17 14:48:16,599 INFO [default] #total unique sv = 20123
2018-08-17 14:48:16,638 INFO [default] training finished
Training Total Time: 107.365505934
2018-08-17 14:48:17,179 INFO [default] #instances = 99999, #features = 25
Predict Total Time: 0.999378919601
2018-08-17 14:48:18,212 INFO [default] #instances = 99999, #features = 25
acc test score is  0.5022550225502255
MES=  0.4977449774497745
Confusion matrix=  [[25515 26294]
 [23480 24710]]
Total Time: 561.253443956
52.22% (+/- 5.99%)
