2018-08-17 20:10:21,692 INFO [default] #instances = 899999, #features = 25
2018-08-17 20:10:21,809 INFO [default] #classes = 2
2018-08-17 20:10:22,385 INFO [default] working set size = 1024
2018-08-17 20:10:22,407 INFO [default] training start
2018-08-17 20:10:23,622 INFO [default] global iter = 0, total local iter = 102401, diff = 2
2018-08-17 20:10:49,183 INFO [default] global iter = 100, total local iter = 1909318, diff = 32939
2018-08-17 20:10:50,239 INFO [default] global iter = 101, total local iter = 2011719, diff = 32939
2018-08-17 20:10:50,239 INFO [default] training finished
2018-08-17 20:10:50,241 INFO [default] obj = -1.002e-21
2018-08-17 20:10:50,269 INFO [default] rho = -1178.3
2018-08-17 20:10:50,270 INFO [default] #sv = 192
2018-08-17 20:10:50,456 INFO [default] #total unique sv = 192
2018-08-17 20:10:50,498 INFO [default] training finished
Training Total Time: 32.714222908
2018-08-17 20:10:50,993 INFO [default] #instances = 100001, #features = 25
Predict Total Time: 0.509835958481
2018-08-17 20:10:51,503 INFO [default] #instances = 100001, #features = 25
acc test score is  0.6662933370666293
MES=  0.33370666293337065
Confusion matrix=  [[19674 32136]
 [ 1235 46956]]
2018-08-17 20:10:55,515 INFO [default] #instances = 899999, #features = 25
2018-08-17 20:10:55,627 INFO [default] #classes = 2
2018-08-17 20:10:56,034 INFO [default] working set size = 1024
2018-08-17 20:10:56,055 INFO [default] training start
2018-08-17 20:10:57,093 INFO [default] global iter = 0, total local iter = 102401, diff = 2
2018-08-17 20:11:10,799 INFO [default] global iter = 100, total local iter = 650755, diff = 1.2526e+13
2018-08-17 20:11:25,611 INFO [default] global iter = 200, total local iter = 1338172, diff = 4.18221e+28
2018-08-17 20:11:38,846 INFO [default] global iter = 300, total local iter = 1856098, diff = 3.73611e+29
2018-08-17 20:11:53,028 INFO [default] global iter = 400, total local iter = 2468651, diff = 6.716e+30
2018-08-17 20:12:07,375 INFO [default] global iter = 500, total local iter = 3079753, diff = 1.89396e+30
2018-08-17 20:12:21,751 INFO [default] global iter = 600, total local iter = 3688920, diff = 1.02311e+31
2018-08-17 20:12:37,157 INFO [default] global iter = 700, total local iter = 4429602, diff = 2.35261e+30
2018-08-17 20:12:52,337 INFO [default] global iter = 800, total local iter = 5139697, diff = 9.24877e+30
2018-08-17 20:13:09,028 INFO [default] global iter = 900, total local iter = 6031569, diff = 1.24291e+31
2018-08-17 20:13:23,549 INFO [default] global iter = 1000, total local iter = 6659030, diff = 2.42888e+31
2018-08-17 20:13:23,554 INFO [default] global iter = 1000, total local iter = 6659030, diff = 2.42888e+31
2018-08-17 20:13:23,554 INFO [default] training finished
2018-08-17 20:13:23,556 INFO [default] obj = -9.88976e+32
2018-08-17 20:13:23,576 INFO [default] rho = -4.96822e+29
2018-08-17 20:13:23,577 INFO [default] #sv = 4177
2018-08-17 20:13:23,756 INFO [default] #total unique sv = 4177
2018-08-17 20:13:23,799 INFO [default] training finished
Training Total Time: 152.184326887
2018-08-17 20:13:24,303 INFO [default] #instances = 100001, #features = 25
Predict Total Time: 0.602828025818
2018-08-17 20:13:24,878 INFO [default] #instances = 100001, #features = 25
acc test score is  0.7805421945780542
MES=  0.2194578054219458
Confusion matrix=  [[33011 18799]
 [ 3147 45044]]
2018-08-17 20:13:28,849 INFO [default] #instances = 899999, #features = 25
2018-08-17 20:13:28,913 INFO [default] #classes = 2
2018-08-17 20:13:29,315 INFO [default] working set size = 1024
2018-08-17 20:13:29,336 INFO [default] training start
2018-08-17 20:13:30,377 INFO [default] global iter = 0, total local iter = 102401, diff = 2
2018-08-17 20:13:44,243 INFO [default] global iter = 100, total local iter = 663073, diff = 1.4354e+14
2018-08-17 20:14:10,687 INFO [default] global iter = 190, total local iter = 2675053, diff = 6.31238e+29
2018-08-17 20:14:10,687 INFO [default] training finished
2018-08-17 20:14:10,688 INFO [default] obj = -4.49853e+27
2018-08-17 20:14:10,708 INFO [default] rho = 1.34414e+28
2018-08-17 20:14:10,709 INFO [default] #sv = 158
2018-08-17 20:14:10,883 INFO [default] #total unique sv = 158
2018-08-17 20:14:10,923 INFO [default] training finished
Training Total Time: 45.8295469284
2018-08-17 20:14:11,366 INFO [default] #instances = 100001, #features = 25
Predict Total Time: 0.459311008453
2018-08-17 20:14:11,835 INFO [default] #instances = 100001, #features = 25
acc test score is  0.4998550014499855
MES=  0.5001449985500145
Confusion matrix=  [[49615  2195]
 [47820   371]]
2018-08-17 20:14:15,670 INFO [default] #instances = 900000, #features = 25
2018-08-17 20:14:15,734 INFO [default] #classes = 2
2018-08-17 20:14:16,100 INFO [default] working set size = 1024
2018-08-17 20:14:16,120 INFO [default] training start
2018-08-17 20:14:17,164 INFO [default] global iter = 0, total local iter = 102401, diff = 2
2018-08-17 20:14:35,530 INFO [default] global iter = 100, total local iter = 1162390, diff = 7.99258e+21
2018-08-17 20:14:46,922 INFO [default] global iter = 200, total local iter = 1459826, diff = 7.74443e+28
2018-08-17 20:14:58,430 INFO [default] global iter = 300, total local iter = 1770354, diff = 1.61476e+30
2018-08-17 20:15:10,139 INFO [default] global iter = 400, total local iter = 2097991, diff = 2.74051e+30
2018-08-17 20:15:23,581 INFO [default] global iter = 500, total local iter = 2600189, diff = 7.03039e+30
2018-08-17 20:15:37,204 INFO [default] global iter = 600, total local iter = 3130066, diff = 8.52247e+30
2018-08-17 20:15:51,342 INFO [default] global iter = 700, total local iter = 3721930, diff = 6.02765e+30
2018-08-17 20:16:04,675 INFO [default] global iter = 800, total local iter = 4215823, diff = 2.18186e+31
2018-08-17 20:16:18,989 INFO [default] global iter = 900, total local iter = 4815752, diff = 7.82675e+30
2018-08-17 20:16:32,665 INFO [default] global iter = 1000, total local iter = 5344997, diff = 5.15368e+30
2018-08-17 20:16:32,671 INFO [default] global iter = 1000, total local iter = 5344997, diff = 5.15368e+30
2018-08-17 20:16:32,671 INFO [default] training finished
2018-08-17 20:16:32,672 INFO [default] obj = -1.08243e+33
2018-08-17 20:16:32,693 INFO [default] rho = 7.93806e+28
2018-08-17 20:16:32,694 INFO [default] #sv = 4123
2018-08-17 20:16:32,866 INFO [default] #total unique sv = 4123
2018-08-17 20:16:32,908 INFO [default] training finished
Training Total Time: 140.985249043
2018-08-17 20:16:33,406 INFO [default] #instances = 100000, #features = 25
Predict Total Time: 0.590216159821
2018-08-17 20:16:33,970 INFO [default] #instances = 100000, #features = 25
acc test score is  0.46032
MES=  0.53968
Confusion matrix=  [[26484 25326]
 [28642 19548]]
2018-08-17 20:16:37,901 INFO [default] #instances = 900000, #features = 25
2018-08-17 20:16:37,965 INFO [default] #classes = 2
2018-08-17 20:16:38,330 INFO [default] working set size = 1024
2018-08-17 20:16:38,350 INFO [default] training start
2018-08-17 20:16:39,389 INFO [default] global iter = 0, total local iter = 102401, diff = 2
2018-08-17 20:16:53,062 INFO [default] global iter = 100, total local iter = 660585, diff = 3.08624e+18
2018-08-17 20:17:06,902 INFO [default] global iter = 200, total local iter = 1251778, diff = 1.91871e+21
2018-08-17 20:17:20,587 INFO [default] global iter = 300, total local iter = 1780586, diff = 1.16706e+30
2018-08-17 20:17:33,910 INFO [default] global iter = 400, total local iter = 2295449, diff = 1.23102e+30
2018-08-17 20:17:46,544 INFO [default] global iter = 500, total local iter = 2720318, diff = 1.61806e+30
2018-08-17 20:18:00,466 INFO [default] global iter = 600, total local iter = 3292301, diff = 4.29521e+31
2018-08-17 20:18:14,928 INFO [default] global iter = 700, total local iter = 3926413, diff = 1.02483e+31
2018-08-17 20:18:27,980 INFO [default] global iter = 800, total local iter = 4393993, diff = 4.34774e+30
2018-08-17 20:18:41,820 INFO [default] global iter = 900, total local iter = 4944968, diff = 1.29899e+31
2018-08-17 20:18:57,817 INFO [default] global iter = 1000, total local iter = 5735366, diff = 5.29437e+30
2018-08-17 20:18:57,823 INFO [default] global iter = 1000, total local iter = 5735366, diff = 5.29437e+30
2018-08-17 20:18:57,823 INFO [default] training finished
2018-08-17 20:18:57,825 INFO [default] obj = -7.18716e+32
2018-08-17 20:18:57,845 INFO [default] rho = -3.66493e+29
2018-08-17 20:18:57,846 INFO [default] #sv = 3256
2018-08-17 20:18:58,019 INFO [default] #total unique sv = 3256
2018-08-17 20:18:58,061 INFO [default] training finished
Training Total Time: 143.900150061
2018-08-17 20:18:58,554 INFO [default] #instances = 100000, #features = 25
Predict Total Time: 0.565191030502
2018-08-17 20:18:59,116 INFO [default] #instances = 100000, #features = 25
acc test score is  0.77205
MES=  0.22795
Confusion matrix=  [[31167 20643]
 [ 2152 46038]]
2018-08-17 20:19:03,097 INFO [default] #instances = 900000, #features = 25
2018-08-17 20:19:03,162 INFO [default] #classes = 2
2018-08-17 20:19:03,526 INFO [default] working set size = 1024
2018-08-17 20:19:03,547 INFO [default] training start
2018-08-17 20:19:04,590 INFO [default] global iter = 0, total local iter = 102401, diff = 2
2018-08-17 20:19:20,119 INFO [default] global iter = 100, total local iter = 886962, diff = 3.79564e+07
2018-08-17 20:19:35,446 INFO [default] global iter = 200, total local iter = 1637140, diff = 1.10737e+29
2018-08-17 20:19:47,496 INFO [default] global iter = 300, total local iter = 2007010, diff = 7.28487e+30
2018-08-17 20:20:02,100 INFO [default] global iter = 400, total local iter = 2642384, diff = 3.68745e+30
2018-08-17 20:20:15,335 INFO [default] global iter = 500, total local iter = 3142180, diff = 7.96587e+30
2018-08-17 20:20:28,499 INFO [default] global iter = 600, total local iter = 3629361, diff = 2.32661e+31
2018-08-17 20:20:40,586 INFO [default] global iter = 700, total local iter = 3994341, diff = 5.73993e+30
2018-08-17 20:20:53,662 INFO [default] global iter = 800, total local iter = 4467471, diff = 3.68578e+30
2018-08-17 20:21:06,643 INFO [default] global iter = 900, total local iter = 4931821, diff = 3.78336e+30
2018-08-17 20:21:19,162 INFO [default] global iter = 1000, total local iter = 5334556, diff = 7.97118e+30
2018-08-17 20:21:19,168 INFO [default] global iter = 1000, total local iter = 5334556, diff = 7.97118e+30
2018-08-17 20:21:19,168 INFO [default] training finished
2018-08-17 20:21:19,169 INFO [default] obj = -7.64511e+32
2018-08-17 20:21:19,185 INFO [default] rho = -7.22052e+29
2018-08-17 20:21:19,186 INFO [default] #sv = 3427
2018-08-17 20:21:19,349 INFO [default] #total unique sv = 3427
2018-08-17 20:21:19,389 INFO [default] training finished
Training Total Time: 140.09522891
2018-08-17 20:21:19,879 INFO [default] #instances = 100000, #features = 25
Predict Total Time: 0.575209140778
2018-08-17 20:21:20,455 INFO [default] #instances = 100000, #features = 25
acc test score is  0.78931
MES=  0.21069
Confusion matrix=  [[32296 19514]
 [ 1555 46635]]
2018-08-17 20:21:24,446 INFO [default] #instances = 900000, #features = 25
2018-08-17 20:21:24,510 INFO [default] #classes = 2
2018-08-17 20:21:24,852 INFO [default] working set size = 1024
2018-08-17 20:21:24,872 INFO [default] training start
2018-08-17 20:21:25,921 INFO [default] global iter = 0, total local iter = 102401, diff = 2
2018-08-17 20:21:39,425 INFO [default] global iter = 100, total local iter = 662276, diff = 6.11537e+13
2018-08-17 20:21:53,568 INFO [default] global iter = 200, total local iter = 1277771, diff = 4.26309e+29
2018-08-17 20:22:05,806 INFO [default] global iter = 300, total local iter = 1667008, diff = 4.87071e+30
2018-08-17 20:22:20,192 INFO [default] global iter = 400, total local iter = 2291359, diff = 1.08191e+30
2018-08-17 20:22:35,937 INFO [default] global iter = 500, total local iter = 3085509, diff = 5.63296e+30
2018-08-17 20:22:50,691 INFO [default] global iter = 600, total local iter = 3753356, diff = 1.33416e+30
2018-08-17 20:23:15,638 INFO [default] global iter = 700, total local iter = 5554741, diff = 2.27271e+30
2018-08-17 20:23:32,198 INFO [default] global iter = 800, total local iter = 6425078, diff = 1.1414e+31
2018-08-17 20:23:49,078 INFO [default] global iter = 900, total local iter = 7333185, diff = 1.84858e+30
2018-08-17 20:24:07,573 INFO [default] global iter = 1000, total local iter = 8408924, diff = 3.93284e+30
2018-08-17 20:24:07,578 INFO [default] global iter = 1000, total local iter = 8408924, diff = 3.93284e+30
2018-08-17 20:24:07,578 INFO [default] training finished
2018-08-17 20:24:07,579 INFO [default] obj = -1.00634e+33
2018-08-17 20:24:07,593 INFO [default] rho = -5.44035e+29
2018-08-17 20:24:07,594 INFO [default] #sv = 4134
2018-08-17 20:24:07,750 INFO [default] #total unique sv = 4134
2018-08-17 20:24:07,789 INFO [default] training finished
Training Total Time: 167.148399115
2018-08-17 20:24:08,259 INFO [default] #instances = 100000, #features = 25
Predict Total Time: 0.586999893188
2018-08-17 20:24:08,841 INFO [default] #instances = 100000, #features = 25
acc test score is  0.76548
MES=  0.23452
Confusion matrix=  [[30438 21372]
 [ 2080 46110]]
2018-08-17 20:24:12,839 INFO [default] #instances = 900001, #features = 25
2018-08-17 20:24:12,903 INFO [default] #classes = 2
2018-08-17 20:24:13,246 INFO [default] working set size = 1024
2018-08-17 20:24:13,267 INFO [default] training start
2018-08-17 20:24:14,306 INFO [default] global iter = 0, total local iter = 102401, diff = 2
2018-08-17 20:24:28,469 INFO [default] global iter = 100, total local iter = 712375, diff = 1.43402e+17
2018-08-17 20:25:41,341 INFO [default] global iter = 200, total local iter = 7521421, diff = 8.08357e+21
2018-08-17 20:27:26,677 INFO [default] global iter = 300, total local iter = 17761521, diff = 8.08357e+21
2018-08-17 20:29:12,041 INFO [default] global iter = 400, total local iter = 28001621, diff = 8.08357e+21
2018-08-17 20:30:57,407 INFO [default] global iter = 500, total local iter = 38241721, diff = 8.08357e+21
2018-08-17 20:32:42,770 INFO [default] global iter = 600, total local iter = 48481821, diff = 8.08357e+21
2018-08-17 20:34:28,128 INFO [default] global iter = 700, total local iter = 58721921, diff = 8.08357e+21
2018-08-17 20:36:13,489 INFO [default] global iter = 800, total local iter = 68962021, diff = 8.08357e+21
2018-08-17 20:37:58,855 INFO [default] global iter = 900, total local iter = 79202121, diff = 8.08357e+21
2018-08-17 20:39:44,222 INFO [default] global iter = 1000, total local iter = 89442221, diff = 8.08357e+21
2018-08-17 20:39:44,227 INFO [default] global iter = 1000, total local iter = 89442221, diff = 8.08357e+21
2018-08-17 20:39:44,227 INFO [default] training finished
2018-08-17 20:39:44,229 INFO [default] obj = -1.36468e+14
2018-08-17 20:39:44,243 INFO [default] rho = -1.04423e+21
2018-08-17 20:39:44,244 INFO [default] #sv = 167
2018-08-17 20:39:44,400 INFO [default] #total unique sv = 167
2018-08-17 20:39:44,438 INFO [default] training finished
Training Total Time: 935.36821413
2018-08-17 20:39:44,885 INFO [default] #instances = 99999, #features = 25
Predict Total Time: 0.453329086304
2018-08-17 20:39:45,348 INFO [default] #instances = 99999, #features = 25
acc test score is  0.8459084590845909
MES=  0.15409154091540916
Confusion matrix=  [[37554 14255]
 [ 1154 47036]]
2018-08-17 20:39:49,192 INFO [default] #instances = 900001, #features = 25
2018-08-17 20:39:49,256 INFO [default] #classes = 2
2018-08-17 20:39:49,619 INFO [default] working set size = 1024
2018-08-17 20:39:49,640 INFO [default] training start
2018-08-17 20:39:50,685 INFO [default] global iter = 0, total local iter = 102401, diff = 2
2018-08-17 20:40:06,214 INFO [default] global iter = 100, total local iter = 866232, diff = 2.40803e+20
2018-08-17 20:40:20,039 INFO [default] global iter = 200, total local iter = 1446464, diff = 1.26247e+30
2018-08-17 20:40:30,292 INFO [default] global iter = 300, total local iter = 1608498, diff = 2.87309e+31
2018-08-17 20:40:43,227 INFO [default] global iter = 400, total local iter = 2080578, diff = 1.1248e+30
2018-08-17 20:40:58,012 INFO [default] global iter = 500, total local iter = 2760898, diff = 6.74842e+29
2018-08-17 20:41:10,659 INFO [default] global iter = 600, total local iter = 3184776, diff = 1.27684e+31
2018-08-17 20:41:25,138 INFO [default] global iter = 700, total local iter = 3819436, diff = 5.50925e+30
2018-08-17 20:41:38,778 INFO [default] global iter = 800, total local iter = 4353260, diff = 1.81735e+30
2018-08-17 20:41:54,060 INFO [default] global iter = 900, total local iter = 5077228, diff = 7.53606e+30
2018-08-17 20:42:06,989 INFO [default] global iter = 1000, total local iter = 5528593, diff = 3.39275e+30
2018-08-17 20:42:06,994 INFO [default] global iter = 1000, total local iter = 5528593, diff = 3.39275e+30
2018-08-17 20:42:06,994 INFO [default] training finished
2018-08-17 20:42:06,995 INFO [default] obj = -6.83132e+32
2018-08-17 20:42:07,009 INFO [default] rho = 3.23308e+29
2018-08-17 20:42:07,010 INFO [default] #sv = 3123
2018-08-17 20:42:07,167 INFO [default] #total unique sv = 3123
2018-08-17 20:42:07,206 INFO [default] training finished
Training Total Time: 141.76793313
2018-08-17 20:42:07,667 INFO [default] #instances = 99999, #features = 25
Predict Total Time: 0.531639814377
2018-08-17 20:42:08,199 INFO [default] #instances = 99999, #features = 25
acc test score is  0.3641536415364154
MES=  0.6358463584635846
Confusion matrix=  [[29779 22030]
 [41554  6636]]
2018-08-17 20:42:12,148 INFO [default] #instances = 900001, #features = 25
2018-08-17 20:42:12,212 INFO [default] #classes = 2
2018-08-17 20:42:12,574 INFO [default] working set size = 1024
2018-08-17 20:42:12,595 INFO [default] training start
2018-08-17 20:42:13,630 INFO [default] global iter = 0, total local iter = 102401, diff = 2
2018-08-17 20:42:24,156 INFO [default] global iter = 100, total local iter = 299301, diff = 2.43364e+12
2018-08-17 20:42:39,455 INFO [default] global iter = 200, total local iter = 1051003, diff = 1.17527e+26
2018-08-17 20:42:53,030 INFO [default] global iter = 300, total local iter = 1597661, diff = 8.26574e+29
2018-08-17 20:43:10,212 INFO [default] global iter = 400, total local iter = 2568808, diff = 1.70074e+31
2018-08-17 20:43:22,429 INFO [default] global iter = 500, total local iter = 2954501, diff = 2.95973e+31
2018-08-17 20:43:35,854 INFO [default] global iter = 600, total local iter = 3475638, diff = 7.73532e+30
2018-08-17 20:43:49,415 INFO [default] global iter = 700, total local iter = 4000672, diff = 8.89926e+30
2018-08-17 20:44:04,110 INFO [default] global iter = 800, total local iter = 4662429, diff = 1.08998e+31
2018-08-17 20:44:16,567 INFO [default] global iter = 900, total local iter = 5062298, diff = 3.10936e+30
2018-08-17 20:44:32,287 INFO [default] global iter = 1000, total local iter = 5840912, diff = 2.70012e+30
2018-08-17 20:44:32,293 INFO [default] global iter = 1000, total local iter = 5840912, diff = 2.70012e+30
2018-08-17 20:44:32,293 INFO [default] training finished
2018-08-17 20:44:32,294 INFO [default] obj = -9.12953e+32
2018-08-17 20:44:32,308 INFO [default] rho = -3.36753e+29
2018-08-17 20:44:32,309 INFO [default] #sv = 3695
2018-08-17 20:44:32,466 INFO [default] #total unique sv = 3695
2018-08-17 20:44:32,504 INFO [default] training finished
Training Total Time: 144.144362211
2018-08-17 20:44:32,967 INFO [default] #instances = 99999, #features = 25
Predict Total Time: 0.549628973007
2018-08-17 20:44:33,517 INFO [default] #instances = 99999, #features = 25
acc test score is  0.7489674896748968
MES=  0.25103251032510326
Confusion matrix=  [[29567 22242]
 [ 2861 45329]]
Total Time: 2056.32475185
66.93% (+/- 15.80%)
