2018-08-19 14:08:07,458 INFO [default] #instances = 899999, #features = 25
2018-08-19 14:08:07,571 INFO [default] #classes = 2
2018-08-19 14:08:08,145 INFO [default] working set size = 1024
2018-08-19 14:08:08,167 INFO [default] training start
2018-08-19 14:08:09,388 INFO [default] global iter = 0, total local iter = 102401, diff = 2
2018-08-19 14:08:38,300 INFO [default] global iter = 96, total local iter = 2298615, diff = 252834
2018-08-19 14:08:38,300 INFO [default] training finished
2018-08-19 14:08:38,301 INFO [default] obj = -4.55509e-21
2018-08-19 14:08:38,330 INFO [default] rho = 7712.63
2018-08-19 14:08:38,331 INFO [default] #sv = 176
2018-08-19 14:08:38,516 INFO [default] #total unique sv = 176
2018-08-19 14:08:38,558 INFO [default] training finished
Training Total Time: 35.0235571861
2018-08-19 14:08:39,028 INFO [default] #instances = 100001, #features = 25
Predict Total Time: 0.482346057892
2018-08-19 14:08:39,504 INFO [default] #instances = 100001, #features = 25
acc test score is  0.44685553144468554
MES=  0.5531444685553144
Confusion matrix=  [[42185  9625]
 [45690  2501]]
2018-08-19 14:08:43,435 INFO [default] #instances = 899999, #features = 25
2018-08-19 14:08:43,544 INFO [default] #classes = 2
2018-08-19 14:08:43,951 INFO [default] working set size = 1024
2018-08-19 14:08:43,972 INFO [default] training start
2018-08-19 14:08:45,009 INFO [default] global iter = 0, total local iter = 102401, diff = 2
2018-08-19 14:09:09,995 INFO [default] global iter = 75, total local iter = 2085423, diff = 176408
2018-08-19 14:09:09,995 INFO [default] training finished
2018-08-19 14:09:09,997 INFO [default] obj = -1.3595e-22
2018-08-19 14:09:10,017 INFO [default] rho = 4560.74
2018-08-19 14:09:10,017 INFO [default] #sv = 157
2018-08-19 14:09:10,186 INFO [default] #total unique sv = 157
2018-08-19 14:09:10,227 INFO [default] training finished
Training Total Time: 30.603826046
2018-08-19 14:09:10,683 INFO [default] #instances = 100001, #features = 25
Predict Total Time: 0.473752975464
2018-08-19 14:09:11,165 INFO [default] #instances = 100001, #features = 25
acc test score is  0.4139758602413976
MES=  0.5860241397586025
Confusion matrix=  [[40398 11412]
 [47191  1000]]
2018-08-19 14:09:15,048 INFO [default] #instances = 899999, #features = 25
2018-08-19 14:09:15,111 INFO [default] #classes = 2
2018-08-19 14:09:15,492 INFO [default] working set size = 1024
2018-08-19 14:09:15,513 INFO [default] training start
2018-08-19 14:09:16,537 INFO [default] global iter = 0, total local iter = 102401, diff = 2
2018-08-19 14:09:30,412 INFO [default] global iter = 100, total local iter = 674600, diff = 2.51481e+23
2018-08-19 14:10:39,117 INFO [default] global iter = 200, total local iter = 7542354, diff = 1.29314e+28
2018-08-19 14:12:16,957 INFO [default] global iter = 300, total local iter = 17782454, diff = 1.29314e+28
2018-08-19 14:13:54,669 INFO [default] global iter = 400, total local iter = 28022554, diff = 1.29314e+28
2018-08-19 14:15:32,463 INFO [default] global iter = 500, total local iter = 38262654, diff = 1.29314e+28
2018-08-19 14:17:10,306 INFO [default] global iter = 600, total local iter = 48502754, diff = 1.29314e+28
2018-08-19 14:18:48,147 INFO [default] global iter = 700, total local iter = 58742854, diff = 1.29314e+28
2018-08-19 14:20:25,977 INFO [default] global iter = 800, total local iter = 68982954, diff = 1.29314e+28
2018-08-19 14:22:03,816 INFO [default] global iter = 900, total local iter = 79223054, diff = 1.29314e+28
2018-08-19 14:23:41,668 INFO [default] global iter = 1000, total local iter = 89463154, diff = 1.29314e+28
2018-08-19 14:23:41,674 INFO [default] global iter = 1000, total local iter = 89463154, diff = 1.29314e+28
2018-08-19 14:23:41,674 INFO [default] training finished
2018-08-19 14:23:41,675 INFO [default] obj = -2.24478e+22
2018-08-19 14:23:41,695 INFO [default] rho = 1.31478e+26
2018-08-19 14:23:41,696 INFO [default] #sv = 169
2018-08-19 14:23:41,867 INFO [default] #total unique sv = 169
2018-08-19 14:23:41,907 INFO [default] training finished
Training Total Time: 870.631367922
2018-08-19 14:23:42,357 INFO [default] #instances = 100001, #features = 25
Predict Total Time: 0.478435993195
2018-08-19 14:23:42,837 INFO [default] #instances = 100001, #features = 25
acc test score is  0.45221547784522154
MES=  0.5477845221547785
Confusion matrix=  [[44291  7519]
 [47260   931]]
2018-08-19 14:23:46,743 INFO [default] #instances = 900000, #features = 25
2018-08-19 14:23:46,807 INFO [default] #classes = 2
2018-08-19 14:23:47,171 INFO [default] working set size = 1024
2018-08-19 14:23:47,192 INFO [default] training start
2018-08-19 14:23:48,239 INFO [default] global iter = 0, total local iter = 102401, diff = 2
2018-08-19 14:24:04,047 INFO [default] global iter = 100, total local iter = 904514, diff = 4.61876e+16
2018-08-19 14:24:16,658 INFO [default] global iter = 200, total local iter = 1347782, diff = 1.05305e+24
2018-08-19 14:24:30,161 INFO [default] global iter = 300, total local iter = 1891164, diff = 3.53054e+30
2018-08-19 14:24:41,397 INFO [default] global iter = 400, total local iter = 2156558, diff = 6.28455e+30
2018-08-19 14:25:02,937 INFO [default] global iter = 500, total local iter = 3550731, diff = 4.07597e+31
2018-08-19 14:25:16,213 INFO [default] global iter = 600, total local iter = 4065912, diff = 4.01613e+31
2018-08-19 14:25:34,164 INFO [default] global iter = 700, total local iter = 5089859, diff = 7.27143e+31
2018-08-19 14:25:51,932 INFO [default] global iter = 800, total local iter = 6092348, diff = 1.81458e+32
2018-08-19 14:26:12,605 INFO [default] global iter = 851, total local iter = 7825741, diff = 2.06886e+32
2018-08-19 14:26:12,606 INFO [default] training finished
2018-08-19 14:26:12,607 INFO [default] obj = -4.10374e+33
2018-08-19 14:26:12,627 INFO [default] rho = 1.0294e+31
2018-08-19 14:26:12,628 INFO [default] #sv = 1968
2018-08-19 14:26:12,793 INFO [default] #total unique sv = 1968
2018-08-19 14:26:12,834 INFO [default] training finished
Training Total Time: 149.884490967
2018-08-19 14:26:13,294 INFO [default] #instances = 100000, #features = 25
Predict Total Time: 0.511585950851
2018-08-19 14:26:13,803 INFO [default] #instances = 100000, #features = 25
acc test score is  0.30885
MES=  0.69115
Confusion matrix=  [[28148 23662]
 [45453  2737]]
2018-08-19 14:26:17,742 INFO [default] #instances = 900000, #features = 25
2018-08-19 14:26:17,805 INFO [default] #classes = 2
2018-08-19 14:26:18,165 INFO [default] working set size = 1024
2018-08-19 14:26:18,186 INFO [default] training start
2018-08-19 14:26:19,228 INFO [default] global iter = 0, total local iter = 102401, diff = 2
2018-08-19 14:26:34,350 INFO [default] global iter = 100, total local iter = 824774, diff = 2.96329e+31
2018-08-19 14:26:45,732 INFO [default] global iter = 200, total local iter = 1122937, diff = 7.39939e+30
2018-08-19 14:26:55,555 INFO [default] global iter = 300, total local iter = 1230100, diff = 1.13509e+31
2018-08-19 14:27:07,158 INFO [default] global iter = 400, total local iter = 1541298, diff = 1.40293e+32
2018-08-19 14:27:18,954 INFO [default] global iter = 500, total local iter = 1865619, diff = 3.41174e+31
2018-08-19 14:27:33,607 INFO [default] global iter = 600, total local iter = 2514203, diff = 2.08036e+32
2018-08-19 14:27:49,501 INFO [default] global iter = 700, total local iter = 3304795, diff = 4.58102e+31
2018-08-19 14:28:03,275 INFO [default] global iter = 800, total local iter = 3847675, diff = 3.8334e+32
2018-08-19 14:28:16,535 INFO [default] global iter = 900, total local iter = 4319414, diff = 9.1814e+31
2018-08-19 14:28:31,969 INFO [default] global iter = 1000, total local iter = 5037386, diff = 3.59844e+32
2018-08-19 14:28:31,974 INFO [default] global iter = 1000, total local iter = 5037386, diff = 3.59844e+32
2018-08-19 14:28:31,974 INFO [default] training finished
2018-08-19 14:28:31,976 INFO [default] obj = -1.88407e+34
2018-08-19 14:28:31,994 INFO [default] rho = -4.12372e+30
2018-08-19 14:28:31,995 INFO [default] #sv = 4697
2018-08-19 14:28:32,156 INFO [default] #total unique sv = 4697
2018-08-19 14:28:32,196 INFO [default] training finished
Training Total Time: 138.260556936
2018-08-19 14:28:32,669 INFO [default] #instances = 100000, #features = 25
Predict Total Time: 0.599562883377
2018-08-19 14:28:33,264 INFO [default] #instances = 100000, #features = 25
acc test score is  0.71708
MES=  0.28292
Confusion matrix=  [[27933 23877]
 [ 4415 43775]]
2018-08-19 14:28:37,293 INFO [default] #instances = 900000, #features = 25
2018-08-19 14:28:37,356 INFO [default] #classes = 2
2018-08-19 14:28:37,717 INFO [default] working set size = 1024
2018-08-19 14:28:37,738 INFO [default] training start
2018-08-19 14:28:38,774 INFO [default] global iter = 0, total local iter = 102401, diff = 2
2018-08-19 14:28:56,312 INFO [default] global iter = 100, total local iter = 1115781, diff = 1.08917e+20
2018-08-19 14:29:12,671 INFO [default] global iter = 200, total local iter = 1988418, diff = 1.55974e+31
2018-08-19 14:29:23,141 INFO [default] global iter = 300, total local iter = 2172323, diff = 2.8411e+31
2018-08-19 14:29:35,326 INFO [default] global iter = 400, total local iter = 2554412, diff = 1.47524e+32
2018-08-19 14:29:52,204 INFO [default] global iter = 500, total local iter = 3438139, diff = 2.67775e+31
2018-08-19 14:30:07,268 INFO [default] global iter = 600, total local iter = 4121168, diff = 5.49514e+31
2018-08-19 14:30:23,471 INFO [default] global iter = 700, total local iter = 4928577, diff = 3.52307e+31
2018-08-19 14:30:37,275 INFO [default] global iter = 800, total local iter = 5483480, diff = 2.82647e+31
2018-08-19 14:30:55,738 INFO [default] global iter = 900, total local iter = 6534613, diff = 3.08729e+32
2018-08-19 14:32:37,977 INFO [default] global iter = 1000, total local iter = 16468658, diff = 2.29706e+32
2018-08-19 14:32:37,982 INFO [default] global iter = 1000, total local iter = 16468658, diff = 2.29706e+32
2018-08-19 14:32:37,982 INFO [default] training finished
2018-08-19 14:32:37,983 INFO [default] obj = -8.25663e+33
2018-08-19 14:32:37,995 INFO [default] rho = 2.31336e+30
2018-08-19 14:32:37,996 INFO [default] #sv = 2838
2018-08-19 14:32:38,151 INFO [default] #total unique sv = 2838
2018-08-19 14:32:38,190 INFO [default] training finished
Training Total Time: 244.689337969
2018-08-19 14:32:38,656 INFO [default] #instances = 100000, #features = 25
Predict Total Time: 0.520784854889
2018-08-19 14:32:39,173 INFO [default] #instances = 100000, #features = 25
acc test score is  0.43376
MES=  0.56624
Confusion matrix=  [[31944 19866]
 [36758 11432]]
2018-08-19 14:32:43,089 INFO [default] #instances = 900000, #features = 25
2018-08-19 14:32:43,152 INFO [default] #classes = 2
2018-08-19 14:32:43,493 INFO [default] working set size = 1024
2018-08-19 14:32:43,514 INFO [default] training start
2018-08-19 14:32:44,555 INFO [default] global iter = 0, total local iter = 102401, diff = 2
2018-08-19 14:32:58,681 INFO [default] global iter = 100, total local iter = 697708, diff = 2.56776e+18
2018-08-19 14:33:11,671 INFO [default] global iter = 200, total local iter = 1178345, diff = 2.67354e+25
2018-08-19 14:33:24,820 INFO [default] global iter = 300, total local iter = 1684443, diff = 5.73759e+29
2018-08-19 14:33:36,449 INFO [default] global iter = 400, total local iter = 2006049, diff = 2.09422e+32
2018-08-19 14:33:50,933 INFO [default] global iter = 500, total local iter = 2640393, diff = 1.27598e+32
2018-08-19 14:34:05,841 INFO [default] global iter = 600, total local iter = 3326129, diff = 4.07359e+32
2018-08-19 14:34:18,942 INFO [default] global iter = 700, total local iter = 3801754, diff = 7.7745e+31
2018-08-19 14:34:33,988 INFO [default] global iter = 800, total local iter = 4491814, diff = 6.50104e+31
2018-08-19 14:34:45,830 INFO [default] global iter = 900, total local iter = 4816916, diff = 2.79626e+31
2018-08-19 14:35:00,474 INFO [default] global iter = 1000, total local iter = 5460622, diff = 2.2981e+32
2018-08-19 14:35:00,479 INFO [default] global iter = 1000, total local iter = 5460622, diff = 2.2981e+32
2018-08-19 14:35:00,479 INFO [default] training finished
2018-08-19 14:35:00,481 INFO [default] obj = -1.44421e+34
2018-08-19 14:35:00,493 INFO [default] rho = -1.12859e+31
2018-08-19 14:35:00,494 INFO [default] #sv = 3948
2018-08-19 14:35:00,650 INFO [default] #total unique sv = 3948
2018-08-19 14:35:00,689 INFO [default] training finished
Training Total Time: 141.374999046
2018-08-19 14:35:01,164 INFO [default] #instances = 100000, #features = 25
Predict Total Time: 0.557214021683
2018-08-19 14:35:01,716 INFO [default] #instances = 100000, #features = 25
acc test score is  0.74341
MES=  0.25659
Confusion matrix=  [[28243 23567]
 [ 2092 46098]]
2018-08-19 14:35:05,677 INFO [default] #instances = 900001, #features = 25
2018-08-19 14:35:05,740 INFO [default] #classes = 2
2018-08-19 14:35:06,080 INFO [default] working set size = 1024
2018-08-19 14:35:06,103 INFO [default] training start
2018-08-19 14:35:07,145 INFO [default] global iter = 0, total local iter = 102401, diff = 2
2018-08-19 14:35:22,199 INFO [default] global iter = 100, total local iter = 813613, diff = 4.83635e+06
2018-08-19 14:35:38,500 INFO [default] global iter = 200, total local iter = 1635272, diff = 2.09497e+20
2018-08-19 14:35:54,046 INFO [default] global iter = 300, total local iter = 2398938, diff = 5.94762e+29
2018-08-19 14:36:06,923 INFO [default] global iter = 400, total local iter = 2850225, diff = 4.43402e+31
2018-08-19 14:36:19,108 INFO [default] global iter = 500, total local iter = 3219996, diff = 2.09812e+32
2018-08-19 14:36:32,118 INFO [default] global iter = 600, total local iter = 3678248, diff = 1.1674e+31
2018-08-19 14:36:48,735 INFO [default] global iter = 700, total local iter = 4544519, diff = 2.75029e+31
2018-08-19 14:37:08,410 INFO [default] global iter = 800, total local iter = 5768546, diff = 2.23922e+32
2018-08-19 14:37:24,609 INFO [default] global iter = 900, total local iter = 6595500, diff = 7.00909e+31
2018-08-19 14:37:40,467 INFO [default] global iter = 1000, total local iter = 7347976, diff = 2.16673e+32
2018-08-19 14:37:40,472 INFO [default] global iter = 1000, total local iter = 7347976, diff = 2.16673e+32
2018-08-19 14:37:40,472 INFO [default] training finished
2018-08-19 14:37:40,474 INFO [default] obj = -1.72933e+34
2018-08-19 14:37:40,486 INFO [default] rho = -4.95756e+30
2018-08-19 14:37:40,487 INFO [default] #sv = 4669
2018-08-19 14:37:40,644 INFO [default] #total unique sv = 4669
2018-08-19 14:37:40,682 INFO [default] training finished
Training Total Time: 158.792415857
2018-08-19 14:37:41,156 INFO [default] #instances = 99999, #features = 25
Predict Total Time: 0.563459157944
2018-08-19 14:37:41,719 INFO [default] #instances = 99999, #features = 25
acc test score is  0.7186471864718648
MES=  0.2813528135281353
Confusion matrix=  [[28594 23215]
 [ 4920 43270]]
2018-08-19 14:37:45,679 INFO [default] #instances = 900001, #features = 25
2018-08-19 14:37:45,742 INFO [default] #classes = 2
2018-08-19 14:37:46,104 INFO [default] working set size = 1024
2018-08-19 14:37:46,125 INFO [default] training start
2018-08-19 14:37:47,171 INFO [default] global iter = 0, total local iter = 102401, diff = 2
2018-08-19 14:38:00,653 INFO [default] global iter = 100, total local iter = 643919, diff = 1.3585e+31
2018-08-19 14:38:20,074 INFO [default] global iter = 200, total local iter = 1829944, diff = 5.56221e+31
2018-08-19 14:38:35,068 INFO [default] global iter = 300, total local iter = 2521399, diff = 2.03695e+32
2018-08-19 14:38:48,548 INFO [default] global iter = 400, total local iter = 3042069, diff = 1.1811e+32
2018-08-19 14:39:03,709 INFO [default] global iter = 500, total local iter = 3747149, diff = 3.46469e+31
2018-08-19 14:39:18,994 INFO [default] global iter = 600, total local iter = 4469664, diff = 2.59922e+31
2018-08-19 14:39:39,453 INFO [default] global iter = 700, total local iter = 5747002, diff = 6.9628e+31
2018-08-19 14:39:51,781 INFO [default] global iter = 800, total local iter = 6125453, diff = 6.82231e+31
2018-08-19 14:40:49,829 INFO [default] global iter = 900, total local iter = 11362042, diff = 3.27383e+32
2018-08-19 14:42:34,617 INFO [default] global iter = 1000, total local iter = 21602142, diff = 3.27383e+32
2018-08-19 14:42:34,622 INFO [default] global iter = 1000, total local iter = 21602142, diff = 3.27383e+32
2018-08-19 14:42:34,622 INFO [default] training finished
2018-08-19 14:42:34,624 INFO [default] obj = -1.55371e+34
2018-08-19 14:42:34,636 INFO [default] rho = 1.41206e+31
2018-08-19 14:42:34,637 INFO [default] #sv = 4176
2018-08-19 14:42:34,791 INFO [default] #total unique sv = 4176
2018-08-19 14:42:34,830 INFO [default] training finished
Training Total Time: 292.921859026
2018-08-19 14:42:35,298 INFO [default] #instances = 99999, #features = 25
Predict Total Time: 0.545059919357
2018-08-19 14:42:35,837 INFO [default] #instances = 99999, #features = 25
acc test score is  0.33612336123361236
MES=  0.6638766387663877
Confusion matrix=  [[29480 22329]
 [44058  4132]]
2018-08-19 14:42:39,741 INFO [default] #instances = 900001, #features = 25
2018-08-19 14:42:39,804 INFO [default] #classes = 2
2018-08-19 14:42:40,162 INFO [default] working set size = 1024
2018-08-19 14:42:40,184 INFO [default] training start
2018-08-19 14:42:41,217 INFO [default] global iter = 0, total local iter = 102401, diff = 2
2018-08-19 14:42:59,729 INFO [default] global iter = 100, total local iter = 1207269, diff = 4.32296e+22
2018-08-19 14:43:16,102 INFO [default] global iter = 200, total local iter = 2083364, diff = 1.37933e+26
2018-08-19 14:43:31,664 INFO [default] global iter = 300, total local iter = 2849637, diff = 2.32244e+31
2018-08-19 14:43:47,306 INFO [default] global iter = 400, total local iter = 3590646, diff = 1.59011e+33
2018-08-19 14:44:02,737 INFO [default] global iter = 500, total local iter = 4336680, diff = 3.18665e+31
2018-08-19 14:44:16,802 INFO [default] global iter = 600, total local iter = 4921205, diff = 2.07224e+32
2018-08-19 14:44:37,498 INFO [default] global iter = 632, total local iter = 6808340, diff = 4.43475e+31
2018-08-19 14:44:37,498 INFO [default] training finished
2018-08-19 14:44:37,500 INFO [default] obj = -2.82408e+33
2018-08-19 14:44:37,512 INFO [default] rho = -1.79259e+30
2018-08-19 14:44:37,513 INFO [default] #sv = 1452
2018-08-19 14:44:37,667 INFO [default] #total unique sv = 1452
2018-08-19 14:44:37,705 INFO [default] training finished
Training Total Time: 121.683738947
2018-08-19 14:44:38,160 INFO [default] #instances = 99999, #features = 25
Predict Total Time: 0.484664916992
2018-08-19 14:44:38,640 INFO [default] #instances = 99999, #features = 25
acc test score is  0.8160381603816038
MES=  0.18396183961839618
Confusion matrix=  [[35520 16289]
 [ 2107 46083]]
Total Time: 2195.62639999
53.87% (+/- 17.87%)
