2018-08-18 17:21:25,005 INFO [default] #instances = 899999, #features = 25
2018-08-18 17:21:25,118 INFO [default] #classes = 2
2018-08-18 17:21:25,691 INFO [default] working set size = 1024
2018-08-18 17:21:25,713 INFO [default] training start
2018-08-18 17:21:26,937 INFO [default] global iter = 0, total local iter = 102401, diff = 2
2018-08-18 17:21:47,046 INFO [default] global iter = 100, total local iter = 1403525, diff = 2.19594e+09
2018-08-18 17:22:00,655 INFO [default] global iter = 200, total local iter = 1956137, diff = 6.18363e+25
2018-08-18 17:22:11,593 INFO [default] global iter = 300, total local iter = 2185817, diff = 4.26276e+30
2018-08-18 17:22:24,405 INFO [default] global iter = 400, total local iter = 2644830, diff = 2.00048e+32
2018-08-18 17:22:37,849 INFO [default] global iter = 500, total local iter = 3151431, diff = 6.25137e+32
2018-08-18 17:22:54,563 INFO [default] global iter = 600, total local iter = 4021981, diff = 9.38645e+32
2018-08-18 17:23:09,938 INFO [default] global iter = 700, total local iter = 4747787, diff = 9.23871e+32
2018-08-18 17:23:21,711 INFO [default] global iter = 800, total local iter = 5061686, diff = 1.76685e+33
2018-08-18 17:23:36,053 INFO [default] global iter = 900, total local iter = 5659645, diff = 3.88229e+32
2018-08-18 17:23:52,709 INFO [default] global iter = 1000, total local iter = 6516098, diff = 8.86889e+31
2018-08-18 17:23:52,714 INFO [default] global iter = 1000, total local iter = 6516098, diff = 8.86889e+31
2018-08-18 17:23:52,714 INFO [default] training finished
2018-08-18 17:23:52,716 INFO [default] obj = -7.32023e+34
2018-08-18 17:23:52,744 INFO [default] rho = 3.9594e+31
2018-08-18 17:23:52,745 INFO [default] #sv = 3923
2018-08-18 17:23:52,931 INFO [default] #total unique sv = 3923
2018-08-18 17:23:52,973 INFO [default] training finished
Training Total Time: 151.888728142
2018-08-18 17:23:53,452 INFO [default] #instances = 100001, #features = 25
Predict Total Time: 0.576601028442
2018-08-18 17:23:54,025 INFO [default] #instances = 100001, #features = 25
acc test score is  0.2990470095299047
MES=  0.7009529904700953
Confusion matrix=  [[22107 29703]
 [40393  7798]]
2018-08-18 17:23:58,165 INFO [default] #instances = 899999, #features = 25
2018-08-18 17:23:58,274 INFO [default] #classes = 2
2018-08-18 17:23:58,679 INFO [default] working set size = 1024
2018-08-18 17:23:58,700 INFO [default] training start
2018-08-18 17:23:59,744 INFO [default] global iter = 0, total local iter = 102401, diff = 2
2018-08-18 17:24:11,728 INFO [default] global iter = 100, total local iter = 465527, diff = 3.78622e+07
2018-08-18 17:24:36,069 INFO [default] global iter = 198, total local iter = 2156821, diff = 2.45238e+08
2018-08-18 17:24:36,069 INFO [default] training finished
2018-08-18 17:24:36,071 INFO [default] obj = -4.69687e-16
2018-08-18 17:24:36,097 INFO [default] rho = -1.03015e+07
2018-08-18 17:24:36,098 INFO [default] #sv = 173
2018-08-18 17:24:36,271 INFO [default] #total unique sv = 173
2018-08-18 17:24:36,312 INFO [default] training finished
Training Total Time: 42.0476710796
2018-08-18 17:24:36,762 INFO [default] #instances = 100001, #features = 25
Predict Total Time: 0.454456806183
2018-08-18 17:24:37,220 INFO [default] #instances = 100001, #features = 25
acc test score is  0.8557014429855702
MES=  0.14429855701442987
Confusion matrix=  [[39652 12158]
 [ 2272 45919]]
2018-08-18 17:24:41,053 INFO [default] #instances = 899999, #features = 25
2018-08-18 17:24:41,117 INFO [default] #classes = 2
2018-08-18 17:24:41,517 INFO [default] working set size = 1024
2018-08-18 17:24:41,537 INFO [default] training start
2018-08-18 17:24:42,568 INFO [default] global iter = 0, total local iter = 102401, diff = 2
2018-08-18 17:24:55,434 INFO [default] global iter = 100, total local iter = 573846, diff = 320810
2018-08-18 17:25:06,662 INFO [default] global iter = 200, total local iter = 847652, diff = 1.72904e+21
2018-08-18 17:25:22,777 INFO [default] global iter = 300, total local iter = 1646185, diff = 5.92396e+31
2018-08-18 17:25:36,498 INFO [default] global iter = 313, total local iter = 2977398, diff = 2.17741e+31
2018-08-18 17:25:36,498 INFO [default] training finished
2018-08-18 17:25:36,500 INFO [default] obj = -4.508e+30
2018-08-18 17:25:36,520 INFO [default] rho = 8.03142e+29
2018-08-18 17:25:36,521 INFO [default] #sv = 193
2018-08-18 17:25:36,699 INFO [default] #total unique sv = 193
2018-08-18 17:25:36,740 INFO [default] training finished
Training Total Time: 59.4186069965
2018-08-18 17:25:37,218 INFO [default] #instances = 100001, #features = 25
Predict Total Time: 0.498749017715
2018-08-18 17:25:37,716 INFO [default] #instances = 100001, #features = 25
acc test score is  0.45971540284597157
MES=  0.5402845971540284
Confusion matrix=  [[44041  7769]
 [46260  1931]]
2018-08-18 17:25:41,596 INFO [default] #instances = 900000, #features = 25
2018-08-18 17:25:41,659 INFO [default] #classes = 2
2018-08-18 17:25:42,023 INFO [default] working set size = 1024
2018-08-18 17:25:42,044 INFO [default] training start
2018-08-18 17:25:43,072 INFO [default] global iter = 0, total local iter = 102401, diff = 2
2018-08-18 17:25:54,794 INFO [default] global iter = 100, total local iter = 430633, diff = 754612
2018-08-18 17:26:25,469 INFO [default] global iter = 160, total local iter = 3197088, diff = 1.3028e+07
2018-08-18 17:26:25,469 INFO [default] training finished
2018-08-18 17:26:25,470 INFO [default] obj = -5.1188e-19
2018-08-18 17:26:25,490 INFO [default] rho = 219909
2018-08-18 17:26:25,491 INFO [default] #sv = 163
2018-08-18 17:26:25,660 INFO [default] #total unique sv = 163
2018-08-18 17:26:25,700 INFO [default] training finished
Training Total Time: 47.8621141911
2018-08-18 17:26:26,145 INFO [default] #instances = 100000, #features = 25
Predict Total Time: 0.448952913284
2018-08-18 17:26:26,594 INFO [default] #instances = 100000, #features = 25
acc test score is  0.38228
MES=  0.61772
Confusion matrix=  [[36617 15193]
 [46579  1611]]
2018-08-18 17:26:30,404 INFO [default] #instances = 900000, #features = 25
2018-08-18 17:26:30,466 INFO [default] #classes = 2
2018-08-18 17:26:30,827 INFO [default] working set size = 1024
2018-08-18 17:26:30,848 INFO [default] training start
2018-08-18 17:26:31,891 INFO [default] global iter = 0, total local iter = 102401, diff = 2
2018-08-18 17:26:46,944 INFO [default] global iter = 100, total local iter = 798566, diff = 3.73527e+08
2018-08-18 17:27:01,450 INFO [default] global iter = 200, total local iter = 1453122, diff = 3.02842e+27
2018-08-18 17:27:14,540 INFO [default] global iter = 300, total local iter = 1948960, diff = 3.25918e+31
2018-08-18 17:27:25,866 INFO [default] global iter = 400, total local iter = 2239279, diff = 1.42248e+33
2018-08-18 17:27:38,085 INFO [default] global iter = 500, total local iter = 2621631, diff = 8.85333e+32
2018-08-18 17:27:51,143 INFO [default] global iter = 600, total local iter = 3096174, diff = 5.2186e+32
2018-08-18 17:28:04,244 INFO [default] global iter = 700, total local iter = 3572526, diff = 6.00801e+32
2018-08-18 17:28:17,859 INFO [default] global iter = 800, total local iter = 4100392, diff = 6.14388e+32
2018-08-18 17:28:34,651 INFO [default] global iter = 831, total local iter = 5601642, diff = 1.25767e+33
2018-08-18 17:28:34,651 INFO [default] training finished
2018-08-18 17:28:34,653 INFO [default] obj = -2.64799e+34
2018-08-18 17:28:34,673 INFO [default] rho = -1.31352e+31
2018-08-18 17:28:34,674 INFO [default] #sv = 1941
2018-08-18 17:28:34,839 INFO [default] #total unique sv = 1941
2018-08-18 17:28:34,880 INFO [default] training finished
Training Total Time: 128.19660902
2018-08-18 17:28:35,330 INFO [default] #instances = 100000, #features = 25
Predict Total Time: 0.49905705452
2018-08-18 17:28:35,831 INFO [default] #instances = 100000, #features = 25
acc test score is  0.65853
MES=  0.34147
Confusion matrix=  [[21586 30224]
 [ 3923 44267]]
2018-08-18 17:28:39,728 INFO [default] #instances = 900000, #features = 25
2018-08-18 17:28:39,793 INFO [default] #classes = 2
2018-08-18 17:28:40,157 INFO [default] working set size = 1024
2018-08-18 17:28:40,178 INFO [default] training start
2018-08-18 17:28:41,229 INFO [default] global iter = 0, total local iter = 102401, diff = 2
2018-08-18 17:28:54,838 INFO [default] global iter = 100, total local iter = 657618, diff = 3.02731e+19
2018-08-18 17:29:10,725 INFO [default] global iter = 200, total local iter = 1441147, diff = 3.52845e+28
2018-08-18 17:29:21,719 INFO [default] global iter = 300, total local iter = 1682992, diff = 1.07026e+32
2018-08-18 17:30:57,827 INFO [default] global iter = 400, total local iter = 11003496, diff = 3.08232e+31
2018-08-18 17:32:42,490 INFO [default] global iter = 500, total local iter = 21243596, diff = 3.08232e+31
2018-08-18 17:34:27,156 INFO [default] global iter = 600, total local iter = 31483696, diff = 3.08232e+31
2018-08-18 17:36:11,827 INFO [default] global iter = 700, total local iter = 41723796, diff = 3.08232e+31
2018-08-18 17:37:56,492 INFO [default] global iter = 800, total local iter = 51963896, diff = 3.08232e+31
2018-08-18 17:39:41,151 INFO [default] global iter = 900, total local iter = 62203996, diff = 3.08232e+31
2018-08-18 17:41:25,817 INFO [default] global iter = 1000, total local iter = 72444096, diff = 3.08232e+31
2018-08-18 17:41:25,822 INFO [default] global iter = 1000, total local iter = 72444096, diff = 3.08232e+31
2018-08-18 17:41:25,822 INFO [default] training finished
2018-08-18 17:41:25,823 INFO [default] obj = -2.52155e+31
2018-08-18 17:41:25,841 INFO [default] rho = -1.31553e+30
2018-08-18 17:41:25,842 INFO [default] #sv = 169
2018-08-18 17:41:26,003 INFO [default] #total unique sv = 169
2018-08-18 17:41:26,041 INFO [default] training finished
Training Total Time: 770.057266951
2018-08-18 17:41:26,497 INFO [default] #instances = 100000, #features = 25
Predict Total Time: 0.460732936859
2018-08-18 17:41:26,948 INFO [default] #instances = 100000, #features = 25
acc test score is  0.71022
MES=  0.28978
Confusion matrix=  [[24233 27577]
 [ 1401 46789]]
2018-08-18 17:41:30,925 INFO [default] #instances = 900000, #features = 25
2018-08-18 17:41:30,987 INFO [default] #classes = 2
2018-08-18 17:41:31,330 INFO [default] working set size = 1024
2018-08-18 17:41:31,351 INFO [default] training start
2018-08-18 17:41:32,396 INFO [default] global iter = 0, total local iter = 102401, diff = 2
2018-08-18 17:41:47,545 INFO [default] global iter = 100, total local iter = 808525, diff = 1.16525e+22
2018-08-18 17:41:59,633 INFO [default] global iter = 200, total local iter = 1195344, diff = 3.01413e+32
2018-08-18 17:42:11,486 INFO [default] global iter = 300, total local iter = 1535844, diff = 2.55368e+32
2018-08-18 17:42:26,569 INFO [default] global iter = 400, total local iter = 2218265, diff = 1.37592e+32
2018-08-18 17:42:42,448 INFO [default] global iter = 500, total local iter = 2988075, diff = 3.12177e+32
2018-08-18 17:42:56,398 INFO [default] global iter = 600, total local iter = 3559578, diff = 7.18325e+32
2018-08-18 17:43:12,085 INFO [default] global iter = 700, total local iter = 4327870, diff = 7.25652e+32
2018-08-18 17:43:26,889 INFO [default] global iter = 800, total local iter = 4986132, diff = 4.39853e+32
2018-08-18 17:43:41,914 INFO [default] global iter = 900, total local iter = 5649286, diff = 1.51796e+33
2018-08-18 17:43:56,066 INFO [default] global iter = 1000, total local iter = 6218816, diff = 6.86086e+32
2018-08-18 17:43:56,072 INFO [default] global iter = 1000, total local iter = 6218816, diff = 6.86086e+32
2018-08-18 17:43:56,072 INFO [default] training finished
2018-08-18 17:43:56,073 INFO [default] obj = -1.03014e+35
2018-08-18 17:43:56,091 INFO [default] rho = -1.13187e+32
2018-08-18 17:43:56,092 INFO [default] #sv = 5051
2018-08-18 17:43:56,254 INFO [default] #total unique sv = 5051
2018-08-18 17:43:56,292 INFO [default] training finished
Training Total Time: 149.270063877
2018-08-18 17:43:56,765 INFO [default] #instances = 100000, #features = 25
Predict Total Time: 0.615743160248
2018-08-18 17:43:57,408 INFO [default] #instances = 100000, #features = 25
acc test score is  0.66123
MES=  0.33877
Confusion matrix=  [[19243 32567]
 [ 1310 46880]]
2018-08-18 17:44:01,511 INFO [default] #instances = 900001, #features = 25
2018-08-18 17:44:01,575 INFO [default] #classes = 2
2018-08-18 17:44:01,936 INFO [default] working set size = 1024
2018-08-18 17:44:01,960 INFO [default] training start
2018-08-18 17:44:03,002 INFO [default] global iter = 0, total local iter = 102401, diff = 2
2018-08-18 17:44:25,790 INFO [default] global iter = 100, total local iter = 1670242, diff = 236370
2018-08-18 17:44:37,743 INFO [default] global iter = 200, total local iter = 2032702, diff = 6.06209e+17
2018-08-18 17:44:51,857 INFO [default] global iter = 300, total local iter = 2613480, diff = 5.14012e+21
2018-08-18 17:45:04,156 INFO [default] global iter = 400, total local iter = 3001354, diff = 3.35863e+32
2018-08-18 17:45:15,158 INFO [default] global iter = 500, total local iter = 3250601, diff = 1.98755e+32
2018-08-18 17:45:29,995 INFO [default] global iter = 600, total local iter = 3930498, diff = 2.73748e+33
2018-08-18 17:45:42,480 INFO [default] global iter = 700, total local iter = 4335430, diff = 8.09742e+32
2018-08-18 17:45:55,780 INFO [default] global iter = 800, total local iter = 4828496, diff = 2.06156e+32
2018-08-18 17:46:10,209 INFO [default] global iter = 900, total local iter = 5458129, diff = 2.74086e+32
2018-08-18 17:46:24,995 INFO [default] global iter = 1000, total local iter = 6125732, diff = 3.03472e+33
2018-08-18 17:46:25,000 INFO [default] global iter = 1000, total local iter = 6125732, diff = 3.03472e+33
2018-08-18 17:46:25,000 INFO [default] training finished
2018-08-18 17:46:25,002 INFO [default] obj = -3.55246e+34
2018-08-18 17:46:25,016 INFO [default] rho = -4.35775e+30
2018-08-18 17:46:25,017 INFO [default] #sv = 2504
2018-08-18 17:46:25,172 INFO [default] #total unique sv = 2504
2018-08-18 17:46:25,211 INFO [default] training finished
Training Total Time: 147.545665026
2018-08-18 17:46:25,664 INFO [default] #instances = 99999, #features = 25
Predict Total Time: 0.500599145889
2018-08-18 17:46:26,165 INFO [default] #instances = 99999, #features = 25
acc test score is  0.7014370143701437
MES=  0.2985629856298563
Confusion matrix=  [[27381 24428]
 [ 5428 42762]]
2018-08-18 17:46:30,032 INFO [default] #instances = 900001, #features = 25
2018-08-18 17:46:30,095 INFO [default] #classes = 2
2018-08-18 17:46:30,455 INFO [default] working set size = 1024
2018-08-18 17:46:30,479 INFO [default] training start
2018-08-18 17:46:31,523 INFO [default] global iter = 0, total local iter = 102401, diff = 2
2018-08-18 17:46:43,713 INFO [default] global iter = 100, total local iter = 490823, diff = 5.71156e+30
2018-08-18 17:46:54,221 INFO [default] global iter = 200, total local iter = 692017, diff = 6.90006e+31
2018-08-18 17:47:09,071 INFO [default] global iter = 300, total local iter = 1363728, diff = 5.12952e+31
2018-08-18 17:47:23,487 INFO [default] global iter = 400, total local iter = 1992998, diff = 2.38139e+33
2018-08-18 17:47:39,012 INFO [default] global iter = 500, total local iter = 2740399, diff = 3.38823e+32
2018-08-18 17:47:51,941 INFO [default] global iter = 600, total local iter = 3191962, diff = 1.64396e+32
2018-08-18 17:48:07,423 INFO [default] global iter = 700, total local iter = 3928151, diff = 1.25167e+33
2018-08-18 17:48:21,266 INFO [default] global iter = 800, total local iter = 4481647, diff = 3.2655e+32
2018-08-18 17:48:33,909 INFO [default] global iter = 900, total local iter = 4899990, diff = 7.40881e+33
2018-08-18 17:48:47,367 INFO [default] global iter = 1000, total local iter = 5411323, diff = 2.71572e+32
2018-08-18 17:48:47,372 INFO [default] global iter = 1000, total local iter = 5411323, diff = 2.71572e+32
2018-08-18 17:48:47,372 INFO [default] training finished
2018-08-18 17:48:47,374 INFO [default] obj = -5.90594e+34
2018-08-18 17:48:47,388 INFO [default] rho = -6.25595e+30
2018-08-18 17:48:47,389 INFO [default] #sv = 3483
2018-08-18 17:48:47,546 INFO [default] #total unique sv = 3483
2018-08-18 17:48:47,584 INFO [default] training finished
Training Total Time: 141.283951998
2018-08-18 17:48:48,046 INFO [default] #instances = 99999, #features = 25
Predict Total Time: 0.543326854706
2018-08-18 17:48:48,590 INFO [default] #instances = 99999, #features = 25
acc test score is  0.6691966919669197
MES=  0.33080330803308033
Confusion matrix=  [[24120 27689]
 [ 5391 42799]]
2018-08-18 17:48:52,502 INFO [default] #instances = 900001, #features = 25
2018-08-18 17:48:52,565 INFO [default] #classes = 2
2018-08-18 17:48:52,927 INFO [default] working set size = 1024
2018-08-18 17:48:52,952 INFO [default] training start
2018-08-18 17:48:54,000 INFO [default] global iter = 0, total local iter = 102401, diff = 2
2018-08-18 17:49:07,913 INFO [default] global iter = 100, total local iter = 698621, diff = 6.73646e+16
2018-08-18 17:49:21,772 INFO [default] global iter = 200, total local iter = 1262157, diff = 3.89977e+25
2018-08-18 17:49:33,386 INFO [default] global iter = 300, total local iter = 1585529, diff = 5.22359e+31
2018-08-18 17:49:48,817 INFO [default] global iter = 400, total local iter = 2334739, diff = 2.73832e+32
2018-08-18 17:50:01,552 INFO [default] global iter = 500, total local iter = 2777977, diff = 9.79563e+31
2018-08-18 17:50:15,458 INFO [default] global iter = 600, total local iter = 3353556, diff = 9.50726e+32
2018-08-18 17:50:28,813 INFO [default] global iter = 700, total local iter = 3858733, diff = 2.01209e+32
2018-08-18 17:50:41,807 INFO [default] global iter = 800, total local iter = 4320040, diff = 6.56009e+32
2018-08-18 17:50:55,251 INFO [default] global iter = 900, total local iter = 4819882, diff = 1.32317e+33
2018-08-18 17:51:07,094 INFO [default] global iter = 1000, total local iter = 5139243, diff = 4.89046e+32
2018-08-18 17:51:07,099 INFO [default] global iter = 1000, total local iter = 5139243, diff = 4.89046e+32
2018-08-18 17:51:07,099 INFO [default] training finished
2018-08-18 17:51:07,101 INFO [default] obj = -4.35531e+34
2018-08-18 17:51:07,115 INFO [default] rho = -5.16525e+31
2018-08-18 17:51:07,117 INFO [default] #sv = 2834
2018-08-18 17:51:07,273 INFO [default] #total unique sv = 2834
2018-08-18 17:51:07,311 INFO [default] training finished
Training Total Time: 138.544488907
2018-08-18 17:51:07,766 INFO [default] #instances = 99999, #features = 25
Predict Total Time: 0.510187149048
2018-08-18 17:51:08,277 INFO [default] #instances = 99999, #features = 25
acc test score is  0.7303073030730307
MES=  0.2696926969269693
Confusion matrix=  [[26186 25623]
 [ 1346 46844]]
Total Time: 1787.74773598
61.28% (+/- 16.52%)
