2018-08-16 14:58:39,615 INFO [default] #instances = 899999, #features = 25
2018-08-16 14:58:39,727 INFO [default] #classes = 2
2018-08-16 14:58:40,301 INFO [default] working set size = 1024
2018-08-16 14:58:40,323 INFO [default] training start
2018-08-16 14:58:41,541 INFO [default] global iter = 0, total local iter = 102401, diff = 2
2018-08-16 14:58:57,015 INFO [default] global iter = 100, total local iter = 874867, diff = 8.19414e+11
2018-08-16 14:59:09,620 INFO [default] global iter = 200, total local iter = 1316476, diff = 1.98546e+20
2018-08-16 14:59:22,834 INFO [default] global iter = 300, total local iter = 1824422, diff = 1.72266e+22
2018-08-16 14:59:34,580 INFO [default] global iter = 400, total local iter = 2154543, diff = 1.61884e+22
2018-08-16 14:59:48,766 INFO [default] global iter = 500, total local iter = 2767058, diff = 3.04224e+22
2018-08-16 15:00:03,896 INFO [default] global iter = 600, total local iter = 3465771, diff = 1.58175e+23
2018-08-16 15:00:16,022 INFO [default] global iter = 700, total local iter = 3829723, diff = 8.54973e+22
2018-08-16 15:00:29,740 INFO [default] global iter = 800, total local iter = 4363285, diff = 7.12038e+22
2018-08-16 15:00:42,510 INFO [default] global iter = 900, total local iter = 4795551, diff = 2.92971e+22
2018-08-16 15:00:54,973 INFO [default] global iter = 1000, total local iter = 5187546, diff = 7.59863e+23
2018-08-16 15:00:54,978 INFO [default] global iter = 1000, total local iter = 5187546, diff = 7.59863e+23
2018-08-16 15:00:54,978 INFO [default] training finished
2018-08-16 15:00:54,980 INFO [default] obj = -1.737e+25
2018-08-16 15:00:55,008 INFO [default] rho = -2.62348e+22
2018-08-16 15:00:55,009 INFO [default] #sv = 3682
2018-08-16 15:00:55,203 INFO [default] #total unique sv = 3682
2018-08-16 15:00:55,246 INFO [default] training finished
Training Total Time: 139.542986155
2018-08-16 15:00:55,757 INFO [default] #instances = 100001, #features = 25
Predict Total Time: 0.598494052887
2018-08-16 15:00:56,352 INFO [default] #instances = 100001, #features = 25
acc test score is  0.7650223497765022
MES=  0.23497765022349776
Confusion matrix=  [[31807 20003]
 [ 3495 44696]]
2018-08-16 15:01:00,340 INFO [default] #instances = 899999, #features = 25
2018-08-16 15:01:00,449 INFO [default] #classes = 2
2018-08-16 15:01:00,865 INFO [default] working set size = 1024
2018-08-16 15:01:00,886 INFO [default] training start
2018-08-16 15:01:01,935 INFO [default] global iter = 0, total local iter = 102401, diff = 2
2018-08-16 15:01:18,625 INFO [default] global iter = 100, total local iter = 998403, diff = 2.30839e+13
2018-08-16 15:01:34,492 INFO [default] global iter = 200, total local iter = 1805207, diff = 2.1046e+22
2018-08-16 15:01:47,702 INFO [default] global iter = 300, total local iter = 2283951, diff = 4.77194e+22
2018-08-16 15:02:03,246 INFO [default] global iter = 400, total local iter = 3044156, diff = 2.41464e+22
2018-08-16 15:02:16,765 INFO [default] global iter = 500, total local iter = 3567508, diff = 6.27917e+22
2018-08-16 15:02:31,463 INFO [default] global iter = 600, total local iter = 4218580, diff = 2.90374e+22
2018-08-16 15:02:45,835 INFO [default] global iter = 700, total local iter = 4837689, diff = 8.36706e+23
2018-08-16 15:02:59,950 INFO [default] global iter = 800, total local iter = 5413192, diff = 3.22394e+22
2018-08-16 15:03:18,206 INFO [default] global iter = 900, total local iter = 6413117, diff = 2.02564e+23
2018-08-16 15:03:31,154 INFO [default] global iter = 1000, total local iter = 6855374, diff = 1.62713e+23
2018-08-16 15:03:31,159 INFO [default] global iter = 1000, total local iter = 6855374, diff = 1.62713e+23
2018-08-16 15:03:31,159 INFO [default] training finished
2018-08-16 15:03:31,161 INFO [default] obj = -2.54913e+25
2018-08-16 15:03:31,187 INFO [default] rho = -7.5911e+21
2018-08-16 15:03:31,188 INFO [default] #sv = 4953
2018-08-16 15:03:31,353 INFO [default] #total unique sv = 4953
2018-08-16 15:03:31,391 INFO [default] training finished
Training Total Time: 154.843806982
2018-08-16 15:03:31,858 INFO [default] #instances = 100001, #features = 25
Predict Total Time: 0.584740161896
2018-08-16 15:03:32,443 INFO [default] #instances = 100001, #features = 25
acc test score is  0.6763732362676373
MES=  0.32362676373236265
Confusion matrix=  [[28682 23128]
 [ 9235 38956]]
2018-08-16 15:03:36,417 INFO [default] #instances = 899999, #features = 25
2018-08-16 15:03:36,479 INFO [default] #classes = 2
2018-08-16 15:03:36,876 INFO [default] working set size = 1024
2018-08-16 15:03:36,898 INFO [default] training start
2018-08-16 15:03:37,925 INFO [default] global iter = 0, total local iter = 102401, diff = 2
2018-08-16 15:03:50,908 INFO [default] global iter = 100, total local iter = 583240, diff = 700879
2018-08-16 15:04:03,264 INFO [default] global iter = 200, total local iter = 994215, diff = 1.07357e+07
2018-08-16 15:04:19,836 INFO [default] global iter = 300, total local iter = 1874030, diff = 9.19556e+21
2018-08-16 15:04:30,778 INFO [default] global iter = 400, total local iter = 2121278, diff = 1.18219e+23
2018-08-16 15:04:44,015 INFO [default] global iter = 500, total local iter = 2619722, diff = 9.89843e+22
2018-08-16 15:04:58,498 INFO [default] global iter = 600, total local iter = 3251182, diff = 8.86246e+22
2018-08-16 15:05:11,564 INFO [default] global iter = 700, total local iter = 3709206, diff = 8.10702e+22
2018-08-16 15:05:23,846 INFO [default] global iter = 800, total local iter = 4080778, diff = 4.21633e+23
2018-08-16 15:05:39,278 INFO [default] global iter = 900, total local iter = 4815019, diff = 1.16879e+23
2018-08-16 15:05:51,933 INFO [default] global iter = 1000, total local iter = 5221437, diff = 1.22191e+23
2018-08-16 15:05:51,938 INFO [default] global iter = 1000, total local iter = 5221437, diff = 1.22191e+23
2018-08-16 15:05:51,938 INFO [default] training finished
2018-08-16 15:05:51,940 INFO [default] obj = -2.64909e+25
2018-08-16 15:05:51,960 INFO [default] rho = -2.29639e+22
2018-08-16 15:05:51,961 INFO [default] #sv = 5259
2018-08-16 15:05:52,129 INFO [default] #total unique sv = 5259
2018-08-16 15:05:52,168 INFO [default] training finished
Training Total Time: 139.512114048
2018-08-16 15:05:52,666 INFO [default] #instances = 100001, #features = 25
Predict Total Time: 0.647141933441
2018-08-16 15:05:53,315 INFO [default] #instances = 100001, #features = 25
acc test score is  0.7269627303726963
MES=  0.27303726962730374
Confusion matrix=  [[29470 22340]
 [ 4964 43227]]
2018-08-16 15:05:57,335 INFO [default] #instances = 900000, #features = 25
2018-08-16 15:05:57,398 INFO [default] #classes = 2
2018-08-16 15:05:57,760 INFO [default] working set size = 1024
2018-08-16 15:05:57,781 INFO [default] training start
2018-08-16 15:05:58,831 INFO [default] global iter = 0, total local iter = 102401, diff = 2
2018-08-16 15:06:13,675 INFO [default] global iter = 100, total local iter = 814801, diff = 3.38619e+14
2018-08-16 15:06:26,579 INFO [default] global iter = 200, total local iter = 1292808, diff = 2.99746e+20
2018-08-16 15:06:39,611 INFO [default] global iter = 300, total local iter = 1761631, diff = 7.60746e+22
2018-08-16 15:06:53,323 INFO [default] global iter = 400, total local iter = 2337145, diff = 4.61822e+22
2018-08-16 15:07:06,174 INFO [default] global iter = 500, total local iter = 2798544, diff = 7.83019e+22
2018-08-16 15:07:19,091 INFO [default] global iter = 600, total local iter = 3267754, diff = 2.37791e+23
2018-08-16 15:07:31,205 INFO [default] global iter = 700, total local iter = 3626408, diff = 1.26943e+23
2018-08-16 15:07:44,859 INFO [default] global iter = 800, total local iter = 4167385, diff = 5.85357e+22
2018-08-16 15:07:58,189 INFO [default] global iter = 900, total local iter = 4660430, diff = 4.31735e+22
2018-08-16 15:08:10,586 INFO [default] global iter = 1000, total local iter = 5048258, diff = 1.12987e+23
2018-08-16 15:08:10,592 INFO [default] global iter = 1000, total local iter = 5048258, diff = 1.12987e+23
2018-08-16 15:08:10,592 INFO [default] training finished
2018-08-16 15:08:10,593 INFO [default] obj = -2.07496e+25
2018-08-16 15:08:10,613 INFO [default] rho = -4.59138e+21
2018-08-16 15:08:10,614 INFO [default] #sv = 4152
2018-08-16 15:08:10,772 INFO [default] #total unique sv = 4152
2018-08-16 15:08:10,810 INFO [default] training finished
Training Total Time: 137.23511982
2018-08-16 15:08:11,272 INFO [default] #instances = 100000, #features = 25
Predict Total Time: 0.52728509903
2018-08-16 15:08:11,799 INFO [default] #instances = 100000, #features = 25
acc test score is  0.68076
MES=  0.31924
Confusion matrix=  [[28981 22829]
 [ 9095 39095]]
2018-08-16 15:08:15,711 INFO [default] #instances = 900000, #features = 25
2018-08-16 15:08:15,773 INFO [default] #classes = 2
2018-08-16 15:08:16,133 INFO [default] working set size = 1024
2018-08-16 15:08:16,157 INFO [default] training start
2018-08-16 15:08:17,196 INFO [default] global iter = 0, total local iter = 102401, diff = 2
2018-08-16 15:08:29,237 INFO [default] global iter = 100, total local iter = 479084, diff = 3.4426e+06
2018-08-16 15:08:58,104 INFO [default] global iter = 194, total local iter = 2728670, diff = 2.35748e+12
2018-08-16 15:08:58,104 INFO [default] training finished
2018-08-16 15:08:58,106 INFO [default] obj = -6.23568
2018-08-16 15:08:58,126 INFO [default] rho = 2.88474e+10
2018-08-16 15:08:58,127 INFO [default] #sv = 149
2018-08-16 15:08:58,284 INFO [default] #total unique sv = 149
2018-08-16 15:08:58,323 INFO [default] training finished
Training Total Time: 46.3474328518
2018-08-16 15:08:58,767 INFO [default] #instances = 100000, #features = 25
Predict Total Time: 0.458690166473
2018-08-16 15:08:59,226 INFO [default] #instances = 100000, #features = 25
acc test score is  0.42283
MES=  0.57717
Confusion matrix=  [[38272 13538]
 [44179  4011]]
2018-08-16 15:09:03,063 INFO [default] #instances = 900000, #features = 25
2018-08-16 15:09:03,125 INFO [default] #classes = 2
2018-08-16 15:09:03,485 INFO [default] working set size = 1024
2018-08-16 15:09:03,505 INFO [default] training start
2018-08-16 15:09:04,539 INFO [default] global iter = 0, total local iter = 102401, diff = 2
2018-08-16 15:09:22,284 INFO [default] global iter = 100, total local iter = 1138565, diff = 1.26139e+20
2018-08-16 15:09:36,609 INFO [default] global iter = 200, total local iter = 1768198, diff = 5.30362e+21
2018-08-16 15:09:51,161 INFO [default] global iter = 300, total local iter = 2433100, diff = 1.32855e+23
2018-08-16 15:10:05,991 INFO [default] global iter = 400, total local iter = 3118838, diff = 2.38996e+23
2018-08-16 15:10:19,348 INFO [default] global iter = 500, total local iter = 3625683, diff = 1.24424e+23
2018-08-16 15:10:34,912 INFO [default] global iter = 600, total local iter = 4371060, diff = 1.74567e+23
2018-08-16 15:10:48,283 INFO [default] global iter = 700, total local iter = 4876938, diff = 3.50939e+22
2018-08-16 15:11:01,006 INFO [default] global iter = 800, total local iter = 5304076, diff = 9.90149e+22
2018-08-16 15:11:13,061 INFO [default] global iter = 900, total local iter = 5654573, diff = 5.87004e+22
2018-08-16 15:11:25,256 INFO [default] global iter = 1000, total local iter = 6012626, diff = 5.56283e+22
2018-08-16 15:11:25,261 INFO [default] global iter = 1000, total local iter = 6012626, diff = 5.56283e+22
2018-08-16 15:11:25,261 INFO [default] training finished
2018-08-16 15:11:25,263 INFO [default] obj = -1.90554e+25
2018-08-16 15:11:25,277 INFO [default] rho = -4.63853e+22
2018-08-16 15:11:25,278 INFO [default] #sv = 4068
2018-08-16 15:11:25,435 INFO [default] #total unique sv = 4068
2018-08-16 15:11:25,474 INFO [default] training finished
Training Total Time: 146.157000065
2018-08-16 15:11:25,937 INFO [default] #instances = 100000, #features = 25
Predict Total Time: 0.538693904877
2018-08-16 15:11:26,477 INFO [default] #instances = 100000, #features = 25
acc test score is  0.7767
MES=  0.2233
Confusion matrix=  [[31589 20221]
 [ 2109 46081]]
2018-08-16 15:11:30,385 INFO [default] #instances = 900000, #features = 25
2018-08-16 15:11:30,447 INFO [default] #classes = 2
2018-08-16 15:11:30,829 INFO [default] working set size = 1024
2018-08-16 15:11:30,850 INFO [default] training start
2018-08-16 15:11:31,897 INFO [default] global iter = 0, total local iter = 102401, diff = 2
2018-08-16 15:11:45,571 INFO [default] global iter = 100, total local iter = 666200, diff = 1.42158e+09
2018-08-16 15:12:04,094 INFO [default] global iter = 200, total local iter = 1749579, diff = 8.89569e+21
2018-08-16 15:12:18,925 INFO [default] global iter = 300, total local iter = 2429888, diff = 1.62941e+22
2018-08-16 15:12:30,815 INFO [default] global iter = 400, total local iter = 2777784, diff = 8.05334e+23
2018-08-16 15:12:43,519 INFO [default] global iter = 500, total local iter = 3208092, diff = 3.079e+22
2018-08-16 15:12:57,117 INFO [default] global iter = 600, total local iter = 3736721, diff = 3.88771e+23
2018-08-16 15:13:10,187 INFO [default] global iter = 700, total local iter = 4202400, diff = 9.3131e+22
2018-08-16 15:13:22,330 INFO [default] global iter = 800, total local iter = 4560239, diff = 1.6648e+23
2018-08-16 15:13:34,967 INFO [default] global iter = 900, total local iter = 4973156, diff = 5.19145e+22
2018-08-16 15:13:48,008 INFO [default] global iter = 1000, total local iter = 5428035, diff = 5.16162e+22
2018-08-16 15:13:48,013 INFO [default] global iter = 1000, total local iter = 5428035, diff = 5.16162e+22
2018-08-16 15:13:48,013 INFO [default] training finished
2018-08-16 15:13:48,015 INFO [default] obj = -2.12586e+25
2018-08-16 15:13:48,029 INFO [default] rho = -2.39838e+21
2018-08-16 15:13:48,030 INFO [default] #sv = 4416
2018-08-16 15:13:48,188 INFO [default] #total unique sv = 4416
2018-08-16 15:13:48,226 INFO [default] training finished
Training Total Time: 141.58091712
2018-08-16 15:13:48,690 INFO [default] #instances = 100000, #features = 25
Predict Total Time: 0.55862402916
2018-08-16 15:13:49,281 INFO [default] #instances = 100000, #features = 25
acc test score is  0.65729
MES=  0.34271
Confusion matrix=  [[30145 21665]
 [12606 35584]]
2018-08-16 15:13:53,341 INFO [default] #instances = 900001, #features = 25
2018-08-16 15:13:53,403 INFO [default] #classes = 2
2018-08-16 15:13:53,783 INFO [default] working set size = 1024
2018-08-16 15:13:53,805 INFO [default] training start
2018-08-16 15:13:54,844 INFO [default] global iter = 0, total local iter = 102401, diff = 2
2018-08-16 15:14:08,473 INFO [default] global iter = 100, total local iter = 646283, diff = 3.15305e+11
2018-08-16 15:14:29,618 INFO [default] global iter = 177, total local iter = 2192723, diff = 3.92864e+14
2018-08-16 15:14:29,618 INFO [default] training finished
2018-08-16 15:14:29,620 INFO [default] obj = -124719
2018-08-16 15:14:29,634 INFO [default] rho = 6.44591e+12
2018-08-16 15:14:29,635 INFO [default] #sv = 151
2018-08-16 15:14:29,791 INFO [default] #total unique sv = 151
2018-08-16 15:14:29,829 INFO [default] training finished
Training Total Time: 40.3320829868
2018-08-16 15:14:30,276 INFO [default] #instances = 99999, #features = 25
Predict Total Time: 0.454332828522
2018-08-16 15:14:30,729 INFO [default] #instances = 99999, #features = 25
acc test score is  0.23190231902319022
MES=  0.7680976809768097
Confusion matrix=  [[20074 31735]
 [45074  3116]]
2018-08-16 15:14:34,580 INFO [default] #instances = 900001, #features = 25
2018-08-16 15:14:34,642 INFO [default] #classes = 2
2018-08-16 15:14:35,021 INFO [default] working set size = 1024
2018-08-16 15:14:35,042 INFO [default] training start
2018-08-16 15:14:36,070 INFO [default] global iter = 0, total local iter = 102401, diff = 2
2018-08-16 15:14:51,112 INFO [default] global iter = 100, total local iter = 825240, diff = 1.94649e+21
2018-08-16 15:15:17,212 INFO [default] global iter = 196, total local iter = 2716089, diff = 4.35294e+21
2018-08-16 15:15:17,212 INFO [default] training finished
2018-08-16 15:15:17,213 INFO [default] obj = -1.81854e+21
2018-08-16 15:15:17,227 INFO [default] rho = 2.47692e+19
2018-08-16 15:15:17,228 INFO [default] #sv = 186
2018-08-16 15:15:17,385 INFO [default] #total unique sv = 186
2018-08-16 15:15:17,423 INFO [default] training finished
Training Total Time: 46.5950028896
2018-08-16 15:15:17,865 INFO [default] #instances = 99999, #features = 25
Predict Total Time: 0.461081981659
2018-08-16 15:15:18,330 INFO [default] #instances = 99999, #features = 25
acc test score is  0.3821438214382144
MES=  0.6178561785617857
Confusion matrix=  [[23038 28771]
 [33014 15176]]
2018-08-16 15:15:22,153 INFO [default] #instances = 900001, #features = 25
2018-08-16 15:15:22,215 INFO [default] #classes = 2
2018-08-16 15:15:22,594 INFO [default] working set size = 1024
2018-08-16 15:15:22,615 INFO [default] training start
2018-08-16 15:15:23,662 INFO [default] global iter = 0, total local iter = 102401, diff = 2
2018-08-16 15:15:41,714 INFO [default] global iter = 100, total local iter = 1146147, diff = 1.76781e+13
2018-08-16 15:15:55,819 INFO [default] global iter = 200, total local iter = 1770671, diff = 1.39321e+21
2018-08-16 15:16:12,430 INFO [default] global iter = 300, total local iter = 2673790, diff = 1.30016e+23
2018-08-16 15:16:24,696 INFO [default] global iter = 400, total local iter = 3062892, diff = 4.82238e+22
2018-08-16 15:16:39,063 INFO [default] global iter = 500, total local iter = 3684431, diff = 1.17368e+23
2018-08-16 15:16:51,397 INFO [default] global iter = 600, total local iter = 4073979, diff = 9.40243e+22
2018-08-16 15:17:04,561 INFO [default] global iter = 700, total local iter = 4555145, diff = 6.37723e+22
2018-08-16 15:17:17,007 INFO [default] global iter = 800, total local iter = 4945264, diff = 7.5544e+22
2018-08-16 15:17:28,665 INFO [default] global iter = 900, total local iter = 5250140, diff = 3.85447e+23
2018-08-16 15:17:42,050 INFO [default] global iter = 1000, total local iter = 5745659, diff = 3.96391e+23
2018-08-16 15:17:42,055 INFO [default] global iter = 1000, total local iter = 5745659, diff = 3.96391e+23
2018-08-16 15:17:42,055 INFO [default] training finished
2018-08-16 15:17:42,057 INFO [default] obj = -1.9352e+25
2018-08-16 15:17:42,071 INFO [default] rho = -1.37031e+22
2018-08-16 15:17:42,072 INFO [default] #sv = 4020
2018-08-16 15:17:42,230 INFO [default] #total unique sv = 4020
2018-08-16 15:17:42,268 INFO [default] training finished
Training Total Time: 143.844278097
2018-08-16 15:17:42,729 INFO [default] #instances = 99999, #features = 25
Predict Total Time: 0.535890817642
2018-08-16 15:17:43,265 INFO [default] #instances = 99999, #features = 25
acc test score is  0.7154371543715438
MES=  0.2845628456284563
Confusion matrix=  [[28292 23517]
 [ 4939 43251]]
Total Time: 1148.11476302
60.35% (+/- 17.83%)
