2018-08-16 02:10:09,828 INFO [default] #instances = 899999, #features = 25
2018-08-16 02:10:09,939 INFO [default] #classes = 2
2018-08-16 02:10:10,521 INFO [default] working set size = 1024
2018-08-16 02:10:10,543 INFO [default] training start
2018-08-16 02:10:11,750 INFO [default] global iter = 0, total local iter = 102401, diff = 2
2018-08-16 02:10:41,606 INFO [default] global iter = 99, total local iter = 2434410, diff = 1.64782e+10
2018-08-16 02:10:41,606 INFO [default] training finished
2018-08-16 02:10:41,608 INFO [default] obj = -0.000240718
2018-08-16 02:10:41,636 INFO [default] rho = -1.22062e+08
2018-08-16 02:10:41,637 INFO [default] #sv = 172
2018-08-16 02:10:41,825 INFO [default] #total unique sv = 172
2018-08-16 02:10:41,867 INFO [default] training finished
Training Total Time: 35.9298779964
2018-08-16 02:10:42,329 INFO [default] #instances = 100001, #features = 25
Predict Total Time: 0.474925041199
2018-08-16 02:10:42,805 INFO [default] #instances = 100001, #features = 25
acc test score is  0.6052139478605214
MES=  0.3947860521394786
Confusion matrix=  [[21203 30607]
 [ 8872 39319]]
2018-08-16 02:10:46,738 INFO [default] #instances = 899999, #features = 25
2018-08-16 02:10:46,848 INFO [default] #classes = 2
2018-08-16 02:10:47,264 INFO [default] working set size = 1024
2018-08-16 02:10:47,285 INFO [default] training start
2018-08-16 02:10:48,320 INFO [default] global iter = 0, total local iter = 102401, diff = 2
2018-08-16 02:11:06,401 INFO [default] global iter = 100, total local iter = 1176326, diff = 1.64202e+22
2018-08-16 02:11:22,759 INFO [default] global iter = 200, total local iter = 2028067, diff = 8.32374e+22
2018-08-16 02:11:34,585 INFO [default] global iter = 300, total local iter = 2346849, diff = 3.409e+23
2018-08-16 02:11:46,711 INFO [default] global iter = 400, total local iter = 2698085, diff = 7.43545e+22
2018-08-16 02:12:00,791 INFO [default] global iter = 500, total local iter = 3267036, diff = 2.87979e+23
2018-08-16 02:12:12,802 INFO [default] global iter = 600, total local iter = 3604877, diff = 1.84753e+23
2018-08-16 02:12:24,372 INFO [default] global iter = 700, total local iter = 3895186, diff = 1.31432e+23
2018-08-16 02:12:38,806 INFO [default] global iter = 800, total local iter = 4502139, diff = 5.05358e+23
2018-08-16 02:12:51,632 INFO [default] global iter = 900, total local iter = 4923572, diff = 3.59653e+23
2018-08-16 02:13:02,981 INFO [default] global iter = 1000, total local iter = 5179177, diff = 5.02113e+23
2018-08-16 02:13:02,986 INFO [default] global iter = 1000, total local iter = 5179177, diff = 5.02113e+23
2018-08-16 02:13:02,986 INFO [default] training finished
2018-08-16 02:13:02,987 INFO [default] obj = -4.69696e+25
2018-08-16 02:13:03,007 INFO [default] rho = -6.6124e+22
2018-08-16 02:13:03,008 INFO [default] #sv = 5045
2018-08-16 02:13:03,180 INFO [default] #total unique sv = 5045
2018-08-16 02:13:03,222 INFO [default] training finished
Training Total Time: 140.318665981
2018-08-16 02:13:03,701 INFO [default] #instances = 100001, #features = 25
Predict Total Time: 0.602995157242
2018-08-16 02:13:04,328 INFO [default] #instances = 100001, #features = 25
acc test score is  0.7087329126708732
MES=  0.2912670873291267
Confusion matrix=  [[26425 25385]
 [ 3742 44449]]
2018-08-16 02:13:08,404 INFO [default] #instances = 899999, #features = 25
2018-08-16 02:13:08,467 INFO [default] #classes = 2
2018-08-16 02:13:08,878 INFO [default] working set size = 1024
2018-08-16 02:13:08,899 INFO [default] training start
2018-08-16 02:13:09,940 INFO [default] global iter = 0, total local iter = 102401, diff = 2
2018-08-16 02:13:32,513 INFO [default] global iter = 67, total local iter = 1886775, diff = 5.53768e+07
2018-08-16 02:13:32,513 INFO [default] training finished
2018-08-16 02:13:32,515 INFO [default] obj = -3.85549e-07
2018-08-16 02:13:32,529 INFO [default] rho = -1.2298e+07
2018-08-16 02:13:32,530 INFO [default] #sv = 158
2018-08-16 02:13:32,688 INFO [default] #total unique sv = 158
2018-08-16 02:13:32,727 INFO [default] training finished
Training Total Time: 28.1478860378
2018-08-16 02:13:33,169 INFO [default] #instances = 100001, #features = 25
Predict Total Time: 0.460427999496
2018-08-16 02:13:33,630 INFO [default] #instances = 100001, #features = 25
acc test score is  0.8566414335856641
MES=  0.14335856641433586
Confusion matrix=  [[39157 12653]
 [ 1683 46508]]
2018-08-16 02:13:37,483 INFO [default] #instances = 900000, #features = 25
2018-08-16 02:13:37,546 INFO [default] #classes = 2
2018-08-16 02:13:37,903 INFO [default] working set size = 1024
2018-08-16 02:13:37,924 INFO [default] training start
2018-08-16 02:13:38,948 INFO [default] global iter = 0, total local iter = 102401, diff = 2
2018-08-16 02:13:51,497 INFO [default] global iter = 100, total local iter = 512816, diff = 5.22845e+22
2018-08-16 02:14:20,092 INFO [default] global iter = 199, total local iter = 2661280, diff = 5.33977e+22
2018-08-16 02:14:20,092 INFO [default] training finished
2018-08-16 02:14:20,094 INFO [default] obj = -1.65597e+24
2018-08-16 02:14:20,108 INFO [default] rho = -4.88445e+20
2018-08-16 02:14:20,109 INFO [default] #sv = 666
2018-08-16 02:14:20,267 INFO [default] #total unique sv = 666
2018-08-16 02:14:20,307 INFO [default] training finished
Training Total Time: 46.5703690052
2018-08-16 02:14:20,754 INFO [default] #instances = 100000, #features = 25
Predict Total Time: 0.458917856216
2018-08-16 02:14:21,213 INFO [default] #instances = 100000, #features = 25
acc test score is  0.77425
MES=  0.22575
Confusion matrix=  [[41642 10168]
 [12407 35783]]
2018-08-16 02:14:25,033 INFO [default] #instances = 900000, #features = 25
2018-08-16 02:14:25,096 INFO [default] #classes = 2
2018-08-16 02:14:25,458 INFO [default] working set size = 1024
2018-08-16 02:14:25,478 INFO [default] training start
2018-08-16 02:14:26,522 INFO [default] global iter = 0, total local iter = 102401, diff = 2
2018-08-16 02:14:42,663 INFO [default] global iter = 100, total local iter = 936928, diff = 9.09546e+22
2018-08-16 02:14:56,245 INFO [default] global iter = 200, total local iter = 1476453, diff = 6.33752e+22
2018-08-16 02:15:08,196 INFO [default] global iter = 300, total local iter = 1829457, diff = 1.41929e+24
2018-08-16 02:15:26,798 INFO [default] global iter = 400, total local iter = 2887416, diff = 1.77376e+23
2018-08-16 02:15:40,677 INFO [default] global iter = 500, total local iter = 3451512, diff = 1.02784e+23
2018-08-16 02:15:54,245 INFO [default] global iter = 600, total local iter = 3974415, diff = 4.45597e+23
2018-08-16 02:16:07,750 INFO [default] global iter = 700, total local iter = 4484521, diff = 1.48509e+24
2018-08-16 02:16:20,268 INFO [default] global iter = 800, total local iter = 4877106, diff = 7.06908e+23
2018-08-16 02:16:32,048 INFO [default] global iter = 900, total local iter = 5181780, diff = 1.81567e+23
2018-08-16 02:16:44,381 INFO [default] global iter = 1000, total local iter = 5550745, diff = 8.37615e+23
2018-08-16 02:16:44,386 INFO [default] global iter = 1000, total local iter = 5550745, diff = 8.37615e+23
2018-08-16 02:16:44,386 INFO [default] training finished
2018-08-16 02:16:44,387 INFO [default] obj = -6.28552e+25
2018-08-16 02:16:44,399 INFO [default] rho = 1.41556e+21
2018-08-16 02:16:44,400 INFO [default] #sv = 6447
2018-08-16 02:16:44,560 INFO [default] #total unique sv = 6447
2018-08-16 02:16:44,599 INFO [default] training finished
Training Total Time: 143.306108952
2018-08-16 02:16:45,071 INFO [default] #instances = 100000, #features = 25
Predict Total Time: 0.652727127075
2018-08-16 02:16:45,754 INFO [default] #instances = 100000, #features = 25
acc test score is  0.49936
MES=  0.50064
Confusion matrix=  [[28044 23766]
 [26298 21892]]
2018-08-16 02:16:49,857 INFO [default] #instances = 900000, #features = 25
2018-08-16 02:16:49,921 INFO [default] #classes = 2
2018-08-16 02:16:50,303 INFO [default] working set size = 1024
2018-08-16 02:16:50,324 INFO [default] training start
2018-08-16 02:16:51,369 INFO [default] global iter = 0, total local iter = 102401, diff = 2
2018-08-16 02:17:24,046 INFO [default] global iter = 100, total local iter = 2679571, diff = 1.20231e+20
2018-08-16 02:19:08,928 INFO [default] global iter = 200, total local iter = 12919671, diff = 1.20231e+20
2018-08-16 02:20:53,673 INFO [default] global iter = 300, total local iter = 23159771, diff = 1.20231e+20
2018-08-16 02:22:38,757 INFO [default] global iter = 400, total local iter = 33399871, diff = 1.20231e+20
2018-08-16 02:24:23,824 INFO [default] global iter = 500, total local iter = 43639971, diff = 1.20231e+20
2018-08-16 02:26:08,863 INFO [default] global iter = 600, total local iter = 53880071, diff = 1.20231e+20
2018-08-16 02:27:53,943 INFO [default] global iter = 700, total local iter = 64120171, diff = 1.20231e+20
2018-08-16 02:29:39,018 INFO [default] global iter = 800, total local iter = 74360271, diff = 1.20231e+20
2018-08-16 02:31:24,118 INFO [default] global iter = 900, total local iter = 84600371, diff = 1.20231e+20
2018-08-16 02:33:09,213 INFO [default] global iter = 1000, total local iter = 94840471, diff = 1.20231e+20
2018-08-16 02:33:09,219 INFO [default] global iter = 1000, total local iter = 94840471, diff = 1.20231e+20
2018-08-16 02:33:09,219 INFO [default] training finished
2018-08-16 02:33:09,220 INFO [default] obj = -1.13013e+16
2018-08-16 02:33:09,232 INFO [default] rho = -9.44388e+18
2018-08-16 02:33:09,233 INFO [default] #sv = 174
2018-08-16 02:33:09,391 INFO [default] #total unique sv = 174
2018-08-16 02:33:09,429 INFO [default] training finished
Training Total Time: 983.366321087
2018-08-16 02:33:09,872 INFO [default] #instances = 100000, #features = 25
Predict Total Time: 0.447576999664
2018-08-16 02:33:10,322 INFO [default] #instances = 100000, #features = 25
acc test score is  0.78482
MES=  0.21518
Confusion matrix=  [[31791 20019]
 [ 1499 46691]]
2018-08-16 02:33:14,205 INFO [default] #instances = 900000, #features = 25
2018-08-16 02:33:14,269 INFO [default] #classes = 2
2018-08-16 02:33:14,650 INFO [default] working set size = 1024
2018-08-16 02:33:14,673 INFO [default] training start
2018-08-16 02:33:15,717 INFO [default] global iter = 0, total local iter = 102401, diff = 2
2018-08-16 02:33:34,530 INFO [default] global iter = 100, total local iter = 1229859, diff = 1.71536e+10
2018-08-16 02:33:53,209 INFO [default] global iter = 200, total local iter = 2336636, diff = 1.32422e+20
2018-08-16 02:34:06,562 INFO [default] global iter = 300, total local iter = 2845270, diff = 7.08118e+22
2018-08-16 02:34:18,249 INFO [default] global iter = 400, total local iter = 3167603, diff = 1.8962e+24
2018-08-16 02:34:30,886 INFO [default] global iter = 500, total local iter = 3583011, diff = 5.88126e+22
2018-08-16 02:34:42,499 INFO [default] global iter = 600, total local iter = 3888560, diff = 1.28633e+23
2018-08-16 02:34:55,873 INFO [default] global iter = 700, total local iter = 4385853, diff = 1.26935e+23
2018-08-16 02:35:23,435 INFO [default] global iter = 800, total local iter = 6392888, diff = 1.49107e+23
2018-08-16 02:35:25,537 INFO [default] global iter = 802, total local iter = 6597690, diff = 1.49107e+23
2018-08-16 02:35:25,537 INFO [default] training finished
2018-08-16 02:35:25,539 INFO [default] obj = -1.18225e+25
2018-08-16 02:35:25,551 INFO [default] rho = 6.59633e+21
2018-08-16 02:35:25,552 INFO [default] #sv = 2186
2018-08-16 02:35:25,710 INFO [default] #total unique sv = 2186
2018-08-16 02:35:25,749 INFO [default] training finished
Training Total Time: 135.33793211
2018-08-16 02:35:26,204 INFO [default] #instances = 100000, #features = 25
Predict Total Time: 0.508954048157
2018-08-16 02:35:26,715 INFO [default] #instances = 100000, #features = 25
acc test score is  0.36275
MES=  0.63725
Confusion matrix=  [[26762 25048]
 [38677  9513]]
2018-08-16 02:35:30,647 INFO [default] #instances = 900001, #features = 25
2018-08-16 02:35:30,711 INFO [default] #classes = 2
2018-08-16 02:35:31,093 INFO [default] working set size = 1024
2018-08-16 02:35:31,114 INFO [default] training start
2018-08-16 02:35:32,159 INFO [default] global iter = 0, total local iter = 102401, diff = 2
2018-08-16 02:35:49,277 INFO [default] global iter = 100, total local iter = 1060199, diff = 8.17887e+21
2018-08-16 02:36:01,688 INFO [default] global iter = 200, total local iter = 1469968, diff = 6.88948e+22
2018-08-16 02:36:12,231 INFO [default] global iter = 300, total local iter = 1666788, diff = 8.76667e+22
2018-08-16 02:36:23,496 INFO [default] global iter = 400, total local iter = 1930500, diff = 2.16658e+23
2018-08-16 02:36:38,210 INFO [default] global iter = 500, total local iter = 2584200, diff = 2.74093e+23
2018-08-16 02:37:01,186 INFO [default] global iter = 573, total local iter = 4336888, diff = 7.2324e+22
2018-08-16 02:37:01,186 INFO [default] training finished
2018-08-16 02:37:01,188 INFO [default] obj = -6.673e+24
2018-08-16 02:37:01,200 INFO [default] rho = -7.10184e+21
2018-08-16 02:37:01,201 INFO [default] #sv = 1637
2018-08-16 02:37:01,359 INFO [default] #total unique sv = 1637
2018-08-16 02:37:01,397 INFO [default] training finished
Training Total Time: 94.5331790447
2018-08-16 02:37:01,848 INFO [default] #instances = 99999, #features = 25
Predict Total Time: 0.483906030655
2018-08-16 02:37:02,331 INFO [default] #instances = 99999, #features = 25
acc test score is  0.7519875198751987
MES=  0.24801248012480126
Confusion matrix=  [[30695 21114]
 [ 3687 44503]]
2018-08-16 02:37:06,187 INFO [default] #instances = 900001, #features = 25
2018-08-16 02:37:06,250 INFO [default] #classes = 2
2018-08-16 02:37:06,633 INFO [default] working set size = 1024
2018-08-16 02:37:06,654 INFO [default] training start
2018-08-16 02:37:07,700 INFO [default] global iter = 0, total local iter = 102401, diff = 2
2018-08-16 02:37:21,778 INFO [default] global iter = 100, total local iter = 702241, diff = 1.11286e+23
2018-08-16 02:37:35,657 INFO [default] global iter = 200, total local iter = 1285655, diff = 2.94235e+23
2018-08-16 02:37:47,510 INFO [default] global iter = 300, total local iter = 1623044, diff = 8.52297e+22
2018-08-16 02:37:59,336 INFO [default] global iter = 400, total local iter = 1953500, diff = 6.50457e+22
2018-08-16 02:38:13,334 INFO [default] global iter = 500, total local iter = 2529886, diff = 1.90833e+23
2018-08-16 02:38:29,646 INFO [default] global iter = 600, total local iter = 3360883, diff = 3.92612e+23
2018-08-16 02:38:44,222 INFO [default] global iter = 700, total local iter = 3989393, diff = 9.46193e+22
2018-08-16 02:38:56,218 INFO [default] global iter = 800, total local iter = 4325930, diff = 2.50704e+23
2018-08-16 02:39:07,769 INFO [default] global iter = 900, total local iter = 4607670, diff = 3.10435e+24
2018-08-16 02:39:21,843 INFO [default] global iter = 1000, total local iter = 5167156, diff = 4.04935e+23
2018-08-16 02:39:21,848 INFO [default] global iter = 1000, total local iter = 5167156, diff = 4.04935e+23
2018-08-16 02:39:21,848 INFO [default] training finished
2018-08-16 02:39:21,849 INFO [default] obj = -5.90011e+25
2018-08-16 02:39:21,862 INFO [default] rho = 1.47256e+22
2018-08-16 02:39:21,863 INFO [default] #sv = 6142
2018-08-16 02:39:22,029 INFO [default] #total unique sv = 6142
2018-08-16 02:39:22,069 INFO [default] training finished
Training Total Time: 139.637392998
2018-08-16 02:39:22,574 INFO [default] #instances = 99999, #features = 25
Predict Total Time: 0.671200037003
2018-08-16 02:39:23,248 INFO [default] #instances = 99999, #features = 25
acc test score is  0.4061040610406104
MES=  0.5938959389593896
Confusion matrix=  [[26067 25742]
 [33647 14543]]
2018-08-16 02:39:27,282 INFO [default] #instances = 900001, #features = 25
2018-08-16 02:39:27,346 INFO [default] #classes = 2
2018-08-16 02:39:27,729 INFO [default] working set size = 1024
2018-08-16 02:39:27,750 INFO [default] training start
2018-08-16 02:39:28,796 INFO [default] global iter = 0, total local iter = 102401, diff = 2
2018-08-16 02:39:47,882 INFO [default] global iter = 100, total local iter = 1233301, diff = 3.58926e+13
2018-08-16 02:40:05,305 INFO [default] global iter = 200, total local iter = 2204744, diff = 3.78658e+19
2018-08-16 02:40:25,353 INFO [default] global iter = 300, total local iter = 3487780, diff = 3.92558e+22
2018-08-16 02:40:42,171 INFO [default] global iter = 339, total local iter = 4909644, diff = 6.00822e+21
2018-08-16 02:40:42,171 INFO [default] training finished
2018-08-16 02:40:42,173 INFO [default] obj = -4.21491e+22
2018-08-16 02:40:42,185 INFO [default] rho = -6.25341e+20
2018-08-16 02:40:42,186 INFO [default] #sv = 261
2018-08-16 02:40:42,344 INFO [default] #total unique sv = 261
2018-08-16 02:40:42,382 INFO [default] training finished
Training Total Time: 78.8325381279
2018-08-16 02:40:42,825 INFO [default] #instances = 99999, #features = 25
Predict Total Time: 0.449448108673
2018-08-16 02:40:43,281 INFO [default] #instances = 99999, #features = 25
acc test score is  0.7978579785797858
MES=  0.2021420214202142
Confusion matrix=  [[33671 18138]
 [ 2076 46114]]
Total Time: 1837.83359504
65.48% (+/- 16.69%)
