2018-08-16 15:38:17,559 INFO [default] #instances = 899999, #features = 25
2018-08-16 15:38:17,671 INFO [default] #classes = 2
2018-08-16 15:38:18,244 INFO [default] working set size = 1024
2018-08-16 15:38:18,266 INFO [default] training start
2018-08-16 15:38:19,473 INFO [default] global iter = 0, total local iter = 102401, diff = 2
2018-08-16 15:38:43,473 INFO [default] global iter = 79, total local iter = 2078354, diff = 970884
2018-08-16 15:38:43,473 INFO [default] training finished
2018-08-16 15:38:43,475 INFO [default] obj = -6.61333e-11
2018-08-16 15:38:43,503 INFO [default] rho = 17362.2
2018-08-16 15:38:43,504 INFO [default] #sv = 150
2018-08-16 15:38:43,691 INFO [default] #total unique sv = 150
2018-08-16 15:38:43,732 INFO [default] training finished
Training Total Time: 30.1032340527
2018-08-16 15:38:44,191 INFO [default] #instances = 100001, #features = 25
Predict Total Time: 0.470686912537
2018-08-16 15:38:44,665 INFO [default] #instances = 100001, #features = 25
acc test score is  0.3209267907320927
MES=  0.6790732092679074
Confusion matrix=  [[21553 30257]
 [37651 10540]]
2018-08-16 15:38:48,566 INFO [default] #instances = 899999, #features = 25
2018-08-16 15:38:48,675 INFO [default] #classes = 2
2018-08-16 15:38:49,079 INFO [default] working set size = 1024
2018-08-16 15:38:49,100 INFO [default] training start
2018-08-16 15:38:50,140 INFO [default] global iter = 0, total local iter = 102401, diff = 2
2018-08-16 15:39:06,410 INFO [default] global iter = 100, total local iter = 957791, diff = 2.79131e+14
2018-08-16 15:39:19,158 INFO [default] global iter = 200, total local iter = 1419717, diff = 2.84956e+22
2018-08-16 15:39:35,655 INFO [default] global iter = 300, total local iter = 2288969, diff = 5.8447e+22
2018-08-16 15:39:50,006 INFO [default] global iter = 400, total local iter = 2910742, diff = 1.36992e+23
2018-08-16 15:40:05,390 INFO [default] global iter = 500, total local iter = 3640595, diff = 2.4226e+23
2018-08-16 15:40:18,330 INFO [default] global iter = 600, total local iter = 4092655, diff = 2.5993e+23
2018-08-16 15:40:31,728 INFO [default] global iter = 700, total local iter = 4585846, diff = 3.41749e+23
2018-08-16 15:40:48,771 INFO [default] global iter = 800, total local iter = 5472533, diff = 8.1716e+23
2018-08-16 15:41:07,924 INFO [default] global iter = 829, total local iter = 7234470, diff = 2.6293e+23
2018-08-16 15:41:07,924 INFO [default] training finished
2018-08-16 15:41:07,925 INFO [default] obj = -4.01856e+25
2018-08-16 15:41:07,945 INFO [default] rho = -7.46582e+22
2018-08-16 15:41:07,946 INFO [default] #sv = 3372
2018-08-16 15:41:08,120 INFO [default] #total unique sv = 3372
2018-08-16 15:41:08,160 INFO [default] training finished
Training Total Time: 143.389694214
2018-08-16 15:41:08,625 INFO [default] #instances = 100001, #features = 25
Predict Total Time: 0.54094004631
2018-08-16 15:41:09,165 INFO [default] #instances = 100001, #features = 25
acc test score is  0.7732922670773292
MES=  0.22670773292267077
Confusion matrix=  [[31580 20230]
 [ 2441 45750]]
2018-08-16 15:41:13,110 INFO [default] #instances = 899999, #features = 25
2018-08-16 15:41:13,173 INFO [default] #classes = 2
2018-08-16 15:41:13,551 INFO [default] working set size = 1024
2018-08-16 15:41:13,572 INFO [default] training start
2018-08-16 15:41:14,611 INFO [default] global iter = 0, total local iter = 102401, diff = 2
2018-08-16 15:41:28,273 INFO [default] global iter = 100, total local iter = 664775, diff = 7.22565e+22
2018-08-16 15:41:47,018 INFO [default] global iter = 200, total local iter = 1788737, diff = 3.8717e+22
2018-08-16 15:42:01,690 INFO [default] global iter = 300, total local iter = 2455918, diff = 6.33455e+23
2018-08-16 15:42:14,314 INFO [default] global iter = 400, total local iter = 2879442, diff = 2.5527e+23
2018-08-16 15:42:30,783 INFO [default] global iter = 500, total local iter = 3738316, diff = 3.84956e+23
2018-08-16 15:42:44,934 INFO [default] global iter = 600, total local iter = 4328963, diff = 4.85291e+23
2018-08-16 15:42:59,575 INFO [default] global iter = 700, total local iter = 4971527, diff = 2.30797e+23
2018-08-16 15:43:12,484 INFO [default] global iter = 800, total local iter = 5403635, diff = 1.16954e+23
2018-08-16 15:43:28,933 INFO [default] global iter = 900, total local iter = 6198619, diff = 1.44269e+24
2018-08-16 15:43:40,486 INFO [default] global iter = 1000, total local iter = 6468566, diff = 1.38857e+24
2018-08-16 15:43:40,491 INFO [default] global iter = 1000, total local iter = 6468566, diff = 1.38857e+24
2018-08-16 15:43:40,491 INFO [default] training finished
2018-08-16 15:43:40,493 INFO [default] obj = -1.31733e+26
2018-08-16 15:43:40,507 INFO [default] rho = -3.86515e+22
2018-08-16 15:43:40,508 INFO [default] #sv = 7557
2018-08-16 15:43:40,671 INFO [default] #total unique sv = 7557
2018-08-16 15:43:40,709 INFO [default] training finished
Training Total Time: 151.386234999
2018-08-16 15:43:41,190 INFO [default] #instances = 100001, #features = 25
Predict Total Time: 0.642970085144
2018-08-16 15:43:41,832 INFO [default] #instances = 100001, #features = 25
acc test score is  0.6643233567664323
MES=  0.33567664323356766
Confusion matrix=  [[28065 23745]
 [ 9823 38368]]
2018-08-16 15:43:45,840 INFO [default] #instances = 900000, #features = 25
2018-08-16 15:43:45,904 INFO [default] #classes = 2
2018-08-16 15:43:46,271 INFO [default] working set size = 1024
2018-08-16 15:43:46,292 INFO [default] training start
2018-08-16 15:43:47,340 INFO [default] global iter = 0, total local iter = 102401, diff = 2
2018-08-16 15:44:06,475 INFO [default] global iter = 100, total local iter = 1293585, diff = 2.41166e+23
2018-08-16 15:44:23,367 INFO [default] global iter = 200, total local iter = 2202706, diff = 1.83435e+23
2018-08-16 15:44:39,466 INFO [default] global iter = 300, total local iter = 3015938, diff = 1.54383e+23
2018-08-16 15:44:53,838 INFO [default] global iter = 400, total local iter = 3647209, diff = 6.23171e+22
2018-08-16 15:45:08,090 INFO [default] global iter = 500, total local iter = 4254096, diff = 2.07066e+23
2018-08-16 15:45:21,022 INFO [default] global iter = 600, total local iter = 4708473, diff = 3.47121e+23
2018-08-16 15:45:34,149 INFO [default] global iter = 700, total local iter = 5180765, diff = 6.16061e+23
2018-08-16 15:45:46,842 INFO [default] global iter = 800, total local iter = 5601753, diff = 8.53155e+23
2018-08-16 15:45:59,155 INFO [default] global iter = 900, total local iter = 5977679, diff = 4.38707e+23
2018-08-16 15:46:16,777 INFO [default] global iter = 1000, total local iter = 6922250, diff = 4.55527e+23
2018-08-16 15:46:16,782 INFO [default] global iter = 1000, total local iter = 6922250, diff = 4.55527e+23
2018-08-16 15:46:16,782 INFO [default] training finished
2018-08-16 15:46:16,784 INFO [default] obj = -8.27846e+25
2018-08-16 15:46:16,798 INFO [default] rho = -2.79267e+22
2018-08-16 15:46:16,799 INFO [default] #sv = 5313
2018-08-16 15:46:16,958 INFO [default] #total unique sv = 5313
2018-08-16 15:46:16,996 INFO [default] training finished
Training Total Time: 154.893093109
2018-08-16 15:46:17,462 INFO [default] #instances = 100000, #features = 25
Predict Total Time: 0.564445972443
2018-08-16 15:46:18,028 INFO [default] #instances = 100000, #features = 25
acc test score is  0.67177
MES=  0.32823
Confusion matrix=  [[28268 23542]
 [ 9281 38909]]
2018-08-16 15:46:21,955 INFO [default] #instances = 900000, #features = 25
2018-08-16 15:46:22,018 INFO [default] #classes = 2
2018-08-16 15:46:22,381 INFO [default] working set size = 1024
2018-08-16 15:46:22,403 INFO [default] training start
2018-08-16 15:46:23,439 INFO [default] global iter = 0, total local iter = 102401, diff = 2
2018-08-16 15:46:41,066 INFO [default] global iter = 100, total local iter = 1097555, diff = 2.87093e+12
2018-08-16 15:46:53,656 INFO [default] global iter = 200, total local iter = 1542225, diff = 4.16152e+22
2018-08-16 15:47:07,021 INFO [default] global iter = 300, total local iter = 2067333, diff = 9.08066e+22
2018-08-16 15:47:19,868 INFO [default] global iter = 400, total local iter = 2520757, diff = 2.19309e+23
2018-08-16 15:47:33,624 INFO [default] global iter = 500, total local iter = 3066518, diff = 7.58841e+22
2018-08-16 15:47:47,875 INFO [default] global iter = 600, total local iter = 3676824, diff = 1.12045e+23
2018-08-16 15:48:00,841 INFO [default] global iter = 700, total local iter = 4133299, diff = 9.47673e+22
2018-08-16 15:48:11,715 INFO [default] global iter = 800, total local iter = 4359865, diff = 3.00831e+23
2018-08-16 15:48:27,258 INFO [default] global iter = 900, total local iter = 5092191, diff = 3.41226e+23
2018-08-16 15:48:38,980 INFO [default] global iter = 1000, total local iter = 5405009, diff = 2.07165e+23
2018-08-16 15:48:38,985 INFO [default] global iter = 1000, total local iter = 5405009, diff = 2.07165e+23
2018-08-16 15:48:38,985 INFO [default] training finished
2018-08-16 15:48:38,987 INFO [default] obj = -3.31544e+25
2018-08-16 15:48:39,001 INFO [default] rho = 6.9923e+21
2018-08-16 15:48:39,002 INFO [default] #sv = 3009
2018-08-16 15:48:39,160 INFO [default] #total unique sv = 3009
2018-08-16 15:48:39,199 INFO [default] training finished
Training Total Time: 140.967351913
2018-08-16 15:48:39,657 INFO [default] #instances = 100000, #features = 25
Predict Total Time: 0.527057170868
2018-08-16 15:48:40,194 INFO [default] #instances = 100000, #features = 25
acc test score is  0.43228
MES=  0.56772
Confusion matrix=  [[26452 25358]
 [31414 16776]]
2018-08-16 15:48:44,117 INFO [default] #instances = 900000, #features = 25
2018-08-16 15:48:44,185 INFO [default] #classes = 2
2018-08-16 15:48:44,583 INFO [default] working set size = 1024
2018-08-16 15:48:44,604 INFO [default] training start
2018-08-16 15:48:45,650 INFO [default] global iter = 0, total local iter = 102401, diff = 2
2018-08-16 15:49:00,795 INFO [default] global iter = 100, total local iter = 816990, diff = 5.41431e+22
2018-08-16 15:49:20,164 INFO [default] global iter = 141, total local iter = 2498097, diff = 3.20911e+22
2018-08-16 15:49:20,164 INFO [default] training finished
2018-08-16 15:49:20,166 INFO [default] obj = -4.40462e+22
2018-08-16 15:49:20,180 INFO [default] rho = 4.92447e+20
2018-08-16 15:49:20,181 INFO [default] #sv = 283
2018-08-16 15:49:20,338 INFO [default] #total unique sv = 283
2018-08-16 15:49:20,376 INFO [default] training finished
Training Total Time: 40.0029299259
2018-08-16 15:49:20,819 INFO [default] #instances = 100000, #features = 25
Predict Total Time: 0.449773073196
2018-08-16 15:49:21,269 INFO [default] #instances = 100000, #features = 25
acc test score is  0.37218
MES=  0.62782
Confusion matrix=  [[33126 18684]
 [44098  4092]]
2018-08-16 15:49:25,145 INFO [default] #instances = 900000, #features = 25
2018-08-16 15:49:25,208 INFO [default] #classes = 2
2018-08-16 15:49:25,593 INFO [default] working set size = 1024
2018-08-16 15:49:25,616 INFO [default] training start
2018-08-16 15:49:26,639 INFO [default] global iter = 0, total local iter = 102401, diff = 2
2018-08-16 15:49:49,987 INFO [default] global iter = 60, total local iter = 2045318, diff = 14688.9
2018-08-16 15:49:49,987 INFO [default] training finished
2018-08-16 15:49:49,988 INFO [default] obj = -3.22114e-15
2018-08-16 15:49:50,002 INFO [default] rho = -642.525
2018-08-16 15:49:50,003 INFO [default] #sv = 145
2018-08-16 15:49:50,165 INFO [default] #total unique sv = 145
2018-08-16 15:49:50,203 INFO [default] training finished
Training Total Time: 28.8349599838
2018-08-16 15:49:50,656 INFO [default] #instances = 100000, #features = 25
Predict Total Time: 0.470956087112
2018-08-16 15:49:51,124 INFO [default] #instances = 100000, #features = 25
acc test score is  0.73807
MES=  0.26193
Confusion matrix=  [[28154 23656]
 [ 2537 45653]]
2018-08-16 15:49:54,954 INFO [default] #instances = 900001, #features = 25
2018-08-16 15:49:55,017 INFO [default] #classes = 2
2018-08-16 15:49:55,393 INFO [default] working set size = 1024
2018-08-16 15:49:55,414 INFO [default] training start
2018-08-16 15:49:56,453 INFO [default] global iter = 0, total local iter = 102401, diff = 2
2018-08-16 15:50:07,802 INFO [default] global iter = 100, total local iter = 403376, diff = 9.49365e+21
2018-08-16 15:50:22,374 INFO [default] global iter = 200, total local iter = 1064101, diff = 5.82129e+23
2018-08-16 15:50:35,805 INFO [default] global iter = 300, total local iter = 1593834, diff = 3.90843e+23
2018-08-16 15:50:49,377 INFO [default] global iter = 400, total local iter = 2124806, diff = 2.03343e+23
2018-08-16 15:51:02,691 INFO [default] global iter = 500, total local iter = 2623573, diff = 1.37152e+23
2018-08-16 15:51:15,153 INFO [default] global iter = 600, total local iter = 3020622, diff = 5.16174e+23
2018-08-16 15:51:28,253 INFO [default] global iter = 700, total local iter = 3489510, diff = 1.67815e+24
2018-08-16 15:51:41,134 INFO [default] global iter = 800, total local iter = 3928785, diff = 8.86343e+22
2018-08-16 15:51:55,338 INFO [default] global iter = 900, total local iter = 4514204, diff = 1.03391e+24
2018-08-16 15:52:07,233 INFO [default] global iter = 1000, total local iter = 4831613, diff = 2.75591e+23
2018-08-16 15:52:07,238 INFO [default] global iter = 1000, total local iter = 4831613, diff = 2.75591e+23
2018-08-16 15:52:07,238 INFO [default] training finished
2018-08-16 15:52:07,239 INFO [default] obj = -8.40331e+25
2018-08-16 15:52:07,254 INFO [default] rho = -2.47342e+22
2018-08-16 15:52:07,254 INFO [default] #sv = 5434
2018-08-16 15:52:07,413 INFO [default] #total unique sv = 5434
2018-08-16 15:52:07,452 INFO [default] training finished
Training Total Time: 136.243048191
2018-08-16 15:52:07,920 INFO [default] #instances = 99999, #features = 25
Predict Total Time: 0.569257974625
2018-08-16 15:52:08,489 INFO [default] #instances = 99999, #features = 25
acc test score is  0.6793967939679397
MES=  0.32060320603206033
Confusion matrix=  [[28480 23329]
 [ 8731 39459]]
2018-08-16 15:52:12,428 INFO [default] #instances = 900001, #features = 25
2018-08-16 15:52:12,491 INFO [default] #classes = 2
2018-08-16 15:52:12,854 INFO [default] working set size = 1024
2018-08-16 15:52:12,877 INFO [default] training start
2018-08-16 15:52:13,912 INFO [default] global iter = 0, total local iter = 102401, diff = 2
2018-08-16 15:52:35,393 INFO [default] global iter = 56, total local iter = 1879699, diff = 18225.3
2018-08-16 15:52:35,393 INFO [default] training finished
2018-08-16 15:52:35,395 INFO [default] obj = -8.93847e-15
2018-08-16 15:52:35,409 INFO [default] rho = -1936.53
2018-08-16 15:52:35,410 INFO [default] #sv = 125
2018-08-16 15:52:35,567 INFO [default] #total unique sv = 125
2018-08-16 15:52:35,605 INFO [default] training finished
Training Total Time: 26.8963270187
2018-08-16 15:52:36,049 INFO [default] #instances = 99999, #features = 25
Predict Total Time: 0.46254992485
2018-08-16 15:52:36,512 INFO [default] #instances = 99999, #features = 25
acc test score is  0.9318993189931899
MES=  0.06810068100681006
Confusion matrix=  [[45970  5839]
 [  971 47219]]
2018-08-16 15:52:40,352 INFO [default] #instances = 900001, #features = 25
2018-08-16 15:52:40,415 INFO [default] #classes = 2
2018-08-16 15:52:40,798 INFO [default] working set size = 1024
2018-08-16 15:52:40,818 INFO [default] training start
2018-08-16 15:52:41,843 INFO [default] global iter = 0, total local iter = 102401, diff = 2
2018-08-16 15:52:52,819 INFO [default] global iter = 100, total local iter = 352245, diff = 1.86062e+16
2018-08-16 15:53:05,400 INFO [default] global iter = 200, total local iter = 786257, diff = 2.08349e+22
2018-08-16 15:53:20,864 INFO [default] global iter = 300, total local iter = 1537804, diff = 1.29784e+22
2018-08-16 15:53:35,360 INFO [default] global iter = 400, total local iter = 2187832, diff = 1.90419e+23
2018-08-16 15:53:46,908 INFO [default] global iter = 500, total local iter = 2485515, diff = 3.38576e+23
2018-08-16 15:54:01,323 INFO [default] global iter = 600, total local iter = 3096492, diff = 3.32327e+23
2018-08-16 15:54:15,326 INFO [default] global iter = 700, total local iter = 3669654, diff = 2.30962e+23
2018-08-16 15:54:27,323 INFO [default] global iter = 800, total local iter = 4010275, diff = 2.82924e+23
2018-08-16 15:54:49,238 INFO [default] global iter = 861, total local iter = 5773814, diff = 9.58811e+23
2018-08-16 15:54:49,238 INFO [default] training finished
2018-08-16 15:54:49,239 INFO [default] obj = -4.11387e+25
2018-08-16 15:54:49,253 INFO [default] rho = 4.16014e+22
2018-08-16 15:54:49,254 INFO [default] #sv = 3345
2018-08-16 15:54:49,413 INFO [default] #total unique sv = 3345
2018-08-16 15:54:49,451 INFO [default] training finished
Training Total Time: 132.843416929
2018-08-16 15:54:49,910 INFO [default] #instances = 99999, #features = 25
Predict Total Time: 0.521970033646
2018-08-16 15:54:50,432 INFO [default] #instances = 99999, #features = 25
acc test score is  0.34806348063480635
MES=  0.6519365193651937
Confusion matrix=  [[28949 22860]
 [42333  5857]]
Total Time: 997.362589121
59.32% (+/- 19.89%)
