2018-08-17 08:52:59,295 INFO [default] #instances = 899999, #features = 25
2018-08-17 08:52:59,406 INFO [default] #classes = 2
2018-08-17 08:52:59,985 INFO [default] working set size = 1024
2018-08-17 08:53:00,007 INFO [default] training start
2018-08-17 08:53:01,227 INFO [default] global iter = 0, total local iter = 102401, diff = 2
2018-08-17 08:53:23,846 INFO [default] global iter = 100, total local iter = 1686550, diff = 121068
2018-08-17 08:53:40,461 INFO [default] global iter = 200, total local iter = 2541448, diff = 113830
2018-08-17 08:53:51,040 INFO [default] global iter = 210, total local iter = 3565458, diff = 113830
2018-08-17 08:53:51,040 INFO [default] training finished
2018-08-17 08:53:51,041 INFO [default] obj = -7.41521e+07
2018-08-17 08:53:51,070 INFO [default] rho = -69084.2
2018-08-17 08:53:51,071 INFO [default] #sv = 7384
2018-08-17 08:53:51,258 INFO [default] #total unique sv = 7384
2018-08-17 08:53:51,300 INFO [default] training finished
Training Total Time: 55.9226868153
2018-08-17 08:53:51,792 INFO [default] #instances = 100001, #features = 25
Predict Total Time: 0.683924913406
2018-08-17 08:53:52,476 INFO [default] #instances = 100001, #features = 25
acc test score is  0.5533344666553335
MES=  0.4466655333446666
Confusion matrix=  [[26750 25060]
 [19607 28584]]
2018-08-17 08:53:56,609 INFO [default] #instances = 899999, #features = 25
2018-08-17 08:53:56,718 INFO [default] #classes = 2
2018-08-17 08:53:57,130 INFO [default] working set size = 1024
2018-08-17 08:53:57,151 INFO [default] training start
2018-08-17 08:53:58,196 INFO [default] global iter = 0, total local iter = 102401, diff = 2
2018-08-17 08:54:19,876 INFO [default] global iter = 100, total local iter = 1584836, diff = 420900
2018-08-17 08:54:32,092 INFO [default] global iter = 200, total local iter = 1957934, diff = 76275
2018-08-17 08:54:43,126 INFO [default] global iter = 300, total local iter = 2189554, diff = 798863
2018-08-17 08:54:53,508 INFO [default] global iter = 400, total local iter = 2334890, diff = 164169
2018-08-17 08:55:12,187 INFO [default] global iter = 450, total local iter = 3831049, diff = 123706
2018-08-17 08:55:12,188 INFO [default] training finished
2018-08-17 08:55:12,189 INFO [default] obj = -2.39936e+08
2018-08-17 08:55:12,215 INFO [default] rho = -25498.7
2018-08-17 08:55:12,216 INFO [default] #sv = 16350
2018-08-17 08:55:12,391 INFO [default] #total unique sv = 16350
2018-08-17 08:55:12,432 INFO [default] training finished
Training Total Time: 79.7000658512
2018-08-17 08:55:12,958 INFO [default] #instances = 100001, #features = 25
Predict Total Time: 0.897670984268
2018-08-17 08:55:13,855 INFO [default] #instances = 100001, #features = 25
acc test score is  0.5122948770512294
MES=  0.4877051229487705
Confusion matrix=  [[25293 26517]
 [22254 25937]]
2018-08-17 08:55:18,137 INFO [default] #instances = 899999, #features = 25
2018-08-17 08:55:18,200 INFO [default] #classes = 2
2018-08-17 08:55:18,581 INFO [default] working set size = 1024
2018-08-17 08:55:18,602 INFO [default] training start
2018-08-17 08:55:19,640 INFO [default] global iter = 0, total local iter = 102401, diff = 2
2018-08-17 08:55:44,074 INFO [default] global iter = 68, total local iter = 2126648, diff = 64651.1
2018-08-17 08:55:44,074 INFO [default] training finished
2018-08-17 08:55:44,076 INFO [default] obj = -1.19696e+07
2018-08-17 08:55:44,102 INFO [default] rho = -12546.3
2018-08-17 08:55:44,103 INFO [default] #sv = 2842
2018-08-17 08:55:44,272 INFO [default] #total unique sv = 2842
2018-08-17 08:55:44,311 INFO [default] training finished
Training Total Time: 29.9227921963
2018-08-17 08:55:44,773 INFO [default] #instances = 100001, #features = 25
Predict Total Time: 0.545313835144
2018-08-17 08:55:45,311 INFO [default] #instances = 100001, #features = 25
acc test score is  0.5540144598554014
MES=  0.44598554014459857
Confusion matrix=  [[27301 24509]
 [20090 28101]]
2018-08-17 08:55:49,215 INFO [default] #instances = 900000, #features = 25
2018-08-17 08:55:49,277 INFO [default] #classes = 2
2018-08-17 08:55:49,634 INFO [default] working set size = 1024
2018-08-17 08:55:49,655 INFO [default] training start
2018-08-17 08:55:50,679 INFO [default] global iter = 0, total local iter = 102401, diff = 2
2018-08-17 08:56:24,500 INFO [default] global iter = 100, total local iter = 2927358, diff = 40834.6
2018-08-17 08:56:38,526 INFO [default] global iter = 200, total local iter = 3510331, diff = 107760
2018-08-17 08:56:50,987 INFO [default] global iter = 300, total local iter = 3902168, diff = 321264
2018-08-17 08:57:03,056 INFO [default] global iter = 400, total local iter = 4234739, diff = 131646
2018-08-17 08:57:14,410 INFO [default] global iter = 500, total local iter = 4476372, diff = 402767
2018-08-17 08:57:35,419 INFO [default] global iter = 600, total local iter = 5748549, diff = 108335
2018-08-17 08:57:44,974 INFO [default] global iter = 609, total local iter = 6670158, diff = 108334
2018-08-17 08:57:44,974 INFO [default] training finished
2018-08-17 08:57:44,976 INFO [default] obj = -3.05339e+08
2018-08-17 08:57:44,996 INFO [default] rho = -113599
2018-08-17 08:57:44,997 INFO [default] #sv = 19797
2018-08-17 08:57:45,158 INFO [default] #total unique sv = 19797
2018-08-17 08:57:45,197 INFO [default] training finished
Training Total Time: 119.794770956
2018-08-17 08:57:45,740 INFO [default] #instances = 100000, #features = 25
Predict Total Time: 0.978414058685
2018-08-17 08:57:46,717 INFO [default] #instances = 100000, #features = 25
acc test score is  0.50704
MES=  0.49296
Confusion matrix=  [[25074 26736]
 [22560 25630]]
2018-08-17 08:57:51,070 INFO [default] #instances = 900000, #features = 25
2018-08-17 08:57:51,133 INFO [default] #classes = 2
2018-08-17 08:57:51,495 INFO [default] working set size = 1024
2018-08-17 08:57:51,518 INFO [default] training start
2018-08-17 08:57:52,555 INFO [default] global iter = 0, total local iter = 102401, diff = 2
2018-08-17 08:58:08,834 INFO [default] global iter = 100, total local iter = 968435, diff = 72702.8
2018-08-17 08:58:21,569 INFO [default] global iter = 200, total local iter = 1403560, diff = 68422.3
2018-08-17 08:58:36,375 INFO [default] global iter = 300, total local iter = 2052507, diff = 96226.8
2018-08-17 08:58:47,144 INFO [default] global iter = 400, total local iter = 2249436, diff = 66577.9
2018-08-17 08:58:57,827 INFO [default] global iter = 500, total local iter = 2436528, diff = 575633
2018-08-17 08:59:10,456 INFO [default] global iter = 600, total local iter = 2819397, diff = 353775
2018-08-17 08:59:30,791 INFO [default] global iter = 700, total local iter = 4015339, diff = 157296
2018-08-17 08:59:51,108 INFO [default] global iter = 747, total local iter = 5716194, diff = 61521.6
2018-08-17 08:59:51,108 INFO [default] training finished
2018-08-17 08:59:51,110 INFO [default] obj = -4.3813e+08
2018-08-17 08:59:51,130 INFO [default] rho = -128286
2018-08-17 08:59:51,131 INFO [default] #sv = 24709
2018-08-17 08:59:51,291 INFO [default] #total unique sv = 24709
2018-08-17 08:59:51,330 INFO [default] training finished
Training Total Time: 124.094893932
2018-08-17 08:59:51,895 INFO [default] #instances = 100000, #features = 25
Predict Total Time: 1.14303398132
2018-08-17 08:59:53,038 INFO [default] #instances = 100000, #features = 25
acc test score is  0.49805
MES=  0.50195
Confusion matrix=  [[24408 27402]
 [22793 25397]]
2018-08-17 08:59:57,553 INFO [default] #instances = 900000, #features = 25
2018-08-17 08:59:57,616 INFO [default] #classes = 2
2018-08-17 08:59:57,990 INFO [default] working set size = 1024
2018-08-17 08:59:58,013 INFO [default] training start
2018-08-17 08:59:59,051 INFO [default] global iter = 0, total local iter = 102401, diff = 2
2018-08-17 09:00:17,346 INFO [default] global iter = 100, total local iter = 1204319, diff = 50237.2
2018-08-17 09:00:29,853 INFO [default] global iter = 200, total local iter = 1616115, diff = 489975
2018-08-17 09:00:40,446 INFO [default] global iter = 300, total local iter = 1807269, diff = 149163
2018-08-17 09:00:52,273 INFO [default] global iter = 400, total local iter = 2123617, diff = 189677
2018-08-17 09:01:02,545 INFO [default] global iter = 500, total local iter = 2263678, diff = 82271.5
2018-08-17 09:01:13,264 INFO [default] global iter = 600, total local iter = 2437337, diff = 173992
2018-08-17 09:01:24,465 INFO [default] global iter = 700, total local iter = 2661839, diff = 181836
2018-08-17 09:01:47,711 INFO [default] global iter = 759, total local iter = 4560635, diff = 89147.9
2018-08-17 09:01:47,711 INFO [default] training finished
2018-08-17 09:01:47,712 INFO [default] obj = -3.43194e+08
2018-08-17 09:01:47,732 INFO [default] rho = -77869.1
2018-08-17 09:01:47,733 INFO [default] #sv = 21423
2018-08-17 09:01:47,893 INFO [default] #total unique sv = 21423
2018-08-17 09:01:47,932 INFO [default] training finished
Training Total Time: 114.193834782
2018-08-17 09:01:48,484 INFO [default] #instances = 100000, #features = 25
Predict Total Time: 0.9744617939
2018-08-17 09:01:49,467 INFO [default] #instances = 100000, #features = 25
acc test score is  0.49831
MES=  0.50169
Confusion matrix=  [[24816 26994]
 [23175 25015]]
2018-08-17 09:01:53,855 INFO [default] #instances = 900000, #features = 25
2018-08-17 09:01:53,919 INFO [default] #classes = 2
2018-08-17 09:01:54,284 INFO [default] working set size = 1024
2018-08-17 09:01:54,308 INFO [default] training start
2018-08-17 09:01:55,345 INFO [default] global iter = 0, total local iter = 102401, diff = 2
2018-08-17 09:02:16,859 INFO [default] global iter = 100, total local iter = 1575816, diff = 114077
2018-08-17 09:02:29,394 INFO [default] global iter = 200, total local iter = 1989440, diff = 574287
2018-08-17 09:02:40,542 INFO [default] global iter = 300, total local iter = 2233916, diff = 214817
2018-08-17 09:02:50,935 INFO [default] global iter = 400, total local iter = 2385445, diff = 287376
2018-08-17 09:03:01,270 INFO [default] global iter = 500, total local iter = 2523325, diff = 313848
2018-08-17 09:03:12,430 INFO [default] global iter = 600, total local iter = 2741409, diff = 83629
2018-08-17 09:03:26,717 INFO [default] global iter = 700, total local iter = 3284764, diff = 92550
2018-08-17 09:03:38,922 INFO [default] global iter = 800, total local iter = 3605798, diff = 160580
2018-08-17 09:03:50,532 INFO [default] global iter = 900, total local iter = 3844835, diff = 107284
2018-08-17 09:04:06,138 INFO [default] global iter = 1000, total local iter = 4498784, diff = 196101
2018-08-17 09:04:06,143 INFO [default] global iter = 1000, total local iter = 4498784, diff = 196101
2018-08-17 09:04:06,144 INFO [default] training finished
2018-08-17 09:04:06,145 INFO [default] obj = -5.76253e+08
2018-08-17 09:04:06,165 INFO [default] rho = -207151
2018-08-17 09:04:06,166 INFO [default] #sv = 34058
2018-08-17 09:04:06,330 INFO [default] #total unique sv = 34058
2018-08-17 09:04:06,369 INFO [default] training finished
Training Total Time: 136.453687906
2018-08-17 09:04:06,992 INFO [default] #instances = 100000, #features = 25
Predict Total Time: 1.61199998856
2018-08-17 09:04:08,630 INFO [default] #instances = 100000, #features = 25
acc test score is  0.50881
MES=  0.49119
Confusion matrix=  [[25953 25857]
 [23262 24928]]
2018-08-17 09:04:13,827 INFO [default] #instances = 900001, #features = 25
2018-08-17 09:04:13,890 INFO [default] #classes = 2
2018-08-17 09:04:14,194 INFO [default] working set size = 1024
2018-08-17 09:04:14,225 INFO [default] training start
2018-08-17 09:04:15,265 INFO [default] global iter = 0, total local iter = 102401, diff = 2
2018-08-17 09:04:44,288 INFO [default] global iter = 90, total local iter = 2413588, diff = 102120
2018-08-17 09:04:44,288 INFO [default] training finished
2018-08-17 09:04:44,290 INFO [default] obj = -1.69336e+07
2018-08-17 09:04:44,312 INFO [default] rho = -62191.2
2018-08-17 09:04:44,313 INFO [default] #sv = 3410
2018-08-17 09:04:44,462 INFO [default] #total unique sv = 3410
2018-08-17 09:04:44,500 INFO [default] training finished
Training Total Time: 34.6106989384
2018-08-17 09:04:44,963 INFO [default] #instances = 99999, #features = 25
Predict Total Time: 0.522956132889
2018-08-17 09:04:45,486 INFO [default] #instances = 99999, #features = 25
acc test score is  0.6104461044610446
MES=  0.38955389553895536
Confusion matrix=  [[27514 24295]
 [14660 33530]]
2018-08-17 09:04:49,412 INFO [default] #instances = 900001, #features = 25
2018-08-17 09:04:49,475 INFO [default] #classes = 2
2018-08-17 09:04:49,792 INFO [default] working set size = 1024
2018-08-17 09:04:49,818 INFO [default] training start
2018-08-17 09:04:50,842 INFO [default] global iter = 0, total local iter = 102401, diff = 2
2018-08-17 09:05:09,929 INFO [default] global iter = 100, total local iter = 1295738, diff = 176901
2018-08-17 09:05:22,156 INFO [default] global iter = 200, total local iter = 1683999, diff = 152538
2018-08-17 09:05:33,569 INFO [default] global iter = 300, total local iter = 1968966, diff = 170788
2018-08-17 09:05:46,570 INFO [default] global iter = 400, total local iter = 2404336, diff = 204815
2018-08-17 09:05:57,200 INFO [default] global iter = 500, total local iter = 2567970, diff = 436552
2018-08-17 09:06:09,262 INFO [default] global iter = 600, total local iter = 2873851, diff = 377478
2018-08-17 09:06:22,949 INFO [default] global iter = 700, total local iter = 3352531, diff = 97253.9
2018-08-17 09:06:38,853 INFO [default] global iter = 800, total local iter = 4075303, diff = 207508
2018-08-17 09:07:01,840 INFO [default] global iter = 862, total local iter = 5898974, diff = 151724
2018-08-17 09:07:01,840 INFO [default] training finished
2018-08-17 09:07:01,842 INFO [default] obj = -4.98069e+08
2018-08-17 09:07:01,864 INFO [default] rho = -116880
2018-08-17 09:07:01,865 INFO [default] #sv = 28045
2018-08-17 09:07:02,019 INFO [default] #total unique sv = 28045
2018-08-17 09:07:02,058 INFO [default] training finished
Training Total Time: 136.543905973
2018-08-17 09:07:02,649 INFO [default] #instances = 99999, #features = 25
Predict Total Time: 1.13328003883
2018-08-17 09:07:03,782 INFO [default] #instances = 99999, #features = 25
acc test score is  0.5069350693506935
MES=  0.4930649306493065
Confusion matrix=  [[25688 26121]
 [23185 25005]]
2018-08-17 09:07:08,316 INFO [default] #instances = 900001, #features = 25
2018-08-17 09:07:08,379 INFO [default] #classes = 2
2018-08-17 09:07:08,696 INFO [default] working set size = 1024
2018-08-17 09:07:08,723 INFO [default] training start
2018-08-17 09:07:09,762 INFO [default] global iter = 0, total local iter = 102401, diff = 2
2018-08-17 09:07:30,361 INFO [default] global iter = 100, total local iter = 1444097, diff = 41180.8
2018-08-17 09:07:46,213 INFO [default] global iter = 200, total local iter = 2207306, diff = 76085.3
2018-08-17 09:07:59,178 INFO [default] global iter = 300, total local iter = 2664056, diff = 339547
2018-08-17 09:08:21,191 INFO [default] global iter = 400, total local iter = 4054970, diff = 173485
2018-08-17 09:08:24,374 INFO [default] global iter = 403, total local iter = 4362173, diff = 176531
2018-08-17 09:08:24,374 INFO [default] training finished
2018-08-17 09:08:24,376 INFO [default] obj = -1.69215e+08
2018-08-17 09:08:24,398 INFO [default] rho = -106935
2018-08-17 09:08:24,399 INFO [default] #sv = 13836
2018-08-17 09:08:24,550 INFO [default] #total unique sv = 13836
2018-08-17 09:08:24,589 INFO [default] training finished
Training Total Time: 80.0974609852
2018-08-17 09:08:25,105 INFO [default] #instances = 99999, #features = 25
Predict Total Time: 0.775450229645
2018-08-17 09:08:25,880 INFO [default] #instances = 99999, #features = 25
acc test score is  0.5155751557515575
MES=  0.4844248442484425
Confusion matrix=  [[25030 26779]
 [21663 26527]]
Total Time: 931.284080982
52.65% (+/- 3.39%)
