2018-08-17 13:02:58,577 INFO [default] #instances = 899999, #features = 25
2018-08-17 13:02:58,688 INFO [default] #classes = 2
2018-08-17 13:02:59,259 INFO [default] working set size = 1024
2018-08-17 13:02:59,281 INFO [default] training start
2018-08-17 13:03:00,498 INFO [default] global iter = 0, total local iter = 102401, diff = 2
2018-08-17 13:03:28,187 INFO [default] global iter = 100, total local iter = 2272966, diff = 77611.8
2018-08-17 13:03:41,875 INFO [default] global iter = 200, total local iter = 2816287, diff = 73627.9
2018-08-17 13:03:53,122 INFO [default] global iter = 300, total local iter = 3074380, diff = 248430
2018-08-17 13:04:06,075 INFO [default] global iter = 400, total local iter = 3507690, diff = 285468
2018-08-17 13:04:27,097 INFO [default] global iter = 500, total local iter = 4774380, diff = 129822
2018-08-17 13:04:33,471 INFO [default] global iter = 506, total local iter = 5388786, diff = 129822
2018-08-17 13:04:33,471 INFO [default] training finished
2018-08-17 13:04:33,472 INFO [default] obj = -3.21747e+08
2018-08-17 13:04:33,501 INFO [default] rho = -84645.4
2018-08-17 13:04:33,502 INFO [default] #sv = 19396
2018-08-17 13:04:33,691 INFO [default] #total unique sv = 19396
2018-08-17 13:04:33,734 INFO [default] training finished
Training Total Time: 99.1385071278
2018-08-17 13:04:34,285 INFO [default] #instances = 100001, #features = 25
Predict Total Time: 1.04211592674
2018-08-17 13:04:35,336 INFO [default] #instances = 100001, #features = 25
acc test score is  0.5104148958510415
MES=  0.4895851041489585
Confusion matrix=  [[25527 26283]
 [22676 25515]]
2018-08-17 13:04:39,833 INFO [default] #instances = 899999, #features = 25
2018-08-17 13:04:39,943 INFO [default] #classes = 2
2018-08-17 13:04:40,354 INFO [default] working set size = 1024
2018-08-17 13:04:40,376 INFO [default] training start
2018-08-17 13:04:41,415 INFO [default] global iter = 0, total local iter = 102401, diff = 2
2018-08-17 13:05:03,099 INFO [default] global iter = 100, total local iter = 1582687, diff = 44402.4
2018-08-17 13:05:17,607 INFO [default] global iter = 200, total local iter = 2231940, diff = 135697
2018-08-17 13:05:42,486 INFO [default] global iter = 294, total local iter = 4008920, diff = 59431.8
2018-08-17 13:05:42,486 INFO [default] training finished
2018-08-17 13:05:42,487 INFO [default] obj = -5.27853e+07
2018-08-17 13:05:42,514 INFO [default] rho = -5252.56
2018-08-17 13:05:42,515 INFO [default] #sv = 6742
2018-08-17 13:05:42,687 INFO [default] #total unique sv = 6742
2018-08-17 13:05:42,729 INFO [default] training finished
Training Total Time: 66.7320210934
2018-08-17 13:05:43,212 INFO [default] #instances = 100001, #features = 25
Predict Total Time: 0.637809991837
2018-08-17 13:05:43,849 INFO [default] #instances = 100001, #features = 25
acc test score is  0.4992750072499275
MES=  0.5007249927500725
Confusion matrix=  [[25910 25900]
 [24173 24018]]
2018-08-17 13:05:47,895 INFO [default] #instances = 899999, #features = 25
2018-08-17 13:05:47,958 INFO [default] #classes = 2
2018-08-17 13:05:48,354 INFO [default] working set size = 1024
2018-08-17 13:05:48,376 INFO [default] training start
2018-08-17 13:05:49,414 INFO [default] global iter = 0, total local iter = 102401, diff = 2
2018-08-17 13:06:21,284 INFO [default] global iter = 82, total local iter = 2808877, diff = 45327.4
2018-08-17 13:06:21,284 INFO [default] training finished
2018-08-17 13:06:21,286 INFO [default] obj = -6.22919e+06
2018-08-17 13:06:21,306 INFO [default] rho = -12338.1
2018-08-17 13:06:21,307 INFO [default] #sv = 1804
2018-08-17 13:06:21,467 INFO [default] #total unique sv = 1804
2018-08-17 13:06:21,506 INFO [default] training finished
Training Total Time: 37.3751339912
2018-08-17 13:06:21,957 INFO [default] #instances = 100001, #features = 25
Predict Total Time: 0.495388031006
2018-08-17 13:06:22,456 INFO [default] #instances = 100001, #features = 25
acc test score is  0.5438145618543815
MES=  0.45618543814561857
Confusion matrix=  [[26049 25761]
 [19858 28333]]
2018-08-17 13:06:26,342 INFO [default] #instances = 900000, #features = 25
2018-08-17 13:06:26,404 INFO [default] #classes = 2
2018-08-17 13:06:26,766 INFO [default] working set size = 1024
2018-08-17 13:06:26,788 INFO [default] training start
2018-08-17 13:06:27,809 INFO [default] global iter = 0, total local iter = 102401, diff = 2
2018-08-17 13:07:02,795 INFO [default] global iter = 100, total local iter = 3035294, diff = 158424
2018-08-17 13:07:06,986 INFO [default] global iter = 104, total local iter = 3444898, diff = 158424
2018-08-17 13:07:06,986 INFO [default] training finished
2018-08-17 13:07:06,987 INFO [default] obj = -1.49047e+07
2018-08-17 13:07:07,005 INFO [default] rho = -4141.48
2018-08-17 13:07:07,006 INFO [default] #sv = 3179
2018-08-17 13:07:07,163 INFO [default] #total unique sv = 3179
2018-08-17 13:07:07,202 INFO [default] training finished
Training Total Time: 44.6119608879
2018-08-17 13:07:07,664 INFO [default] #instances = 100000, #features = 25
Predict Total Time: 0.520510911942
2018-08-17 13:07:08,190 INFO [default] #instances = 100000, #features = 25
acc test score is  0.51922
MES=  0.48078
Confusion matrix=  [[25954 25856]
 [22222 25968]]
2018-08-17 13:07:12,072 INFO [default] #instances = 900000, #features = 25
2018-08-17 13:07:12,135 INFO [default] #classes = 2
2018-08-17 13:07:12,494 INFO [default] working set size = 1024
2018-08-17 13:07:12,518 INFO [default] training start
2018-08-17 13:07:13,565 INFO [default] global iter = 0, total local iter = 102401, diff = 2
2018-08-17 13:07:36,880 INFO [default] global iter = 100, total local iter = 1795804, diff = 55845.3
2018-08-17 13:07:51,743 INFO [default] global iter = 200, total local iter = 2480332, diff = 1.28152e+06
2018-08-17 13:08:08,169 INFO [default] global iter = 300, total local iter = 3304273, diff = 187818
2018-08-17 13:08:21,901 INFO [default] global iter = 314, total local iter = 4635550, diff = 151607
2018-08-17 13:08:21,901 INFO [default] training finished
2018-08-17 13:08:21,903 INFO [default] obj = -1.59262e+08
2018-08-17 13:08:21,921 INFO [default] rho = 3685.14
2018-08-17 13:08:21,922 INFO [default] #sv = 11682
2018-08-17 13:08:22,081 INFO [default] #total unique sv = 11682
2018-08-17 13:08:22,120 INFO [default] training finished
Training Total Time: 73.8193449974
2018-08-17 13:08:22,619 INFO [default] #instances = 100000, #features = 25
Predict Total Time: 0.818685054779
2018-08-17 13:08:23,444 INFO [default] #instances = 100000, #features = 25
acc test score is  0.48311
MES=  0.51689
Confusion matrix=  [[25813 25997]
 [25692 22498]]
2018-08-17 13:08:27,642 INFO [default] #instances = 900000, #features = 25
2018-08-17 13:08:27,705 INFO [default] #classes = 2
2018-08-17 13:08:28,064 INFO [default] working set size = 1024
2018-08-17 13:08:28,085 INFO [default] training start
2018-08-17 13:08:29,113 INFO [default] global iter = 0, total local iter = 102401, diff = 2
2018-08-17 13:08:47,346 INFO [default] global iter = 100, total local iter = 1204388, diff = 65800.8
2018-08-17 13:09:03,337 INFO [default] global iter = 200, total local iter = 1986375, diff = 277615
2018-08-17 13:09:13,933 INFO [default] global iter = 300, total local iter = 2190438, diff = 212590
2018-08-17 13:09:35,019 INFO [default] global iter = 331, total local iter = 4152214, diff = 185410
2018-08-17 13:09:35,019 INFO [default] training finished
2018-08-17 13:09:35,020 INFO [default] obj = -5.02709e+07
2018-08-17 13:09:35,038 INFO [default] rho = -87273.9
2018-08-17 13:09:35,039 INFO [default] #sv = 6545
2018-08-17 13:09:35,197 INFO [default] #total unique sv = 6545
2018-08-17 13:09:35,236 INFO [default] training finished
Training Total Time: 71.3521251678
2018-08-17 13:09:35,708 INFO [default] #instances = 100000, #features = 25
Predict Total Time: 0.592434883118
2018-08-17 13:09:36,301 INFO [default] #instances = 100000, #features = 25
acc test score is  0.56694
MES=  0.43306
Confusion matrix=  [[27072 24738]
 [18568 29622]]
2018-08-17 13:09:40,294 INFO [default] #instances = 900000, #features = 25
2018-08-17 13:09:40,357 INFO [default] #classes = 2
2018-08-17 13:09:40,717 INFO [default] working set size = 1024
2018-08-17 13:09:40,740 INFO [default] training start
2018-08-17 13:09:41,780 INFO [default] global iter = 0, total local iter = 102401, diff = 2
2018-08-17 13:10:01,380 INFO [default] global iter = 100, total local iter = 1370947, diff = 208693
2018-08-17 13:10:20,229 INFO [default] global iter = 200, total local iter = 2512808, diff = 245027
2018-08-17 13:10:37,975 INFO [default] global iter = 300, total local iter = 3488684, diff = 1.14972e+06
2018-08-17 13:11:03,358 INFO [default] global iter = 335, total local iter = 5860440, diff = 131374
2018-08-17 13:11:03,358 INFO [default] training finished
2018-08-17 13:11:03,360 INFO [default] obj = -1.87725e+08
2018-08-17 13:11:03,377 INFO [default] rho = -48961.4
2018-08-17 13:11:03,378 INFO [default] #sv = 12887
2018-08-17 13:11:03,539 INFO [default] #total unique sv = 12887
2018-08-17 13:11:03,577 INFO [default] training finished
Training Total Time: 87.0940160751
2018-08-17 13:11:04,086 INFO [default] #instances = 100000, #features = 25
Predict Total Time: 0.857058048248
2018-08-17 13:11:04,946 INFO [default] #instances = 100000, #features = 25
acc test score is  0.50913
MES=  0.49087
Confusion matrix=  [[25547 26263]
 [22824 25366]]
2018-08-17 13:11:09,169 INFO [default] #instances = 900001, #features = 25
2018-08-17 13:11:09,232 INFO [default] #classes = 2
2018-08-17 13:11:09,612 INFO [default] working set size = 1024
2018-08-17 13:11:09,634 INFO [default] training start
2018-08-17 13:11:10,674 INFO [default] global iter = 0, total local iter = 102401, diff = 2
2018-08-17 13:11:38,819 INFO [default] global iter = 100, total local iter = 2281863, diff = 110997
2018-08-17 13:11:53,851 INFO [default] global iter = 200, total local iter = 2979323, diff = 223010
2018-08-17 13:12:05,515 INFO [default] global iter = 300, total local iter = 3291405, diff = 101132
2018-08-17 13:12:18,518 INFO [default] global iter = 400, total local iter = 3737456, diff = 179125
2018-08-17 13:12:34,403 INFO [default] global iter = 500, total local iter = 4482152, diff = 582162
2018-08-17 13:12:52,849 INFO [default] global iter = 549, total local iter = 5973264, diff = 120541
2018-08-17 13:12:52,849 INFO [default] training finished
2018-08-17 13:12:52,850 INFO [default] obj = -2.3824e+08
2018-08-17 13:12:52,868 INFO [default] rho = -2037
2018-08-17 13:12:52,869 INFO [default] #sv = 16897
2018-08-17 13:12:53,030 INFO [default] #total unique sv = 16897
2018-08-17 13:12:53,068 INFO [default] training finished
Training Total Time: 107.702131987
2018-08-17 13:12:53,598 INFO [default] #instances = 99999, #features = 25
Predict Total Time: 0.903752088547
2018-08-17 13:12:54,501 INFO [default] #instances = 99999, #features = 25
acc test score is  0.4809148091480915
MES=  0.5190851908519085
Confusion matrix=  [[24142 27667]
 [24241 23949]]
2018-08-17 13:12:58,814 INFO [default] #instances = 900001, #features = 25
2018-08-17 13:12:58,876 INFO [default] #classes = 2
2018-08-17 13:12:59,255 INFO [default] working set size = 1024
2018-08-17 13:12:59,277 INFO [default] training start
2018-08-17 13:13:00,313 INFO [default] global iter = 0, total local iter = 102401, diff = 2
2018-08-17 13:13:20,574 INFO [default] global iter = 100, total local iter = 1419375, diff = 330563
2018-08-17 13:13:34,909 INFO [default] global iter = 200, total local iter = 2036789, diff = 121389
2018-08-17 13:13:47,203 INFO [default] global iter = 300, total local iter = 2417552, diff = 373677
2018-08-17 13:14:09,630 INFO [default] global iter = 383, total local iter = 4005587, diff = 125928
2018-08-17 13:14:09,630 INFO [default] training finished
2018-08-17 13:14:09,632 INFO [default] obj = -1.80444e+08
2018-08-17 13:14:09,649 INFO [default] rho = -108660
2018-08-17 13:14:09,650 INFO [default] #sv = 13737
2018-08-17 13:14:09,810 INFO [default] #total unique sv = 13737
2018-08-17 13:14:09,848 INFO [default] training finished
Training Total Time: 74.8527867794
2018-08-17 13:14:10,363 INFO [default] #instances = 99999, #features = 25
Predict Total Time: 0.786164999008
2018-08-17 13:14:11,151 INFO [default] #instances = 99999, #features = 25
acc test score is  0.5209852098520985
MES=  0.4790147901479015
Confusion matrix=  [[25644 26165]
 [21736 26454]]
2018-08-17 13:14:15,375 INFO [default] #instances = 900001, #features = 25
2018-08-17 13:14:15,437 INFO [default] #classes = 2
2018-08-17 13:14:15,816 INFO [default] working set size = 1024
2018-08-17 13:14:15,839 INFO [default] training start
2018-08-17 13:14:16,873 INFO [default] global iter = 0, total local iter = 102401, diff = 2
2018-08-17 13:14:40,934 INFO [default] global iter = 100, total local iter = 1865165, diff = 480398
2018-08-17 13:14:57,055 INFO [default] global iter = 119, total local iter = 3402852, diff = 202995
2018-08-17 13:14:57,055 INFO [default] training finished
2018-08-17 13:14:57,057 INFO [default] obj = -1.92681e+07
2018-08-17 13:14:57,075 INFO [default] rho = -88152.6
2018-08-17 13:14:57,076 INFO [default] #sv = 3441
2018-08-17 13:14:57,236 INFO [default] #total unique sv = 3441
2018-08-17 13:14:57,274 INFO [default] training finished
Training Total Time: 45.7054519653
2018-08-17 13:14:57,734 INFO [default] #instances = 99999, #features = 25
Predict Total Time: 0.524767875671
2018-08-17 13:14:58,260 INFO [default] #instances = 99999, #features = 25
acc test score is  0.6350963509635096
MES=  0.36490364903649036
Confusion matrix=  [[29720 22089]
 [14401 33789]]
Total Time: 724.135605097
52.69% (+/- 4.37%)
