2018-08-16 22:28:45,009 INFO [default] #instances = 899999, #features = 25
2018-08-16 22:28:45,121 INFO [default] #classes = 2
2018-08-16 22:28:45,695 INFO [default] working set size = 1024
2018-08-16 22:28:45,717 INFO [default] training start
2018-08-16 22:28:46,935 INFO [default] global iter = 0, total local iter = 102401, diff = 2
2018-08-16 22:29:11,501 INFO [default] global iter = 100, total local iter = 1914723, diff = 216402
2018-08-16 22:29:26,913 INFO [default] global iter = 200, total local iter = 2656911, diff = 462833
2018-08-16 22:29:52,454 INFO [default] global iter = 260, total local iter = 4814370, diff = 101811
2018-08-16 22:29:52,454 INFO [default] training finished
2018-08-16 22:29:52,456 INFO [default] obj = -1.05747e+08
2018-08-16 22:29:52,484 INFO [default] rho = -80938.2
2018-08-16 22:29:52,485 INFO [default] #sv = 5333
2018-08-16 22:29:52,673 INFO [default] #total unique sv = 5333
2018-08-16 22:29:52,715 INFO [default] training finished
Training Total Time: 71.6315350533
2018-08-16 22:29:53,197 INFO [default] #instances = 100001, #features = 25
Predict Total Time: 0.633673191071
2018-08-16 22:29:53,864 INFO [default] #instances = 100001, #features = 25
acc test score is  0.5371146288537114
MES=  0.4628853711462885
Confusion matrix=  [[26229 25581]
 [20708 27483]]
2018-08-16 22:29:57,981 INFO [default] #instances = 899999, #features = 25
2018-08-16 22:29:58,090 INFO [default] #classes = 2
2018-08-16 22:29:58,492 INFO [default] working set size = 1024
2018-08-16 22:29:58,513 INFO [default] training start
2018-08-16 22:29:59,555 INFO [default] global iter = 0, total local iter = 102401, diff = 2
2018-08-16 22:30:22,476 INFO [default] global iter = 100, total local iter = 1721375, diff = 170618
2018-08-16 22:30:47,717 INFO [default] global iter = 164, total local iter = 3835943, diff = 151575
2018-08-16 22:30:47,717 INFO [default] training finished
2018-08-16 22:30:47,719 INFO [default] obj = -1.14328e+08
2018-08-16 22:30:47,745 INFO [default] rho = -44733.2
2018-08-16 22:30:47,746 INFO [default] #sv = 5606
2018-08-16 22:30:47,918 INFO [default] #total unique sv = 5606
2018-08-16 22:30:47,958 INFO [default] training finished
Training Total Time: 53.844935894
2018-08-16 22:30:48,429 INFO [default] #instances = 100001, #features = 25
Predict Total Time: 0.612629175186
2018-08-16 22:30:49,042 INFO [default] #instances = 100001, #features = 25
acc test score is  0.5171648283517165
MES=  0.4828351716482835
Confusion matrix=  [[25572 26238]
 [22046 26145]]
2018-08-16 22:30:53,025 INFO [default] #instances = 899999, #features = 25
2018-08-16 22:30:53,089 INFO [default] #classes = 2
2018-08-16 22:30:53,487 INFO [default] working set size = 1024
2018-08-16 22:30:53,509 INFO [default] training start
2018-08-16 22:30:54,549 INFO [default] global iter = 0, total local iter = 102401, diff = 2
2018-08-16 22:31:27,214 INFO [default] global iter = 77, total local iter = 2956363, diff = 461701
2018-08-16 22:31:27,214 INFO [default] training finished
2018-08-16 22:31:27,216 INFO [default] obj = -3.08105e+07
2018-08-16 22:31:27,242 INFO [default] rho = -238515
2018-08-16 22:31:27,243 INFO [default] #sv = 2570
2018-08-16 22:31:27,418 INFO [default] #total unique sv = 2570
2018-08-16 22:31:27,458 INFO [default] training finished
Training Total Time: 38.1626448631
2018-08-16 22:31:27,910 INFO [default] #instances = 100001, #features = 25
Predict Total Time: 0.513164997101
2018-08-16 22:31:28,425 INFO [default] #instances = 100001, #features = 25
acc test score is  0.6744532554674453
MES=  0.32554674453255467
Confusion matrix=  [[29562 22248]
 [10307 37884]]
2018-08-16 22:31:32,301 INFO [default] #instances = 900000, #features = 25
2018-08-16 22:31:32,363 INFO [default] #classes = 2
2018-08-16 22:31:32,724 INFO [default] working set size = 1024
2018-08-16 22:31:32,745 INFO [default] training start
2018-08-16 22:31:33,768 INFO [default] global iter = 0, total local iter = 102401, diff = 2
2018-08-16 22:32:01,156 INFO [default] global iter = 100, total local iter = 2225737, diff = 123013
2018-08-16 22:32:14,786 INFO [default] global iter = 113, total local iter = 3556950, diff = 273039
2018-08-16 22:32:14,786 INFO [default] training finished
2018-08-16 22:32:14,787 INFO [default] obj = -6.96942e+07
2018-08-16 22:32:14,809 INFO [default] rho = -95694
2018-08-16 22:32:14,810 INFO [default] #sv = 4025
2018-08-16 22:32:14,967 INFO [default] #total unique sv = 4025
2018-08-16 22:32:15,005 INFO [default] training finished
Training Total Time: 46.4296238422
2018-08-16 22:32:15,474 INFO [default] #instances = 100000, #features = 25
Predict Total Time: 0.568284034729
2018-08-16 22:32:16,033 INFO [default] #instances = 100000, #features = 25
acc test score is  0.53874
MES=  0.46126
Confusion matrix=  [[26042 25768]
 [20358 27832]]
2018-08-16 22:32:19,960 INFO [default] #instances = 900000, #features = 25
2018-08-16 22:32:20,023 INFO [default] #classes = 2
2018-08-16 22:32:20,380 INFO [default] working set size = 1024
2018-08-16 22:32:20,402 INFO [default] training start
2018-08-16 22:32:21,440 INFO [default] global iter = 0, total local iter = 102401, diff = 2
2018-08-16 22:32:52,417 INFO [default] global iter = 72, total local iter = 2852681, diff = 146830
2018-08-16 22:32:52,417 INFO [default] training finished
2018-08-16 22:32:52,419 INFO [default] obj = -1.04774e+07
2018-08-16 22:32:52,441 INFO [default] rho = 12848.7
2018-08-16 22:32:52,442 INFO [default] #sv = 1590
2018-08-16 22:32:52,601 INFO [default] #total unique sv = 1590
2018-08-16 22:32:52,640 INFO [default] training finished
Training Total Time: 36.4037971497
2018-08-16 22:32:53,096 INFO [default] #instances = 100000, #features = 25
Predict Total Time: 0.495921850204
2018-08-16 22:32:53,589 INFO [default] #instances = 100000, #features = 25
acc test score is  0.49066
MES=  0.50934
Confusion matrix=  [[26494 25316]
 [25618 22572]]
2018-08-16 22:32:57,461 INFO [default] #instances = 900000, #features = 25
2018-08-16 22:32:57,524 INFO [default] #classes = 2
2018-08-16 22:32:57,882 INFO [default] working set size = 1024
2018-08-16 22:32:57,903 INFO [default] training start
2018-08-16 22:32:58,926 INFO [default] global iter = 0, total local iter = 102401, diff = 2
2018-08-16 22:33:21,034 INFO [default] global iter = 100, total local iter = 1620894, diff = 149475
2018-08-16 22:33:42,530 INFO [default] global iter = 157, total local iter = 3393658, diff = 182960
2018-08-16 22:33:42,530 INFO [default] training finished
2018-08-16 22:33:42,532 INFO [default] obj = -6.54956e+07
2018-08-16 22:33:42,551 INFO [default] rho = -124834
2018-08-16 22:33:42,552 INFO [default] #sv = 4010
2018-08-16 22:33:42,711 INFO [default] #total unique sv = 4010
2018-08-16 22:33:42,749 INFO [default] training finished
Training Total Time: 49.0346598625
2018-08-16 22:33:43,214 INFO [default] #instances = 100000, #features = 25
Predict Total Time: 0.567180156708
2018-08-16 22:33:43,807 INFO [default] #instances = 100000, #features = 25
acc test score is  0.55857
MES=  0.44143
Confusion matrix=  [[26074 25736]
 [18407 29783]]
2018-08-16 22:33:47,821 INFO [default] #instances = 900000, #features = 25
2018-08-16 22:33:47,883 INFO [default] #classes = 2
2018-08-16 22:33:48,221 INFO [default] working set size = 1024
2018-08-16 22:33:48,243 INFO [default] training start
2018-08-16 22:33:49,278 INFO [default] global iter = 0, total local iter = 102401, diff = 2
2018-08-16 22:34:10,447 INFO [default] global iter = 100, total local iter = 1490768, diff = 506723
2018-08-16 22:34:26,081 INFO [default] global iter = 200, total local iter = 2245505, diff = 715244
2018-08-16 22:34:37,206 INFO [default] global iter = 300, total local iter = 2496657, diff = 236117
2018-08-16 22:34:54,058 INFO [default] global iter = 400, total local iter = 3348274, diff = 1.80852e+06
2018-08-16 22:35:11,949 INFO [default] global iter = 500, total local iter = 4305089, diff = 323920
2018-08-16 22:35:24,304 INFO [default] global iter = 600, total local iter = 4665290, diff = 1.80897e+06
2018-08-16 22:35:36,043 INFO [default] global iter = 700, total local iter = 4940412, diff = 294545
2018-08-16 22:35:50,501 INFO [default] global iter = 800, total local iter = 5513548, diff = 598283
2018-08-16 22:36:02,273 INFO [default] global iter = 900, total local iter = 5785853, diff = 402724
2018-08-16 22:36:16,729 INFO [default] global iter = 1000, total local iter = 6334835, diff = 229299
2018-08-16 22:36:16,735 INFO [default] global iter = 1000, total local iter = 6334835, diff = 229299
2018-08-16 22:36:16,735 INFO [default] training finished
2018-08-16 22:36:16,736 INFO [default] obj = -1.52071e+09
2018-08-16 22:36:16,754 INFO [default] rho = -665852
2018-08-16 22:36:16,755 INFO [default] #sv = 30585
2018-08-16 22:36:16,915 INFO [default] #total unique sv = 30585
2018-08-16 22:36:16,954 INFO [default] training finished
Training Total Time: 153.07859993
2018-08-16 22:36:17,549 INFO [default] #instances = 100000, #features = 25
Predict Total Time: 1.29089403152
2018-08-16 22:36:18,841 INFO [default] #instances = 100000, #features = 25
acc test score is  0.51233
MES=  0.48767
Confusion matrix=  [[26134 25676]
 [23091 25099]]
2018-08-16 22:36:23,575 INFO [default] #instances = 900001, #features = 25
2018-08-16 22:36:23,638 INFO [default] #classes = 2
2018-08-16 22:36:23,955 INFO [default] working set size = 1024
2018-08-16 22:36:23,977 INFO [default] training start
2018-08-16 22:36:25,009 INFO [default] global iter = 0, total local iter = 102401, diff = 2
2018-08-16 22:36:49,561 INFO [default] global iter = 100, total local iter = 1888708, diff = 92822.7
2018-08-16 22:37:04,504 INFO [default] global iter = 200, total local iter = 2567473, diff = 1.14835e+06
2018-08-16 22:37:16,832 INFO [default] global iter = 300, total local iter = 2953753, diff = 368260
2018-08-16 22:37:30,916 INFO [default] global iter = 400, total local iter = 3514031, diff = 1.37976e+06
2018-08-16 22:37:42,396 INFO [default] global iter = 500, total local iter = 3777640, diff = 1.432e+06
2018-08-16 22:37:54,817 INFO [default] global iter = 600, total local iter = 4133447, diff = 467513
2018-08-16 22:38:05,480 INFO [default] global iter = 700, total local iter = 4295972, diff = 790576
2018-08-16 22:38:16,427 INFO [default] global iter = 800, total local iter = 4480357, diff = 1.04734e+06
2018-08-16 22:38:34,069 INFO [default] global iter = 900, total local iter = 5380712, diff = 1.88679e+06
2018-08-16 22:38:48,947 INFO [default] global iter = 1000, total local iter = 5992606, diff = 320772
2018-08-16 22:38:48,953 INFO [default] global iter = 1000, total local iter = 5992606, diff = 320772
2018-08-16 22:38:48,953 INFO [default] training finished
2018-08-16 22:38:48,955 INFO [default] obj = -1.52389e+09
2018-08-16 22:38:48,972 INFO [default] rho = -590852
2018-08-16 22:38:48,973 INFO [default] #sv = 29602
2018-08-16 22:38:49,129 INFO [default] #total unique sv = 29602
2018-08-16 22:38:49,168 INFO [default] training finished
Training Total Time: 149.519839048
2018-08-16 22:38:49,772 INFO [default] #instances = 99999, #features = 25
Predict Total Time: 1.17289614677
2018-08-16 22:38:50,941 INFO [default] #instances = 99999, #features = 25
acc test score is  0.5197151971519716
MES=  0.4802848028480285
Confusion matrix=  [[26499 25310]
 [22718 25472]]
2018-08-16 22:38:55,536 INFO [default] #instances = 900001, #features = 25
2018-08-16 22:38:55,598 INFO [default] #classes = 2
2018-08-16 22:38:55,913 INFO [default] working set size = 1024
2018-08-16 22:38:55,936 INFO [default] training start
2018-08-16 22:38:56,984 INFO [default] global iter = 0, total local iter = 102401, diff = 2
2018-08-16 22:39:23,596 INFO [default] global iter = 100, total local iter = 2147950, diff = 840477
2018-08-16 22:39:44,809 INFO [default] global iter = 200, total local iter = 3501107, diff = 278037
2018-08-16 22:39:55,359 INFO [default] global iter = 210, total local iter = 4525117, diff = 278037
2018-08-16 22:39:55,359 INFO [default] training finished
2018-08-16 22:39:55,360 INFO [default] obj = -1.65887e+08
2018-08-16 22:39:55,378 INFO [default] rho = -185991
2018-08-16 22:39:55,379 INFO [default] #sv = 7258
2018-08-16 22:39:55,527 INFO [default] #total unique sv = 7258
2018-08-16 22:39:55,565 INFO [default] training finished
Training Total Time: 63.8460049629
2018-08-16 22:39:56,047 INFO [default] #instances = 99999, #features = 25
Predict Total Time: 0.623226881027
2018-08-16 22:39:56,673 INFO [default] #instances = 99999, #features = 25
acc test score is  0.5415854158541585
MES=  0.45841458414584146
Confusion matrix=  [[26166 25643]
 [20198 27992]]
2018-08-16 22:40:00,699 INFO [default] #instances = 900001, #features = 25
2018-08-16 22:40:00,761 INFO [default] #classes = 2
2018-08-16 22:40:01,076 INFO [default] working set size = 1024
2018-08-16 22:40:01,098 INFO [default] training start
2018-08-16 22:40:02,139 INFO [default] global iter = 0, total local iter = 102401, diff = 2
2018-08-16 22:40:34,629 INFO [default] global iter = 86, total local iter = 2879204, diff = 160567
2018-08-16 22:40:34,629 INFO [default] training finished
2018-08-16 22:40:34,630 INFO [default] obj = -4.11769e+07
2018-08-16 22:40:34,648 INFO [default] rho = -49115.3
2018-08-16 22:40:34,649 INFO [default] #sv = 2783
2018-08-16 22:40:34,796 INFO [default] #total unique sv = 2783
2018-08-16 22:40:34,834 INFO [default] training finished
Training Total Time: 37.9035148621
2018-08-16 22:40:35,294 INFO [default] #instances = 99999, #features = 25
Predict Total Time: 0.507615089417
2018-08-16 22:40:35,802 INFO [default] #instances = 99999, #features = 25
acc test score is  0.5497954979549795
MES=  0.45020450204502044
Confusion matrix=  [[27654 24155]
 [20865 27325]]
Total Time: 715.243080854
54.40% (+/- 4.74%)
