2018-08-17 00:46:00,148 INFO [default] #instances = 899999, #features = 25
2018-08-17 00:46:00,260 INFO [default] #classes = 2
2018-08-17 00:46:00,838 INFO [default] working set size = 1024
2018-08-17 00:46:00,860 INFO [default] training start
2018-08-17 00:46:02,076 INFO [default] global iter = 0, total local iter = 102401, diff = 2
2018-08-17 00:46:31,130 INFO [default] global iter = 100, total local iter = 2414935, diff = 100305
2018-08-17 00:47:04,017 INFO [default] global iter = 197, total local iter = 5046513, diff = 288316
2018-08-17 00:47:04,017 INFO [default] training finished
2018-08-17 00:47:04,019 INFO [default] obj = -1.54874e+08
2018-08-17 00:47:04,047 INFO [default] rho = -130395
2018-08-17 00:47:04,048 INFO [default] #sv = 6416
2018-08-17 00:47:04,235 INFO [default] #total unique sv = 6416
2018-08-17 00:47:04,278 INFO [default] training finished
Training Total Time: 68.049394846
2018-08-17 00:47:04,767 INFO [default] #instances = 100001, #features = 25
Predict Total Time: 0.643946886063
2018-08-17 00:47:05,410 INFO [default] #instances = 100001, #features = 25
acc test score is  0.5605843941560584
MES=  0.43941560584394157
Confusion matrix=  [[26335 25475]
 [18467 29724]]
2018-08-17 00:47:09,482 INFO [default] #instances = 899999, #features = 25
2018-08-17 00:47:09,592 INFO [default] #classes = 2
2018-08-17 00:47:09,997 INFO [default] working set size = 1024
2018-08-17 00:47:10,019 INFO [default] training start
2018-08-17 00:47:11,046 INFO [default] global iter = 0, total local iter = 102401, diff = 2
2018-08-17 00:47:32,268 INFO [default] global iter = 100, total local iter = 1508333, diff = 183923
2018-08-17 00:47:46,314 INFO [default] global iter = 200, total local iter = 2084206, diff = 196417
2018-08-17 00:48:04,312 INFO [default] global iter = 253, total local iter = 3493099, diff = 230196
2018-08-17 00:48:04,312 INFO [default] training finished
2018-08-17 00:48:04,313 INFO [default] obj = -2.27831e+08
2018-08-17 00:48:04,334 INFO [default] rho = -124114
2018-08-17 00:48:04,335 INFO [default] #sv = 8475
2018-08-17 00:48:04,499 INFO [default] #total unique sv = 8475
2018-08-17 00:48:04,540 INFO [default] training finished
Training Total Time: 58.877461195
2018-08-17 00:48:05,121 INFO [default] #instances = 100001, #features = 25
Predict Total Time: 0.811735868454
2018-08-17 00:48:05,915 INFO [default] #instances = 100001, #features = 25
acc test score is  0.5291347086529135
MES=  0.47086529134708655
Confusion matrix=  [[26231 25579]
 [21508 26683]]
2018-08-17 00:48:10,183 INFO [default] #instances = 899999, #features = 25
2018-08-17 00:48:10,245 INFO [default] #classes = 2
2018-08-17 00:48:10,614 INFO [default] working set size = 1024
2018-08-17 00:48:10,635 INFO [default] training start
2018-08-17 00:48:11,671 INFO [default] global iter = 0, total local iter = 102401, diff = 2
2018-08-17 00:48:32,016 INFO [default] global iter = 48, total local iter = 1864082, diff = 122450
2018-08-17 00:48:32,016 INFO [default] training finished
2018-08-17 00:48:32,018 INFO [default] obj = -6.6745e+06
2018-08-17 00:48:32,038 INFO [default] rho = -98289.1
2018-08-17 00:48:32,039 INFO [default] #sv = 1288
2018-08-17 00:48:32,199 INFO [default] #total unique sv = 1288
2018-08-17 00:48:32,238 INFO [default] training finished
Training Total Time: 25.979006052
2018-08-17 00:48:32,721 INFO [default] #instances = 100001, #features = 25
Predict Total Time: 0.533360004425
2018-08-17 00:48:33,522 INFO [default] #instances = 100001, #features = 25
acc test score is  0.6827531724682753
MES=  0.3172468275317247
Confusion matrix=  [[30751 21059]
 [10666 37525]]
2018-08-17 00:48:38,681 INFO [default] #instances = 900000, #features = 25
2018-08-17 00:48:38,743 INFO [default] #classes = 2
2018-08-17 00:48:39,108 INFO [default] working set size = 1024
2018-08-17 00:48:39,130 INFO [default] training start
2018-08-17 00:48:40,152 INFO [default] global iter = 0, total local iter = 102401, diff = 2
2018-08-17 00:48:59,272 INFO [default] global iter = 100, total local iter = 1276438, diff = 303765
2018-08-17 00:49:11,648 INFO [default] global iter = 200, total local iter = 1683200, diff = 276837
2018-08-17 00:49:24,856 INFO [default] global iter = 300, total local iter = 2167864, diff = 917319
2018-08-17 00:49:37,611 INFO [default] global iter = 400, total local iter = 2596358, diff = 641646
2018-08-17 00:49:55,254 INFO [default] global iter = 500, total local iter = 3530257, diff = 197811
2018-08-17 00:50:06,126 INFO [default] global iter = 600, total local iter = 3737196, diff = 1.24609e+06
2018-08-17 00:50:18,928 INFO [default] global iter = 700, total local iter = 4143070, diff = 1.49399e+06
2018-08-17 00:50:29,101 INFO [default] global iter = 800, total local iter = 4248616, diff = 332342
2018-08-17 00:50:40,929 INFO [default] global iter = 900, total local iter = 4533682, diff = 436550
2018-08-17 00:50:52,802 INFO [default] global iter = 1000, total local iter = 4817207, diff = 999296
2018-08-17 00:50:52,808 INFO [default] global iter = 1000, total local iter = 4817207, diff = 999296
2018-08-17 00:50:52,808 INFO [default] training finished
2018-08-17 00:50:52,810 INFO [default] obj = -1.36218e+09
2018-08-17 00:50:52,828 INFO [default] rho = -521568
2018-08-17 00:50:52,829 INFO [default] #sv = 26113
2018-08-17 00:50:52,993 INFO [default] #total unique sv = 26113
2018-08-17 00:50:53,032 INFO [default] training finished
Training Total Time: 139.493964911
2018-08-17 00:50:53,607 INFO [default] #instances = 100000, #features = 25
Predict Total Time: 1.07741117477
2018-08-17 00:50:54,686 INFO [default] #instances = 100000, #features = 25
acc test score is  0.51336
MES=  0.48664
Confusion matrix=  [[26099 25711]
 [22953 25237]]
2018-08-17 00:50:59,148 INFO [default] #instances = 900000, #features = 25
2018-08-17 00:50:59,212 INFO [default] #classes = 2
2018-08-17 00:50:59,601 INFO [default] working set size = 1024
2018-08-17 00:50:59,623 INFO [default] training start
2018-08-17 00:51:00,667 INFO [default] global iter = 0, total local iter = 102401, diff = 2
2018-08-17 00:51:22,498 INFO [default] global iter = 100, total local iter = 1574080, diff = 155570
2018-08-17 00:51:50,474 INFO [default] global iter = 170, total local iter = 3895973, diff = 128799
2018-08-17 00:51:50,474 INFO [default] training finished
2018-08-17 00:51:50,476 INFO [default] obj = -1.01764e+08
2018-08-17 00:51:50,494 INFO [default] rho = -145532
2018-08-17 00:51:50,495 INFO [default] #sv = 5006
2018-08-17 00:51:50,657 INFO [default] #total unique sv = 5006
2018-08-17 00:51:50,696 INFO [default] training finished
Training Total Time: 55.2894089222
2018-08-17 00:51:51,164 INFO [default] #instances = 100000, #features = 25
Predict Total Time: 0.571945905685
2018-08-17 00:51:51,734 INFO [default] #instances = 100000, #features = 25
acc test score is  0.55255
MES=  0.44745
Confusion matrix=  [[27072 24738]
 [20007 28183]]
2018-08-17 00:51:55,680 INFO [default] #instances = 900000, #features = 25
2018-08-17 00:51:55,743 INFO [default] #classes = 2
2018-08-17 00:51:56,108 INFO [default] working set size = 1024
2018-08-17 00:51:56,131 INFO [default] training start
2018-08-17 00:51:57,167 INFO [default] global iter = 0, total local iter = 102401, diff = 2
2018-08-17 00:52:19,323 INFO [default] global iter = 100, total local iter = 1647852, diff = 330371
2018-08-17 00:52:45,968 INFO [default] global iter = 180, total local iter = 3755264, diff = 275988
2018-08-17 00:52:45,968 INFO [default] training finished
2018-08-17 00:52:45,969 INFO [default] obj = -1.31585e+08
2018-08-17 00:52:45,987 INFO [default] rho = -139895
2018-08-17 00:52:45,988 INFO [default] #sv = 6665
2018-08-17 00:52:46,149 INFO [default] #total unique sv = 6665
2018-08-17 00:52:46,187 INFO [default] training finished
Training Total Time: 54.2636358738
2018-08-17 00:52:46,662 INFO [default] #instances = 100000, #features = 25
Predict Total Time: 0.596548080444
2018-08-17 00:52:47,263 INFO [default] #instances = 100000, #features = 25
acc test score is  0.53924
MES=  0.46076
Confusion matrix=  [[26997 24813]
 [21263 26927]]
2018-08-17 00:52:51,238 INFO [default] #instances = 900000, #features = 25
2018-08-17 00:52:51,301 INFO [default] #classes = 2
2018-08-17 00:52:51,664 INFO [default] working set size = 1024
2018-08-17 00:52:51,688 INFO [default] training start
2018-08-17 00:52:52,732 INFO [default] global iter = 0, total local iter = 102401, diff = 2
2018-08-17 00:53:23,844 INFO [default] global iter = 100, total local iter = 2596173, diff = 280217
2018-08-17 00:53:28,043 INFO [default] global iter = 104, total local iter = 3005777, diff = 280217
2018-08-17 00:53:28,043 INFO [default] training finished
2018-08-17 00:53:28,044 INFO [default] obj = -4.4848e+07
2018-08-17 00:53:28,062 INFO [default] rho = -22376.6
2018-08-17 00:53:28,063 INFO [default] #sv = 3096
2018-08-17 00:53:28,222 INFO [default] #total unique sv = 3096
2018-08-17 00:53:28,261 INFO [default] training finished
Training Total Time: 40.7644989491
2018-08-17 00:53:28,718 INFO [default] #instances = 100000, #features = 25
Predict Total Time: 0.524831056595
2018-08-17 00:53:29,243 INFO [default] #instances = 100000, #features = 25
acc test score is  0.5206
MES=  0.4794
Confusion matrix=  [[26830 24980]
 [22960 25230]]
2018-08-17 00:53:33,191 INFO [default] #instances = 900001, #features = 25
2018-08-17 00:53:33,255 INFO [default] #classes = 2
2018-08-17 00:53:33,640 INFO [default] working set size = 1024
2018-08-17 00:53:33,663 INFO [default] training start
2018-08-17 00:53:34,687 INFO [default] global iter = 0, total local iter = 102401, diff = 2
2018-08-17 00:53:55,240 INFO [default] global iter = 31, total local iter = 2050106, diff = 190464
2018-08-17 00:53:55,240 INFO [default] training finished
2018-08-17 00:53:55,242 INFO [default] obj = -3.12455e+06
2018-08-17 00:53:55,260 INFO [default] rho = -39725
2018-08-17 00:53:55,261 INFO [default] #sv = 755
2018-08-17 00:53:55,419 INFO [default] #total unique sv = 755
2018-08-17 00:53:55,458 INFO [default] training finished
Training Total Time: 26.0413379669
2018-08-17 00:53:55,904 INFO [default] #instances = 99999, #features = 25
Predict Total Time: 0.463845968246
2018-08-17 00:53:56,367 INFO [default] #instances = 99999, #features = 25
acc test score is  0.7178971789717897
MES=  0.28210282102821027
Confusion matrix=  [[28225 23584]
 [ 4626 43564]]
2018-08-17 00:54:00,235 INFO [default] #instances = 900001, #features = 25
2018-08-17 00:54:00,297 INFO [default] #classes = 2
2018-08-17 00:54:00,681 INFO [default] working set size = 1024
2018-08-17 00:54:00,703 INFO [default] training start
2018-08-17 00:54:01,747 INFO [default] global iter = 0, total local iter = 102401, diff = 2
2018-08-17 00:54:15,950 INFO [default] global iter = 15, total local iter = 1484506, diff = 123704
2018-08-17 00:54:15,950 INFO [default] training finished
2018-08-17 00:54:15,952 INFO [default] obj = -76860.3
2018-08-17 00:54:15,970 INFO [default] rho = -22498.1
2018-08-17 00:54:15,971 INFO [default] #sv = 162
2018-08-17 00:54:16,129 INFO [default] #total unique sv = 162
2018-08-17 00:54:16,168 INFO [default] training finished
Training Total Time: 19.6901249886
2018-08-17 00:54:16,620 INFO [default] #instances = 99999, #features = 25
Predict Total Time: 0.465891122818
2018-08-17 00:54:17,083 INFO [default] #instances = 99999, #features = 25
acc test score is  0.6038860388603886
MES=  0.3961139611396114
Confusion matrix=  [[21828 29981]
 [ 9630 38560]]
2018-08-17 00:54:21,508 INFO [default] #instances = 900001, #features = 25
2018-08-17 00:54:21,571 INFO [default] #classes = 2
2018-08-17 00:54:21,954 INFO [default] working set size = 1024
2018-08-17 00:54:21,975 INFO [default] training start
2018-08-17 00:54:22,998 INFO [default] global iter = 0, total local iter = 102401, diff = 2
2018-08-17 00:54:49,296 INFO [default] global iter = 100, total local iter = 2107591, diff = 224125
2018-08-17 00:55:05,006 INFO [default] global iter = 200, total local iter = 2889441, diff = 500607
2018-08-17 00:55:19,480 INFO [default] global iter = 220, total local iter = 4245198, diff = 283840
2018-08-17 00:55:19,480 INFO [default] training finished
2018-08-17 00:55:19,482 INFO [default] obj = -1.31045e+08
2018-08-17 00:55:19,494 INFO [default] rho = -82844.2
2018-08-17 00:55:19,495 INFO [default] #sv = 5203
2018-08-17 00:55:19,655 INFO [default] #total unique sv = 5203
2018-08-17 00:55:19,694 INFO [default] training finished
Training Total Time: 62.5238959789
2018-08-17 00:55:20,171 INFO [default] #instances = 99999, #features = 25
Predict Total Time: 0.573541164398
2018-08-17 00:55:20,741 INFO [default] #instances = 99999, #features = 25
acc test score is  0.5383553835538355
MES=  0.46164461644616445
Confusion matrix=  [[26764 25045]
 [21119 27071]]
Total Time: 565.087148905
57.58% (+/- 6.71%)
