2018-08-17 02:51:37,603 INFO [default] #instances = 899999, #features = 25
2018-08-17 02:51:37,714 INFO [default] #classes = 2
2018-08-17 02:51:38,289 INFO [default] working set size = 1024
2018-08-17 02:51:38,311 INFO [default] training start
2018-08-17 02:51:39,535 INFO [default] global iter = 0, total local iter = 102401, diff = 2
2018-08-17 02:52:03,153 INFO [default] global iter = 32, total local iter = 2505050, diff = 2995.04
2018-08-17 02:52:03,153 INFO [default] training finished
2018-08-17 02:52:03,155 INFO [default] obj = -2204.65
2018-08-17 02:52:03,183 INFO [default] rho = -1438.62
2018-08-17 02:52:03,184 INFO [default] #sv = 125
2018-08-17 02:52:03,370 INFO [default] #total unique sv = 125
2018-08-17 02:52:03,411 INFO [default] training finished
Training Total Time: 29.7037439346
2018-08-17 02:52:03,875 INFO [default] #instances = 100001, #features = 25
Predict Total Time: 0.475890159607
2018-08-17 02:52:04,346 INFO [default] #instances = 100001, #features = 25
acc test score is  0.8577514224857752
MES=  0.14224857751422484
Confusion matrix=  [[40744 11066]
 [ 3159 45032]]
2018-08-17 02:52:08,257 INFO [default] #instances = 899999, #features = 25
2018-08-17 02:52:08,367 INFO [default] #classes = 2
2018-08-17 02:52:08,773 INFO [default] working set size = 1024
2018-08-17 02:52:08,795 INFO [default] training start
2018-08-17 02:52:09,837 INFO [default] global iter = 0, total local iter = 102401, diff = 2
2018-08-17 02:52:33,215 INFO [default] global iter = 100, total local iter = 1781296, diff = 274992
2018-08-17 02:52:47,548 INFO [default] global iter = 200, total local iter = 2390903, diff = 235537
2018-08-17 02:53:03,859 INFO [default] global iter = 300, total local iter = 3185843, diff = 402708
2018-08-17 02:53:14,827 INFO [default] global iter = 400, total local iter = 3406618, diff = 1.85665e+06
2018-08-17 02:53:27,554 INFO [default] global iter = 500, total local iter = 3807626, diff = 1.61542e+06
2018-08-17 02:53:40,843 INFO [default] global iter = 600, total local iter = 4256115, diff = 4.48888e+06
2018-08-17 02:53:52,045 INFO [default] global iter = 700, total local iter = 4474864, diff = 212390
2018-08-17 02:54:03,640 INFO [default] global iter = 800, total local iter = 4729503, diff = 2.43189e+06
2018-08-17 02:54:19,597 INFO [default] global iter = 900, total local iter = 5448803, diff = 144499
2018-08-17 02:54:31,720 INFO [default] global iter = 1000, total local iter = 5744491, diff = 391850
2018-08-17 02:54:31,725 INFO [default] global iter = 1000, total local iter = 5744491, diff = 391850
2018-08-17 02:54:31,725 INFO [default] training finished
2018-08-17 02:54:31,727 INFO [default] obj = -1.58359e+09
2018-08-17 02:54:31,753 INFO [default] rho = -472601
2018-08-17 02:54:31,754 INFO [default] #sv = 30167
2018-08-17 02:54:31,930 INFO [default] #total unique sv = 30167
2018-08-17 02:54:31,974 INFO [default] training finished
Training Total Time: 147.657361031
2018-08-17 02:54:32,572 INFO [default] #instances = 100001, #features = 25
Predict Total Time: 1.26101398468
2018-08-17 02:54:33,831 INFO [default] #instances = 100001, #features = 25
acc test score is  0.5128648713512864
MES=  0.4871351286487135
Confusion matrix=  [[26222 25588]
 [23126 25065]]
2018-08-17 02:54:38,500 INFO [default] #instances = 899999, #features = 25
2018-08-17 02:54:38,564 INFO [default] #classes = 2
2018-08-17 02:54:38,952 INFO [default] working set size = 1024
2018-08-17 02:54:38,975 INFO [default] training start
2018-08-17 02:54:40,011 INFO [default] global iter = 0, total local iter = 102401, diff = 2
2018-08-17 02:54:57,655 INFO [default] global iter = 25, total local iter = 1742889, diff = 1417.83
2018-08-17 02:54:57,655 INFO [default] training finished
2018-08-17 02:54:57,657 INFO [default] obj = -492.129
2018-08-17 02:54:57,677 INFO [default] rho = -870.88
2018-08-17 02:54:57,678 INFO [default] #sv = 120
2018-08-17 02:54:57,837 INFO [default] #total unique sv = 120
2018-08-17 02:54:57,876 INFO [default] training finished
Training Total Time: 23.119656086
2018-08-17 02:54:58,317 INFO [default] #instances = 100001, #features = 25
Predict Total Time: 0.468246936798
2018-08-17 02:54:58,786 INFO [default] #instances = 100001, #features = 25
acc test score is  0.8456615433845661
MES=  0.15433845661543386
Confusion matrix=  [[40014 11796]
 [ 3638 44553]]
2018-08-17 02:55:02,622 INFO [default] #instances = 900000, #features = 25
2018-08-17 02:55:02,685 INFO [default] #classes = 2
2018-08-17 02:55:03,049 INFO [default] working set size = 1024
2018-08-17 02:55:03,070 INFO [default] training start
2018-08-17 02:55:04,094 INFO [default] global iter = 0, total local iter = 102401, diff = 2
2018-08-17 02:55:26,182 INFO [default] global iter = 100, total local iter = 1622533, diff = 180257
2018-08-17 02:55:40,215 INFO [default] global iter = 200, total local iter = 2208340, diff = 376898
2018-08-17 02:55:55,126 INFO [default] global iter = 300, total local iter = 2867285, diff = 812986
2018-08-17 02:56:14,832 INFO [default] global iter = 362, total local iter = 4375628, diff = 1.66238e+06
2018-08-17 02:56:14,832 INFO [default] training finished
2018-08-17 02:56:14,834 INFO [default] obj = -3.29592e+08
2018-08-17 02:56:14,854 INFO [default] rho = -387327
2018-08-17 02:56:14,855 INFO [default] #sv = 10789
2018-08-17 02:56:15,017 INFO [default] #total unique sv = 10789
2018-08-17 02:56:15,056 INFO [default] training finished
Training Total Time: 76.2016000748
2018-08-17 02:56:15,550 INFO [default] #instances = 100000, #features = 25
Predict Total Time: 0.71537399292
2018-08-17 02:56:16,266 INFO [default] #instances = 100000, #features = 25
acc test score is  0.5642
MES=  0.4358
Confusion matrix=  [[27821 23989]
 [19591 28599]]
2018-08-17 02:56:20,356 INFO [default] #instances = 900000, #features = 25
2018-08-17 02:56:20,419 INFO [default] #classes = 2
2018-08-17 02:56:20,784 INFO [default] working set size = 1024
2018-08-17 02:56:20,806 INFO [default] training start
2018-08-17 02:56:21,844 INFO [default] global iter = 0, total local iter = 102401, diff = 2
2018-08-17 02:56:38,376 INFO [default] global iter = 24, total local iter = 1652343, diff = 1671.6
2018-08-17 02:56:38,376 INFO [default] training finished
2018-08-17 02:56:38,377 INFO [default] obj = -2207.8
2018-08-17 02:56:38,397 INFO [default] rho = 145.013
2018-08-17 02:56:38,398 INFO [default] #sv = 134
2018-08-17 02:56:38,558 INFO [default] #total unique sv = 134
2018-08-17 02:56:38,597 INFO [default] training finished
Training Total Time: 21.9679911137
2018-08-17 02:56:39,041 INFO [default] #instances = 100000, #features = 25
Predict Total Time: 0.468243837357
2018-08-17 02:56:39,509 INFO [default] #instances = 100000, #features = 25
acc test score is  0.4337
MES=  0.5663
Confusion matrix=  [[29608 22202]
 [34428 13762]]
2018-08-17 02:56:43,341 INFO [default] #instances = 900000, #features = 25
2018-08-17 02:56:43,404 INFO [default] #classes = 2
2018-08-17 02:56:43,772 INFO [default] working set size = 1024
2018-08-17 02:56:43,793 INFO [default] training start
2018-08-17 02:56:44,815 INFO [default] global iter = 0, total local iter = 102401, diff = 2
2018-08-17 02:57:05,890 INFO [default] global iter = 100, total local iter = 1495918, diff = 266341
2018-08-17 02:57:26,178 INFO [default] global iter = 170, total local iter = 3008071, diff = 513696
2018-08-17 02:57:26,178 INFO [default] training finished
2018-08-17 02:57:26,180 INFO [default] obj = -6.98737e+07
2018-08-17 02:57:26,194 INFO [default] rho = -355433
2018-08-17 02:57:26,195 INFO [default] #sv = 4432
2018-08-17 02:57:26,354 INFO [default] #total unique sv = 4432
2018-08-17 02:57:26,394 INFO [default] training finished
Training Total Time: 46.7864408493
2018-08-17 02:57:26,858 INFO [default] #instances = 100000, #features = 25
Predict Total Time: 0.544010877609
2018-08-17 02:57:27,402 INFO [default] #instances = 100000, #features = 25
acc test score is  0.63129
MES=  0.36871
Confusion matrix=  [[28267 23543]
 [13328 34862]]
2018-08-17 02:57:31,321 INFO [default] #instances = 900000, #features = 25
2018-08-17 02:57:31,384 INFO [default] #classes = 2
2018-08-17 02:57:31,746 INFO [default] working set size = 1024
2018-08-17 02:57:31,766 INFO [default] training start
2018-08-17 02:57:32,812 INFO [default] global iter = 0, total local iter = 102401, diff = 2
2018-08-17 02:57:55,310 INFO [default] global iter = 100, total local iter = 1679951, diff = 90445.4
2018-08-17 02:58:21,508 INFO [default] global iter = 200, total local iter = 3548000, diff = 200915
2018-08-17 02:58:23,622 INFO [default] global iter = 202, total local iter = 3752802, diff = 200915
2018-08-17 02:58:23,622 INFO [default] training finished
2018-08-17 02:58:23,624 INFO [default] obj = -1.52833e+08
2018-08-17 02:58:23,638 INFO [default] rho = -193087
2018-08-17 02:58:23,639 INFO [default] #sv = 6406
2018-08-17 02:58:23,799 INFO [default] #total unique sv = 6406
2018-08-17 02:58:23,838 INFO [default] training finished
Training Total Time: 56.2699799538
2018-08-17 02:58:24,315 INFO [default] #instances = 100000, #features = 25
Predict Total Time: 0.60672712326
2018-08-17 02:58:24,923 INFO [default] #instances = 100000, #features = 25
acc test score is  0.56375
MES=  0.43625
Confusion matrix=  [[26942 24868]
 [18757 29433]]
2018-08-17 02:58:28,891 INFO [default] #instances = 900001, #features = 25
2018-08-17 02:58:28,954 INFO [default] #classes = 2
2018-08-17 02:58:29,336 INFO [default] working set size = 1024
2018-08-17 02:58:29,358 INFO [default] training start
2018-08-17 02:58:30,394 INFO [default] global iter = 0, total local iter = 102401, diff = 2
2018-08-17 02:58:50,475 INFO [default] global iter = 100, total local iter = 1377092, diff = 135991
2018-08-17 02:59:02,771 INFO [default] global iter = 200, total local iter = 1770726, diff = 1.03006e+06
2018-08-17 02:59:15,581 INFO [default] global iter = 300, total local iter = 2183950, diff = 440020
2018-08-17 02:59:38,740 INFO [default] global iter = 356, total local iter = 4100862, diff = 226906
2018-08-17 02:59:38,740 INFO [default] training finished
2018-08-17 02:59:38,742 INFO [default] obj = -6.2217e+08
2018-08-17 02:59:38,756 INFO [default] rho = -290625
2018-08-17 02:59:38,757 INFO [default] #sv = 15228
2018-08-17 02:59:38,919 INFO [default] #total unique sv = 15228
2018-08-17 02:59:38,958 INFO [default] training finished
Training Total Time: 73.8563921452
2018-08-17 02:59:39,477 INFO [default] #instances = 99999, #features = 25
Predict Total Time: 0.804965019226
2018-08-17 02:59:40,287 INFO [default] #instances = 99999, #features = 25
acc test score is  0.5489454894548945
MES=  0.4510545105451054
Confusion matrix=  [[28391 23418]
 [21687 26503]]
2018-08-17 02:59:44,499 INFO [default] #instances = 900001, #features = 25
2018-08-17 02:59:44,562 INFO [default] #classes = 2
2018-08-17 02:59:44,944 INFO [default] working set size = 1024
2018-08-17 02:59:44,967 INFO [default] training start
2018-08-17 02:59:46,009 INFO [default] global iter = 0, total local iter = 102401, diff = 2
2018-08-17 03:00:14,902 INFO [default] global iter = 75, total local iter = 2575329, diff = 949440
2018-08-17 03:00:14,902 INFO [default] training finished
2018-08-17 03:00:14,904 INFO [default] obj = -1.51367e+07
2018-08-17 03:00:14,918 INFO [default] rho = -13801.3
2018-08-17 03:00:14,919 INFO [default] #sv = 1656
2018-08-17 03:00:15,077 INFO [default] #total unique sv = 1656
2018-08-17 03:00:15,116 INFO [default] training finished
Training Total Time: 34.3818058968
2018-08-17 03:00:15,570 INFO [default] #instances = 99999, #features = 25
Predict Total Time: 0.494187116623
2018-08-17 03:00:16,063 INFO [default] #instances = 99999, #features = 25
acc test score is  0.5110151101511015
MES=  0.4889848898488985
Confusion matrix=  [[30545 21264]
 [27634 20556]]
2018-08-17 03:00:19,933 INFO [default] #instances = 900001, #features = 25
2018-08-17 03:00:19,996 INFO [default] #classes = 2
2018-08-17 03:00:20,377 INFO [default] working set size = 1024
2018-08-17 03:00:20,398 INFO [default] training start
2018-08-17 03:00:21,422 INFO [default] global iter = 0, total local iter = 102401, diff = 2
2018-08-17 03:00:44,192 INFO [default] global iter = 100, total local iter = 1715698, diff = 177710
2018-08-17 03:00:58,455 INFO [default] global iter = 122, total local iter = 3034071, diff = 661997
2018-08-17 03:00:58,455 INFO [default] training finished
2018-08-17 03:00:58,457 INFO [default] obj = -1.2784e+08
2018-08-17 03:00:58,469 INFO [default] rho = -213007
2018-08-17 03:00:58,470 INFO [default] #sv = 5516
2018-08-17 03:00:58,632 INFO [default] #total unique sv = 5516
2018-08-17 03:00:58,671 INFO [default] training finished
Training Total Time: 42.4907460213
2018-08-17 03:00:59,153 INFO [default] #instances = 99999, #features = 25
Predict Total Time: 0.584504842758
2018-08-17 03:00:59,727 INFO [default] #instances = 99999, #features = 25
acc test score is  0.5628356283562835
MES=  0.4371643716437164
Confusion matrix=  [[25855 25954]
 [17762 30428]]
Total Time: 566.632854939
60.32% (+/- 13.32%)
