2018-08-17 07:14:19,553 INFO [default] #instances = 899999, #features = 25
2018-08-17 07:14:19,664 INFO [default] #classes = 2
2018-08-17 07:14:20,240 INFO [default] working set size = 1024
2018-08-17 07:14:20,262 INFO [default] training start
2018-08-17 07:14:21,487 INFO [default] global iter = 0, total local iter = 102401, diff = 2
2018-08-17 07:14:51,321 INFO [default] global iter = 53, total local iter = 2882245, diff = 53061.6
2018-08-17 07:14:51,321 INFO [default] training finished
2018-08-17 07:14:51,323 INFO [default] obj = -3.87066e+06
2018-08-17 07:14:51,351 INFO [default] rho = 3949.78
2018-08-17 07:14:51,352 INFO [default] #sv = 941
2018-08-17 07:14:51,540 INFO [default] #total unique sv = 941
2018-08-17 07:14:51,582 INFO [default] training finished
Training Total Time: 36.0983700752
2018-08-17 07:14:52,048 INFO [default] #instances = 100001, #features = 25
Predict Total Time: 0.49435710907
2018-08-17 07:14:52,543 INFO [default] #instances = 100001, #features = 25
acc test score is  0.44520554794452055
MES=  0.5547944520554794
Confusion matrix=  [[26521 25289]
 [30191 18000]]
2018-08-17 07:14:56,484 INFO [default] #instances = 899999, #features = 25
2018-08-17 07:14:56,593 INFO [default] #classes = 2
2018-08-17 07:14:56,999 INFO [default] working set size = 1024
2018-08-17 07:14:57,021 INFO [default] training start
2018-08-17 07:14:58,059 INFO [default] global iter = 0, total local iter = 102401, diff = 2
2018-08-17 07:15:17,349 INFO [default] global iter = 43, total local iter = 1802853, diff = 258919
2018-08-17 07:15:17,349 INFO [default] training finished
2018-08-17 07:15:17,351 INFO [default] obj = -1.70201e+06
2018-08-17 07:15:17,375 INFO [default] rho = 9370.82
2018-08-17 07:15:17,376 INFO [default] #sv = 572
2018-08-17 07:15:17,548 INFO [default] #total unique sv = 572
2018-08-17 07:15:17,588 INFO [default] training finished
Training Total Time: 24.9114129543
2018-08-17 07:15:18,042 INFO [default] #instances = 100001, #features = 25
Predict Total Time: 0.475100040436
2018-08-17 07:15:18,518 INFO [default] #instances = 100001, #features = 25
acc test score is  0.5127348726512735
MES=  0.4872651273487265
Confusion matrix=  [[21229 30581]
 [18146 30045]]
2018-08-17 07:15:22,382 INFO [default] #instances = 899999, #features = 25
2018-08-17 07:15:22,458 INFO [default] #classes = 2
2018-08-17 07:15:22,868 INFO [default] working set size = 1024
2018-08-17 07:15:22,890 INFO [default] training start
2018-08-17 07:15:23,915 INFO [default] global iter = 0, total local iter = 102401, diff = 2
2018-08-17 07:15:45,951 INFO [default] global iter = 100, total local iter = 1626151, diff = 531900
2018-08-17 07:16:01,860 INFO [default] global iter = 200, total local iter = 2394563, diff = 570553
2018-08-17 07:16:30,921 INFO [default] global iter = 293, total local iter = 4610162, diff = 332216
2018-08-17 07:16:30,921 INFO [default] training finished
2018-08-17 07:16:30,922 INFO [default] obj = -2.00346e+08
2018-08-17 07:16:30,947 INFO [default] rho = -148873
2018-08-17 07:16:30,948 INFO [default] #sv = 7760
2018-08-17 07:16:31,121 INFO [default] #total unique sv = 7760
2018-08-17 07:16:31,163 INFO [default] training finished
Training Total Time: 72.5546479225
2018-08-17 07:16:31,642 INFO [default] #instances = 100001, #features = 25
Predict Total Time: 0.638089895248
2018-08-17 07:16:32,283 INFO [default] #instances = 100001, #features = 25
acc test score is  0.5262447375526245
MES=  0.47375526244737554
Confusion matrix=  [[26615 25195]
 [22181 26010]]
2018-08-17 07:16:36,293 INFO [default] #instances = 900000, #features = 25
2018-08-17 07:16:36,356 INFO [default] #classes = 2
2018-08-17 07:16:36,713 INFO [default] working set size = 1024
2018-08-17 07:16:36,734 INFO [default] training start
2018-08-17 07:16:37,776 INFO [default] global iter = 0, total local iter = 102401, diff = 2
2018-08-17 07:17:04,559 INFO [default] global iter = 100, total local iter = 2129039, diff = 484267
2018-08-17 07:17:20,299 INFO [default] global iter = 115, total local iter = 3665054, diff = 137291
2018-08-17 07:17:20,299 INFO [default] training finished
2018-08-17 07:17:20,301 INFO [default] obj = -4.09061e+07
2018-08-17 07:17:20,319 INFO [default] rho = 1176.94
2018-08-17 07:17:20,320 INFO [default] #sv = 3172
2018-08-17 07:17:20,479 INFO [default] #total unique sv = 3172
2018-08-17 07:17:20,517 INFO [default] training finished
Training Total Time: 47.9535150528
2018-08-17 07:17:20,976 INFO [default] #instances = 100000, #features = 25
Predict Total Time: 0.519587993622
2018-08-17 07:17:21,497 INFO [default] #instances = 100000, #features = 25
acc test score is  0.50226
MES=  0.49774
Confusion matrix=  [[26343 25467]
 [24307 23883]]
2018-08-17 07:17:25,397 INFO [default] #instances = 900000, #features = 25
2018-08-17 07:17:25,460 INFO [default] #classes = 2
2018-08-17 07:17:25,849 INFO [default] working set size = 1024
2018-08-17 07:17:25,870 INFO [default] training start
2018-08-17 07:17:26,906 INFO [default] global iter = 0, total local iter = 102401, diff = 2
2018-08-17 07:17:48,178 INFO [default] global iter = 100, total local iter = 1560164, diff = 946364
2018-08-17 07:18:01,014 INFO [default] global iter = 200, total local iter = 2020645, diff = 1.335e+06
2018-08-17 07:18:24,153 INFO [default] global iter = 271, total local iter = 3828253, diff = 1.08755e+06
2018-08-17 07:18:24,153 INFO [default] training finished
2018-08-17 07:18:24,155 INFO [default] obj = -2.37672e+08
2018-08-17 07:18:24,173 INFO [default] rho = -116339
2018-08-17 07:18:24,174 INFO [default] #sv = 8020
2018-08-17 07:18:24,334 INFO [default] #total unique sv = 8020
2018-08-17 07:18:24,372 INFO [default] training finished
Training Total Time: 62.7461149693
2018-08-17 07:18:24,856 INFO [default] #instances = 100000, #features = 25
Predict Total Time: 0.709362030029
2018-08-17 07:18:25,570 INFO [default] #instances = 100000, #features = 25
acc test score is  0.52393
MES=  0.47607
Confusion matrix=  [[27134 24676]
 [22931 25259]]
2018-08-17 07:18:29,674 INFO [default] #instances = 900000, #features = 25
2018-08-17 07:18:29,736 INFO [default] #classes = 2
2018-08-17 07:18:30,123 INFO [default] working set size = 1024
2018-08-17 07:18:30,145 INFO [default] training start
2018-08-17 07:18:31,183 INFO [default] global iter = 0, total local iter = 102401, diff = 2
2018-08-17 07:18:59,134 INFO [default] global iter = 100, total local iter = 2295691, diff = 321665
2018-08-17 07:19:13,488 INFO [default] global iter = 200, total local iter = 2910275, diff = 168567
2018-08-17 07:19:31,992 INFO [default] global iter = 240, total local iter = 4509204, diff = 213553
2018-08-17 07:19:31,992 INFO [default] training finished
2018-08-17 07:19:31,994 INFO [default] obj = -2.57462e+08
2018-08-17 07:19:32,012 INFO [default] rho = -45405.8
2018-08-17 07:19:32,013 INFO [default] #sv = 9078
2018-08-17 07:19:32,177 INFO [default] #total unique sv = 9078
2018-08-17 07:19:32,217 INFO [default] training finished
Training Total Time: 66.3375189304
2018-08-17 07:19:32,706 INFO [default] #instances = 100000, #features = 25
Predict Total Time: 0.700040102005
2018-08-17 07:19:33,407 INFO [default] #instances = 100000, #features = 25
acc test score is  0.52609
MES=  0.47391
Confusion matrix=  [[27500 24310]
 [23081 25109]]
2018-08-17 07:19:37,500 INFO [default] #instances = 900000, #features = 25
2018-08-17 07:19:37,562 INFO [default] #classes = 2
2018-08-17 07:19:37,959 INFO [default] working set size = 1024
2018-08-17 07:19:37,980 INFO [default] training start
2018-08-17 07:19:39,023 INFO [default] global iter = 0, total local iter = 102401, diff = 2
2018-08-17 07:20:01,540 INFO [default] global iter = 100, total local iter = 1670824, diff = 158286
2018-08-17 07:20:23,756 INFO [default] global iter = 150, total local iter = 3583602, diff = 108330
2018-08-17 07:20:23,756 INFO [default] training finished
2018-08-17 07:20:23,758 INFO [default] obj = -6.66874e+07
2018-08-17 07:20:23,776 INFO [default] rho = -31794
2018-08-17 07:20:23,777 INFO [default] #sv = 4190
2018-08-17 07:20:23,936 INFO [default] #total unique sv = 4190
2018-08-17 07:20:23,974 INFO [default] training finished
Training Total Time: 50.2278881073
2018-08-17 07:20:24,439 INFO [default] #instances = 100000, #features = 25
Predict Total Time: 0.553955078125
2018-08-17 07:20:25,003 INFO [default] #instances = 100000, #features = 25
acc test score is  0.52459
MES=  0.47541
Confusion matrix=  [[26349 25461]
 [22080 26110]]
2018-08-17 07:20:28,916 INFO [default] #instances = 900001, #features = 25
2018-08-17 07:20:28,980 INFO [default] #classes = 2
2018-08-17 07:20:29,366 INFO [default] working set size = 1024
2018-08-17 07:20:29,390 INFO [default] training start
2018-08-17 07:20:30,427 INFO [default] global iter = 0, total local iter = 102401, diff = 2
2018-08-17 07:20:57,395 INFO [default] global iter = 61, total local iter = 2486997, diff = 146671
2018-08-17 07:20:57,395 INFO [default] training finished
2018-08-17 07:20:57,397 INFO [default] obj = -5.55574e+06
2018-08-17 07:20:57,414 INFO [default] rho = 1366.6
2018-08-17 07:20:57,415 INFO [default] #sv = 1084
2018-08-17 07:20:57,574 INFO [default] #total unique sv = 1084
2018-08-17 07:20:57,612 INFO [default] training finished
Training Total Time: 32.411534071
2018-08-17 07:20:58,064 INFO [default] #instances = 99999, #features = 25
Predict Total Time: 0.473271131516
2018-08-17 07:20:58,536 INFO [default] #instances = 99999, #features = 25
acc test score is  0.5133351333513335
MES=  0.4866648666486665
Confusion matrix=  [[26796 25013]
 [23653 24537]]
2018-08-17 07:21:02,398 INFO [default] #instances = 900001, #features = 25
2018-08-17 07:21:02,460 INFO [default] #classes = 2
2018-08-17 07:21:02,855 INFO [default] working set size = 1024
2018-08-17 07:21:02,877 INFO [default] training start
2018-08-17 07:21:03,901 INFO [default] global iter = 0, total local iter = 102401, diff = 2
2018-08-17 07:21:35,301 INFO [default] global iter = 58, total local iter = 3032243, diff = 72832.1
2018-08-17 07:21:35,301 INFO [default] training finished
2018-08-17 07:21:35,303 INFO [default] obj = -5.50672e+06
2018-08-17 07:21:35,320 INFO [default] rho = 5298.32
2018-08-17 07:21:35,321 INFO [default] #sv = 1050
2018-08-17 07:21:35,480 INFO [default] #total unique sv = 1050
2018-08-17 07:21:35,518 INFO [default] training finished
Training Total Time: 36.8653559685
2018-08-17 07:21:35,966 INFO [default] #instances = 99999, #features = 25
Predict Total Time: 0.477576971054
2018-08-17 07:21:36,446 INFO [default] #instances = 99999, #features = 25
acc test score is  0.4383143831438314
MES=  0.5616856168561686
Confusion matrix=  [[26513 25296]
 [30872 17318]]
2018-08-17 07:21:40,303 INFO [default] #instances = 900001, #features = 25
2018-08-17 07:21:40,366 INFO [default] #classes = 2
2018-08-17 07:21:40,761 INFO [default] working set size = 1024
2018-08-17 07:21:40,785 INFO [default] training start
2018-08-17 07:21:41,826 INFO [default] global iter = 0, total local iter = 102401, diff = 2
2018-08-17 07:22:00,088 INFO [default] global iter = 22, total local iter = 1849413, diff = 13175.6
2018-08-17 07:22:00,089 INFO [default] training finished
2018-08-17 07:22:00,090 INFO [default] obj = -68830.4
2018-08-17 07:22:00,108 INFO [default] rho = -7454.09
2018-08-17 07:22:00,109 INFO [default] #sv = 208
2018-08-17 07:22:00,268 INFO [default] #total unique sv = 208
2018-08-17 07:22:00,307 INFO [default] training finished
Training Total Time: 23.7346279621
2018-08-17 07:22:00,754 INFO [default] #instances = 99999, #features = 25
Predict Total Time: 0.450670957565
2018-08-17 07:22:01,205 INFO [default] #instances = 99999, #features = 25
acc test score is  0.8227082270822709
MES=  0.17729177291772918
Confusion matrix=  [[37890 13919]
 [ 3810 44380]]
Total Time: 466.214483023
53.35% (+/- 10.13%)
