2018-08-17 09:23:04,517 INFO [default] #instances = 899999, #features = 25
2018-08-17 09:23:04,628 INFO [default] #classes = 2
2018-08-17 09:23:05,198 INFO [default] working set size = 1024
2018-08-17 09:23:05,220 INFO [default] training start
2018-08-17 09:23:06,430 INFO [default] global iter = 0, total local iter = 102401, diff = 2
2018-08-17 09:23:36,363 INFO [default] global iter = 100, total local iter = 2521603, diff = 465141
2018-08-17 09:24:04,458 INFO [default] global iter = 200, total local iter = 4609921, diff = 126605
2018-08-17 09:24:17,063 INFO [default] global iter = 212, total local iter = 5838733, diff = 236875
2018-08-17 09:24:17,063 INFO [default] training finished
2018-08-17 09:24:17,064 INFO [default] obj = -1.27832e+08
2018-08-17 09:24:17,093 INFO [default] rho = -28660.3
2018-08-17 09:24:17,094 INFO [default] #sv = 5854
2018-08-17 09:24:17,279 INFO [default] #total unique sv = 5854
2018-08-17 09:24:17,321 INFO [default] training finished
Training Total Time: 76.7350108624
2018-08-17 09:24:17,806 INFO [default] #instances = 100001, #features = 25
Predict Total Time: 0.639592885971
2018-08-17 09:24:18,447 INFO [default] #instances = 100001, #features = 25
acc test score is  0.5130248697513025
MES=  0.4869751302486975
Confusion matrix=  [[26261 25549]
 [23149 25042]]
2018-08-17 09:24:22,531 INFO [default] #instances = 899999, #features = 25
2018-08-17 09:24:22,642 INFO [default] #classes = 2
2018-08-17 09:24:23,045 INFO [default] working set size = 1024
2018-08-17 09:24:23,066 INFO [default] training start
2018-08-17 09:24:24,110 INFO [default] global iter = 0, total local iter = 102401, diff = 2
2018-08-17 09:24:42,027 INFO [default] global iter = 19, total local iter = 1847516, diff = 11351
2018-08-17 09:24:42,027 INFO [default] training finished
2018-08-17 09:24:42,029 INFO [default] obj = -267487
2018-08-17 09:24:42,055 INFO [default] rho = -3168.11
2018-08-17 09:24:42,056 INFO [default] #sv = 374
2018-08-17 09:24:42,227 INFO [default] #total unique sv = 374
2018-08-17 09:24:42,268 INFO [default] training finished
Training Total Time: 23.5330119133
2018-08-17 09:24:42,715 INFO [default] #instances = 100001, #features = 25
Predict Total Time: 0.452921867371
2018-08-17 09:24:43,167 INFO [default] #instances = 100001, #features = 25
acc test score is  0.6559334406655933
MES=  0.34406655933440666
Confusion matrix=  [[29804 22006]
 [12401 35790]]
2018-08-17 09:24:47,001 INFO [default] #instances = 899999, #features = 25
2018-08-17 09:24:47,063 INFO [default] #classes = 2
2018-08-17 09:24:47,471 INFO [default] working set size = 1024
2018-08-17 09:24:47,491 INFO [default] training start
2018-08-17 09:24:48,516 INFO [default] global iter = 0, total local iter = 102401, diff = 2
2018-08-17 09:25:12,501 INFO [default] global iter = 100, total local iter = 1807205, diff = 149717
2018-08-17 09:25:26,046 INFO [default] global iter = 200, total local iter = 2331592, diff = 248226
2018-08-17 09:25:50,954 INFO [default] global iter = 292, total local iter = 4118411, diff = 228959
2018-08-17 09:25:50,954 INFO [default] training finished
2018-08-17 09:25:50,956 INFO [default] obj = -1.70059e+08
2018-08-17 09:25:50,976 INFO [default] rho = -109748
2018-08-17 09:25:50,977 INFO [default] #sv = 7104
2018-08-17 09:25:51,144 INFO [default] #total unique sv = 7104
2018-08-17 09:25:51,182 INFO [default] training finished
Training Total Time: 67.9426469803
2018-08-17 09:25:51,657 INFO [default] #instances = 100001, #features = 25
Predict Total Time: 0.668522834778
2018-08-17 09:25:52,325 INFO [default] #instances = 100001, #features = 25
acc test score is  0.5288747112528874
MES=  0.4711252887471125
Confusion matrix=  [[26199 25611]
 [21502 26689]]
2018-08-17 09:25:56,358 INFO [default] #instances = 900000, #features = 25
2018-08-17 09:25:56,420 INFO [default] #classes = 2
2018-08-17 09:25:56,785 INFO [default] working set size = 1024
2018-08-17 09:25:56,806 INFO [default] training start
2018-08-17 09:25:57,843 INFO [default] global iter = 0, total local iter = 102401, diff = 2
2018-08-17 09:26:21,815 INFO [default] global iter = 45, total local iter = 2292472, diff = 887598
2018-08-17 09:26:21,815 INFO [default] training finished
2018-08-17 09:26:21,817 INFO [default] obj = -7.58636e+06
2018-08-17 09:26:21,831 INFO [default] rho = 142090
2018-08-17 09:26:21,832 INFO [default] #sv = 1300
2018-08-17 09:26:21,988 INFO [default] #total unique sv = 1300
2018-08-17 09:26:22,027 INFO [default] training finished
Training Total Time: 29.3866560459
2018-08-17 09:26:22,477 INFO [default] #instances = 100000, #features = 25
Predict Total Time: 0.473591804504
2018-08-17 09:26:22,950 INFO [default] #instances = 100000, #features = 25
acc test score is  0.43221
MES=  0.56779
Confusion matrix=  [[27080 24730]
 [32049 16141]]
2018-08-17 09:26:26,792 INFO [default] #instances = 900000, #features = 25
2018-08-17 09:26:26,855 INFO [default] #classes = 2
2018-08-17 09:26:27,215 INFO [default] working set size = 1024
2018-08-17 09:26:27,236 INFO [default] training start
2018-08-17 09:26:28,259 INFO [default] global iter = 0, total local iter = 102401, diff = 2
2018-08-17 09:26:51,792 INFO [default] global iter = 100, total local iter = 1788095, diff = 349459
2018-08-17 09:27:05,956 INFO [default] global iter = 200, total local iter = 2385929, diff = 224832
2018-08-17 09:27:31,006 INFO [default] global iter = 300, total local iter = 4126982, diff = 378668
2018-08-17 09:27:37,296 INFO [default] global iter = 306, total local iter = 4741388, diff = 378668
2018-08-17 09:27:37,296 INFO [default] training finished
2018-08-17 09:27:37,298 INFO [default] obj = -1.82577e+08
2018-08-17 09:27:37,310 INFO [default] rho = -110577
2018-08-17 09:27:37,311 INFO [default] #sv = 7113
2018-08-17 09:27:37,468 INFO [default] #total unique sv = 7113
2018-08-17 09:27:37,506 INFO [default] training finished
Training Total Time: 74.4648399353
2018-08-17 09:27:37,981 INFO [default] #instances = 100000, #features = 25
Predict Total Time: 0.669082164764
2018-08-17 09:27:38,650 INFO [default] #instances = 100000, #features = 25
acc test score is  0.512
MES=  0.488
Confusion matrix=  [[26142 25668]
 [23132 25058]]
2018-08-17 09:27:42,687 INFO [default] #instances = 900000, #features = 25
2018-08-17 09:27:42,749 INFO [default] #classes = 2
2018-08-17 09:27:43,124 INFO [default] working set size = 1024
2018-08-17 09:27:43,144 INFO [default] training start
2018-08-17 09:27:44,183 INFO [default] global iter = 0, total local iter = 102401, diff = 2
2018-08-17 09:28:05,455 INFO [default] global iter = 34, total local iter = 2082020, diff = 21935.9
2018-08-17 09:28:05,455 INFO [default] training finished
2018-08-17 09:28:05,457 INFO [default] obj = -492401
2018-08-17 09:28:05,469 INFO [default] rho = 2589.53
2018-08-17 09:28:05,470 INFO [default] #sv = 435
2018-08-17 09:28:05,625 INFO [default] #total unique sv = 435
2018-08-17 09:28:05,663 INFO [default] training finished
Training Total Time: 26.6933100224
2018-08-17 09:28:06,106 INFO [default] #instances = 100000, #features = 25
Predict Total Time: 0.453433036804
2018-08-17 09:28:06,560 INFO [default] #instances = 100000, #features = 25
acc test score is  0.421
MES=  0.579
Confusion matrix=  [[28383 23427]
 [34473 13717]]
2018-08-17 09:28:10,416 INFO [default] #instances = 900000, #features = 25
2018-08-17 09:28:10,479 INFO [default] #classes = 2
2018-08-17 09:28:10,862 INFO [default] working set size = 1024
2018-08-17 09:28:10,884 INFO [default] training start
2018-08-17 09:28:11,908 INFO [default] global iter = 0, total local iter = 102401, diff = 2
2018-08-17 09:28:29,772 INFO [default] global iter = 19, total local iter = 1843329, diff = 81179.2
2018-08-17 09:28:29,772 INFO [default] training finished
2018-08-17 09:28:29,774 INFO [default] obj = -649339
2018-08-17 09:28:29,786 INFO [default] rho = 7132.26
2018-08-17 09:28:29,787 INFO [default] #sv = 451
2018-08-17 09:28:29,942 INFO [default] #total unique sv = 451
2018-08-17 09:28:29,980 INFO [default] training finished
Training Total Time: 23.3157558441
2018-08-17 09:28:30,425 INFO [default] #instances = 100000, #features = 25
Predict Total Time: 0.467552900314
2018-08-17 09:28:30,892 INFO [default] #instances = 100000, #features = 25
acc test score is  0.39353
MES=  0.60647
Confusion matrix=  [[27665 24145]
 [36502 11688]]
2018-08-17 09:28:34,722 INFO [default] #instances = 900001, #features = 25
2018-08-17 09:28:34,785 INFO [default] #classes = 2
2018-08-17 09:28:35,156 INFO [default] working set size = 1024
2018-08-17 09:28:35,178 INFO [default] training start
2018-08-17 09:28:36,222 INFO [default] global iter = 0, total local iter = 102401, diff = 2
2018-08-17 09:29:03,901 INFO [default] global iter = 82, total local iter = 2360573, diff = 240188
2018-08-17 09:29:03,901 INFO [default] training finished
2018-08-17 09:29:03,902 INFO [default] obj = -3.05862e+07
2018-08-17 09:29:03,914 INFO [default] rho = -11546.4
2018-08-17 09:29:03,915 INFO [default] #sv = 2663
2018-08-17 09:29:04,071 INFO [default] #total unique sv = 2663
2018-08-17 09:29:04,109 INFO [default] training finished
Training Total Time: 33.110902071
2018-08-17 09:29:04,567 INFO [default] #instances = 99999, #features = 25
Predict Total Time: 0.510134935379
2018-08-17 09:29:05,079 INFO [default] #instances = 99999, #features = 25
acc test score is  0.5339453394533945
MES=  0.4660546605466055
Confusion matrix=  [[27672 24137]
 [22468 25722]]
2018-08-17 09:29:08,959 INFO [default] #instances = 900001, #features = 25
2018-08-17 09:29:09,021 INFO [default] #classes = 2
2018-08-17 09:29:09,393 INFO [default] working set size = 1024
2018-08-17 09:29:09,414 INFO [default] training start
2018-08-17 09:29:10,437 INFO [default] global iter = 0, total local iter = 102401, diff = 2
2018-08-17 09:29:30,205 INFO [default] global iter = 100, total local iter = 1368066, diff = 185264
2018-08-17 09:29:43,171 INFO [default] global iter = 114, total local iter = 2614352, diff = 277450
2018-08-17 09:29:43,171 INFO [default] training finished
2018-08-17 09:29:43,173 INFO [default] obj = -4.49522e+07
2018-08-17 09:29:43,185 INFO [default] rho = 15566.1
2018-08-17 09:29:43,186 INFO [default] #sv = 3289
2018-08-17 09:29:43,342 INFO [default] #total unique sv = 3289
2018-08-17 09:29:43,380 INFO [default] training finished
Training Total Time: 38.1553270817
2018-08-17 09:29:43,842 INFO [default] #instances = 99999, #features = 25
Predict Total Time: 0.536478042603
2018-08-17 09:29:44,376 INFO [default] #instances = 99999, #features = 25
acc test score is  0.4942549425494255
MES=  0.5057450574505745
Confusion matrix=  [[26390 25419]
 [25155 23035]]
2018-08-17 09:29:48,279 INFO [default] #instances = 900001, #features = 25
2018-08-17 09:29:48,342 INFO [default] #classes = 2
2018-08-17 09:29:48,725 INFO [default] working set size = 1024
2018-08-17 09:29:48,745 INFO [default] training start
2018-08-17 09:29:49,785 INFO [default] global iter = 0, total local iter = 102401, diff = 2
2018-08-17 09:30:07,799 INFO [default] global iter = 29, total local iter = 1791049, diff = 12699.4
2018-08-17 09:30:07,799 INFO [default] training finished
2018-08-17 09:30:07,801 INFO [default] obj = -72383.3
2018-08-17 09:30:07,813 INFO [default] rho = -3735.23
2018-08-17 09:30:07,814 INFO [default] #sv = 207
2018-08-17 09:30:07,973 INFO [default] #total unique sv = 207
2018-08-17 09:30:08,011 INFO [default] training finished
Training Total Time: 23.4534790516
2018-08-17 09:30:08,454 INFO [default] #instances = 99999, #features = 25
Predict Total Time: 0.449993848801
2018-08-17 09:30:08,904 INFO [default] #instances = 99999, #features = 25
acc test score is  0.6704667046670467
MES=  0.32953329533295334
Confusion matrix=  [[30789 21020]
 [11933 36257]]
Total Time: 428.782416105
51.55% (+/- 8.69%)
