2018-08-17 13:31:09,744 INFO [default] #instances = 899999, #features = 25
2018-08-17 13:31:09,856 INFO [default] #classes = 2
2018-08-17 13:31:10,430 INFO [default] working set size = 1024
2018-08-17 13:31:10,452 INFO [default] training start
2018-08-17 13:31:11,669 INFO [default] global iter = 0, total local iter = 102401, diff = 2
2018-08-17 13:31:37,155 INFO [default] global iter = 40, total local iter = 2531431, diff = 203376
2018-08-17 13:31:37,155 INFO [default] training finished
2018-08-17 13:31:37,157 INFO [default] obj = -6.31694e+06
2018-08-17 13:31:37,185 INFO [default] rho = -12731.6
2018-08-17 13:31:37,186 INFO [default] #sv = 968
2018-08-17 13:31:37,373 INFO [default] #total unique sv = 968
2018-08-17 13:31:37,415 INFO [default] training finished
Training Total Time: 31.5777628422
2018-08-17 13:31:37,880 INFO [default] #instances = 100001, #features = 25
Predict Total Time: 0.492850780487
2018-08-17 13:31:38,372 INFO [default] #instances = 100001, #features = 25
acc test score is  0.5651543484565155
MES=  0.4348456515434846
Confusion matrix=  [[25279 26531]
 [16954 31237]]
2018-08-17 13:31:42,308 INFO [default] #instances = 899999, #features = 25
2018-08-17 13:31:42,422 INFO [default] #classes = 2
2018-08-17 13:31:42,828 INFO [default] working set size = 1024
2018-08-17 13:31:42,850 INFO [default] training start
2018-08-17 13:31:43,881 INFO [default] global iter = 0, total local iter = 102401, diff = 2
2018-08-17 13:32:08,039 INFO [default] global iter = 100, total local iter = 1847651, diff = 128665
2018-08-17 13:32:27,074 INFO [default] global iter = 144, total local iter = 3464152, diff = 324280
2018-08-17 13:32:27,074 INFO [default] training finished
2018-08-17 13:32:27,076 INFO [default] obj = -1.09295e+08
2018-08-17 13:32:27,096 INFO [default] rho = -100599
2018-08-17 13:32:27,097 INFO [default] #sv = 4927
2018-08-17 13:32:27,259 INFO [default] #total unique sv = 4927
2018-08-17 13:32:27,298 INFO [default] training finished
Training Total Time: 48.80803895
2018-08-17 13:32:27,770 INFO [default] #instances = 100001, #features = 25
Predict Total Time: 0.585484981537
2018-08-17 13:32:28,356 INFO [default] #instances = 100001, #features = 25
acc test score is  0.5417145828541715
MES=  0.45828541714582854
Confusion matrix=  [[25916 25894]
 [19935 28256]]
2018-08-17 13:32:32,315 INFO [default] #instances = 899999, #features = 25
2018-08-17 13:32:32,378 INFO [default] #classes = 2
2018-08-17 13:32:32,766 INFO [default] working set size = 1024
2018-08-17 13:32:32,788 INFO [default] training start
2018-08-17 13:32:33,833 INFO [default] global iter = 0, total local iter = 102401, diff = 2
2018-08-17 13:32:56,362 INFO [default] global iter = 100, total local iter = 1669934, diff = 243924
2018-08-17 13:33:15,664 INFO [default] global iter = 200, total local iter = 2815672, diff = 1.46702e+06
2018-08-17 13:33:43,455 INFO [default] global iter = 273, total local iter = 5095796, diff = 498134
2018-08-17 13:33:43,455 INFO [default] training finished
2018-08-17 13:33:43,456 INFO [default] obj = -2.93477e+08
2018-08-17 13:33:43,476 INFO [default] rho = -127248
2018-08-17 13:33:43,477 INFO [default] #sv = 8816
2018-08-17 13:33:43,644 INFO [default] #total unique sv = 8816
2018-08-17 13:33:43,684 INFO [default] training finished
Training Total Time: 75.1372289658
2018-08-17 13:33:44,179 INFO [default] #instances = 100001, #features = 25
Predict Total Time: 0.731467008591
2018-08-17 13:33:44,904 INFO [default] #instances = 100001, #features = 25
acc test score is  0.5170148298517014
MES=  0.4829851701482985
Confusion matrix=  [[26859 24951]
 [23348 24843]]
2018-08-17 13:33:49,051 INFO [default] #instances = 900000, #features = 25
2018-08-17 13:33:49,114 INFO [default] #classes = 2
2018-08-17 13:33:49,480 INFO [default] working set size = 1024
2018-08-17 13:33:49,502 INFO [default] training start
2018-08-17 13:33:50,540 INFO [default] global iter = 0, total local iter = 102401, diff = 2
2018-08-17 13:34:15,001 INFO [default] global iter = 100, total local iter = 1911261, diff = 958649
2018-08-17 13:34:29,896 INFO [default] global iter = 200, total local iter = 2589132, diff = 1.1354e+06
2018-08-17 13:34:40,920 INFO [default] global iter = 300, total local iter = 2832070, diff = 446942
2018-08-17 13:34:55,519 INFO [default] global iter = 400, total local iter = 3467650, diff = 373770
2018-08-17 13:35:12,510 INFO [default] global iter = 500, total local iter = 4329015, diff = 701198
2018-08-17 13:35:27,905 INFO [default] global iter = 600, total local iter = 5022000, diff = 4.5323e+06
2018-08-17 13:35:42,586 INFO [default] global iter = 700, total local iter = 5625652, diff = 2.39792e+06
2018-08-17 13:35:57,907 INFO [default] global iter = 800, total local iter = 6297451, diff = 2.81841e+06
2018-08-17 13:36:08,492 INFO [default] global iter = 900, total local iter = 6453546, diff = 1.26765e+06
2018-08-17 13:36:29,323 INFO [default] global iter = 1000, total local iter = 7684757, diff = 566859
2018-08-17 13:36:29,329 INFO [default] global iter = 1000, total local iter = 7684757, diff = 566859
2018-08-17 13:36:29,329 INFO [default] training finished
2018-08-17 13:36:29,330 INFO [default] obj = -2.10648e+09
2018-08-17 13:36:29,348 INFO [default] rho = -430550
2018-08-17 13:36:29,349 INFO [default] #sv = 28556
2018-08-17 13:36:29,514 INFO [default] #total unique sv = 28556
2018-08-17 13:36:29,553 INFO [default] training finished
Training Total Time: 164.411456108
2018-08-17 13:36:30,141 INFO [default] #instances = 100000, #features = 25
Predict Total Time: 1.22127795219
2018-08-17 13:36:31,362 INFO [default] #instances = 100000, #features = 25
acc test score is  0.50012
MES=  0.49988
Confusion matrix=  [[25141 26669]
 [23319 24871]]
2018-08-17 13:36:35,953 INFO [default] #instances = 900000, #features = 25
2018-08-17 13:36:36,016 INFO [default] #classes = 2
2018-08-17 13:36:36,409 INFO [default] working set size = 1024
2018-08-17 13:36:36,432 INFO [default] training start
2018-08-17 13:36:37,467 INFO [default] global iter = 0, total local iter = 102401, diff = 2
2018-08-17 13:36:58,420 INFO [default] global iter = 100, total local iter = 1513095, diff = 236539
2018-08-17 13:37:11,741 INFO [default] global iter = 200, total local iter = 2025732, diff = 4.39369e+06
2018-08-17 13:37:25,785 INFO [default] global iter = 300, total local iter = 2600502, diff = 654493
2018-08-17 13:37:36,844 INFO [default] global iter = 400, total local iter = 2839341, diff = 3.09424e+06
2018-08-17 13:37:47,441 INFO [default] global iter = 500, total local iter = 3019632, diff = 2.1608e+06
2018-08-17 13:38:01,764 INFO [default] global iter = 600, total local iter = 3583314, diff = 505596
2018-08-17 13:38:14,420 INFO [default] global iter = 700, total local iter = 3964820, diff = 1.76156e+06
2018-08-17 13:38:25,166 INFO [default] global iter = 800, total local iter = 4134320, diff = 433153
2018-08-17 13:38:41,408 INFO [default] global iter = 900, total local iter = 4887489, diff = 512704
2018-08-17 13:38:54,698 INFO [default] global iter = 1000, total local iter = 5324857, diff = 575636
2018-08-17 13:38:54,704 INFO [default] global iter = 1000, total local iter = 5324857, diff = 575636
2018-08-17 13:38:54,704 INFO [default] training finished
2018-08-17 13:38:54,705 INFO [default] obj = -2.08411e+09
2018-08-17 13:38:54,723 INFO [default] rho = -457766
2018-08-17 13:38:54,724 INFO [default] #sv = 29037
2018-08-17 13:38:54,893 INFO [default] #total unique sv = 29037
2018-08-17 13:38:54,932 INFO [default] training finished
Training Total Time: 142.845517874
2018-08-17 13:38:55,521 INFO [default] #instances = 100000, #features = 25
Predict Total Time: 1.25899410248
2018-08-17 13:38:56,780 INFO [default] #instances = 100000, #features = 25
acc test score is  0.49891
MES=  0.50109
Confusion matrix=  [[25171 26639]
 [23470 24720]]
2018-08-17 13:39:01,525 INFO [default] #instances = 900000, #features = 25
2018-08-17 13:39:01,588 INFO [default] #classes = 2
2018-08-17 13:39:01,954 INFO [default] working set size = 1024
2018-08-17 13:39:01,975 INFO [default] training start
2018-08-17 13:39:03,017 INFO [default] global iter = 0, total local iter = 102401, diff = 2
2018-08-17 13:39:32,497 INFO [default] global iter = 100, total local iter = 2417819, diff = 898329
2018-08-17 13:40:02,699 INFO [default] global iter = 200, total local iter = 4722492, diff = 361321
2018-08-17 13:40:02,704 INFO [default] global iter = 200, total local iter = 4722492, diff = 361321
2018-08-17 13:40:02,704 INFO [default] training finished
2018-08-17 13:40:02,706 INFO [default] obj = -2.1028e+08
2018-08-17 13:40:02,724 INFO [default] rho = -191613
2018-08-17 13:40:02,725 INFO [default] #sv = 7061
2018-08-17 13:40:02,885 INFO [default] #total unique sv = 7061
2018-08-17 13:40:02,924 INFO [default] training finished
Training Total Time: 65.2563891411
2018-08-17 13:40:03,399 INFO [default] #instances = 100000, #features = 25
Predict Total Time: 0.606890916824
2018-08-17 13:40:04,007 INFO [default] #instances = 100000, #features = 25
acc test score is  0.54494
MES=  0.45506
Confusion matrix=  [[27167 24643]
 [20863 27327]]
2018-08-17 13:40:07,993 INFO [default] #instances = 900000, #features = 25
2018-08-17 13:40:08,056 INFO [default] #classes = 2
2018-08-17 13:40:08,418 INFO [default] working set size = 1024
2018-08-17 13:40:08,441 INFO [default] training start
2018-08-17 13:40:09,487 INFO [default] global iter = 0, total local iter = 102401, diff = 2
2018-08-17 13:40:33,172 INFO [default] global iter = 100, total local iter = 1804952, diff = 296861
2018-08-17 13:40:47,102 INFO [default] global iter = 200, total local iter = 2386782, diff = 1.35131e+06
2018-08-17 13:41:01,341 INFO [default] global iter = 300, total local iter = 2971052, diff = 493207
2018-08-17 13:41:20,134 INFO [default] global iter = 335, total local iter = 4638215, diff = 277116
2018-08-17 13:41:20,134 INFO [default] training finished
2018-08-17 13:41:20,136 INFO [default] obj = -3.64289e+08
2018-08-17 13:41:20,153 INFO [default] rho = -233746
2018-08-17 13:41:20,154 INFO [default] #sv = 9479
2018-08-17 13:41:20,316 INFO [default] #total unique sv = 9479
2018-08-17 13:41:20,354 INFO [default] training finished
Training Total Time: 76.1346950531
2018-08-17 13:41:20,844 INFO [default] #instances = 100000, #features = 25
Predict Total Time: 0.751658916473
2018-08-17 13:41:21,595 INFO [default] #instances = 100000, #features = 25
acc test score is  0.53777
MES=  0.46223
Confusion matrix=  [[27258 24552]
 [21671 26519]]
2018-08-17 13:41:25,714 INFO [default] #instances = 900001, #features = 25
2018-08-17 13:41:25,777 INFO [default] #classes = 2
2018-08-17 13:41:26,159 INFO [default] working set size = 1024
2018-08-17 13:41:26,181 INFO [default] training start
2018-08-17 13:41:27,213 INFO [default] global iter = 0, total local iter = 102401, diff = 2
2018-08-17 13:41:53,961 INFO [default] global iter = 100, total local iter = 2105587, diff = 942375
2018-08-17 13:42:13,134 INFO [default] global iter = 200, total local iter = 3240584, diff = 2.47195e+06
2018-08-17 13:42:26,970 INFO [default] global iter = 300, total local iter = 3787476, diff = 821255
2018-08-17 13:42:38,657 INFO [default] global iter = 400, total local iter = 4084109, diff = 586757
2018-08-17 13:42:49,281 INFO [default] global iter = 500, total local iter = 4256809, diff = 2.9724e+06
2018-08-17 13:43:00,711 INFO [default] global iter = 600, total local iter = 4500457, diff = 1.43788e+06
2018-08-17 13:43:11,835 INFO [default] global iter = 700, total local iter = 4715723, diff = 2.65882e+06
2018-08-17 13:43:22,285 INFO [default] global iter = 800, total local iter = 4848952, diff = 354283
2018-08-17 13:43:33,465 INFO [default] global iter = 900, total local iter = 5061143, diff = 1.82069e+06
2018-08-17 13:43:44,312 INFO [default] global iter = 1000, total local iter = 5231762, diff = 486707
2018-08-17 13:43:44,317 INFO [default] global iter = 1000, total local iter = 5231762, diff = 486707
2018-08-17 13:43:44,317 INFO [default] training finished
2018-08-17 13:43:44,319 INFO [default] obj = -1.86258e+09
2018-08-17 13:43:44,337 INFO [default] rho = -893675
2018-08-17 13:43:44,338 INFO [default] #sv = 26369
2018-08-17 13:43:44,501 INFO [default] #total unique sv = 26369
2018-08-17 13:43:44,540 INFO [default] training finished
Training Total Time: 142.678138971
2018-08-17 13:43:45,118 INFO [default] #instances = 99999, #features = 25
Predict Total Time: 1.15816402435
2018-08-17 13:43:46,277 INFO [default] #instances = 99999, #features = 25
acc test score is  0.5032150321503215
MES=  0.4967849678496785
Confusion matrix=  [[24353 27456]
 [22222 25968]]
2018-08-17 13:43:50,810 INFO [default] #instances = 900001, #features = 25
2018-08-17 13:43:50,873 INFO [default] #classes = 2
2018-08-17 13:43:51,255 INFO [default] working set size = 1024
2018-08-17 13:43:51,278 INFO [default] training start
2018-08-17 13:43:52,327 INFO [default] global iter = 0, total local iter = 102401, diff = 2
2018-08-17 13:44:12,468 INFO [default] global iter = 30, total local iter = 2111798, diff = 42790.8
2018-08-17 13:44:12,468 INFO [default] training finished
2018-08-17 13:44:12,470 INFO [default] obj = -341053
2018-08-17 13:44:12,488 INFO [default] rho = -10816.4
2018-08-17 13:44:12,489 INFO [default] #sv = 309
2018-08-17 13:44:12,647 INFO [default] #total unique sv = 309
2018-08-17 13:44:12,687 INFO [default] training finished
Training Total Time: 25.6049749851
2018-08-17 13:44:13,136 INFO [default] #instances = 99999, #features = 25
Predict Total Time: 0.466954946518
2018-08-17 13:44:13,605 INFO [default] #instances = 99999, #features = 25
acc test score is  0.7512275122751227
MES=  0.24877248772487726
Confusion matrix=  [[32944 18865]
 [ 6012 42178]]
2018-08-17 13:44:17,456 INFO [default] #instances = 900001, #features = 25
2018-08-17 13:44:17,519 INFO [default] #classes = 2
2018-08-17 13:44:17,900 INFO [default] working set size = 1024
2018-08-17 13:44:17,921 INFO [default] training start
2018-08-17 13:44:18,944 INFO [default] global iter = 0, total local iter = 102401, diff = 2
2018-08-17 13:44:43,198 INFO [default] global iter = 100, total local iter = 1854695, diff = 408697
2018-08-17 13:44:56,765 INFO [default] global iter = 200, total local iter = 2389252, diff = 1.41372e+06
2018-08-17 13:45:12,047 INFO [default] global iter = 300, total local iter = 3097115, diff = 208878
2018-08-17 13:45:42,085 INFO [default] global iter = 400, total local iter = 5341229, diff = 477035
2018-08-17 13:45:43,144 INFO [default] global iter = 401, total local iter = 5443630, diff = 477037
2018-08-17 13:45:43,144 INFO [default] training finished
2018-08-17 13:45:43,146 INFO [default] obj = -6.48228e+08
2018-08-17 13:45:43,158 INFO [default] rho = -376951
2018-08-17 13:45:43,159 INFO [default] #sv = 13600
2018-08-17 13:45:43,320 INFO [default] #total unique sv = 13600
2018-08-17 13:45:43,359 INFO [default] training finished
Training Total Time: 89.7057218552
2018-08-17 13:45:43,871 INFO [default] #instances = 99999, #features = 25
Predict Total Time: 0.824387073517
2018-08-17 13:45:44,694 INFO [default] #instances = 99999, #features = 25
acc test score is  0.5096650966509665
MES=  0.4903349033490335
Confusion matrix=  [[25109 26700]
 [22333 25857]]
Total Time: 879.720502853
54.70% (+/- 7.13%)
