2018-08-17 07:33:52,582 INFO [default] #instances = 899999, #features = 25
2018-08-17 07:33:52,694 INFO [default] #classes = 2
2018-08-17 07:33:53,271 INFO [default] working set size = 1024
2018-08-17 07:33:53,293 INFO [default] training start
2018-08-17 07:33:54,518 INFO [default] global iter = 0, total local iter = 102401, diff = 2
2018-08-17 07:34:24,413 INFO [default] global iter = 100, total local iter = 2515668, diff = 506903
2018-08-17 07:34:39,799 INFO [default] global iter = 200, total local iter = 3247225, diff = 1.0075e+06
2018-08-17 07:34:54,699 INFO [default] global iter = 300, total local iter = 3904896, diff = 903178
2018-08-17 07:35:21,872 INFO [default] global iter = 389, total local iter = 5946722, diff = 1.23259e+06
2018-08-17 07:35:21,872 INFO [default] training finished
2018-08-17 07:35:21,874 INFO [default] obj = -5.85396e+08
2018-08-17 07:35:21,902 INFO [default] rho = -212261
2018-08-17 07:35:21,903 INFO [default] #sv = 10342
2018-08-17 07:35:22,093 INFO [default] #total unique sv = 10342
2018-08-17 07:35:22,135 INFO [default] training finished
Training Total Time: 93.5144360065
2018-08-17 07:35:22,644 INFO [default] #instances = 100001, #features = 25
Predict Total Time: 0.785454034805
2018-08-17 07:35:23,430 INFO [default] #instances = 100001, #features = 25
acc test score is  0.5189748102518975
MES=  0.48102518974810254
Confusion matrix=  [[26290 25520]
 [22583 25608]]
2018-08-17 07:35:27,673 INFO [default] #instances = 899999, #features = 25
2018-08-17 07:35:27,782 INFO [default] #classes = 2
2018-08-17 07:35:28,190 INFO [default] working set size = 1024
2018-08-17 07:35:28,212 INFO [default] training start
2018-08-17 07:35:29,252 INFO [default] global iter = 0, total local iter = 102401, diff = 2
2018-08-17 07:35:48,034 INFO [default] global iter = 100, total local iter = 1238202, diff = 1.54042e+06
2018-08-17 07:36:02,258 INFO [default] global iter = 200, total local iter = 1825980, diff = 2.53381e+06
2018-08-17 07:36:16,201 INFO [default] global iter = 300, total local iter = 2372028, diff = 511275
2018-08-17 07:36:35,920 INFO [default] global iter = 353, total local iter = 3959615, diff = 543943
2018-08-17 07:36:35,920 INFO [default] training finished
2018-08-17 07:36:35,922 INFO [default] obj = -6.81388e+08
2018-08-17 07:36:35,942 INFO [default] rho = -256607
2018-08-17 07:36:35,943 INFO [default] #sv = 12127
2018-08-17 07:36:36,103 INFO [default] #total unique sv = 12127
2018-08-17 07:36:36,142 INFO [default] training finished
Training Total Time: 72.3271479607
2018-08-17 07:36:36,645 INFO [default] #instances = 100001, #features = 25
Predict Total Time: 0.799184083939
2018-08-17 07:36:37,445 INFO [default] #instances = 100001, #features = 25
acc test score is  0.5194948050519494
MES=  0.4805051949480505
Confusion matrix=  [[26138 25672]
 [22379 25812]]
2018-08-17 07:36:41,622 INFO [default] #instances = 899999, #features = 25
2018-08-17 07:36:41,684 INFO [default] #classes = 2
2018-08-17 07:36:42,095 INFO [default] working set size = 1024
2018-08-17 07:36:42,117 INFO [default] training start
2018-08-17 07:36:43,155 INFO [default] global iter = 0, total local iter = 102401, diff = 2
2018-08-17 07:37:04,717 INFO [default] global iter = 61, total local iter = 1869118, diff = 141788
2018-08-17 07:37:04,717 INFO [default] training finished
2018-08-17 07:37:04,719 INFO [default] obj = -1.1758e+07
2018-08-17 07:37:04,739 INFO [default] rho = 25606
2018-08-17 07:37:04,740 INFO [default] #sv = 1279
2018-08-17 07:37:04,897 INFO [default] #total unique sv = 1279
2018-08-17 07:37:04,936 INFO [default] training finished
Training Total Time: 27.0426440239
2018-08-17 07:37:05,388 INFO [default] #instances = 100001, #features = 25
Predict Total Time: 0.495859146118
2018-08-17 07:37:05,884 INFO [default] #instances = 100001, #features = 25
acc test score is  0.43908560914390854
MES=  0.5609143908560914
Confusion matrix=  [[25642 26168]
 [29924 18267]]
2018-08-17 07:37:09,756 INFO [default] #instances = 900000, #features = 25
2018-08-17 07:37:09,820 INFO [default] #classes = 2
2018-08-17 07:37:10,190 INFO [default] working set size = 1024
2018-08-17 07:37:10,211 INFO [default] training start
2018-08-17 07:37:11,234 INFO [default] global iter = 0, total local iter = 102401, diff = 2
2018-08-17 07:37:31,688 INFO [default] global iter = 100, total local iter = 1424290, diff = 917723
2018-08-17 07:37:50,864 INFO [default] global iter = 200, total local iter = 2571085, diff = 886826
2018-08-17 07:38:05,207 INFO [default] global iter = 218, total local iter = 3935815, diff = 889923
2018-08-17 07:38:05,207 INFO [default] training finished
2018-08-17 07:38:05,209 INFO [default] obj = -1.89013e+08
2018-08-17 07:38:05,227 INFO [default] rho = -124026
2018-08-17 07:38:05,228 INFO [default] #sv = 5446
2018-08-17 07:38:05,385 INFO [default] #total unique sv = 5446
2018-08-17 07:38:05,424 INFO [default] training finished
Training Total Time: 59.4202239513
2018-08-17 07:38:05,893 INFO [default] #instances = 100000, #features = 25
Predict Total Time: 0.565811872482
2018-08-17 07:38:06,459 INFO [default] #instances = 100000, #features = 25
acc test score is  0.52977
MES=  0.47023
Confusion matrix=  [[26731 25079]
 [21944 26246]]
2018-08-17 07:38:10,402 INFO [default] #instances = 900000, #features = 25
2018-08-17 07:38:10,465 INFO [default] #classes = 2
2018-08-17 07:38:10,841 INFO [default] working set size = 1024
2018-08-17 07:38:10,863 INFO [default] training start
2018-08-17 07:38:11,902 INFO [default] global iter = 0, total local iter = 102401, diff = 2
2018-08-17 07:38:30,271 INFO [default] global iter = 100, total local iter = 1215616, diff = 191957
2018-08-17 07:38:45,804 INFO [default] global iter = 200, total local iter = 1972196, diff = 271023
2018-08-17 07:38:59,678 INFO [default] global iter = 300, total local iter = 2525685, diff = 675811
2018-08-17 07:39:13,794 INFO [default] global iter = 400, total local iter = 3108763, diff = 860739
2018-08-17 07:39:27,580 INFO [default] global iter = 500, total local iter = 3634508, diff = 4.19534e+06
2018-08-17 07:39:46,093 INFO [default] global iter = 550, total local iter = 5118617, diff = 1.0943e+06
2018-08-17 07:39:46,093 INFO [default] training finished
2018-08-17 07:39:46,095 INFO [default] obj = -8.39975e+08
2018-08-17 07:39:46,113 INFO [default] rho = -896295
2018-08-17 07:39:46,114 INFO [default] #sv = 13731
2018-08-17 07:39:46,271 INFO [default] #total unique sv = 13731
2018-08-17 07:39:46,310 INFO [default] training finished
Training Total Time: 99.6990869045
2018-08-17 07:39:46,820 INFO [default] #instances = 100000, #features = 25
Predict Total Time: 0.874377965927
2018-08-17 07:39:47,694 INFO [default] #instances = 100000, #features = 25
acc test score is  0.53016
MES=  0.46984
Confusion matrix=  [[26238 25572]
 [21412 26778]]
2018-08-17 07:39:51,942 INFO [default] #instances = 900000, #features = 25
2018-08-17 07:39:52,005 INFO [default] #classes = 2
2018-08-17 07:39:52,383 INFO [default] working set size = 1024
2018-08-17 07:39:52,405 INFO [default] training start
2018-08-17 07:39:53,447 INFO [default] global iter = 0, total local iter = 102401, diff = 2
2018-08-17 07:40:15,819 INFO [default] global iter = 100, total local iter = 1668845, diff = 630118
2018-08-17 07:40:32,817 INFO [default] global iter = 200, total local iter = 2587451, diff = 444270
2018-08-17 07:40:51,011 INFO [default] global iter = 300, total local iter = 3588042, diff = 2.09196e+06
2018-08-17 07:41:01,843 INFO [default] global iter = 400, total local iter = 3793236, diff = 495521
2018-08-17 07:41:13,128 INFO [default] global iter = 500, total local iter = 4041409, diff = 866997
2018-08-17 07:41:26,311 INFO [default] global iter = 600, total local iter = 4481399, diff = 417083
2018-08-17 07:41:41,022 INFO [default] global iter = 700, total local iter = 5082782, diff = 626267
2018-08-17 07:41:54,594 INFO [default] global iter = 800, total local iter = 5557523, diff = 3.53334e+06
2018-08-17 07:42:05,979 INFO [default] global iter = 900, total local iter = 5771402, diff = 779250
2018-08-17 07:42:19,161 INFO [default] global iter = 1000, total local iter = 6171056, diff = 280797
2018-08-17 07:42:19,167 INFO [default] global iter = 1000, total local iter = 6171056, diff = 280797
2018-08-17 07:42:19,167 INFO [default] training finished
2018-08-17 07:42:19,168 INFO [default] obj = -2.97932e+09
2018-08-17 07:42:19,186 INFO [default] rho = -1.00292e+06
2018-08-17 07:42:19,187 INFO [default] #sv = 35349
2018-08-17 07:42:19,350 INFO [default] #total unique sv = 35349
2018-08-17 07:42:19,388 INFO [default] training finished
Training Total Time: 151.344133854
2018-08-17 07:42:20,007 INFO [default] #instances = 100000, #features = 25
Predict Total Time: 1.38486099243
2018-08-17 07:42:21,393 INFO [default] #instances = 100000, #features = 25
acc test score is  0.51176
MES=  0.48824
Confusion matrix=  [[26115 25695]
 [23129 25061]]
2018-08-17 07:42:26,191 INFO [default] #instances = 900000, #features = 25
2018-08-17 07:42:26,253 INFO [default] #classes = 2
2018-08-17 07:42:26,626 INFO [default] working set size = 1024
2018-08-17 07:42:26,652 INFO [default] training start
2018-08-17 07:42:27,701 INFO [default] global iter = 0, total local iter = 102401, diff = 2
2018-08-17 07:42:51,013 INFO [default] global iter = 100, total local iter = 1737915, diff = 143385
2018-08-17 07:43:07,090 INFO [default] global iter = 118, total local iter = 3274828, diff = 123173
2018-08-17 07:43:07,091 INFO [default] training finished
2018-08-17 07:43:07,092 INFO [default] obj = -2.2685e+07
2018-08-17 07:43:07,113 INFO [default] rho = -23419.3
2018-08-17 07:43:07,114 INFO [default] #sv = 1729
2018-08-17 07:43:07,270 INFO [default] #total unique sv = 1729
2018-08-17 07:43:07,308 INFO [default] training finished
Training Total Time: 44.8775901794
2018-08-17 07:43:07,759 INFO [default] #instances = 100000, #features = 25
Predict Total Time: 0.496206045151
2018-08-17 07:43:08,254 INFO [default] #instances = 100000, #features = 25
acc test score is  0.552
MES=  0.448
Confusion matrix=  [[26928 24882]
 [19918 28272]]
2018-08-17 07:43:12,170 INFO [default] #instances = 900001, #features = 25
2018-08-17 07:43:12,232 INFO [default] #classes = 2
2018-08-17 07:43:12,561 INFO [default] working set size = 1024
2018-08-17 07:43:12,588 INFO [default] training start
2018-08-17 07:43:13,629 INFO [default] global iter = 0, total local iter = 102401, diff = 2
2018-08-17 07:43:46,799 INFO [default] global iter = 59, total local iter = 3176752, diff = 111669
2018-08-17 07:43:46,799 INFO [default] training finished
2018-08-17 07:43:46,801 INFO [default] obj = -1.49648e+07
2018-08-17 07:43:46,821 INFO [default] rho = -35721.3
2018-08-17 07:43:46,822 INFO [default] #sv = 1503
2018-08-17 07:43:46,972 INFO [default] #total unique sv = 1503
2018-08-17 07:43:47,010 INFO [default] training finished
Training Total Time: 38.6200141907
2018-08-17 07:43:47,466 INFO [default] #instances = 99999, #features = 25
Predict Total Time: 0.481437921524
2018-08-17 07:43:47,949 INFO [default] #instances = 99999, #features = 25
acc test score is  0.5774957749577496
MES=  0.42250422504225044
Confusion matrix=  [[27206 24603]
 [17647 30543]]
2018-08-17 07:43:51,858 INFO [default] #instances = 900001, #features = 25
2018-08-17 07:43:51,921 INFO [default] #classes = 2
2018-08-17 07:43:52,250 INFO [default] working set size = 1024
2018-08-17 07:43:52,277 INFO [default] training start
2018-08-17 07:43:53,299 INFO [default] global iter = 0, total local iter = 102401, diff = 2
2018-08-17 07:44:09,743 INFO [default] global iter = 23, total local iter = 1660149, diff = 20845
2018-08-17 07:44:09,743 INFO [default] training finished
2018-08-17 07:44:09,745 INFO [default] obj = -371768
2018-08-17 07:44:09,765 INFO [default] rho = 1662.8
2018-08-17 07:44:09,766 INFO [default] #sv = 323
2018-08-17 07:44:09,916 INFO [default] #total unique sv = 323
2018-08-17 07:44:09,954 INFO [default] training finished
Training Total Time: 21.8819169998
2018-08-17 07:44:10,404 INFO [default] #instances = 99999, #features = 25
Predict Total Time: 0.462415933609
2018-08-17 07:44:10,867 INFO [default] #instances = 99999, #features = 25
acc test score is  0.46645466454664547
MES=  0.5335453354533546
Confusion matrix=  [[25037 26772]
 [26582 21608]]
2018-08-17 07:44:14,732 INFO [default] #instances = 900001, #features = 25
2018-08-17 07:44:14,797 INFO [default] #classes = 2
2018-08-17 07:44:15,129 INFO [default] working set size = 1024
2018-08-17 07:44:15,153 INFO [default] training start
2018-08-17 07:44:16,182 INFO [default] global iter = 0, total local iter = 102401, diff = 2
2018-08-17 07:44:39,732 INFO [default] global iter = 100, total local iter = 1803804, diff = 1.22968e+06
2018-08-17 07:44:51,635 INFO [default] global iter = 200, total local iter = 2142920, diff = 373892
2018-08-17 07:45:21,220 INFO [default] global iter = 293, total local iter = 4413936, diff = 287470
2018-08-17 07:45:21,220 INFO [default] training finished
2018-08-17 07:45:21,222 INFO [default] obj = -3.15297e+08
2018-08-17 07:45:21,236 INFO [default] rho = -171056
2018-08-17 07:45:21,237 INFO [default] #sv = 7130
2018-08-17 07:45:21,388 INFO [default] #total unique sv = 7130
2018-08-17 07:45:21,427 INFO [default] training finished
Training Total Time: 70.4831731319
2018-08-17 07:45:21,908 INFO [default] #instances = 99999, #features = 25
Predict Total Time: 0.612345933914
2018-08-17 07:45:22,523 INFO [default] #instances = 99999, #features = 25
acc test score is  0.5274052740527405
MES=  0.4725947259472595
Confusion matrix=  [[26575 25234]
 [22025 26165]]
Total Time: 694.508068085
51.73% (+/- 3.74%)
