2018-08-17 13:46:12,391 INFO [default] #instances = 899999, #features = 25
2018-08-17 13:46:12,503 INFO [default] #classes = 2
2018-08-17 13:46:13,081 INFO [default] working set size = 1024
2018-08-17 13:46:13,103 INFO [default] training start
2018-08-17 13:46:14,322 INFO [default] global iter = 0, total local iter = 102401, diff = 2
2018-08-17 13:46:41,394 INFO [default] global iter = 100, total local iter = 2208042, diff = 2.91162e+06
2018-08-17 13:47:02,776 INFO [default] global iter = 200, total local iter = 3588081, diff = 1.86593e+06
2018-08-17 13:47:26,072 INFO [default] global iter = 277, total local iter = 5337464, diff = 705677
2018-08-17 13:47:26,072 INFO [default] training finished
2018-08-17 13:47:26,074 INFO [default] obj = -9.18857e+08
2018-08-17 13:47:26,102 INFO [default] rho = -280252
2018-08-17 13:47:26,103 INFO [default] #sv = 13681
2018-08-17 13:47:26,294 INFO [default] #total unique sv = 13681
2018-08-17 13:47:26,337 INFO [default] training finished
Training Total Time: 77.903660059
2018-08-17 13:47:26,864 INFO [default] #instances = 100001, #features = 25
Predict Total Time: 0.89265704155
2018-08-17 13:47:27,757 INFO [default] #instances = 100001, #features = 25
acc test score is  0.5182048179518205
MES=  0.4817951820481795
Confusion matrix=  [[26651 25159]
 [23021 25170]]
2018-08-17 13:47:32,112 INFO [default] #instances = 899999, #features = 25
2018-08-17 13:47:32,222 INFO [default] #classes = 2
2018-08-17 13:47:32,629 INFO [default] working set size = 1024
2018-08-17 13:47:32,651 INFO [default] training start
2018-08-17 13:47:33,697 INFO [default] global iter = 0, total local iter = 102401, diff = 2
2018-08-17 13:47:56,882 INFO [default] global iter = 35, total local iter = 2280578, diff = 375774
2018-08-17 13:47:56,882 INFO [default] training finished
2018-08-17 13:47:56,883 INFO [default] obj = -527897
2018-08-17 13:47:56,910 INFO [default] rho = -115804
2018-08-17 13:47:56,911 INFO [default] #sv = 349
2018-08-17 13:47:57,083 INFO [default] #total unique sv = 349
2018-08-17 13:47:57,124 INFO [default] training finished
Training Total Time: 28.8307659626
2018-08-17 13:47:57,575 INFO [default] #instances = 100001, #features = 25
Predict Total Time: 0.471396923065
2018-08-17 13:47:58,046 INFO [default] #instances = 100001, #features = 25
acc test score is  0.6508434915650844
MES=  0.34915650843491564
Confusion matrix=  [[22663 29147]
 [ 5769 42422]]
2018-08-17 13:48:01,894 INFO [default] #instances = 899999, #features = 25
2018-08-17 13:48:01,958 INFO [default] #classes = 2
2018-08-17 13:48:02,341 INFO [default] working set size = 1024
2018-08-17 13:48:02,361 INFO [default] training start
2018-08-17 13:48:03,385 INFO [default] global iter = 0, total local iter = 102401, diff = 2
2018-08-17 13:48:21,178 INFO [default] global iter = 28, total local iter = 1771334, diff = 38462.3
2018-08-17 13:48:21,178 INFO [default] training finished
2018-08-17 13:48:21,180 INFO [default] obj = -390004
2018-08-17 13:48:21,199 INFO [default] rho = -172.961
2018-08-17 13:48:21,200 INFO [default] #sv = 347
2018-08-17 13:48:21,374 INFO [default] #total unique sv = 347
2018-08-17 13:48:21,415 INFO [default] training finished
Training Total Time: 23.2519330978
2018-08-17 13:48:21,862 INFO [default] #instances = 100001, #features = 25
Predict Total Time: 0.479594945908
2018-08-17 13:48:22,341 INFO [default] #instances = 100001, #features = 25
acc test score is  0.5584044159558404
MES=  0.44159558404415955
Confusion matrix=  [[25421 26389]
 [17771 30420]]
2018-08-17 13:48:26,371 INFO [default] #instances = 900000, #features = 25
2018-08-17 13:48:26,435 INFO [default] #classes = 2
2018-08-17 13:48:26,801 INFO [default] working set size = 1024
2018-08-17 13:48:26,821 INFO [default] training start
2018-08-17 13:48:27,861 INFO [default] global iter = 0, total local iter = 102401, diff = 2
2018-08-17 13:48:46,477 INFO [default] global iter = 100, total local iter = 1235452, diff = 164857
2018-08-17 13:49:04,030 INFO [default] global iter = 124, total local iter = 2883898, diff = 265695
2018-08-17 13:49:04,030 INFO [default] training finished
2018-08-17 13:49:04,032 INFO [default] obj = -6.02092e+07
2018-08-17 13:49:04,052 INFO [default] rho = -45596.5
2018-08-17 13:49:04,053 INFO [default] #sv = 2730
2018-08-17 13:49:04,224 INFO [default] #total unique sv = 2730
2018-08-17 13:49:04,265 INFO [default] training finished
Training Total Time: 41.7981350422
2018-08-17 13:49:04,723 INFO [default] #instances = 100000, #features = 25
Predict Total Time: 0.514045953751
2018-08-17 13:49:05,243 INFO [default] #instances = 100000, #features = 25
acc test score is  0.52514
MES=  0.47486
Confusion matrix=  [[26618 25192]
 [22294 25896]]
2018-08-17 13:49:09,115 INFO [default] #instances = 900000, #features = 25
2018-08-17 13:49:09,178 INFO [default] #classes = 2
2018-08-17 13:49:09,543 INFO [default] working set size = 1024
2018-08-17 13:49:09,564 INFO [default] training start
2018-08-17 13:49:10,588 INFO [default] global iter = 0, total local iter = 102401, diff = 2
2018-08-17 13:49:28,854 INFO [default] global iter = 28, total local iter = 1820291, diff = 74871.2
2018-08-17 13:49:28,854 INFO [default] training finished
2018-08-17 13:49:28,856 INFO [default] obj = -1.32744e+06
2018-08-17 13:49:28,870 INFO [default] rho = -2195.7
2018-08-17 13:49:28,871 INFO [default] #sv = 479
2018-08-17 13:49:29,029 INFO [default] #total unique sv = 479
2018-08-17 13:49:29,068 INFO [default] training finished
Training Total Time: 23.6666200161
2018-08-17 13:49:29,514 INFO [default] #instances = 100000, #features = 25
Predict Total Time: 0.468846082687
2018-08-17 13:49:29,984 INFO [default] #instances = 100000, #features = 25
acc test score is  0.53319
MES=  0.46681
Confusion matrix=  [[28132 23678]
 [23003 25187]]
2018-08-17 13:49:33,851 INFO [default] #instances = 900000, #features = 25
2018-08-17 13:49:33,914 INFO [default] #classes = 2
2018-08-17 13:49:34,277 INFO [default] working set size = 1024
2018-08-17 13:49:34,298 INFO [default] training start
2018-08-17 13:49:35,342 INFO [default] global iter = 0, total local iter = 102401, diff = 2
2018-08-17 13:49:59,614 INFO [default] global iter = 100, total local iter = 1867289, diff = 220538
2018-08-17 13:50:25,543 INFO [default] global iter = 200, total local iter = 3715639, diff = 386306
2018-08-17 13:50:29,750 INFO [default] global iter = 204, total local iter = 4125243, diff = 386306
2018-08-17 13:50:29,750 INFO [default] training finished
2018-08-17 13:50:29,752 INFO [default] obj = -1.18833e+08
2018-08-17 13:50:29,766 INFO [default] rho = -45252.9
2018-08-17 13:50:29,767 INFO [default] #sv = 3991
2018-08-17 13:50:29,926 INFO [default] #total unique sv = 3991
2018-08-17 13:50:29,965 INFO [default] training finished
Training Total Time: 59.8809950352
2018-08-17 13:50:30,429 INFO [default] #instances = 100000, #features = 25
Predict Total Time: 0.537312984467
2018-08-17 13:50:30,968 INFO [default] #instances = 100000, #features = 25
acc test score is  0.53231
MES=  0.46769
Confusion matrix=  [[27212 24598]
 [22171 26019]]
2018-08-17 13:50:34,901 INFO [default] #instances = 900000, #features = 25
2018-08-17 13:50:34,964 INFO [default] #classes = 2
2018-08-17 13:50:35,325 INFO [default] working set size = 1024
2018-08-17 13:50:35,345 INFO [default] training start
2018-08-17 13:50:36,384 INFO [default] global iter = 0, total local iter = 102401, diff = 2
2018-08-17 13:50:57,105 INFO [default] global iter = 100, total local iter = 1485586, diff = 1.32383e+06
2018-08-17 13:51:10,763 INFO [default] global iter = 200, total local iter = 2030738, diff = 404973
2018-08-17 13:51:23,060 INFO [default] global iter = 300, total local iter = 2422826, diff = 3.06563e+06
2018-08-17 13:51:34,816 INFO [default] global iter = 400, total local iter = 2736423, diff = 884212
2018-08-17 13:51:45,348 INFO [default] global iter = 500, total local iter = 2908795, diff = 395843
2018-08-17 13:51:56,851 INFO [default] global iter = 600, total local iter = 3181988, diff = 1.57374e+06
2018-08-17 13:52:08,997 INFO [default] global iter = 700, total local iter = 3517955, diff = 2.49847e+06
2018-08-17 13:52:24,082 INFO [default] global iter = 800, total local iter = 4152155, diff = 508355
2018-08-17 13:52:34,994 INFO [default] global iter = 900, total local iter = 4327558, diff = 408521
2018-08-17 13:52:47,252 INFO [default] global iter = 1000, total local iter = 4646771, diff = 1.11362e+06
2018-08-17 13:52:47,258 INFO [default] global iter = 1000, total local iter = 4646771, diff = 1.11362e+06
2018-08-17 13:52:47,258 INFO [default] training finished
2018-08-17 13:52:47,260 INFO [default] obj = -2.59801e+09
2018-08-17 13:52:47,274 INFO [default] rho = -531506
2018-08-17 13:52:47,275 INFO [default] #sv = 29495
2018-08-17 13:52:47,436 INFO [default] #total unique sv = 29495
2018-08-17 13:52:47,475 INFO [default] training finished
Training Total Time: 136.468957186
2018-08-17 13:52:48,063 INFO [default] #instances = 100000, #features = 25
Predict Total Time: 1.26059389114
2018-08-17 13:52:49,334 INFO [default] #instances = 100000, #features = 25
acc test score is  0.50669
MES=  0.49331
Confusion matrix=  [[26115 25695]
 [23636 24554]]
2018-08-17 13:52:54,009 INFO [default] #instances = 900001, #features = 25
2018-08-17 13:52:54,072 INFO [default] #classes = 2
2018-08-17 13:52:54,393 INFO [default] working set size = 1024
2018-08-17 13:52:54,414 INFO [default] training start
2018-08-17 13:52:55,455 INFO [default] global iter = 0, total local iter = 102401, diff = 2
2018-08-17 13:53:16,550 INFO [default] global iter = 100, total local iter = 1520704, diff = 502832
2018-08-17 13:53:46,548 INFO [default] global iter = 193, total local iter = 3859072, diff = 563129
2018-08-17 13:53:46,548 INFO [default] training finished
2018-08-17 13:53:46,550 INFO [default] obj = -1.81507e+08
2018-08-17 13:53:46,564 INFO [default] rho = -33861.8
2018-08-17 13:53:46,565 INFO [default] #sv = 4831
2018-08-17 13:53:46,715 INFO [default] #total unique sv = 4831
2018-08-17 13:53:46,754 INFO [default] training finished
Training Total Time: 56.5158820152
2018-08-17 13:53:47,223 INFO [default] #instances = 99999, #features = 25
Predict Total Time: 0.5539290905
2018-08-17 13:53:47,777 INFO [default] #instances = 99999, #features = 25
acc test score is  0.5086250862508626
MES=  0.4913749137491375
Confusion matrix=  [[25750 26059]
 [23078 25112]]
2018-08-17 13:53:51,736 INFO [default] #instances = 900001, #features = 25
2018-08-17 13:53:51,800 INFO [default] #classes = 2
2018-08-17 13:53:52,118 INFO [default] working set size = 1024
2018-08-17 13:53:52,140 INFO [default] training start
2018-08-17 13:53:53,186 INFO [default] global iter = 0, total local iter = 102401, diff = 2
2018-08-17 13:54:14,965 INFO [default] global iter = 100, total local iter = 1590692, diff = 605720
2018-08-17 13:54:37,120 INFO [default] global iter = 163, total local iter = 3385975, diff = 1.32279e+06
2018-08-17 13:54:37,120 INFO [default] training finished
2018-08-17 13:54:37,121 INFO [default] obj = -1.2608e+08
2018-08-17 13:54:37,135 INFO [default] rho = -161897
2018-08-17 13:54:37,136 INFO [default] #sv = 4289
2018-08-17 13:54:37,286 INFO [default] #total unique sv = 4289
2018-08-17 13:54:37,324 INFO [default] training finished
Training Total Time: 49.3663051128
2018-08-17 13:54:37,791 INFO [default] #instances = 99999, #features = 25
Predict Total Time: 0.552305936813
2018-08-17 13:54:38,345 INFO [default] #instances = 99999, #features = 25
acc test score is  0.5581655816558165
MES=  0.44183441834418347
Confusion matrix=  [[27213 24596]
 [19587 28603]]
2018-08-17 13:54:42,333 INFO [default] #instances = 900001, #features = 25
2018-08-17 13:54:42,398 INFO [default] #classes = 2
2018-08-17 13:54:42,716 INFO [default] working set size = 1024
2018-08-17 13:54:42,738 INFO [default] training start
2018-08-17 13:54:43,785 INFO [default] global iter = 0, total local iter = 102401, diff = 2
2018-08-17 13:55:04,001 INFO [default] global iter = 100, total local iter = 1418428, diff = 256794
2018-08-17 13:55:18,067 INFO [default] global iter = 200, total local iter = 2007524, diff = 1.33854e+06
2018-08-17 13:55:30,139 INFO [default] global iter = 300, total local iter = 2356409, diff = 1.84805e+06
2018-08-17 13:55:50,463 INFO [default] global iter = 400, total local iter = 3553599, diff = 4.93016e+06
2018-08-17 13:56:04,768 INFO [default] global iter = 500, total local iter = 4103911, diff = 3.56798e+06
2018-08-17 13:56:20,308 INFO [default] global iter = 600, total local iter = 4781445, diff = 457139
2018-08-17 13:56:42,562 INFO [default] global iter = 662, total local iter = 6529263, diff = 739878
2018-08-17 13:56:42,562 INFO [default] training finished
2018-08-17 13:56:42,564 INFO [default] obj = -2.50634e+09
2018-08-17 13:56:42,578 INFO [default] rho = -675350
2018-08-17 13:56:42,579 INFO [default] #sv = 28691
2018-08-17 13:56:42,733 INFO [default] #total unique sv = 28691
2018-08-17 13:56:42,772 INFO [default] training finished
Training Total Time: 124.374130011
2018-08-17 13:56:43,366 INFO [default] #instances = 99999, #features = 25
Predict Total Time: 1.1358320713
2018-08-17 13:56:44,502 INFO [default] #instances = 99999, #features = 25
acc test score is  0.5122951229512295
MES=  0.48770487704877047
Confusion matrix=  [[26383 25426]
 [23344 24846]]
Total Time: 637.183481932
54.04% (+/- 4.08%)
