2018-08-17 01:22:58,393 INFO [default] #instances = 899999, #features = 25
2018-08-17 01:22:58,505 INFO [default] #classes = 2
2018-08-17 01:22:59,081 INFO [default] working set size = 1024
2018-08-17 01:22:59,103 INFO [default] training start
2018-08-17 01:23:00,325 INFO [default] global iter = 0, total local iter = 102401, diff = 2
2018-08-17 01:23:30,336 INFO [default] global iter = 100, total local iter = 2553315, diff = 759237
2018-08-17 01:23:53,480 INFO [default] global iter = 158, total local iter = 4484668, diff = 393116
2018-08-17 01:23:53,480 INFO [default] training finished
2018-08-17 01:23:53,482 INFO [default] obj = -2.66695e+08
2018-08-17 01:23:53,510 INFO [default] rho = -100071
2018-08-17 01:23:53,511 INFO [default] #sv = 5814
2018-08-17 01:23:53,700 INFO [default] #total unique sv = 5814
2018-08-17 01:23:53,743 INFO [default] training finished
Training Total Time: 59.2566969395
2018-08-17 01:23:54,227 INFO [default] #instances = 100001, #features = 25
Predict Total Time: 0.631091117859
2018-08-17 01:23:54,861 INFO [default] #instances = 100001, #features = 25
acc test score is  0.5181148188518114
MES=  0.4818851811481885
Confusion matrix=  [[26170 25640]
 [22549 25642]]
2018-08-17 01:23:58,928 INFO [default] #instances = 899999, #features = 25
2018-08-17 01:23:59,037 INFO [default] #classes = 2
2018-08-17 01:23:59,444 INFO [default] working set size = 1024
2018-08-17 01:23:59,466 INFO [default] training start
2018-08-17 01:24:00,510 INFO [default] global iter = 0, total local iter = 102401, diff = 2
2018-08-17 01:24:24,696 INFO [default] global iter = 100, total local iter = 1867914, diff = 4.64615e+06
2018-08-17 01:24:35,137 INFO [default] global iter = 200, total local iter = 2045347, diff = 725192
2018-08-17 01:24:51,932 INFO [default] global iter = 300, total local iter = 2908239, diff = 445413
2018-08-17 01:25:05,006 INFO [default] global iter = 400, total local iter = 3359747, diff = 1.44148e+06
2018-08-17 01:25:15,582 INFO [default] global iter = 500, total local iter = 3525046, diff = 956267
2018-08-17 01:25:26,660 INFO [default] global iter = 600, total local iter = 3728907, diff = 874660
2018-08-17 01:25:51,564 INFO [default] global iter = 667, total local iter = 5704729, diff = 440418
2018-08-17 01:25:51,564 INFO [default] training finished
2018-08-17 01:25:51,566 INFO [default] obj = -1.98829e+09
2018-08-17 01:25:51,592 INFO [default] rho = -816087
2018-08-17 01:25:51,593 INFO [default] #sv = 21427
2018-08-17 01:25:51,770 INFO [default] #total unique sv = 21427
2018-08-17 01:25:51,812 INFO [default] training finished
Training Total Time: 116.770030975
2018-08-17 01:25:52,363 INFO [default] #instances = 100001, #features = 25
Predict Total Time: 1.05641007423
2018-08-17 01:25:53,424 INFO [default] #instances = 100001, #features = 25
acc test score is  0.5290947090529095
MES=  0.47090529094709055
Confusion matrix=  [[27314 24496]
 [22595 25596]]
2018-08-17 01:25:57,867 INFO [default] #instances = 899999, #features = 25
2018-08-17 01:25:57,930 INFO [default] #classes = 2
2018-08-17 01:25:58,316 INFO [default] working set size = 1024
2018-08-17 01:25:58,338 INFO [default] training start
2018-08-17 01:25:59,386 INFO [default] global iter = 0, total local iter = 102401, diff = 2
2018-08-17 01:26:30,585 INFO [default] global iter = 85, total local iter = 2698945, diff = 333639
2018-08-17 01:26:30,585 INFO [default] training finished
2018-08-17 01:26:30,586 INFO [default] obj = -3.05035e+07
2018-08-17 01:26:30,614 INFO [default] rho = 43913.4
2018-08-17 01:26:30,615 INFO [default] #sv = 1838
2018-08-17 01:26:30,796 INFO [default] #total unique sv = 1838
2018-08-17 01:26:30,838 INFO [default] training finished
Training Total Time: 36.7132778168
2018-08-17 01:26:31,320 INFO [default] #instances = 100001, #features = 25
Predict Total Time: 0.528851032257
2018-08-17 01:26:31,851 INFO [default] #instances = 100001, #features = 25
acc test score is  0.44294557054429456
MES=  0.5570544294557055
Confusion matrix=  [[24735 27075]
 [28631 19560]]
2018-08-17 01:26:35,761 INFO [default] #instances = 900000, #features = 25
2018-08-17 01:26:35,824 INFO [default] #classes = 2
2018-08-17 01:26:36,189 INFO [default] working set size = 1024
2018-08-17 01:26:36,211 INFO [default] training start
2018-08-17 01:26:37,235 INFO [default] global iter = 0, total local iter = 102401, diff = 2
2018-08-17 01:27:03,159 INFO [default] global iter = 100, total local iter = 2023470, diff = 477530
2018-08-17 01:27:28,822 INFO [default] global iter = 182, total local iter = 4009325, diff = 392188
2018-08-17 01:27:28,822 INFO [default] training finished
2018-08-17 01:27:28,824 INFO [default] obj = -2.23691e+08
2018-08-17 01:27:28,848 INFO [default] rho = -243205
2018-08-17 01:27:28,849 INFO [default] #sv = 5619
2018-08-17 01:27:29,020 INFO [default] #total unique sv = 5619
2018-08-17 01:27:29,059 INFO [default] training finished
Training Total Time: 57.0734090805
2018-08-17 01:27:29,527 INFO [default] #instances = 100000, #features = 25
Predict Total Time: 0.605958938599
2018-08-17 01:27:30,135 INFO [default] #instances = 100000, #features = 25
acc test score is  0.5432
MES=  0.4568
Confusion matrix=  [[25881 25929]
 [19751 28439]]
2018-08-17 01:27:34,156 INFO [default] #instances = 900000, #features = 25
2018-08-17 01:27:34,219 INFO [default] #classes = 2
2018-08-17 01:27:34,582 INFO [default] working set size = 1024
2018-08-17 01:27:34,604 INFO [default] training start
2018-08-17 01:27:35,632 INFO [default] global iter = 0, total local iter = 102401, diff = 2
2018-08-17 01:27:59,928 INFO [default] global iter = 45, total local iter = 2322656, diff = 129543
2018-08-17 01:27:59,928 INFO [default] training finished
2018-08-17 01:27:59,930 INFO [default] obj = -2.91659e+06
2018-08-17 01:27:59,947 INFO [default] rho = -80700.5
2018-08-17 01:27:59,948 INFO [default] #sv = 517
2018-08-17 01:28:00,110 INFO [default] #total unique sv = 517
2018-08-17 01:28:00,149 INFO [default] training finished
Training Total Time: 29.7542939186
2018-08-17 01:28:00,595 INFO [default] #instances = 100000, #features = 25
Predict Total Time: 0.485915899277
2018-08-17 01:28:01,111 INFO [default] #instances = 100000, #features = 25
acc test score is  0.79132
MES=  0.20868
Confusion matrix=  [[34858 16952]
 [ 3916 44274]]
2018-08-17 01:28:05,043 INFO [default] #instances = 900000, #features = 25
2018-08-17 01:28:05,106 INFO [default] #classes = 2
2018-08-17 01:28:05,489 INFO [default] working set size = 1024
2018-08-17 01:28:05,511 INFO [default] training start
2018-08-17 01:28:06,529 INFO [default] global iter = 0, total local iter = 102401, diff = 2
2018-08-17 01:28:29,804 INFO [default] global iter = 100, total local iter = 1752810, diff = 436520
2018-08-17 01:28:45,158 INFO [default] global iter = 200, total local iter = 2490916, diff = 690975
2018-08-17 01:29:05,884 INFO [default] global iter = 300, total local iter = 3782699, diff = 651462
2018-08-17 01:29:21,132 INFO [default] global iter = 400, total local iter = 4483113, diff = 2.98528e+06
2018-08-17 01:29:38,817 INFO [default] global iter = 423, total local iter = 6148360, diff = 520237
2018-08-17 01:29:38,817 INFO [default] training finished
2018-08-17 01:29:38,818 INFO [default] obj = -8.34625e+08
2018-08-17 01:29:38,836 INFO [default] rho = -142884
2018-08-17 01:29:38,837 INFO [default] #sv = 12138
2018-08-17 01:29:38,997 INFO [default] #total unique sv = 12138
2018-08-17 01:29:39,036 INFO [default] training finished
Training Total Time: 97.8557260036
2018-08-17 01:29:39,536 INFO [default] #instances = 100000, #features = 25
Predict Total Time: 0.779991865158
2018-08-17 01:29:40,320 INFO [default] #instances = 100000, #features = 25
acc test score is  0.53358
MES=  0.46642
Confusion matrix=  [[28184 23626]
 [23016 25174]]
2018-08-17 01:29:44,501 INFO [default] #instances = 900000, #features = 25
2018-08-17 01:29:44,565 INFO [default] #classes = 2
2018-08-17 01:29:44,921 INFO [default] working set size = 1024
2018-08-17 01:29:44,943 INFO [default] training start
2018-08-17 01:29:45,979 INFO [default] global iter = 0, total local iter = 102401, diff = 2
2018-08-17 01:30:02,810 INFO [default] global iter = 28, total local iter = 1661530, diff = 61142.5
2018-08-17 01:30:02,810 INFO [default] training finished
2018-08-17 01:30:02,811 INFO [default] obj = -17278.1
2018-08-17 01:30:02,829 INFO [default] rho = -11736.1
2018-08-17 01:30:02,830 INFO [default] #sv = 119
2018-08-17 01:30:02,989 INFO [default] #total unique sv = 119
2018-08-17 01:30:03,027 INFO [default] training finished
Training Total Time: 22.2692711353
2018-08-17 01:30:03,471 INFO [default] #instances = 100000, #features = 25
Predict Total Time: 0.459401130676
2018-08-17 01:30:03,933 INFO [default] #instances = 100000, #features = 25
acc test score is  0.64095
MES=  0.35905
Confusion matrix=  [[30625 21185]
 [14720 33470]]
2018-08-17 01:30:07,762 INFO [default] #instances = 900001, #features = 25
2018-08-17 01:30:07,825 INFO [default] #classes = 2
2018-08-17 01:30:08,207 INFO [default] working set size = 1024
2018-08-17 01:30:08,231 INFO [default] training start
2018-08-17 01:30:09,253 INFO [default] global iter = 0, total local iter = 102401, diff = 2
2018-08-17 01:30:36,138 INFO [default] global iter = 100, total local iter = 2184153, diff = 461141
2018-08-17 01:31:07,268 INFO [default] global iter = 190, total local iter = 4690665, diff = 744558
2018-08-17 01:31:07,268 INFO [default] training finished
2018-08-17 01:31:07,270 INFO [default] obj = -2.51819e+08
2018-08-17 01:31:07,288 INFO [default] rho = -13919.3
2018-08-17 01:31:07,289 INFO [default] #sv = 6289
2018-08-17 01:31:07,456 INFO [default] #total unique sv = 6289
2018-08-17 01:31:07,496 INFO [default] training finished
Training Total Time: 63.4848458767
2018-08-17 01:31:07,983 INFO [default] #instances = 99999, #features = 25
Predict Total Time: 0.604017019272
2018-08-17 01:31:08,588 INFO [default] #instances = 99999, #features = 25
acc test score is  0.4980349803498035
MES=  0.5019650196501965
Confusion matrix=  [[25548 26261]
 [23935 24255]]
2018-08-17 01:31:12,680 INFO [default] #instances = 900001, #features = 25
2018-08-17 01:31:12,756 INFO [default] #classes = 2
2018-08-17 01:31:13,170 INFO [default] working set size = 1024
2018-08-17 01:31:13,195 INFO [default] training start
2018-08-17 01:31:14,234 INFO [default] global iter = 0, total local iter = 102401, diff = 2
2018-08-17 01:31:37,706 INFO [default] global iter = 100, total local iter = 1778687, diff = 451731
2018-08-17 01:31:53,462 INFO [default] global iter = 200, total local iter = 2540274, diff = 596898
2018-08-17 01:32:06,287 INFO [default] global iter = 300, total local iter = 2973119, diff = 624086
2018-08-17 01:32:18,461 INFO [default] global iter = 400, total local iter = 3323743, diff = 519273
2018-08-17 01:32:32,144 INFO [default] global iter = 500, total local iter = 3831098, diff = 1.05815e+06
2018-08-17 01:32:43,302 INFO [default] global iter = 600, total local iter = 4055475, diff = 9.45187e+06
2018-08-17 01:32:56,122 INFO [default] global iter = 700, total local iter = 4454468, diff = 867249
2018-08-17 01:33:08,953 INFO [default] global iter = 800, total local iter = 4840706, diff = 2.08415e+06
2018-08-17 01:33:21,049 INFO [default] global iter = 900, total local iter = 5145593, diff = 827029
2018-08-17 01:33:39,392 INFO [default] global iter = 1000, total local iter = 6115620, diff = 765517
2018-08-17 01:33:39,398 INFO [default] global iter = 1000, total local iter = 6115620, diff = 765517
2018-08-17 01:33:39,398 INFO [default] training finished
2018-08-17 01:33:39,400 INFO [default] obj = -3.14013e+09
2018-08-17 01:33:39,418 INFO [default] rho = -1.94845e+06
2018-08-17 01:33:39,419 INFO [default] #sv = 29334
2018-08-17 01:33:39,585 INFO [default] #total unique sv = 29334
2018-08-17 01:33:39,624 INFO [default] training finished
Training Total Time: 150.938662052
2018-08-17 01:33:40,214 INFO [default] #instances = 99999, #features = 25
Predict Total Time: 1.26442193985
2018-08-17 01:33:41,485 INFO [default] #instances = 99999, #features = 25
acc test score is  0.5276052760527605
MES=  0.47239472394723947
Confusion matrix=  [[26621 25188]
 [22051 26139]]
2018-08-17 01:33:46,139 INFO [default] #instances = 900001, #features = 25
2018-08-17 01:33:46,202 INFO [default] #classes = 2
2018-08-17 01:33:46,567 INFO [default] working set size = 1024
2018-08-17 01:33:46,589 INFO [default] training start
2018-08-17 01:33:47,631 INFO [default] global iter = 0, total local iter = 102401, diff = 2
2018-08-17 01:34:20,123 INFO [default] global iter = 55, total local iter = 3152146, diff = 408678
2018-08-17 01:34:20,123 INFO [default] training finished
2018-08-17 01:34:20,125 INFO [default] obj = -1.98612e+07
2018-08-17 01:34:20,143 INFO [default] rho = -57734.7
2018-08-17 01:34:20,144 INFO [default] #sv = 1506
2018-08-17 01:34:20,304 INFO [default] #total unique sv = 1506
2018-08-17 01:34:20,343 INFO [default] training finished
Training Total Time: 37.9326798916
2018-08-17 01:34:20,792 INFO [default] #instances = 99999, #features = 25
Predict Total Time: 0.477790117264
2018-08-17 01:34:21,273 INFO [default] #instances = 99999, #features = 25
acc test score is  0.6025060250602506
MES=  0.3974939749397494
Confusion matrix=  [[31354 20455]
 [19294 28896]]
Total Time: 687.279872894
56.27% (+/- 9.17%)
