2018-08-17 18:23:18,445 INFO [default] #instances = 899999, #features = 25
2018-08-17 18:23:18,556 INFO [default] #classes = 2
2018-08-17 18:23:19,135 INFO [default] working set size = 1024
2018-08-17 18:23:19,157 INFO [default] training start
2018-08-17 18:23:20,359 INFO [default] global iter = 0, total local iter = 102401, diff = 2
2018-08-17 18:23:35,979 INFO [default] global iter = 24, total local iter = 1561913, diff = 47948.8
2018-08-17 18:23:35,979 INFO [default] training finished
2018-08-17 18:23:35,981 INFO [default] obj = -785714
2018-08-17 18:23:36,009 INFO [default] rho = -4966.44
2018-08-17 18:23:36,010 INFO [default] #sv = 389
2018-08-17 18:23:36,195 INFO [default] #total unique sv = 389
2018-08-17 18:23:36,237 INFO [default] training finished
Training Total Time: 21.6851480007
2018-08-17 18:23:36,700 INFO [default] #instances = 100001, #features = 25
Predict Total Time: 0.481057167053
2018-08-17 18:23:37,182 INFO [default] #instances = 100001, #features = 25
acc test score is  0.5408645913540865
MES=  0.45913540864591357
Confusion matrix=  [[28556 23254]
 [22660 25531]]
2018-08-17 18:23:41,093 INFO [default] #instances = 899999, #features = 25
2018-08-17 18:23:41,202 INFO [default] #classes = 2
2018-08-17 18:23:41,607 INFO [default] working set size = 1024
2018-08-17 18:23:41,628 INFO [default] training start
2018-08-17 18:23:42,651 INFO [default] global iter = 0, total local iter = 102401, diff = 2
2018-08-17 18:24:08,958 INFO [default] global iter = 100, total local iter = 2108573, diff = 2.12382e+06
2018-08-17 18:24:25,576 INFO [default] global iter = 200, total local iter = 2955885, diff = 2.44041e+06
2018-08-17 18:24:39,578 INFO [default] global iter = 300, total local iter = 3518673, diff = 844760
2018-08-17 18:24:52,333 INFO [default] global iter = 400, total local iter = 3938899, diff = 543011
2018-08-17 18:25:02,797 INFO [default] global iter = 500, total local iter = 4108537, diff = 1.20437e+07
2018-08-17 18:25:25,554 INFO [default] global iter = 575, total local iter = 5805422, diff = 972911
2018-08-17 18:25:25,554 INFO [default] training finished
2018-08-17 18:25:25,556 INFO [default] obj = -1.37029e+09
2018-08-17 18:25:25,576 INFO [default] rho = -257294
2018-08-17 18:25:25,577 INFO [default] #sv = 14696
2018-08-17 18:25:25,746 INFO [default] #total unique sv = 14696
2018-08-17 18:25:25,785 INFO [default] training finished
Training Total Time: 108.547130108
2018-08-17 18:25:26,304 INFO [default] #instances = 100001, #features = 25
Predict Total Time: 0.86601805687
2018-08-17 18:25:27,170 INFO [default] #instances = 100001, #features = 25
acc test score is  0.5065949340506595
MES=  0.4934050659493405
Confusion matrix=  [[26088 25722]
 [23619 24572]]
2018-08-17 18:25:31,435 INFO [default] #instances = 899999, #features = 25
2018-08-17 18:25:31,497 INFO [default] #classes = 2
2018-08-17 18:25:31,864 INFO [default] working set size = 1024
2018-08-17 18:25:31,885 INFO [default] training start
2018-08-17 18:25:32,931 INFO [default] global iter = 0, total local iter = 102401, diff = 2
2018-08-17 18:26:01,934 INFO [default] global iter = 100, total local iter = 2314205, diff = 222410
2018-08-17 18:26:01,939 INFO [default] global iter = 100, total local iter = 2314205, diff = 222410
2018-08-17 18:26:01,939 INFO [default] training finished
2018-08-17 18:26:01,941 INFO [default] obj = -6.51915e+07
2018-08-17 18:26:01,955 INFO [default] rho = -84419.2
2018-08-17 18:26:01,956 INFO [default] #sv = 2396
2018-08-17 18:26:02,123 INFO [default] #total unique sv = 2396
2018-08-17 18:26:02,163 INFO [default] training finished
Training Total Time: 34.481593132
2018-08-17 18:26:02,649 INFO [default] #instances = 100001, #features = 25
Predict Total Time: 0.541965007782
2018-08-17 18:26:03,175 INFO [default] #instances = 100001, #features = 25
acc test score is  0.5597544024559754
MES=  0.44024559754402454
Confusion matrix=  [[27255 24555]
 [19470 28721]]
2018-08-17 18:26:07,083 INFO [default] #instances = 900000, #features = 25
2018-08-17 18:26:07,145 INFO [default] #classes = 2
2018-08-17 18:26:07,507 INFO [default] working set size = 1024
2018-08-17 18:26:07,528 INFO [default] training start
2018-08-17 18:26:08,550 INFO [default] global iter = 0, total local iter = 102401, diff = 2
2018-08-17 18:26:31,261 INFO [default] global iter = 100, total local iter = 1699295, diff = 425464
2018-08-17 18:26:45,998 INFO [default] global iter = 200, total local iter = 2364378, diff = 4.06246e+06
2018-08-17 18:26:58,959 INFO [default] global iter = 300, total local iter = 2810662, diff = 2.38975e+06
2018-08-17 18:27:16,353 INFO [default] global iter = 322, total local iter = 4453254, diff = 639405
2018-08-17 18:27:16,353 INFO [default] training finished
2018-08-17 18:27:16,354 INFO [default] obj = -8.32859e+08
2018-08-17 18:27:16,368 INFO [default] rho = -128846
2018-08-17 18:27:16,369 INFO [default] #sv = 11621
2018-08-17 18:27:16,529 INFO [default] #total unique sv = 11621
2018-08-17 18:27:16,567 INFO [default] training finished
Training Total Time: 73.2871780396
2018-08-17 18:27:17,071 INFO [default] #instances = 100000, #features = 25
Predict Total Time: 0.728636026382
2018-08-17 18:27:17,799 INFO [default] #instances = 100000, #features = 25
acc test score is  0.51581
MES=  0.48419
Confusion matrix=  [[26191 25619]
 [22800 25390]]
2018-08-17 18:27:21,913 INFO [default] #instances = 900000, #features = 25
2018-08-17 18:27:21,975 INFO [default] #classes = 2
2018-08-17 18:27:22,336 INFO [default] working set size = 1024
2018-08-17 18:27:22,358 INFO [default] training start
2018-08-17 18:27:23,396 INFO [default] global iter = 0, total local iter = 102401, diff = 2
2018-08-17 18:27:45,198 INFO [default] global iter = 100, total local iter = 1616878, diff = 681007
2018-08-17 18:27:58,049 INFO [default] global iter = 200, total local iter = 2077988, diff = 1.39219e+06
2018-08-17 18:28:10,034 INFO [default] global iter = 300, total local iter = 2425796, diff = 1.74303e+06
2018-08-17 18:28:22,483 INFO [default] global iter = 400, total local iter = 2808479, diff = 865381
2018-08-17 18:28:32,900 INFO [default] global iter = 500, total local iter = 2964171, diff = 792195
2018-08-17 18:28:50,367 INFO [default] global iter = 600, total local iter = 3866231, diff = 2.79489e+06
2018-08-17 18:29:04,357 INFO [default] global iter = 615, total local iter = 5198083, diff = 454146
2018-08-17 18:29:04,357 INFO [default] training finished
2018-08-17 18:29:04,359 INFO [default] obj = -2.04176e+09
2018-08-17 18:29:04,373 INFO [default] rho = -811137
2018-08-17 18:29:04,374 INFO [default] #sv = 19253
2018-08-17 18:29:04,535 INFO [default] #total unique sv = 19253
2018-08-17 18:29:04,573 INFO [default] training finished
Training Total Time: 106.494511843
2018-08-17 18:29:05,113 INFO [default] #instances = 100000, #features = 25
Predict Total Time: 1.0186150074
2018-08-17 18:29:06,134 INFO [default] #instances = 100000, #features = 25
acc test score is  0.51054
MES=  0.48946
Confusion matrix=  [[25260 26550]
 [22396 25794]]
2018-08-17 18:29:10,530 INFO [default] #instances = 900000, #features = 25
2018-08-17 18:29:10,592 INFO [default] #classes = 2
2018-08-17 18:29:10,954 INFO [default] working set size = 1024
2018-08-17 18:29:10,976 INFO [default] training start
2018-08-17 18:29:12,013 INFO [default] global iter = 0, total local iter = 102401, diff = 2
2018-08-17 18:29:32,811 INFO [default] global iter = 100, total local iter = 1470604, diff = 2.38732e+06
2018-08-17 18:29:51,717 INFO [default] global iter = 200, total local iter = 2566182, diff = 906432
2018-08-17 18:30:09,133 INFO [default] global iter = 225, total local iter = 4182821, diff = 316093
2018-08-17 18:30:09,133 INFO [default] training finished
2018-08-17 18:30:09,134 INFO [default] obj = -3.48188e+08
2018-08-17 18:30:09,148 INFO [default] rho = -209419
2018-08-17 18:30:09,149 INFO [default] #sv = 7405
2018-08-17 18:30:09,307 INFO [default] #total unique sv = 7405
2018-08-17 18:30:09,346 INFO [default] training finished
Training Total Time: 62.5636489391
2018-08-17 18:30:09,824 INFO [default] #instances = 100000, #features = 25
Predict Total Time: 0.618788003922
2018-08-17 18:30:10,449 INFO [default] #instances = 100000, #features = 25
acc test score is  0.53081
MES=  0.46919
Confusion matrix=  [[26962 24848]
 [22071 26119]]
2018-08-17 18:30:14,454 INFO [default] #instances = 900000, #features = 25
2018-08-17 18:30:14,517 INFO [default] #classes = 2
2018-08-17 18:30:14,878 INFO [default] working set size = 1024
2018-08-17 18:30:14,901 INFO [default] training start
2018-08-17 18:30:15,944 INFO [default] global iter = 0, total local iter = 102401, diff = 2
2018-08-17 18:30:35,058 INFO [default] global iter = 28, total local iter = 1914821, diff = 117536
2018-08-17 18:30:35,058 INFO [default] training finished
2018-08-17 18:30:35,060 INFO [default] obj = -309143
2018-08-17 18:30:35,074 INFO [default] rho = -10514.5
2018-08-17 18:30:35,075 INFO [default] #sv = 284
2018-08-17 18:30:35,232 INFO [default] #total unique sv = 284
2018-08-17 18:30:35,269 INFO [default] training finished
Training Total Time: 24.5520069599
2018-08-17 18:30:35,714 INFO [default] #instances = 100000, #features = 25
Predict Total Time: 0.463320016861
2018-08-17 18:30:36,180 INFO [default] #instances = 100000, #features = 25
acc test score is  0.68206
MES=  0.31794
Confusion matrix=  [[38457 13353]
 [18441 29749]]
2018-08-17 18:30:40,007 INFO [default] #instances = 900001, #features = 25
2018-08-17 18:30:40,070 INFO [default] #classes = 2
2018-08-17 18:30:40,450 INFO [default] working set size = 1024
2018-08-17 18:30:40,473 INFO [default] training start
2018-08-17 18:30:41,495 INFO [default] global iter = 0, total local iter = 102401, diff = 2
2018-08-17 18:31:03,744 INFO [default] global iter = 100, total local iter = 1627559, diff = 1.0879e+06
2018-08-17 18:31:19,095 INFO [default] global iter = 120, total local iter = 3076567, diff = 538103
2018-08-17 18:31:19,095 INFO [default] training finished
2018-08-17 18:31:19,097 INFO [default] obj = -7.23307e+07
2018-08-17 18:31:19,111 INFO [default] rho = 133214
2018-08-17 18:31:19,112 INFO [default] #sv = 2479
2018-08-17 18:31:19,269 INFO [default] #total unique sv = 2479
2018-08-17 18:31:19,307 INFO [default] training finished
Training Total Time: 43.0244259834
2018-08-17 18:31:19,762 INFO [default] #instances = 99999, #features = 25
Predict Total Time: 0.504050970078
2018-08-17 18:31:20,265 INFO [default] #instances = 99999, #features = 25
acc test score is  0.45764457644576445
MES=  0.5423554235542355
Confusion matrix=  [[26718 25091]
 [29144 19046]]
2018-08-17 18:31:24,144 INFO [default] #instances = 900001, #features = 25
2018-08-17 18:31:24,208 INFO [default] #classes = 2
2018-08-17 18:31:24,590 INFO [default] working set size = 1024
2018-08-17 18:31:24,611 INFO [default] training start
2018-08-17 18:31:25,647 INFO [default] global iter = 0, total local iter = 102401, diff = 2
2018-08-17 18:31:49,703 INFO [default] global iter = 34, total local iter = 2380760, diff = 29122.8
2018-08-17 18:31:49,703 INFO [default] training finished
2018-08-17 18:31:49,704 INFO [default] obj = -479460
2018-08-17 18:31:49,718 INFO [default] rho = -5067.01
2018-08-17 18:31:49,719 INFO [default] #sv = 300
2018-08-17 18:31:49,876 INFO [default] #total unique sv = 300
2018-08-17 18:31:49,914 INFO [default] training finished
Training Total Time: 29.4982600212
2018-08-17 18:31:50,358 INFO [default] #instances = 99999, #features = 25
Predict Total Time: 0.462913990021
2018-08-17 18:31:50,822 INFO [default] #instances = 99999, #features = 25
acc test score is  0.5957459574595746
MES=  0.4042540425404254
Confusion matrix=  [[27075 24734]
 [15691 32499]]
2018-08-17 18:31:54,678 INFO [default] #instances = 900001, #features = 25
2018-08-17 18:31:54,741 INFO [default] #classes = 2
2018-08-17 18:31:55,124 INFO [default] working set size = 1024
2018-08-17 18:31:55,146 INFO [default] training start
2018-08-17 18:31:56,169 INFO [default] global iter = 0, total local iter = 102401, diff = 2
2018-08-17 18:32:22,607 INFO [default] global iter = 100, total local iter = 2127315, diff = 509491
2018-08-17 18:32:45,193 INFO [default] global iter = 168, total local iter = 3919666, diff = 646776
2018-08-17 18:32:45,193 INFO [default] training finished
2018-08-17 18:32:45,195 INFO [default] obj = -3.17915e+08
2018-08-17 18:32:45,209 INFO [default] rho = -45884
2018-08-17 18:32:45,210 INFO [default] #sv = 6112
2018-08-17 18:32:45,368 INFO [default] #total unique sv = 6112
2018-08-17 18:32:45,406 INFO [default] training finished
Training Total Time: 54.4989891052
2018-08-17 18:32:45,884 INFO [default] #instances = 99999, #features = 25
Predict Total Time: 0.589426994324
2018-08-17 18:32:46,469 INFO [default] #instances = 99999, #features = 25
acc test score is  0.5186251862518625
MES=  0.4813748137481375
Confusion matrix=  [[26324 25485]
 [22652 25538]]
Total Time: 572.540341139
54.18% (+/- 5.79%)
