2018-08-17 18:33:14,439 INFO [default] #instances = 899999, #features = 25
2018-08-17 18:33:14,551 INFO [default] #classes = 2
2018-08-17 18:33:15,138 INFO [default] working set size = 1024
2018-08-17 18:33:15,160 INFO [default] training start
2018-08-17 18:33:16,382 INFO [default] global iter = 0, total local iter = 102401, diff = 2
2018-08-17 18:33:41,299 INFO [default] global iter = 100, total local iter = 1975976, diff = 773539
2018-08-17 18:34:00,701 INFO [default] global iter = 200, total local iter = 3152243, diff = 1.52891e+06
2018-08-17 18:34:19,242 INFO [default] global iter = 223, total local iter = 4913193, diff = 653286
2018-08-17 18:34:19,242 INFO [default] training finished
2018-08-17 18:34:19,244 INFO [default] obj = -8.09269e+08
2018-08-17 18:34:19,272 INFO [default] rho = -246828
2018-08-17 18:34:19,273 INFO [default] #sv = 8897
2018-08-17 18:34:19,461 INFO [default] #total unique sv = 8897
2018-08-17 18:34:19,504 INFO [default] training finished
Training Total Time: 69.0142669678
2018-08-17 18:34:20,006 INFO [default] #instances = 100001, #features = 25
Predict Total Time: 0.747809171677
2018-08-17 18:34:20,758 INFO [default] #instances = 100001, #features = 25
acc test score is  0.5133848661513385
MES=  0.4866151338486615
Confusion matrix=  [[25878 25932]
 [22730 25461]]
2018-08-17 18:34:24,974 INFO [default] #instances = 899999, #features = 25
2018-08-17 18:34:25,084 INFO [default] #classes = 2
2018-08-17 18:34:25,494 INFO [default] working set size = 1024
2018-08-17 18:34:25,515 INFO [default] training start
2018-08-17 18:34:26,543 INFO [default] global iter = 0, total local iter = 102401, diff = 2
2018-08-17 18:34:47,559 INFO [default] global iter = 100, total local iter = 1491609, diff = 264352
2018-08-17 18:35:04,089 INFO [default] global iter = 200, total local iter = 2347624, diff = 540234
2018-08-17 18:35:17,292 INFO [default] global iter = 300, total local iter = 2832973, diff = 1.31518e+06
2018-08-17 18:35:28,128 INFO [default] global iter = 400, total local iter = 3047576, diff = 820350
2018-08-17 18:35:49,125 INFO [default] global iter = 446, total local iter = 4829718, diff = 740687
2018-08-17 18:35:49,125 INFO [default] training finished
2018-08-17 18:35:49,126 INFO [default] obj = -1.03082e+09
2018-08-17 18:35:49,153 INFO [default] rho = -783256
2018-08-17 18:35:49,154 INFO [default] #sv = 11648
2018-08-17 18:35:49,328 INFO [default] #total unique sv = 11648
2018-08-17 18:35:49,368 INFO [default] training finished
Training Total Time: 88.2706050873
2018-08-17 18:35:49,874 INFO [default] #instances = 100001, #features = 25
Predict Total Time: 0.768357992172
2018-08-17 18:35:50,642 INFO [default] #instances = 100001, #features = 25
acc test score is  0.5249847501524985
MES=  0.47501524984750154
Confusion matrix=  [[25946 25864]
 [21638 26553]]
2018-08-17 18:35:54,858 INFO [default] #instances = 899999, #features = 25
2018-08-17 18:35:54,922 INFO [default] #classes = 2
2018-08-17 18:35:55,298 INFO [default] working set size = 1024
2018-08-17 18:35:55,320 INFO [default] training start
2018-08-17 18:35:56,365 INFO [default] global iter = 0, total local iter = 102401, diff = 2
2018-08-17 18:36:39,527 INFO [default] global iter = 100, total local iter = 3875602, diff = 519338
2018-08-17 18:36:40,581 INFO [default] global iter = 101, total local iter = 3978003, diff = 521165
2018-08-17 18:36:40,581 INFO [default] training finished
2018-08-17 18:36:40,583 INFO [default] obj = -6.28308e+07
2018-08-17 18:36:40,603 INFO [default] rho = -117676
2018-08-17 18:36:40,604 INFO [default] #sv = 2266
2018-08-17 18:36:40,766 INFO [default] #total unique sv = 2266
2018-08-17 18:36:40,805 INFO [default] training finished
Training Total Time: 49.7526571751
2018-08-17 18:36:41,262 INFO [default] #instances = 100001, #features = 25
Predict Total Time: 0.508897066116
2018-08-17 18:36:41,777 INFO [default] #instances = 100001, #features = 25
acc test score is  0.5725042749572504
MES=  0.4274957250427496
Confusion matrix=  [[27249 24561]
 [18189 30002]]
2018-08-17 18:36:45,675 INFO [default] #instances = 900000, #features = 25
2018-08-17 18:36:45,738 INFO [default] #classes = 2
2018-08-17 18:36:46,103 INFO [default] working set size = 1024
2018-08-17 18:36:46,125 INFO [default] training start
2018-08-17 18:36:47,162 INFO [default] global iter = 0, total local iter = 102401, diff = 2
2018-08-17 18:37:09,329 INFO [default] global iter = 30, total local iter = 2243079, diff = 167493
2018-08-17 18:37:09,329 INFO [default] training finished
2018-08-17 18:37:09,331 INFO [default] obj = -5.16751e+06
2018-08-17 18:37:09,351 INFO [default] rho = -84407.4
2018-08-17 18:37:09,352 INFO [default] #sv = 568
2018-08-17 18:37:09,510 INFO [default] #total unique sv = 568
2018-08-17 18:37:09,549 INFO [default] training finished
Training Total Time: 27.6182141304
2018-08-17 18:37:10,002 INFO [default] #instances = 100000, #features = 25
Predict Total Time: 0.461586952209
2018-08-17 18:37:10,464 INFO [default] #instances = 100000, #features = 25
acc test score is  0.73502
MES=  0.26498
Confusion matrix=  [[30735 21075]
 [ 5423 42767]]
2018-08-17 18:37:14,304 INFO [default] #instances = 900000, #features = 25
2018-08-17 18:37:14,367 INFO [default] #classes = 2
2018-08-17 18:37:14,730 INFO [default] working set size = 1024
2018-08-17 18:37:14,751 INFO [default] training start
2018-08-17 18:37:15,773 INFO [default] global iter = 0, total local iter = 102401, diff = 2
2018-08-17 18:37:34,933 INFO [default] global iter = 100, total local iter = 1300367, diff = 517340
2018-08-17 18:38:00,089 INFO [default] global iter = 177, total local iter = 3272886, diff = 674420
2018-08-17 18:38:00,089 INFO [default] training finished
2018-08-17 18:38:00,091 INFO [default] obj = -3.88938e+08
2018-08-17 18:38:00,109 INFO [default] rho = -636521
2018-08-17 18:38:00,110 INFO [default] #sv = 6731
2018-08-17 18:38:00,270 INFO [default] #total unique sv = 6731
2018-08-17 18:38:00,309 INFO [default] training finished
Training Total Time: 49.768969059
2018-08-17 18:38:00,785 INFO [default] #instances = 100000, #features = 25
Predict Total Time: 0.613653898239
2018-08-17 18:38:01,398 INFO [default] #instances = 100000, #features = 25
acc test score is  0.56756
MES=  0.43244
Confusion matrix=  [[26600 25210]
 [18034 30156]]
2018-08-17 18:38:05,441 INFO [default] #instances = 900000, #features = 25
2018-08-17 18:38:05,504 INFO [default] #classes = 2
2018-08-17 18:38:05,868 INFO [default] working set size = 1024
2018-08-17 18:38:05,891 INFO [default] training start
2018-08-17 18:38:06,924 INFO [default] global iter = 0, total local iter = 102401, diff = 2
2018-08-17 18:38:33,449 INFO [default] global iter = 48, total local iter = 2583286, diff = 32247.1
2018-08-17 18:38:33,449 INFO [default] training finished
2018-08-17 18:38:33,450 INFO [default] obj = -661517
2018-08-17 18:38:33,468 INFO [default] rho = -13039.7
2018-08-17 18:38:33,469 INFO [default] #sv = 318
2018-08-17 18:38:33,628 INFO [default] #total unique sv = 318
2018-08-17 18:38:33,667 INFO [default] training finished
Training Total Time: 32.0057661533
2018-08-17 18:38:34,116 INFO [default] #instances = 100000, #features = 25
Predict Total Time: 0.454208135605
2018-08-17 18:38:34,569 INFO [default] #instances = 100000, #features = 25
acc test score is  0.70251
MES=  0.29749
Confusion matrix=  [[33053 18757]
 [10992 37198]]
2018-08-17 18:38:38,442 INFO [default] #instances = 900000, #features = 25
2018-08-17 18:38:38,505 INFO [default] #classes = 2
2018-08-17 18:38:38,889 INFO [default] working set size = 1024
2018-08-17 18:38:38,909 INFO [default] training start
2018-08-17 18:38:39,931 INFO [default] global iter = 0, total local iter = 102401, diff = 2
2018-08-17 18:39:02,931 INFO [default] global iter = 57, total local iter = 2059459, diff = 315417
2018-08-17 18:39:02,931 INFO [default] training finished
2018-08-17 18:39:02,933 INFO [default] obj = -2.22219e+07
2018-08-17 18:39:02,945 INFO [default] rho = -193295
2018-08-17 18:39:02,946 INFO [default] #sv = 1187
2018-08-17 18:39:03,104 INFO [default] #total unique sv = 1187
2018-08-17 18:39:03,142 INFO [default] training finished
Training Total Time: 28.4765350819
2018-08-17 18:39:03,596 INFO [default] #instances = 100000, #features = 25
Predict Total Time: 0.489058971405
2018-08-17 18:39:04,086 INFO [default] #instances = 100000, #features = 25
acc test score is  0.6799
MES=  0.3201
Confusion matrix=  [[28777 23033]
 [ 8977 39213]]
2018-08-17 18:39:07,971 INFO [default] #instances = 900001, #features = 25
2018-08-17 18:39:08,035 INFO [default] #classes = 2
2018-08-17 18:39:08,421 INFO [default] working set size = 1024
2018-08-17 18:39:08,443 INFO [default] training start
2018-08-17 18:39:09,486 INFO [default] global iter = 0, total local iter = 102401, diff = 2
2018-08-17 18:39:28,482 INFO [default] global iter = 100, total local iter = 1274056, diff = 2.02802e+06
2018-08-17 18:39:48,264 INFO [default] global iter = 200, total local iter = 2482400, diff = 2.58998e+06
2018-08-17 18:40:02,416 INFO [default] global iter = 300, total local iter = 3058103, diff = 2.74178e+06
2018-08-17 18:40:22,882 INFO [default] global iter = 400, total local iter = 4292201, diff = 1.37653e+06
2018-08-17 18:40:34,407 INFO [default] global iter = 500, total local iter = 4570765, diff = 651223
2018-08-17 18:40:47,930 INFO [default] global iter = 600, total local iter = 5048524, diff = 602624
2018-08-17 18:41:01,902 INFO [default] global iter = 700, total local iter = 5575819, diff = 1.00606e+06
2018-08-17 18:41:16,625 INFO [default] global iter = 800, total local iter = 6169603, diff = 950535
2018-08-17 18:41:33,725 INFO [default] global iter = 837, total local iter = 7628439, diff = 1.23376e+06
2018-08-17 18:41:33,725 INFO [default] training finished
2018-08-17 18:41:33,727 INFO [default] obj = -3.89967e+09
2018-08-17 18:41:33,739 INFO [default] rho = -72304.8
2018-08-17 18:41:33,739 INFO [default] #sv = 26867
2018-08-17 18:41:33,903 INFO [default] #total unique sv = 26867
2018-08-17 18:41:33,942 INFO [default] training finished
Training Total Time: 149.853271008
2018-08-17 18:41:34,524 INFO [default] #instances = 99999, #features = 25
Predict Total Time: 1.16754007339
2018-08-17 18:41:35,691 INFO [default] #instances = 99999, #features = 25
acc test score is  0.4833448334483345
MES=  0.5166551665516655
Confusion matrix=  [[24359 27450]
 [24215 23975]]
2018-08-17 18:41:40,266 INFO [default] #instances = 900001, #features = 25
2018-08-17 18:41:40,329 INFO [default] #classes = 2
2018-08-17 18:41:40,718 INFO [default] working set size = 1024
2018-08-17 18:41:40,740 INFO [default] training start
2018-08-17 18:41:41,784 INFO [default] global iter = 0, total local iter = 102401, diff = 2
2018-08-17 18:42:00,021 INFO [default] global iter = 32, total local iter = 1778989, diff = 80244.3
2018-08-17 18:42:00,021 INFO [default] training finished
2018-08-17 18:42:00,024 INFO [default] obj = -1.33027e+06
2018-08-17 18:42:00,036 INFO [default] rho = -31196.6
2018-08-17 18:42:00,037 INFO [default] #sv = 312
2018-08-17 18:42:00,201 INFO [default] #total unique sv = 312
2018-08-17 18:42:00,239 INFO [default] training finished
Training Total Time: 23.7235209942
2018-08-17 18:42:00,687 INFO [default] #instances = 99999, #features = 25
Predict Total Time: 0.466465950012
2018-08-17 18:42:01,152 INFO [default] #instances = 99999, #features = 25
acc test score is  0.7001770017700177
MES=  0.2998229982299823
Confusion matrix=  [[31013 20796]
 [ 9186 39004]]
2018-08-17 18:42:05,182 INFO [default] #instances = 900001, #features = 25
2018-08-17 18:42:05,245 INFO [default] #classes = 2
2018-08-17 18:42:05,610 INFO [default] working set size = 1024
2018-08-17 18:42:05,632 INFO [default] training start
2018-08-17 18:42:06,655 INFO [default] global iter = 0, total local iter = 102401, diff = 2
2018-08-17 18:42:34,631 INFO [default] global iter = 57, total local iter = 2631418, diff = 3.75911e+06
2018-08-17 18:42:34,631 INFO [default] training finished
2018-08-17 18:42:34,632 INFO [default] obj = -5.74564e+07
2018-08-17 18:42:34,645 INFO [default] rho = -1.14892e+06
2018-08-17 18:42:34,646 INFO [default] #sv = 1949
2018-08-17 18:42:34,810 INFO [default] #total unique sv = 1949
2018-08-17 18:42:34,849 INFO [default] training finished
Training Total Time: 33.5840609074
2018-08-17 18:42:35,334 INFO [default] #instances = 99999, #features = 25
Predict Total Time: 0.521768093109
2018-08-17 18:42:35,836 INFO [default] #instances = 99999, #features = 25
acc test score is  0.7817278172781728
MES=  0.21827218272182722
Confusion matrix=  [[35179 16630]
 [ 5197 42993]]
Total Time: 565.834208012
62.61% (+/- 10.00%)
