2018-08-17 08:18:09,872 INFO [default] #instances = 899999, #features = 25
2018-08-17 08:18:09,984 INFO [default] #classes = 2
2018-08-17 08:18:10,567 INFO [default] working set size = 1024
2018-08-17 08:18:10,589 INFO [default] training start
2018-08-17 08:18:11,804 INFO [default] global iter = 0, total local iter = 102401, diff = 2
2018-08-17 08:18:36,214 INFO [default] global iter = 47, total local iter = 2319339, diff = 1.20142e+06
2018-08-17 08:18:36,214 INFO [default] training finished
2018-08-17 08:18:36,216 INFO [default] obj = -3.65836e+07
2018-08-17 08:18:36,244 INFO [default] rho = -826972
2018-08-17 08:18:36,245 INFO [default] #sv = 1579
2018-08-17 08:18:36,433 INFO [default] #total unique sv = 1579
2018-08-17 08:18:36,475 INFO [default] training finished
Training Total Time: 30.5323359966
2018-08-17 08:18:36,941 INFO [default] #instances = 100001, #features = 25
Predict Total Time: 0.500773906708
2018-08-17 08:18:37,441 INFO [default] #instances = 100001, #features = 25
acc test score is  0.7633823661763383
MES=  0.23661763382366177
Confusion matrix=  [[31262 20548]
 [ 3114 45077]]
2018-08-17 08:18:41,389 INFO [default] #instances = 899999, #features = 25
2018-08-17 08:18:41,498 INFO [default] #classes = 2
2018-08-17 08:18:41,903 INFO [default] working set size = 1024
2018-08-17 08:18:41,925 INFO [default] training start
2018-08-17 08:18:42,957 INFO [default] global iter = 0, total local iter = 102401, diff = 2
2018-08-17 08:19:03,213 INFO [default] global iter = 100, total local iter = 1418110, diff = 518153
2018-08-17 08:19:17,850 INFO [default] global iter = 200, total local iter = 2065100, diff = 2.46721e+06
2018-08-17 08:19:37,317 INFO [default] global iter = 259, total local iter = 3580652, diff = 1.89469e+06
2018-08-17 08:19:37,317 INFO [default] training finished
2018-08-17 08:19:37,319 INFO [default] obj = -5.87256e+08
2018-08-17 08:19:37,336 INFO [default] rho = -1.12647e+06
2018-08-17 08:19:37,337 INFO [default] #sv = 7628
2018-08-17 08:19:37,500 INFO [default] #total unique sv = 7628
2018-08-17 08:19:37,540 INFO [default] training finished
Training Total Time: 59.9854569435
2018-08-17 08:19:38,027 INFO [default] #instances = 100001, #features = 25
Predict Total Time: 0.674331188202
2018-08-17 08:19:38,701 INFO [default] #instances = 100001, #features = 25
acc test score is  0.5886241137588624
MES=  0.4113758862411376
Confusion matrix=  [[26826 24984]
 [16154 32037]]
2018-08-17 08:19:42,812 INFO [default] #instances = 899999, #features = 25
2018-08-17 08:19:42,875 INFO [default] #classes = 2
2018-08-17 08:19:43,243 INFO [default] working set size = 1024
2018-08-17 08:19:43,265 INFO [default] training start
2018-08-17 08:19:44,303 INFO [default] global iter = 0, total local iter = 102401, diff = 2
2018-08-17 08:20:04,729 INFO [default] global iter = 100, total local iter = 1434610, diff = 474402
2018-08-17 08:20:17,279 INFO [default] global iter = 200, total local iter = 1857162, diff = 736701
2018-08-17 08:20:29,272 INFO [default] global iter = 300, total local iter = 2187819, diff = 1.49956e+06
2018-08-17 08:20:39,850 INFO [default] global iter = 400, total local iter = 2353261, diff = 930874
2018-08-17 08:20:55,064 INFO [default] global iter = 500, total local iter = 2996694, diff = 998245
2018-08-17 08:21:04,614 INFO [default] global iter = 509, total local iter = 3918303, diff = 998261
2018-08-17 08:21:04,614 INFO [default] training finished
2018-08-17 08:21:04,616 INFO [default] obj = -2.31436e+09
2018-08-17 08:21:04,634 INFO [default] rho = -895259
2018-08-17 08:21:04,635 INFO [default] #sv = 18656
2018-08-17 08:21:04,802 INFO [default] #total unique sv = 18656
2018-08-17 08:21:04,842 INFO [default] training finished
Training Total Time: 85.905050993
2018-08-17 08:21:05,378 INFO [default] #instances = 100001, #features = 25
Predict Total Time: 1.00484609604
2018-08-17 08:21:06,411 INFO [default] #instances = 100001, #features = 25
acc test score is  0.5161248387516125
MES=  0.48387516124838753
Confusion matrix=  [[26081 25729]
 [22659 25532]]
2018-08-17 08:21:10,816 INFO [default] #instances = 900000, #features = 25
2018-08-17 08:21:10,879 INFO [default] #classes = 2
2018-08-17 08:21:11,247 INFO [default] working set size = 1024
2018-08-17 08:21:11,269 INFO [default] training start
2018-08-17 08:21:12,296 INFO [default] global iter = 0, total local iter = 102401, diff = 2
2018-08-17 08:21:33,612 INFO [default] global iter = 30, total local iter = 2137171, diff = 71624.4
2018-08-17 08:21:33,612 INFO [default] training finished
2018-08-17 08:21:33,613 INFO [default] obj = -181087
2018-08-17 08:21:33,631 INFO [default] rho = -11114.6
2018-08-17 08:21:33,632 INFO [default] #sv = 197
2018-08-17 08:21:33,790 INFO [default] #total unique sv = 197
2018-08-17 08:21:33,829 INFO [default] training finished
Training Total Time: 26.7527139187
2018-08-17 08:21:34,275 INFO [default] #instances = 100000, #features = 25
Predict Total Time: 0.448989152908
2018-08-17 08:21:34,723 INFO [default] #instances = 100000, #features = 25
acc test score is  0.73569
MES=  0.26431
Confusion matrix=  [[31119 20691]
 [ 5740 42450]]
2018-08-17 08:21:38,537 INFO [default] #instances = 900000, #features = 25
2018-08-17 08:21:38,600 INFO [default] #classes = 2
2018-08-17 08:21:38,963 INFO [default] working set size = 1024
2018-08-17 08:21:38,984 INFO [default] training start
2018-08-17 08:21:40,007 INFO [default] global iter = 0, total local iter = 102401, diff = 2
2018-08-17 08:21:59,650 INFO [default] global iter = 100, total local iter = 1352015, diff = 306798
2018-08-17 08:22:13,318 INFO [default] global iter = 200, total local iter = 1903646, diff = 511568
2018-08-17 08:22:30,101 INFO [default] global iter = 300, total local iter = 2769423, diff = 2.50182e+06
2018-08-17 08:22:45,298 INFO [default] global iter = 327, total local iter = 4134277, diff = 1.17448e+06
2018-08-17 08:22:45,298 INFO [default] training finished
2018-08-17 08:22:45,300 INFO [default] obj = -1.05176e+09
2018-08-17 08:22:45,312 INFO [default] rho = -191942
2018-08-17 08:22:45,313 INFO [default] #sv = 11898
2018-08-17 08:22:45,472 INFO [default] #total unique sv = 11898
2018-08-17 08:22:45,511 INFO [default] training finished
Training Total Time: 70.7468400002
2018-08-17 08:22:46,013 INFO [default] #instances = 100000, #features = 25
Predict Total Time: 0.834424972534
2018-08-17 08:22:46,877 INFO [default] #instances = 100000, #features = 25
acc test score is  0.50316
MES=  0.49684
Confusion matrix=  [[26066 25744]
 [23940 24250]]
2018-08-17 08:22:51,217 INFO [default] #instances = 900000, #features = 25
2018-08-17 08:22:51,280 INFO [default] #classes = 2
2018-08-17 08:22:51,668 INFO [default] working set size = 1024
2018-08-17 08:22:51,689 INFO [default] training start
2018-08-17 08:22:52,730 INFO [default] global iter = 0, total local iter = 102401, diff = 2
2018-08-17 08:23:14,587 INFO [default] global iter = 100, total local iter = 1604808, diff = 866435
2018-08-17 08:23:30,843 INFO [default] global iter = 200, total local iter = 2426346, diff = 1.35636e+06
2018-08-17 08:23:41,233 INFO [default] global iter = 300, total local iter = 2599047, diff = 1.97819e+06
2018-08-17 08:23:56,049 INFO [default] global iter = 400, total local iter = 3224635, diff = 4.48953e+06
2018-08-17 08:24:25,336 INFO [default] global iter = 499, total local iter = 5392621, diff = 735385
2018-08-17 08:24:25,336 INFO [default] training finished
2018-08-17 08:24:25,337 INFO [default] obj = -1.5011e+09
2018-08-17 08:24:25,349 INFO [default] rho = -600301
2018-08-17 08:24:25,350 INFO [default] #sv = 13431
2018-08-17 08:24:25,510 INFO [default] #total unique sv = 13431
2018-08-17 08:24:25,549 INFO [default] training finished
Training Total Time: 98.2481110096
2018-08-17 08:24:26,057 INFO [default] #instances = 100000, #features = 25
Predict Total Time: 0.822761058807
2018-08-17 08:24:26,880 INFO [default] #instances = 100000, #features = 25
acc test score is  0.51832
MES=  0.48168
Confusion matrix=  [[25512 26298]
 [21870 26320]]
2018-08-17 08:24:31,145 INFO [default] #instances = 900000, #features = 25
2018-08-17 08:24:31,208 INFO [default] #classes = 2
2018-08-17 08:24:31,592 INFO [default] working set size = 1024
2018-08-17 08:24:31,613 INFO [default] training start
2018-08-17 08:24:32,659 INFO [default] global iter = 0, total local iter = 102401, diff = 2
2018-08-17 08:24:55,125 INFO [default] global iter = 100, total local iter = 1673211, diff = 2.54264e+06
2018-08-17 08:25:21,057 INFO [default] global iter = 180, total local iter = 3712852, diff = 1.51308e+06
2018-08-17 08:25:21,057 INFO [default] training finished
2018-08-17 08:25:21,058 INFO [default] obj = -3.30887e+08
2018-08-17 08:25:21,070 INFO [default] rho = 131764
2018-08-17 08:25:21,071 INFO [default] #sv = 5482
2018-08-17 08:25:21,230 INFO [default] #total unique sv = 5482
2018-08-17 08:25:21,268 INFO [default] training finished
Training Total Time: 53.9367539883
2018-08-17 08:25:21,740 INFO [default] #instances = 100000, #features = 25
Predict Total Time: 0.583463907242
2018-08-17 08:25:22,324 INFO [default] #instances = 100000, #features = 25
acc test score is  0.49319
MES=  0.50681
Confusion matrix=  [[26765 25045]
 [25636 22554]]
2018-08-17 08:25:26,337 INFO [default] #instances = 900001, #features = 25
2018-08-17 08:25:26,400 INFO [default] #classes = 2
2018-08-17 08:25:26,774 INFO [default] working set size = 1024
2018-08-17 08:25:26,797 INFO [default] training start
2018-08-17 08:25:27,836 INFO [default] global iter = 0, total local iter = 102401, diff = 2
2018-08-17 08:25:48,495 INFO [default] global iter = 30, total local iter = 2048838, diff = 79564.3
2018-08-17 08:25:48,495 INFO [default] training finished
2018-08-17 08:25:48,497 INFO [default] obj = -2.23393e+06
2018-08-17 08:25:48,509 INFO [default] rho = -10934.1
2018-08-17 08:25:48,510 INFO [default] #sv = 399
2018-08-17 08:25:48,667 INFO [default] #total unique sv = 399
2018-08-17 08:25:48,705 INFO [default] training finished
Training Total Time: 26.1506049633
2018-08-17 08:25:49,149 INFO [default] #instances = 99999, #features = 25
Predict Total Time: 0.453363895416
2018-08-17 08:25:49,603 INFO [default] #instances = 99999, #features = 25
acc test score is  0.5534655346553465
MES=  0.44653446534465346
Confusion matrix=  [[27117 24692]
 [19961 28229]]
2018-08-17 08:25:53,423 INFO [default] #instances = 900001, #features = 25
2018-08-17 08:25:53,487 INFO [default] #classes = 2
2018-08-17 08:25:53,868 INFO [default] working set size = 1024
2018-08-17 08:25:53,891 INFO [default] training start
2018-08-17 08:25:54,913 INFO [default] global iter = 0, total local iter = 102401, diff = 2
2018-08-17 08:26:28,598 INFO [default] global iter = 91, total local iter = 2919356, diff = 328679
2018-08-17 08:26:28,598 INFO [default] training finished
2018-08-17 08:26:28,600 INFO [default] obj = -6.6251e+07
2018-08-17 08:26:28,612 INFO [default] rho = -184802
2018-08-17 08:26:28,613 INFO [default] #sv = 2473
2018-08-17 08:26:28,771 INFO [default] #total unique sv = 2473
2018-08-17 08:26:28,809 INFO [default] training finished
Training Total Time: 39.1118080616
2018-08-17 08:26:29,263 INFO [default] #instances = 99999, #features = 25
Predict Total Time: 0.51393699646
2018-08-17 08:26:29,777 INFO [default] #instances = 99999, #features = 25
acc test score is  0.5599555995559956
MES=  0.44004440044400445
Confusion matrix=  [[27663 24146]
 [19858 28332]]
2018-08-17 08:26:33,715 INFO [default] #instances = 900001, #features = 25
2018-08-17 08:26:33,779 INFO [default] #classes = 2
2018-08-17 08:26:34,163 INFO [default] working set size = 1024
2018-08-17 08:26:34,186 INFO [default] training start
2018-08-17 08:26:35,219 INFO [default] global iter = 0, total local iter = 102401, diff = 2
2018-08-17 08:27:01,256 INFO [default] global iter = 100, total local iter = 2109610, diff = 202125
2018-08-17 08:27:29,612 INFO [default] global iter = 188, total local iter = 4331023, diff = 9.09193e+06
2018-08-17 08:27:29,613 INFO [default] training finished
2018-08-17 08:27:29,614 INFO [default] obj = -3.35289e+08
2018-08-17 08:27:29,626 INFO [default] rho = -1.30734e+06
2018-08-17 08:27:29,627 INFO [default] #sv = 5577
2018-08-17 08:27:29,786 INFO [default] #total unique sv = 5577
2018-08-17 08:27:29,825 INFO [default] training finished
Training Total Time: 59.9073319435
2018-08-17 08:27:30,294 INFO [default] #instances = 99999, #features = 25
Predict Total Time: 0.570276021957
2018-08-17 08:27:30,863 INFO [default] #instances = 99999, #features = 25
acc test score is  0.6672466724667246
MES=  0.33275332753327536
Confusion matrix=  [[29240 22569]
 [10706 37484]]
Total Time: 565.525035858
58.99% (+/- 9.33%)
